[2023-05-29T09:32:09.621+0000] {processor.py:157} INFO - Started process (PID=42) to work on /home/airflow/.local/lib/python3.7/site-packages/airflow/example_dags/example_python_operator.py
[2023-05-29T09:32:09.623+0000] {processor.py:826} INFO - Processing file /home/airflow/.local/lib/python3.7/site-packages/airflow/example_dags/example_python_operator.py for tasks to queue
[2023-05-29T09:32:09.624+0000] {logging_mixin.py:149} INFO - [2023-05-29T09:32:09.624+0000] {dagbag.py:541} INFO - Filling up the DagBag from /home/airflow/.local/lib/python3.7/site-packages/airflow/example_dags/example_python_operator.py
[2023-05-29T09:32:09.632+0000] {logging_mixin.py:149} INFO - [2023-05-29T09:32:09.632+0000] {taskmixin.py:211} WARNING - Dependency <Task(_PythonDecoratedOperator): print_the_context>, log_sql_query already registered for DAG: example_python_operator
[2023-05-29T09:32:09.633+0000] {logging_mixin.py:149} INFO - [2023-05-29T09:32:09.633+0000] {taskmixin.py:211} WARNING - Dependency <Task(_PythonDecoratedOperator): log_sql_query>, print_the_context already registered for DAG: example_python_operator
[2023-05-29T09:32:09.634+0000] {logging_mixin.py:149} INFO - [2023-05-29T09:32:09.634+0000] {taskmixin.py:211} WARNING - Dependency <Task(_PythonDecoratedOperator): print_the_context>, log_sql_query already registered for DAG: example_python_operator
[2023-05-29T09:32:09.635+0000] {logging_mixin.py:149} INFO - [2023-05-29T09:32:09.635+0000] {taskmixin.py:211} WARNING - Dependency <Task(_PythonDecoratedOperator): log_sql_query>, print_the_context already registered for DAG: example_python_operator
[2023-05-29T09:32:09.636+0000] {logging_mixin.py:149} INFO - [2023-05-29T09:32:09.636+0000] {taskmixin.py:211} WARNING - Dependency <Task(_PythonDecoratedOperator): print_the_context>, log_sql_query already registered for DAG: example_python_operator
[2023-05-29T09:32:09.637+0000] {logging_mixin.py:149} INFO - [2023-05-29T09:32:09.636+0000] {taskmixin.py:211} WARNING - Dependency <Task(_PythonDecoratedOperator): log_sql_query>, print_the_context already registered for DAG: example_python_operator
[2023-05-29T09:32:09.638+0000] {logging_mixin.py:149} INFO - [2023-05-29T09:32:09.638+0000] {taskmixin.py:211} WARNING - Dependency <Task(_PythonDecoratedOperator): print_the_context>, log_sql_query already registered for DAG: example_python_operator
[2023-05-29T09:32:09.638+0000] {logging_mixin.py:149} INFO - [2023-05-29T09:32:09.638+0000] {taskmixin.py:211} WARNING - Dependency <Task(_PythonDecoratedOperator): log_sql_query>, print_the_context already registered for DAG: example_python_operator
[2023-05-29T09:32:09.643+0000] {processor.py:836} INFO - DAG(s) dict_keys(['example_python_operator']) retrieved from /home/airflow/.local/lib/python3.7/site-packages/airflow/example_dags/example_python_operator.py
[2023-05-29T09:32:09.672+0000] {logging_mixin.py:149} INFO - [2023-05-29T09:32:09.672+0000] {dag.py:2726} INFO - Sync 1 DAGs
[2023-05-29T09:32:09.722+0000] {logging_mixin.py:149} INFO - [2023-05-29T09:32:09.722+0000] {dag.py:3490} INFO - Setting next_dagrun for example_python_operator to None, run_after=None
[2023-05-29T09:32:09.739+0000] {processor.py:179} INFO - Processing /home/airflow/.local/lib/python3.7/site-packages/airflow/example_dags/example_python_operator.py took 0.121 seconds
[2023-05-29T09:32:40.658+0000] {processor.py:157} INFO - Started process (PID=98) to work on /home/airflow/.local/lib/python3.7/site-packages/airflow/example_dags/example_python_operator.py
[2023-05-29T09:32:40.660+0000] {processor.py:826} INFO - Processing file /home/airflow/.local/lib/python3.7/site-packages/airflow/example_dags/example_python_operator.py for tasks to queue
[2023-05-29T09:32:40.661+0000] {logging_mixin.py:149} INFO - [2023-05-29T09:32:40.661+0000] {dagbag.py:541} INFO - Filling up the DagBag from /home/airflow/.local/lib/python3.7/site-packages/airflow/example_dags/example_python_operator.py
[2023-05-29T09:32:40.667+0000] {logging_mixin.py:149} INFO - [2023-05-29T09:32:40.667+0000] {taskmixin.py:211} WARNING - Dependency <Task(_PythonDecoratedOperator): print_the_context>, log_sql_query already registered for DAG: example_python_operator
[2023-05-29T09:32:40.668+0000] {logging_mixin.py:149} INFO - [2023-05-29T09:32:40.668+0000] {taskmixin.py:211} WARNING - Dependency <Task(_PythonDecoratedOperator): log_sql_query>, print_the_context already registered for DAG: example_python_operator
[2023-05-29T09:32:40.669+0000] {logging_mixin.py:149} INFO - [2023-05-29T09:32:40.669+0000] {taskmixin.py:211} WARNING - Dependency <Task(_PythonDecoratedOperator): print_the_context>, log_sql_query already registered for DAG: example_python_operator
[2023-05-29T09:32:40.669+0000] {logging_mixin.py:149} INFO - [2023-05-29T09:32:40.669+0000] {taskmixin.py:211} WARNING - Dependency <Task(_PythonDecoratedOperator): log_sql_query>, print_the_context already registered for DAG: example_python_operator
[2023-05-29T09:32:40.670+0000] {logging_mixin.py:149} INFO - [2023-05-29T09:32:40.670+0000] {taskmixin.py:211} WARNING - Dependency <Task(_PythonDecoratedOperator): print_the_context>, log_sql_query already registered for DAG: example_python_operator
[2023-05-29T09:32:40.670+0000] {logging_mixin.py:149} INFO - [2023-05-29T09:32:40.670+0000] {taskmixin.py:211} WARNING - Dependency <Task(_PythonDecoratedOperator): log_sql_query>, print_the_context already registered for DAG: example_python_operator
[2023-05-29T09:32:40.671+0000] {logging_mixin.py:149} INFO - [2023-05-29T09:32:40.671+0000] {taskmixin.py:211} WARNING - Dependency <Task(_PythonDecoratedOperator): print_the_context>, log_sql_query already registered for DAG: example_python_operator
[2023-05-29T09:32:40.671+0000] {logging_mixin.py:149} INFO - [2023-05-29T09:32:40.671+0000] {taskmixin.py:211} WARNING - Dependency <Task(_PythonDecoratedOperator): log_sql_query>, print_the_context already registered for DAG: example_python_operator
[2023-05-29T09:32:40.673+0000] {processor.py:836} INFO - DAG(s) dict_keys(['example_python_operator']) retrieved from /home/airflow/.local/lib/python3.7/site-packages/airflow/example_dags/example_python_operator.py
[2023-05-29T09:32:40.716+0000] {logging_mixin.py:149} INFO - [2023-05-29T09:32:40.716+0000] {dag.py:2726} INFO - Sync 1 DAGs
[2023-05-29T09:32:40.730+0000] {logging_mixin.py:149} INFO - [2023-05-29T09:32:40.730+0000] {dag.py:3490} INFO - Setting next_dagrun for example_python_operator to None, run_after=None
[2023-05-29T09:32:40.742+0000] {processor.py:179} INFO - Processing /home/airflow/.local/lib/python3.7/site-packages/airflow/example_dags/example_python_operator.py took 0.086 seconds
[2023-05-29T09:33:11.026+0000] {processor.py:157} INFO - Started process (PID=154) to work on /home/airflow/.local/lib/python3.7/site-packages/airflow/example_dags/example_python_operator.py
[2023-05-29T09:33:11.028+0000] {processor.py:826} INFO - Processing file /home/airflow/.local/lib/python3.7/site-packages/airflow/example_dags/example_python_operator.py for tasks to queue
[2023-05-29T09:33:11.029+0000] {logging_mixin.py:149} INFO - [2023-05-29T09:33:11.029+0000] {dagbag.py:541} INFO - Filling up the DagBag from /home/airflow/.local/lib/python3.7/site-packages/airflow/example_dags/example_python_operator.py
[2023-05-29T09:33:11.034+0000] {logging_mixin.py:149} INFO - [2023-05-29T09:33:11.034+0000] {taskmixin.py:211} WARNING - Dependency <Task(_PythonDecoratedOperator): print_the_context>, log_sql_query already registered for DAG: example_python_operator
[2023-05-29T09:33:11.035+0000] {logging_mixin.py:149} INFO - [2023-05-29T09:33:11.035+0000] {taskmixin.py:211} WARNING - Dependency <Task(_PythonDecoratedOperator): log_sql_query>, print_the_context already registered for DAG: example_python_operator
[2023-05-29T09:33:11.036+0000] {logging_mixin.py:149} INFO - [2023-05-29T09:33:11.036+0000] {taskmixin.py:211} WARNING - Dependency <Task(_PythonDecoratedOperator): print_the_context>, log_sql_query already registered for DAG: example_python_operator
[2023-05-29T09:33:11.036+0000] {logging_mixin.py:149} INFO - [2023-05-29T09:33:11.036+0000] {taskmixin.py:211} WARNING - Dependency <Task(_PythonDecoratedOperator): log_sql_query>, print_the_context already registered for DAG: example_python_operator
[2023-05-29T09:33:11.037+0000] {logging_mixin.py:149} INFO - [2023-05-29T09:33:11.037+0000] {taskmixin.py:211} WARNING - Dependency <Task(_PythonDecoratedOperator): print_the_context>, log_sql_query already registered for DAG: example_python_operator
[2023-05-29T09:33:11.037+0000] {logging_mixin.py:149} INFO - [2023-05-29T09:33:11.037+0000] {taskmixin.py:211} WARNING - Dependency <Task(_PythonDecoratedOperator): log_sql_query>, print_the_context already registered for DAG: example_python_operator
[2023-05-29T09:33:11.038+0000] {logging_mixin.py:149} INFO - [2023-05-29T09:33:11.038+0000] {taskmixin.py:211} WARNING - Dependency <Task(_PythonDecoratedOperator): print_the_context>, log_sql_query already registered for DAG: example_python_operator
[2023-05-29T09:33:11.038+0000] {logging_mixin.py:149} INFO - [2023-05-29T09:33:11.038+0000] {taskmixin.py:211} WARNING - Dependency <Task(_PythonDecoratedOperator): log_sql_query>, print_the_context already registered for DAG: example_python_operator
[2023-05-29T09:33:11.040+0000] {processor.py:836} INFO - DAG(s) dict_keys(['example_python_operator']) retrieved from /home/airflow/.local/lib/python3.7/site-packages/airflow/example_dags/example_python_operator.py
[2023-05-29T09:33:11.060+0000] {logging_mixin.py:149} INFO - [2023-05-29T09:33:11.060+0000] {dag.py:2726} INFO - Sync 1 DAGs
[2023-05-29T09:33:11.077+0000] {logging_mixin.py:149} INFO - [2023-05-29T09:33:11.077+0000] {dag.py:3490} INFO - Setting next_dagrun for example_python_operator to None, run_after=None
[2023-05-29T09:33:11.088+0000] {processor.py:179} INFO - Processing /home/airflow/.local/lib/python3.7/site-packages/airflow/example_dags/example_python_operator.py took 0.065 seconds
[2023-05-29T09:33:41.416+0000] {processor.py:157} INFO - Started process (PID=210) to work on /home/airflow/.local/lib/python3.7/site-packages/airflow/example_dags/example_python_operator.py
[2023-05-29T09:33:41.418+0000] {processor.py:826} INFO - Processing file /home/airflow/.local/lib/python3.7/site-packages/airflow/example_dags/example_python_operator.py for tasks to queue
[2023-05-29T09:33:41.419+0000] {logging_mixin.py:149} INFO - [2023-05-29T09:33:41.419+0000] {dagbag.py:541} INFO - Filling up the DagBag from /home/airflow/.local/lib/python3.7/site-packages/airflow/example_dags/example_python_operator.py
[2023-05-29T09:33:41.427+0000] {logging_mixin.py:149} INFO - [2023-05-29T09:33:41.427+0000] {taskmixin.py:211} WARNING - Dependency <Task(_PythonDecoratedOperator): print_the_context>, log_sql_query already registered for DAG: example_python_operator
[2023-05-29T09:33:41.428+0000] {logging_mixin.py:149} INFO - [2023-05-29T09:33:41.427+0000] {taskmixin.py:211} WARNING - Dependency <Task(_PythonDecoratedOperator): log_sql_query>, print_the_context already registered for DAG: example_python_operator
[2023-05-29T09:33:41.429+0000] {logging_mixin.py:149} INFO - [2023-05-29T09:33:41.429+0000] {taskmixin.py:211} WARNING - Dependency <Task(_PythonDecoratedOperator): print_the_context>, log_sql_query already registered for DAG: example_python_operator
[2023-05-29T09:33:41.430+0000] {logging_mixin.py:149} INFO - [2023-05-29T09:33:41.429+0000] {taskmixin.py:211} WARNING - Dependency <Task(_PythonDecoratedOperator): log_sql_query>, print_the_context already registered for DAG: example_python_operator
[2023-05-29T09:33:41.431+0000] {logging_mixin.py:149} INFO - [2023-05-29T09:33:41.431+0000] {taskmixin.py:211} WARNING - Dependency <Task(_PythonDecoratedOperator): print_the_context>, log_sql_query already registered for DAG: example_python_operator
[2023-05-29T09:33:41.432+0000] {logging_mixin.py:149} INFO - [2023-05-29T09:33:41.432+0000] {taskmixin.py:211} WARNING - Dependency <Task(_PythonDecoratedOperator): log_sql_query>, print_the_context already registered for DAG: example_python_operator
[2023-05-29T09:33:41.433+0000] {logging_mixin.py:149} INFO - [2023-05-29T09:33:41.433+0000] {taskmixin.py:211} WARNING - Dependency <Task(_PythonDecoratedOperator): print_the_context>, log_sql_query already registered for DAG: example_python_operator
[2023-05-29T09:33:41.434+0000] {logging_mixin.py:149} INFO - [2023-05-29T09:33:41.434+0000] {taskmixin.py:211} WARNING - Dependency <Task(_PythonDecoratedOperator): log_sql_query>, print_the_context already registered for DAG: example_python_operator
[2023-05-29T09:33:41.436+0000] {processor.py:836} INFO - DAG(s) dict_keys(['example_python_operator']) retrieved from /home/airflow/.local/lib/python3.7/site-packages/airflow/example_dags/example_python_operator.py
[2023-05-29T09:33:41.462+0000] {logging_mixin.py:149} INFO - [2023-05-29T09:33:41.461+0000] {dag.py:2726} INFO - Sync 1 DAGs
[2023-05-29T09:33:41.479+0000] {logging_mixin.py:149} INFO - [2023-05-29T09:33:41.479+0000] {dag.py:3490} INFO - Setting next_dagrun for example_python_operator to None, run_after=None
[2023-05-29T09:33:41.491+0000] {processor.py:179} INFO - Processing /home/airflow/.local/lib/python3.7/site-packages/airflow/example_dags/example_python_operator.py took 0.078 seconds
[2023-05-29T09:34:11.937+0000] {processor.py:157} INFO - Started process (PID=266) to work on /home/airflow/.local/lib/python3.7/site-packages/airflow/example_dags/example_python_operator.py
[2023-05-29T09:34:11.939+0000] {processor.py:826} INFO - Processing file /home/airflow/.local/lib/python3.7/site-packages/airflow/example_dags/example_python_operator.py for tasks to queue
[2023-05-29T09:34:11.939+0000] {logging_mixin.py:149} INFO - [2023-05-29T09:34:11.939+0000] {dagbag.py:541} INFO - Filling up the DagBag from /home/airflow/.local/lib/python3.7/site-packages/airflow/example_dags/example_python_operator.py
[2023-05-29T09:34:11.946+0000] {logging_mixin.py:149} INFO - [2023-05-29T09:34:11.946+0000] {taskmixin.py:211} WARNING - Dependency <Task(_PythonDecoratedOperator): print_the_context>, log_sql_query already registered for DAG: example_python_operator
[2023-05-29T09:34:11.947+0000] {logging_mixin.py:149} INFO - [2023-05-29T09:34:11.947+0000] {taskmixin.py:211} WARNING - Dependency <Task(_PythonDecoratedOperator): log_sql_query>, print_the_context already registered for DAG: example_python_operator
[2023-05-29T09:34:11.948+0000] {logging_mixin.py:149} INFO - [2023-05-29T09:34:11.948+0000] {taskmixin.py:211} WARNING - Dependency <Task(_PythonDecoratedOperator): print_the_context>, log_sql_query already registered for DAG: example_python_operator
[2023-05-29T09:34:11.948+0000] {logging_mixin.py:149} INFO - [2023-05-29T09:34:11.948+0000] {taskmixin.py:211} WARNING - Dependency <Task(_PythonDecoratedOperator): log_sql_query>, print_the_context already registered for DAG: example_python_operator
[2023-05-29T09:34:11.949+0000] {logging_mixin.py:149} INFO - [2023-05-29T09:34:11.949+0000] {taskmixin.py:211} WARNING - Dependency <Task(_PythonDecoratedOperator): print_the_context>, log_sql_query already registered for DAG: example_python_operator
[2023-05-29T09:34:11.949+0000] {logging_mixin.py:149} INFO - [2023-05-29T09:34:11.949+0000] {taskmixin.py:211} WARNING - Dependency <Task(_PythonDecoratedOperator): log_sql_query>, print_the_context already registered for DAG: example_python_operator
[2023-05-29T09:34:11.950+0000] {logging_mixin.py:149} INFO - [2023-05-29T09:34:11.950+0000] {taskmixin.py:211} WARNING - Dependency <Task(_PythonDecoratedOperator): print_the_context>, log_sql_query already registered for DAG: example_python_operator
[2023-05-29T09:34:11.950+0000] {logging_mixin.py:149} INFO - [2023-05-29T09:34:11.950+0000] {taskmixin.py:211} WARNING - Dependency <Task(_PythonDecoratedOperator): log_sql_query>, print_the_context already registered for DAG: example_python_operator
[2023-05-29T09:34:11.952+0000] {processor.py:836} INFO - DAG(s) dict_keys(['example_python_operator']) retrieved from /home/airflow/.local/lib/python3.7/site-packages/airflow/example_dags/example_python_operator.py
[2023-05-29T09:34:11.973+0000] {logging_mixin.py:149} INFO - [2023-05-29T09:34:11.973+0000] {dag.py:2726} INFO - Sync 1 DAGs
[2023-05-29T09:34:11.991+0000] {logging_mixin.py:149} INFO - [2023-05-29T09:34:11.991+0000] {dag.py:3490} INFO - Setting next_dagrun for example_python_operator to None, run_after=None
[2023-05-29T09:34:12.004+0000] {processor.py:179} INFO - Processing /home/airflow/.local/lib/python3.7/site-packages/airflow/example_dags/example_python_operator.py took 0.070 seconds
[2023-05-29T09:34:42.368+0000] {processor.py:157} INFO - Started process (PID=322) to work on /home/airflow/.local/lib/python3.7/site-packages/airflow/example_dags/example_python_operator.py
[2023-05-29T09:34:42.369+0000] {processor.py:826} INFO - Processing file /home/airflow/.local/lib/python3.7/site-packages/airflow/example_dags/example_python_operator.py for tasks to queue
[2023-05-29T09:34:42.370+0000] {logging_mixin.py:149} INFO - [2023-05-29T09:34:42.370+0000] {dagbag.py:541} INFO - Filling up the DagBag from /home/airflow/.local/lib/python3.7/site-packages/airflow/example_dags/example_python_operator.py
[2023-05-29T09:34:42.375+0000] {logging_mixin.py:149} INFO - [2023-05-29T09:34:42.375+0000] {taskmixin.py:211} WARNING - Dependency <Task(_PythonDecoratedOperator): print_the_context>, log_sql_query already registered for DAG: example_python_operator
[2023-05-29T09:34:42.376+0000] {logging_mixin.py:149} INFO - [2023-05-29T09:34:42.376+0000] {taskmixin.py:211} WARNING - Dependency <Task(_PythonDecoratedOperator): log_sql_query>, print_the_context already registered for DAG: example_python_operator
[2023-05-29T09:34:42.376+0000] {logging_mixin.py:149} INFO - [2023-05-29T09:34:42.376+0000] {taskmixin.py:211} WARNING - Dependency <Task(_PythonDecoratedOperator): print_the_context>, log_sql_query already registered for DAG: example_python_operator
[2023-05-29T09:34:42.377+0000] {logging_mixin.py:149} INFO - [2023-05-29T09:34:42.377+0000] {taskmixin.py:211} WARNING - Dependency <Task(_PythonDecoratedOperator): log_sql_query>, print_the_context already registered for DAG: example_python_operator
[2023-05-29T09:34:42.377+0000] {logging_mixin.py:149} INFO - [2023-05-29T09:34:42.377+0000] {taskmixin.py:211} WARNING - Dependency <Task(_PythonDecoratedOperator): print_the_context>, log_sql_query already registered for DAG: example_python_operator
[2023-05-29T09:34:42.378+0000] {logging_mixin.py:149} INFO - [2023-05-29T09:34:42.378+0000] {taskmixin.py:211} WARNING - Dependency <Task(_PythonDecoratedOperator): log_sql_query>, print_the_context already registered for DAG: example_python_operator
[2023-05-29T09:34:42.378+0000] {logging_mixin.py:149} INFO - [2023-05-29T09:34:42.378+0000] {taskmixin.py:211} WARNING - Dependency <Task(_PythonDecoratedOperator): print_the_context>, log_sql_query already registered for DAG: example_python_operator
[2023-05-29T09:34:42.379+0000] {logging_mixin.py:149} INFO - [2023-05-29T09:34:42.379+0000] {taskmixin.py:211} WARNING - Dependency <Task(_PythonDecoratedOperator): log_sql_query>, print_the_context already registered for DAG: example_python_operator
[2023-05-29T09:34:42.380+0000] {processor.py:836} INFO - DAG(s) dict_keys(['example_python_operator']) retrieved from /home/airflow/.local/lib/python3.7/site-packages/airflow/example_dags/example_python_operator.py
[2023-05-29T09:34:42.400+0000] {logging_mixin.py:149} INFO - [2023-05-29T09:34:42.400+0000] {dag.py:2726} INFO - Sync 1 DAGs
[2023-05-29T09:34:42.416+0000] {logging_mixin.py:149} INFO - [2023-05-29T09:34:42.416+0000] {dag.py:3490} INFO - Setting next_dagrun for example_python_operator to None, run_after=None
[2023-05-29T09:34:42.428+0000] {processor.py:179} INFO - Processing /home/airflow/.local/lib/python3.7/site-packages/airflow/example_dags/example_python_operator.py took 0.063 seconds
[2023-05-29T09:35:12.645+0000] {processor.py:157} INFO - Started process (PID=377) to work on /home/airflow/.local/lib/python3.7/site-packages/airflow/example_dags/example_python_operator.py
[2023-05-29T09:35:12.646+0000] {processor.py:826} INFO - Processing file /home/airflow/.local/lib/python3.7/site-packages/airflow/example_dags/example_python_operator.py for tasks to queue
[2023-05-29T09:35:12.647+0000] {logging_mixin.py:149} INFO - [2023-05-29T09:35:12.647+0000] {dagbag.py:541} INFO - Filling up the DagBag from /home/airflow/.local/lib/python3.7/site-packages/airflow/example_dags/example_python_operator.py
[2023-05-29T09:35:12.652+0000] {logging_mixin.py:149} INFO - [2023-05-29T09:35:12.652+0000] {taskmixin.py:211} WARNING - Dependency <Task(_PythonDecoratedOperator): print_the_context>, log_sql_query already registered for DAG: example_python_operator
[2023-05-29T09:35:12.653+0000] {logging_mixin.py:149} INFO - [2023-05-29T09:35:12.653+0000] {taskmixin.py:211} WARNING - Dependency <Task(_PythonDecoratedOperator): log_sql_query>, print_the_context already registered for DAG: example_python_operator
[2023-05-29T09:35:12.653+0000] {logging_mixin.py:149} INFO - [2023-05-29T09:35:12.653+0000] {taskmixin.py:211} WARNING - Dependency <Task(_PythonDecoratedOperator): print_the_context>, log_sql_query already registered for DAG: example_python_operator
[2023-05-29T09:35:12.654+0000] {logging_mixin.py:149} INFO - [2023-05-29T09:35:12.654+0000] {taskmixin.py:211} WARNING - Dependency <Task(_PythonDecoratedOperator): log_sql_query>, print_the_context already registered for DAG: example_python_operator
[2023-05-29T09:35:12.654+0000] {logging_mixin.py:149} INFO - [2023-05-29T09:35:12.654+0000] {taskmixin.py:211} WARNING - Dependency <Task(_PythonDecoratedOperator): print_the_context>, log_sql_query already registered for DAG: example_python_operator
[2023-05-29T09:35:12.655+0000] {logging_mixin.py:149} INFO - [2023-05-29T09:35:12.655+0000] {taskmixin.py:211} WARNING - Dependency <Task(_PythonDecoratedOperator): log_sql_query>, print_the_context already registered for DAG: example_python_operator
[2023-05-29T09:35:12.656+0000] {logging_mixin.py:149} INFO - [2023-05-29T09:35:12.656+0000] {taskmixin.py:211} WARNING - Dependency <Task(_PythonDecoratedOperator): print_the_context>, log_sql_query already registered for DAG: example_python_operator
[2023-05-29T09:35:12.656+0000] {logging_mixin.py:149} INFO - [2023-05-29T09:35:12.656+0000] {taskmixin.py:211} WARNING - Dependency <Task(_PythonDecoratedOperator): log_sql_query>, print_the_context already registered for DAG: example_python_operator
[2023-05-29T09:35:12.658+0000] {processor.py:836} INFO - DAG(s) dict_keys(['example_python_operator']) retrieved from /home/airflow/.local/lib/python3.7/site-packages/airflow/example_dags/example_python_operator.py
[2023-05-29T09:35:12.677+0000] {logging_mixin.py:149} INFO - [2023-05-29T09:35:12.677+0000] {dag.py:2726} INFO - Sync 1 DAGs
[2023-05-29T09:35:12.693+0000] {logging_mixin.py:149} INFO - [2023-05-29T09:35:12.693+0000] {dag.py:3490} INFO - Setting next_dagrun for example_python_operator to None, run_after=None
[2023-05-29T09:35:12.704+0000] {processor.py:179} INFO - Processing /home/airflow/.local/lib/python3.7/site-packages/airflow/example_dags/example_python_operator.py took 0.061 seconds
[2023-05-29T09:35:42.882+0000] {processor.py:157} INFO - Started process (PID=433) to work on /home/airflow/.local/lib/python3.7/site-packages/airflow/example_dags/example_python_operator.py
[2023-05-29T09:35:42.883+0000] {processor.py:826} INFO - Processing file /home/airflow/.local/lib/python3.7/site-packages/airflow/example_dags/example_python_operator.py for tasks to queue
[2023-05-29T09:35:42.884+0000] {logging_mixin.py:149} INFO - [2023-05-29T09:35:42.884+0000] {dagbag.py:541} INFO - Filling up the DagBag from /home/airflow/.local/lib/python3.7/site-packages/airflow/example_dags/example_python_operator.py
[2023-05-29T09:35:42.890+0000] {logging_mixin.py:149} INFO - [2023-05-29T09:35:42.889+0000] {taskmixin.py:211} WARNING - Dependency <Task(_PythonDecoratedOperator): print_the_context>, log_sql_query already registered for DAG: example_python_operator
[2023-05-29T09:35:42.890+0000] {logging_mixin.py:149} INFO - [2023-05-29T09:35:42.890+0000] {taskmixin.py:211} WARNING - Dependency <Task(_PythonDecoratedOperator): log_sql_query>, print_the_context already registered for DAG: example_python_operator
[2023-05-29T09:35:42.891+0000] {logging_mixin.py:149} INFO - [2023-05-29T09:35:42.891+0000] {taskmixin.py:211} WARNING - Dependency <Task(_PythonDecoratedOperator): print_the_context>, log_sql_query already registered for DAG: example_python_operator
[2023-05-29T09:35:42.892+0000] {logging_mixin.py:149} INFO - [2023-05-29T09:35:42.891+0000] {taskmixin.py:211} WARNING - Dependency <Task(_PythonDecoratedOperator): log_sql_query>, print_the_context already registered for DAG: example_python_operator
[2023-05-29T09:35:42.892+0000] {logging_mixin.py:149} INFO - [2023-05-29T09:35:42.892+0000] {taskmixin.py:211} WARNING - Dependency <Task(_PythonDecoratedOperator): print_the_context>, log_sql_query already registered for DAG: example_python_operator
[2023-05-29T09:35:42.893+0000] {logging_mixin.py:149} INFO - [2023-05-29T09:35:42.893+0000] {taskmixin.py:211} WARNING - Dependency <Task(_PythonDecoratedOperator): log_sql_query>, print_the_context already registered for DAG: example_python_operator
[2023-05-29T09:35:42.894+0000] {logging_mixin.py:149} INFO - [2023-05-29T09:35:42.894+0000] {taskmixin.py:211} WARNING - Dependency <Task(_PythonDecoratedOperator): print_the_context>, log_sql_query already registered for DAG: example_python_operator
[2023-05-29T09:35:42.894+0000] {logging_mixin.py:149} INFO - [2023-05-29T09:35:42.894+0000] {taskmixin.py:211} WARNING - Dependency <Task(_PythonDecoratedOperator): log_sql_query>, print_the_context already registered for DAG: example_python_operator
[2023-05-29T09:35:42.896+0000] {processor.py:836} INFO - DAG(s) dict_keys(['example_python_operator']) retrieved from /home/airflow/.local/lib/python3.7/site-packages/airflow/example_dags/example_python_operator.py
[2023-05-29T09:35:42.918+0000] {logging_mixin.py:149} INFO - [2023-05-29T09:35:42.918+0000] {dag.py:2726} INFO - Sync 1 DAGs
[2023-05-29T09:35:42.934+0000] {logging_mixin.py:149} INFO - [2023-05-29T09:35:42.934+0000] {dag.py:3490} INFO - Setting next_dagrun for example_python_operator to None, run_after=None
[2023-05-29T09:35:42.945+0000] {processor.py:179} INFO - Processing /home/airflow/.local/lib/python3.7/site-packages/airflow/example_dags/example_python_operator.py took 0.065 seconds
[2023-05-29T09:36:13.287+0000] {processor.py:157} INFO - Started process (PID=489) to work on /home/airflow/.local/lib/python3.7/site-packages/airflow/example_dags/example_python_operator.py
[2023-05-29T09:36:13.288+0000] {processor.py:826} INFO - Processing file /home/airflow/.local/lib/python3.7/site-packages/airflow/example_dags/example_python_operator.py for tasks to queue
[2023-05-29T09:36:13.289+0000] {logging_mixin.py:149} INFO - [2023-05-29T09:36:13.289+0000] {dagbag.py:541} INFO - Filling up the DagBag from /home/airflow/.local/lib/python3.7/site-packages/airflow/example_dags/example_python_operator.py
[2023-05-29T09:36:13.294+0000] {logging_mixin.py:149} INFO - [2023-05-29T09:36:13.294+0000] {taskmixin.py:211} WARNING - Dependency <Task(_PythonDecoratedOperator): print_the_context>, log_sql_query already registered for DAG: example_python_operator
[2023-05-29T09:36:13.295+0000] {logging_mixin.py:149} INFO - [2023-05-29T09:36:13.295+0000] {taskmixin.py:211} WARNING - Dependency <Task(_PythonDecoratedOperator): log_sql_query>, print_the_context already registered for DAG: example_python_operator
[2023-05-29T09:36:13.295+0000] {logging_mixin.py:149} INFO - [2023-05-29T09:36:13.295+0000] {taskmixin.py:211} WARNING - Dependency <Task(_PythonDecoratedOperator): print_the_context>, log_sql_query already registered for DAG: example_python_operator
[2023-05-29T09:36:13.296+0000] {logging_mixin.py:149} INFO - [2023-05-29T09:36:13.296+0000] {taskmixin.py:211} WARNING - Dependency <Task(_PythonDecoratedOperator): log_sql_query>, print_the_context already registered for DAG: example_python_operator
[2023-05-29T09:36:13.297+0000] {logging_mixin.py:149} INFO - [2023-05-29T09:36:13.296+0000] {taskmixin.py:211} WARNING - Dependency <Task(_PythonDecoratedOperator): print_the_context>, log_sql_query already registered for DAG: example_python_operator
[2023-05-29T09:36:13.297+0000] {logging_mixin.py:149} INFO - [2023-05-29T09:36:13.297+0000] {taskmixin.py:211} WARNING - Dependency <Task(_PythonDecoratedOperator): log_sql_query>, print_the_context already registered for DAG: example_python_operator
[2023-05-29T09:36:13.298+0000] {logging_mixin.py:149} INFO - [2023-05-29T09:36:13.298+0000] {taskmixin.py:211} WARNING - Dependency <Task(_PythonDecoratedOperator): print_the_context>, log_sql_query already registered for DAG: example_python_operator
[2023-05-29T09:36:13.298+0000] {logging_mixin.py:149} INFO - [2023-05-29T09:36:13.298+0000] {taskmixin.py:211} WARNING - Dependency <Task(_PythonDecoratedOperator): log_sql_query>, print_the_context already registered for DAG: example_python_operator
[2023-05-29T09:36:13.300+0000] {processor.py:836} INFO - DAG(s) dict_keys(['example_python_operator']) retrieved from /home/airflow/.local/lib/python3.7/site-packages/airflow/example_dags/example_python_operator.py
[2023-05-29T09:36:13.322+0000] {logging_mixin.py:149} INFO - [2023-05-29T09:36:13.322+0000] {dag.py:2726} INFO - Sync 1 DAGs
[2023-05-29T09:36:13.339+0000] {logging_mixin.py:149} INFO - [2023-05-29T09:36:13.339+0000] {dag.py:3490} INFO - Setting next_dagrun for example_python_operator to None, run_after=None
[2023-05-29T09:36:13.350+0000] {processor.py:179} INFO - Processing /home/airflow/.local/lib/python3.7/site-packages/airflow/example_dags/example_python_operator.py took 0.066 seconds
[2023-05-29T09:36:43.772+0000] {processor.py:157} INFO - Started process (PID=545) to work on /home/airflow/.local/lib/python3.7/site-packages/airflow/example_dags/example_python_operator.py
[2023-05-29T09:36:43.774+0000] {processor.py:826} INFO - Processing file /home/airflow/.local/lib/python3.7/site-packages/airflow/example_dags/example_python_operator.py for tasks to queue
[2023-05-29T09:36:43.774+0000] {logging_mixin.py:149} INFO - [2023-05-29T09:36:43.774+0000] {dagbag.py:541} INFO - Filling up the DagBag from /home/airflow/.local/lib/python3.7/site-packages/airflow/example_dags/example_python_operator.py
[2023-05-29T09:36:43.779+0000] {logging_mixin.py:149} INFO - [2023-05-29T09:36:43.779+0000] {taskmixin.py:211} WARNING - Dependency <Task(_PythonDecoratedOperator): print_the_context>, log_sql_query already registered for DAG: example_python_operator
[2023-05-29T09:36:43.780+0000] {logging_mixin.py:149} INFO - [2023-05-29T09:36:43.780+0000] {taskmixin.py:211} WARNING - Dependency <Task(_PythonDecoratedOperator): log_sql_query>, print_the_context already registered for DAG: example_python_operator
[2023-05-29T09:36:43.781+0000] {logging_mixin.py:149} INFO - [2023-05-29T09:36:43.781+0000] {taskmixin.py:211} WARNING - Dependency <Task(_PythonDecoratedOperator): print_the_context>, log_sql_query already registered for DAG: example_python_operator
[2023-05-29T09:36:43.781+0000] {logging_mixin.py:149} INFO - [2023-05-29T09:36:43.781+0000] {taskmixin.py:211} WARNING - Dependency <Task(_PythonDecoratedOperator): log_sql_query>, print_the_context already registered for DAG: example_python_operator
[2023-05-29T09:36:43.782+0000] {logging_mixin.py:149} INFO - [2023-05-29T09:36:43.782+0000] {taskmixin.py:211} WARNING - Dependency <Task(_PythonDecoratedOperator): print_the_context>, log_sql_query already registered for DAG: example_python_operator
[2023-05-29T09:36:43.782+0000] {logging_mixin.py:149} INFO - [2023-05-29T09:36:43.782+0000] {taskmixin.py:211} WARNING - Dependency <Task(_PythonDecoratedOperator): log_sql_query>, print_the_context already registered for DAG: example_python_operator
[2023-05-29T09:36:43.783+0000] {logging_mixin.py:149} INFO - [2023-05-29T09:36:43.783+0000] {taskmixin.py:211} WARNING - Dependency <Task(_PythonDecoratedOperator): print_the_context>, log_sql_query already registered for DAG: example_python_operator
[2023-05-29T09:36:43.784+0000] {logging_mixin.py:149} INFO - [2023-05-29T09:36:43.783+0000] {taskmixin.py:211} WARNING - Dependency <Task(_PythonDecoratedOperator): log_sql_query>, print_the_context already registered for DAG: example_python_operator
[2023-05-29T09:36:43.785+0000] {processor.py:836} INFO - DAG(s) dict_keys(['example_python_operator']) retrieved from /home/airflow/.local/lib/python3.7/site-packages/airflow/example_dags/example_python_operator.py
[2023-05-29T09:36:43.806+0000] {logging_mixin.py:149} INFO - [2023-05-29T09:36:43.806+0000] {dag.py:2726} INFO - Sync 1 DAGs
[2023-05-29T09:36:43.823+0000] {logging_mixin.py:149} INFO - [2023-05-29T09:36:43.823+0000] {dag.py:3490} INFO - Setting next_dagrun for example_python_operator to None, run_after=None
[2023-05-29T09:36:43.835+0000] {processor.py:179} INFO - Processing /home/airflow/.local/lib/python3.7/site-packages/airflow/example_dags/example_python_operator.py took 0.065 seconds
[2023-05-29T09:37:13.998+0000] {processor.py:157} INFO - Started process (PID=601) to work on /home/airflow/.local/lib/python3.7/site-packages/airflow/example_dags/example_python_operator.py
[2023-05-29T09:37:13.999+0000] {processor.py:826} INFO - Processing file /home/airflow/.local/lib/python3.7/site-packages/airflow/example_dags/example_python_operator.py for tasks to queue
[2023-05-29T09:37:14.000+0000] {logging_mixin.py:149} INFO - [2023-05-29T09:37:14.000+0000] {dagbag.py:541} INFO - Filling up the DagBag from /home/airflow/.local/lib/python3.7/site-packages/airflow/example_dags/example_python_operator.py
[2023-05-29T09:37:14.005+0000] {logging_mixin.py:149} INFO - [2023-05-29T09:37:14.005+0000] {taskmixin.py:211} WARNING - Dependency <Task(_PythonDecoratedOperator): print_the_context>, log_sql_query already registered for DAG: example_python_operator
[2023-05-29T09:37:14.006+0000] {logging_mixin.py:149} INFO - [2023-05-29T09:37:14.006+0000] {taskmixin.py:211} WARNING - Dependency <Task(_PythonDecoratedOperator): log_sql_query>, print_the_context already registered for DAG: example_python_operator
[2023-05-29T09:37:14.007+0000] {logging_mixin.py:149} INFO - [2023-05-29T09:37:14.007+0000] {taskmixin.py:211} WARNING - Dependency <Task(_PythonDecoratedOperator): print_the_context>, log_sql_query already registered for DAG: example_python_operator
[2023-05-29T09:37:14.007+0000] {logging_mixin.py:149} INFO - [2023-05-29T09:37:14.007+0000] {taskmixin.py:211} WARNING - Dependency <Task(_PythonDecoratedOperator): log_sql_query>, print_the_context already registered for DAG: example_python_operator
[2023-05-29T09:37:14.008+0000] {logging_mixin.py:149} INFO - [2023-05-29T09:37:14.008+0000] {taskmixin.py:211} WARNING - Dependency <Task(_PythonDecoratedOperator): print_the_context>, log_sql_query already registered for DAG: example_python_operator
[2023-05-29T09:37:14.008+0000] {logging_mixin.py:149} INFO - [2023-05-29T09:37:14.008+0000] {taskmixin.py:211} WARNING - Dependency <Task(_PythonDecoratedOperator): log_sql_query>, print_the_context already registered for DAG: example_python_operator
[2023-05-29T09:37:14.009+0000] {logging_mixin.py:149} INFO - [2023-05-29T09:37:14.009+0000] {taskmixin.py:211} WARNING - Dependency <Task(_PythonDecoratedOperator): print_the_context>, log_sql_query already registered for DAG: example_python_operator
[2023-05-29T09:37:14.009+0000] {logging_mixin.py:149} INFO - [2023-05-29T09:37:14.009+0000] {taskmixin.py:211} WARNING - Dependency <Task(_PythonDecoratedOperator): log_sql_query>, print_the_context already registered for DAG: example_python_operator
[2023-05-29T09:37:14.011+0000] {processor.py:836} INFO - DAG(s) dict_keys(['example_python_operator']) retrieved from /home/airflow/.local/lib/python3.7/site-packages/airflow/example_dags/example_python_operator.py
[2023-05-29T09:37:14.036+0000] {logging_mixin.py:149} INFO - [2023-05-29T09:37:14.036+0000] {dag.py:2726} INFO - Sync 1 DAGs
[2023-05-29T09:37:14.053+0000] {logging_mixin.py:149} INFO - [2023-05-29T09:37:14.052+0000] {dag.py:3490} INFO - Setting next_dagrun for example_python_operator to None, run_after=None
[2023-05-29T09:37:14.066+0000] {processor.py:179} INFO - Processing /home/airflow/.local/lib/python3.7/site-packages/airflow/example_dags/example_python_operator.py took 0.071 seconds
[2023-05-29T09:37:44.408+0000] {processor.py:157} INFO - Started process (PID=657) to work on /home/airflow/.local/lib/python3.7/site-packages/airflow/example_dags/example_python_operator.py
[2023-05-29T09:37:44.410+0000] {processor.py:826} INFO - Processing file /home/airflow/.local/lib/python3.7/site-packages/airflow/example_dags/example_python_operator.py for tasks to queue
[2023-05-29T09:37:44.410+0000] {logging_mixin.py:149} INFO - [2023-05-29T09:37:44.410+0000] {dagbag.py:541} INFO - Filling up the DagBag from /home/airflow/.local/lib/python3.7/site-packages/airflow/example_dags/example_python_operator.py
[2023-05-29T09:37:44.415+0000] {logging_mixin.py:149} INFO - [2023-05-29T09:37:44.415+0000] {taskmixin.py:211} WARNING - Dependency <Task(_PythonDecoratedOperator): print_the_context>, log_sql_query already registered for DAG: example_python_operator
[2023-05-29T09:37:44.416+0000] {logging_mixin.py:149} INFO - [2023-05-29T09:37:44.416+0000] {taskmixin.py:211} WARNING - Dependency <Task(_PythonDecoratedOperator): log_sql_query>, print_the_context already registered for DAG: example_python_operator
[2023-05-29T09:37:44.416+0000] {logging_mixin.py:149} INFO - [2023-05-29T09:37:44.416+0000] {taskmixin.py:211} WARNING - Dependency <Task(_PythonDecoratedOperator): print_the_context>, log_sql_query already registered for DAG: example_python_operator
[2023-05-29T09:37:44.417+0000] {logging_mixin.py:149} INFO - [2023-05-29T09:37:44.417+0000] {taskmixin.py:211} WARNING - Dependency <Task(_PythonDecoratedOperator): log_sql_query>, print_the_context already registered for DAG: example_python_operator
[2023-05-29T09:37:44.417+0000] {logging_mixin.py:149} INFO - [2023-05-29T09:37:44.417+0000] {taskmixin.py:211} WARNING - Dependency <Task(_PythonDecoratedOperator): print_the_context>, log_sql_query already registered for DAG: example_python_operator
[2023-05-29T09:37:44.418+0000] {logging_mixin.py:149} INFO - [2023-05-29T09:37:44.418+0000] {taskmixin.py:211} WARNING - Dependency <Task(_PythonDecoratedOperator): log_sql_query>, print_the_context already registered for DAG: example_python_operator
[2023-05-29T09:37:44.419+0000] {logging_mixin.py:149} INFO - [2023-05-29T09:37:44.418+0000] {taskmixin.py:211} WARNING - Dependency <Task(_PythonDecoratedOperator): print_the_context>, log_sql_query already registered for DAG: example_python_operator
[2023-05-29T09:37:44.419+0000] {logging_mixin.py:149} INFO - [2023-05-29T09:37:44.419+0000] {taskmixin.py:211} WARNING - Dependency <Task(_PythonDecoratedOperator): log_sql_query>, print_the_context already registered for DAG: example_python_operator
[2023-05-29T09:37:44.421+0000] {processor.py:836} INFO - DAG(s) dict_keys(['example_python_operator']) retrieved from /home/airflow/.local/lib/python3.7/site-packages/airflow/example_dags/example_python_operator.py
[2023-05-29T09:37:44.441+0000] {logging_mixin.py:149} INFO - [2023-05-29T09:37:44.441+0000] {dag.py:2726} INFO - Sync 1 DAGs
[2023-05-29T09:37:44.458+0000] {logging_mixin.py:149} INFO - [2023-05-29T09:37:44.458+0000] {dag.py:3490} INFO - Setting next_dagrun for example_python_operator to None, run_after=None
[2023-05-29T09:37:44.469+0000] {processor.py:179} INFO - Processing /home/airflow/.local/lib/python3.7/site-packages/airflow/example_dags/example_python_operator.py took 0.063 seconds
[2023-05-29T09:38:14.739+0000] {processor.py:157} INFO - Started process (PID=713) to work on /home/airflow/.local/lib/python3.7/site-packages/airflow/example_dags/example_python_operator.py
[2023-05-29T09:38:14.740+0000] {processor.py:826} INFO - Processing file /home/airflow/.local/lib/python3.7/site-packages/airflow/example_dags/example_python_operator.py for tasks to queue
[2023-05-29T09:38:14.741+0000] {logging_mixin.py:149} INFO - [2023-05-29T09:38:14.741+0000] {dagbag.py:541} INFO - Filling up the DagBag from /home/airflow/.local/lib/python3.7/site-packages/airflow/example_dags/example_python_operator.py
[2023-05-29T09:38:14.746+0000] {logging_mixin.py:149} INFO - [2023-05-29T09:38:14.746+0000] {taskmixin.py:211} WARNING - Dependency <Task(_PythonDecoratedOperator): print_the_context>, log_sql_query already registered for DAG: example_python_operator
[2023-05-29T09:38:14.747+0000] {logging_mixin.py:149} INFO - [2023-05-29T09:38:14.746+0000] {taskmixin.py:211} WARNING - Dependency <Task(_PythonDecoratedOperator): log_sql_query>, print_the_context already registered for DAG: example_python_operator
[2023-05-29T09:38:14.748+0000] {logging_mixin.py:149} INFO - [2023-05-29T09:38:14.747+0000] {taskmixin.py:211} WARNING - Dependency <Task(_PythonDecoratedOperator): print_the_context>, log_sql_query already registered for DAG: example_python_operator
[2023-05-29T09:38:14.748+0000] {logging_mixin.py:149} INFO - [2023-05-29T09:38:14.748+0000] {taskmixin.py:211} WARNING - Dependency <Task(_PythonDecoratedOperator): log_sql_query>, print_the_context already registered for DAG: example_python_operator
[2023-05-29T09:38:14.748+0000] {logging_mixin.py:149} INFO - [2023-05-29T09:38:14.748+0000] {taskmixin.py:211} WARNING - Dependency <Task(_PythonDecoratedOperator): print_the_context>, log_sql_query already registered for DAG: example_python_operator
[2023-05-29T09:38:14.749+0000] {logging_mixin.py:149} INFO - [2023-05-29T09:38:14.749+0000] {taskmixin.py:211} WARNING - Dependency <Task(_PythonDecoratedOperator): log_sql_query>, print_the_context already registered for DAG: example_python_operator
[2023-05-29T09:38:14.749+0000] {logging_mixin.py:149} INFO - [2023-05-29T09:38:14.749+0000] {taskmixin.py:211} WARNING - Dependency <Task(_PythonDecoratedOperator): print_the_context>, log_sql_query already registered for DAG: example_python_operator
[2023-05-29T09:38:14.750+0000] {logging_mixin.py:149} INFO - [2023-05-29T09:38:14.750+0000] {taskmixin.py:211} WARNING - Dependency <Task(_PythonDecoratedOperator): log_sql_query>, print_the_context already registered for DAG: example_python_operator
[2023-05-29T09:38:14.751+0000] {processor.py:836} INFO - DAG(s) dict_keys(['example_python_operator']) retrieved from /home/airflow/.local/lib/python3.7/site-packages/airflow/example_dags/example_python_operator.py
[2023-05-29T09:38:14.772+0000] {logging_mixin.py:149} INFO - [2023-05-29T09:38:14.772+0000] {dag.py:2726} INFO - Sync 1 DAGs
[2023-05-29T09:38:14.789+0000] {logging_mixin.py:149} INFO - [2023-05-29T09:38:14.789+0000] {dag.py:3490} INFO - Setting next_dagrun for example_python_operator to None, run_after=None
[2023-05-29T09:38:14.800+0000] {processor.py:179} INFO - Processing /home/airflow/.local/lib/python3.7/site-packages/airflow/example_dags/example_python_operator.py took 0.064 seconds
[2023-05-29T09:38:45.091+0000] {processor.py:157} INFO - Started process (PID=769) to work on /home/airflow/.local/lib/python3.7/site-packages/airflow/example_dags/example_python_operator.py
[2023-05-29T09:38:45.092+0000] {processor.py:826} INFO - Processing file /home/airflow/.local/lib/python3.7/site-packages/airflow/example_dags/example_python_operator.py for tasks to queue
[2023-05-29T09:38:45.093+0000] {logging_mixin.py:149} INFO - [2023-05-29T09:38:45.093+0000] {dagbag.py:541} INFO - Filling up the DagBag from /home/airflow/.local/lib/python3.7/site-packages/airflow/example_dags/example_python_operator.py
[2023-05-29T09:38:45.098+0000] {logging_mixin.py:149} INFO - [2023-05-29T09:38:45.098+0000] {taskmixin.py:211} WARNING - Dependency <Task(_PythonDecoratedOperator): print_the_context>, log_sql_query already registered for DAG: example_python_operator
[2023-05-29T09:38:45.098+0000] {logging_mixin.py:149} INFO - [2023-05-29T09:38:45.098+0000] {taskmixin.py:211} WARNING - Dependency <Task(_PythonDecoratedOperator): log_sql_query>, print_the_context already registered for DAG: example_python_operator
[2023-05-29T09:38:45.099+0000] {logging_mixin.py:149} INFO - [2023-05-29T09:38:45.099+0000] {taskmixin.py:211} WARNING - Dependency <Task(_PythonDecoratedOperator): print_the_context>, log_sql_query already registered for DAG: example_python_operator
[2023-05-29T09:38:45.100+0000] {logging_mixin.py:149} INFO - [2023-05-29T09:38:45.099+0000] {taskmixin.py:211} WARNING - Dependency <Task(_PythonDecoratedOperator): log_sql_query>, print_the_context already registered for DAG: example_python_operator
[2023-05-29T09:38:45.100+0000] {logging_mixin.py:149} INFO - [2023-05-29T09:38:45.100+0000] {taskmixin.py:211} WARNING - Dependency <Task(_PythonDecoratedOperator): print_the_context>, log_sql_query already registered for DAG: example_python_operator
[2023-05-29T09:38:45.101+0000] {logging_mixin.py:149} INFO - [2023-05-29T09:38:45.101+0000] {taskmixin.py:211} WARNING - Dependency <Task(_PythonDecoratedOperator): log_sql_query>, print_the_context already registered for DAG: example_python_operator
[2023-05-29T09:38:45.101+0000] {logging_mixin.py:149} INFO - [2023-05-29T09:38:45.101+0000] {taskmixin.py:211} WARNING - Dependency <Task(_PythonDecoratedOperator): print_the_context>, log_sql_query already registered for DAG: example_python_operator
[2023-05-29T09:38:45.102+0000] {logging_mixin.py:149} INFO - [2023-05-29T09:38:45.102+0000] {taskmixin.py:211} WARNING - Dependency <Task(_PythonDecoratedOperator): log_sql_query>, print_the_context already registered for DAG: example_python_operator
[2023-05-29T09:38:45.103+0000] {processor.py:836} INFO - DAG(s) dict_keys(['example_python_operator']) retrieved from /home/airflow/.local/lib/python3.7/site-packages/airflow/example_dags/example_python_operator.py
[2023-05-29T09:38:45.123+0000] {logging_mixin.py:149} INFO - [2023-05-29T09:38:45.122+0000] {dag.py:2726} INFO - Sync 1 DAGs
[2023-05-29T09:38:45.137+0000] {logging_mixin.py:149} INFO - [2023-05-29T09:38:45.137+0000] {dag.py:3490} INFO - Setting next_dagrun for example_python_operator to None, run_after=None
[2023-05-29T09:38:45.148+0000] {processor.py:179} INFO - Processing /home/airflow/.local/lib/python3.7/site-packages/airflow/example_dags/example_python_operator.py took 0.059 seconds
[2023-05-29T09:39:15.430+0000] {processor.py:157} INFO - Started process (PID=826) to work on /home/airflow/.local/lib/python3.7/site-packages/airflow/example_dags/example_python_operator.py
[2023-05-29T09:39:15.431+0000] {processor.py:826} INFO - Processing file /home/airflow/.local/lib/python3.7/site-packages/airflow/example_dags/example_python_operator.py for tasks to queue
[2023-05-29T09:39:15.431+0000] {logging_mixin.py:149} INFO - [2023-05-29T09:39:15.431+0000] {dagbag.py:541} INFO - Filling up the DagBag from /home/airflow/.local/lib/python3.7/site-packages/airflow/example_dags/example_python_operator.py
[2023-05-29T09:39:15.437+0000] {logging_mixin.py:149} INFO - [2023-05-29T09:39:15.436+0000] {taskmixin.py:211} WARNING - Dependency <Task(_PythonDecoratedOperator): print_the_context>, log_sql_query already registered for DAG: example_python_operator
[2023-05-29T09:39:15.437+0000] {logging_mixin.py:149} INFO - [2023-05-29T09:39:15.437+0000] {taskmixin.py:211} WARNING - Dependency <Task(_PythonDecoratedOperator): log_sql_query>, print_the_context already registered for DAG: example_python_operator
[2023-05-29T09:39:15.438+0000] {logging_mixin.py:149} INFO - [2023-05-29T09:39:15.438+0000] {taskmixin.py:211} WARNING - Dependency <Task(_PythonDecoratedOperator): print_the_context>, log_sql_query already registered for DAG: example_python_operator
[2023-05-29T09:39:15.438+0000] {logging_mixin.py:149} INFO - [2023-05-29T09:39:15.438+0000] {taskmixin.py:211} WARNING - Dependency <Task(_PythonDecoratedOperator): log_sql_query>, print_the_context already registered for DAG: example_python_operator
[2023-05-29T09:39:15.439+0000] {logging_mixin.py:149} INFO - [2023-05-29T09:39:15.439+0000] {taskmixin.py:211} WARNING - Dependency <Task(_PythonDecoratedOperator): print_the_context>, log_sql_query already registered for DAG: example_python_operator
[2023-05-29T09:39:15.439+0000] {logging_mixin.py:149} INFO - [2023-05-29T09:39:15.439+0000] {taskmixin.py:211} WARNING - Dependency <Task(_PythonDecoratedOperator): log_sql_query>, print_the_context already registered for DAG: example_python_operator
[2023-05-29T09:39:15.440+0000] {logging_mixin.py:149} INFO - [2023-05-29T09:39:15.440+0000] {taskmixin.py:211} WARNING - Dependency <Task(_PythonDecoratedOperator): print_the_context>, log_sql_query already registered for DAG: example_python_operator
[2023-05-29T09:39:15.440+0000] {logging_mixin.py:149} INFO - [2023-05-29T09:39:15.440+0000] {taskmixin.py:211} WARNING - Dependency <Task(_PythonDecoratedOperator): log_sql_query>, print_the_context already registered for DAG: example_python_operator
[2023-05-29T09:39:15.443+0000] {processor.py:836} INFO - DAG(s) dict_keys(['example_python_operator']) retrieved from /home/airflow/.local/lib/python3.7/site-packages/airflow/example_dags/example_python_operator.py
[2023-05-29T09:39:15.465+0000] {logging_mixin.py:149} INFO - [2023-05-29T09:39:15.465+0000] {dag.py:2726} INFO - Sync 1 DAGs
[2023-05-29T09:39:15.481+0000] {logging_mixin.py:149} INFO - [2023-05-29T09:39:15.481+0000] {dag.py:3490} INFO - Setting next_dagrun for example_python_operator to None, run_after=None
[2023-05-29T09:39:15.492+0000] {processor.py:179} INFO - Processing /home/airflow/.local/lib/python3.7/site-packages/airflow/example_dags/example_python_operator.py took 0.065 seconds
[2023-05-29T09:39:45.975+0000] {processor.py:157} INFO - Started process (PID=882) to work on /home/airflow/.local/lib/python3.7/site-packages/airflow/example_dags/example_python_operator.py
[2023-05-29T09:39:45.976+0000] {processor.py:826} INFO - Processing file /home/airflow/.local/lib/python3.7/site-packages/airflow/example_dags/example_python_operator.py for tasks to queue
[2023-05-29T09:39:45.977+0000] {logging_mixin.py:149} INFO - [2023-05-29T09:39:45.977+0000] {dagbag.py:541} INFO - Filling up the DagBag from /home/airflow/.local/lib/python3.7/site-packages/airflow/example_dags/example_python_operator.py
[2023-05-29T09:39:45.983+0000] {logging_mixin.py:149} INFO - [2023-05-29T09:39:45.983+0000] {taskmixin.py:211} WARNING - Dependency <Task(_PythonDecoratedOperator): print_the_context>, log_sql_query already registered for DAG: example_python_operator
[2023-05-29T09:39:45.984+0000] {logging_mixin.py:149} INFO - [2023-05-29T09:39:45.984+0000] {taskmixin.py:211} WARNING - Dependency <Task(_PythonDecoratedOperator): log_sql_query>, print_the_context already registered for DAG: example_python_operator
[2023-05-29T09:39:45.985+0000] {logging_mixin.py:149} INFO - [2023-05-29T09:39:45.985+0000] {taskmixin.py:211} WARNING - Dependency <Task(_PythonDecoratedOperator): print_the_context>, log_sql_query already registered for DAG: example_python_operator
[2023-05-29T09:39:45.985+0000] {logging_mixin.py:149} INFO - [2023-05-29T09:39:45.985+0000] {taskmixin.py:211} WARNING - Dependency <Task(_PythonDecoratedOperator): log_sql_query>, print_the_context already registered for DAG: example_python_operator
[2023-05-29T09:39:45.986+0000] {logging_mixin.py:149} INFO - [2023-05-29T09:39:45.986+0000] {taskmixin.py:211} WARNING - Dependency <Task(_PythonDecoratedOperator): print_the_context>, log_sql_query already registered for DAG: example_python_operator
[2023-05-29T09:39:45.986+0000] {logging_mixin.py:149} INFO - [2023-05-29T09:39:45.986+0000] {taskmixin.py:211} WARNING - Dependency <Task(_PythonDecoratedOperator): log_sql_query>, print_the_context already registered for DAG: example_python_operator
[2023-05-29T09:39:45.987+0000] {logging_mixin.py:149} INFO - [2023-05-29T09:39:45.987+0000] {taskmixin.py:211} WARNING - Dependency <Task(_PythonDecoratedOperator): print_the_context>, log_sql_query already registered for DAG: example_python_operator
[2023-05-29T09:39:45.987+0000] {logging_mixin.py:149} INFO - [2023-05-29T09:39:45.987+0000] {taskmixin.py:211} WARNING - Dependency <Task(_PythonDecoratedOperator): log_sql_query>, print_the_context already registered for DAG: example_python_operator
[2023-05-29T09:39:45.989+0000] {processor.py:836} INFO - DAG(s) dict_keys(['example_python_operator']) retrieved from /home/airflow/.local/lib/python3.7/site-packages/airflow/example_dags/example_python_operator.py
[2023-05-29T09:39:46.011+0000] {logging_mixin.py:149} INFO - [2023-05-29T09:39:46.011+0000] {dag.py:2726} INFO - Sync 1 DAGs
[2023-05-29T09:39:46.028+0000] {logging_mixin.py:149} INFO - [2023-05-29T09:39:46.028+0000] {dag.py:3490} INFO - Setting next_dagrun for example_python_operator to None, run_after=None
[2023-05-29T09:39:46.041+0000] {processor.py:179} INFO - Processing /home/airflow/.local/lib/python3.7/site-packages/airflow/example_dags/example_python_operator.py took 0.069 seconds
[2023-05-29T09:40:16.326+0000] {processor.py:157} INFO - Started process (PID=938) to work on /home/airflow/.local/lib/python3.7/site-packages/airflow/example_dags/example_python_operator.py
[2023-05-29T09:40:16.327+0000] {processor.py:826} INFO - Processing file /home/airflow/.local/lib/python3.7/site-packages/airflow/example_dags/example_python_operator.py for tasks to queue
[2023-05-29T09:40:16.328+0000] {logging_mixin.py:149} INFO - [2023-05-29T09:40:16.328+0000] {dagbag.py:541} INFO - Filling up the DagBag from /home/airflow/.local/lib/python3.7/site-packages/airflow/example_dags/example_python_operator.py
[2023-05-29T09:40:16.333+0000] {logging_mixin.py:149} INFO - [2023-05-29T09:40:16.333+0000] {taskmixin.py:211} WARNING - Dependency <Task(_PythonDecoratedOperator): print_the_context>, log_sql_query already registered for DAG: example_python_operator
[2023-05-29T09:40:16.334+0000] {logging_mixin.py:149} INFO - [2023-05-29T09:40:16.334+0000] {taskmixin.py:211} WARNING - Dependency <Task(_PythonDecoratedOperator): log_sql_query>, print_the_context already registered for DAG: example_python_operator
[2023-05-29T09:40:16.334+0000] {logging_mixin.py:149} INFO - [2023-05-29T09:40:16.334+0000] {taskmixin.py:211} WARNING - Dependency <Task(_PythonDecoratedOperator): print_the_context>, log_sql_query already registered for DAG: example_python_operator
[2023-05-29T09:40:16.335+0000] {logging_mixin.py:149} INFO - [2023-05-29T09:40:16.335+0000] {taskmixin.py:211} WARNING - Dependency <Task(_PythonDecoratedOperator): log_sql_query>, print_the_context already registered for DAG: example_python_operator
[2023-05-29T09:40:16.335+0000] {logging_mixin.py:149} INFO - [2023-05-29T09:40:16.335+0000] {taskmixin.py:211} WARNING - Dependency <Task(_PythonDecoratedOperator): print_the_context>, log_sql_query already registered for DAG: example_python_operator
[2023-05-29T09:40:16.336+0000] {logging_mixin.py:149} INFO - [2023-05-29T09:40:16.336+0000] {taskmixin.py:211} WARNING - Dependency <Task(_PythonDecoratedOperator): log_sql_query>, print_the_context already registered for DAG: example_python_operator
[2023-05-29T09:40:16.337+0000] {logging_mixin.py:149} INFO - [2023-05-29T09:40:16.336+0000] {taskmixin.py:211} WARNING - Dependency <Task(_PythonDecoratedOperator): print_the_context>, log_sql_query already registered for DAG: example_python_operator
[2023-05-29T09:40:16.337+0000] {logging_mixin.py:149} INFO - [2023-05-29T09:40:16.337+0000] {taskmixin.py:211} WARNING - Dependency <Task(_PythonDecoratedOperator): log_sql_query>, print_the_context already registered for DAG: example_python_operator
[2023-05-29T09:40:16.339+0000] {processor.py:836} INFO - DAG(s) dict_keys(['example_python_operator']) retrieved from /home/airflow/.local/lib/python3.7/site-packages/airflow/example_dags/example_python_operator.py
[2023-05-29T09:40:16.360+0000] {logging_mixin.py:149} INFO - [2023-05-29T09:40:16.360+0000] {dag.py:2726} INFO - Sync 1 DAGs
[2023-05-29T09:40:16.377+0000] {logging_mixin.py:149} INFO - [2023-05-29T09:40:16.377+0000] {dag.py:3490} INFO - Setting next_dagrun for example_python_operator to None, run_after=None
[2023-05-29T09:40:16.389+0000] {processor.py:179} INFO - Processing /home/airflow/.local/lib/python3.7/site-packages/airflow/example_dags/example_python_operator.py took 0.066 seconds
[2023-05-29T09:40:46.673+0000] {processor.py:157} INFO - Started process (PID=994) to work on /home/airflow/.local/lib/python3.7/site-packages/airflow/example_dags/example_python_operator.py
[2023-05-29T09:40:46.675+0000] {processor.py:826} INFO - Processing file /home/airflow/.local/lib/python3.7/site-packages/airflow/example_dags/example_python_operator.py for tasks to queue
[2023-05-29T09:40:46.676+0000] {logging_mixin.py:149} INFO - [2023-05-29T09:40:46.676+0000] {dagbag.py:541} INFO - Filling up the DagBag from /home/airflow/.local/lib/python3.7/site-packages/airflow/example_dags/example_python_operator.py
[2023-05-29T09:40:46.681+0000] {logging_mixin.py:149} INFO - [2023-05-29T09:40:46.681+0000] {taskmixin.py:211} WARNING - Dependency <Task(_PythonDecoratedOperator): print_the_context>, log_sql_query already registered for DAG: example_python_operator
[2023-05-29T09:40:46.682+0000] {logging_mixin.py:149} INFO - [2023-05-29T09:40:46.682+0000] {taskmixin.py:211} WARNING - Dependency <Task(_PythonDecoratedOperator): log_sql_query>, print_the_context already registered for DAG: example_python_operator
[2023-05-29T09:40:46.683+0000] {logging_mixin.py:149} INFO - [2023-05-29T09:40:46.683+0000] {taskmixin.py:211} WARNING - Dependency <Task(_PythonDecoratedOperator): print_the_context>, log_sql_query already registered for DAG: example_python_operator
[2023-05-29T09:40:46.683+0000] {logging_mixin.py:149} INFO - [2023-05-29T09:40:46.683+0000] {taskmixin.py:211} WARNING - Dependency <Task(_PythonDecoratedOperator): log_sql_query>, print_the_context already registered for DAG: example_python_operator
[2023-05-29T09:40:46.684+0000] {logging_mixin.py:149} INFO - [2023-05-29T09:40:46.684+0000] {taskmixin.py:211} WARNING - Dependency <Task(_PythonDecoratedOperator): print_the_context>, log_sql_query already registered for DAG: example_python_operator
[2023-05-29T09:40:46.685+0000] {logging_mixin.py:149} INFO - [2023-05-29T09:40:46.684+0000] {taskmixin.py:211} WARNING - Dependency <Task(_PythonDecoratedOperator): log_sql_query>, print_the_context already registered for DAG: example_python_operator
[2023-05-29T09:40:46.685+0000] {logging_mixin.py:149} INFO - [2023-05-29T09:40:46.685+0000] {taskmixin.py:211} WARNING - Dependency <Task(_PythonDecoratedOperator): print_the_context>, log_sql_query already registered for DAG: example_python_operator
[2023-05-29T09:40:46.686+0000] {logging_mixin.py:149} INFO - [2023-05-29T09:40:46.685+0000] {taskmixin.py:211} WARNING - Dependency <Task(_PythonDecoratedOperator): log_sql_query>, print_the_context already registered for DAG: example_python_operator
[2023-05-29T09:40:46.687+0000] {processor.py:836} INFO - DAG(s) dict_keys(['example_python_operator']) retrieved from /home/airflow/.local/lib/python3.7/site-packages/airflow/example_dags/example_python_operator.py
[2023-05-29T09:40:46.708+0000] {logging_mixin.py:149} INFO - [2023-05-29T09:40:46.708+0000] {dag.py:2726} INFO - Sync 1 DAGs
[2023-05-29T09:40:46.729+0000] {logging_mixin.py:149} INFO - [2023-05-29T09:40:46.729+0000] {dag.py:3490} INFO - Setting next_dagrun for example_python_operator to None, run_after=None
[2023-05-29T09:40:46.744+0000] {processor.py:179} INFO - Processing /home/airflow/.local/lib/python3.7/site-packages/airflow/example_dags/example_python_operator.py took 0.074 seconds
[2023-05-29T09:41:17.065+0000] {processor.py:157} INFO - Started process (PID=1050) to work on /home/airflow/.local/lib/python3.7/site-packages/airflow/example_dags/example_python_operator.py
[2023-05-29T09:41:17.067+0000] {processor.py:826} INFO - Processing file /home/airflow/.local/lib/python3.7/site-packages/airflow/example_dags/example_python_operator.py for tasks to queue
[2023-05-29T09:41:17.067+0000] {logging_mixin.py:149} INFO - [2023-05-29T09:41:17.067+0000] {dagbag.py:541} INFO - Filling up the DagBag from /home/airflow/.local/lib/python3.7/site-packages/airflow/example_dags/example_python_operator.py
[2023-05-29T09:41:17.072+0000] {logging_mixin.py:149} INFO - [2023-05-29T09:41:17.072+0000] {taskmixin.py:211} WARNING - Dependency <Task(_PythonDecoratedOperator): print_the_context>, log_sql_query already registered for DAG: example_python_operator
[2023-05-29T09:41:17.073+0000] {logging_mixin.py:149} INFO - [2023-05-29T09:41:17.073+0000] {taskmixin.py:211} WARNING - Dependency <Task(_PythonDecoratedOperator): log_sql_query>, print_the_context already registered for DAG: example_python_operator
[2023-05-29T09:41:17.074+0000] {logging_mixin.py:149} INFO - [2023-05-29T09:41:17.074+0000] {taskmixin.py:211} WARNING - Dependency <Task(_PythonDecoratedOperator): print_the_context>, log_sql_query already registered for DAG: example_python_operator
[2023-05-29T09:41:17.074+0000] {logging_mixin.py:149} INFO - [2023-05-29T09:41:17.074+0000] {taskmixin.py:211} WARNING - Dependency <Task(_PythonDecoratedOperator): log_sql_query>, print_the_context already registered for DAG: example_python_operator
[2023-05-29T09:41:17.075+0000] {logging_mixin.py:149} INFO - [2023-05-29T09:41:17.075+0000] {taskmixin.py:211} WARNING - Dependency <Task(_PythonDecoratedOperator): print_the_context>, log_sql_query already registered for DAG: example_python_operator
[2023-05-29T09:41:17.075+0000] {logging_mixin.py:149} INFO - [2023-05-29T09:41:17.075+0000] {taskmixin.py:211} WARNING - Dependency <Task(_PythonDecoratedOperator): log_sql_query>, print_the_context already registered for DAG: example_python_operator
[2023-05-29T09:41:17.076+0000] {logging_mixin.py:149} INFO - [2023-05-29T09:41:17.076+0000] {taskmixin.py:211} WARNING - Dependency <Task(_PythonDecoratedOperator): print_the_context>, log_sql_query already registered for DAG: example_python_operator
[2023-05-29T09:41:17.077+0000] {logging_mixin.py:149} INFO - [2023-05-29T09:41:17.077+0000] {taskmixin.py:211} WARNING - Dependency <Task(_PythonDecoratedOperator): log_sql_query>, print_the_context already registered for DAG: example_python_operator
[2023-05-29T09:41:17.079+0000] {processor.py:836} INFO - DAG(s) dict_keys(['example_python_operator']) retrieved from /home/airflow/.local/lib/python3.7/site-packages/airflow/example_dags/example_python_operator.py
[2023-05-29T09:41:17.100+0000] {logging_mixin.py:149} INFO - [2023-05-29T09:41:17.100+0000] {dag.py:2726} INFO - Sync 1 DAGs
[2023-05-29T09:41:17.116+0000] {logging_mixin.py:149} INFO - [2023-05-29T09:41:17.116+0000] {dag.py:3490} INFO - Setting next_dagrun for example_python_operator to None, run_after=None
[2023-05-29T09:41:17.127+0000] {processor.py:179} INFO - Processing /home/airflow/.local/lib/python3.7/site-packages/airflow/example_dags/example_python_operator.py took 0.064 seconds
[2023-05-29T09:41:47.561+0000] {processor.py:157} INFO - Started process (PID=1106) to work on /home/airflow/.local/lib/python3.7/site-packages/airflow/example_dags/example_python_operator.py
[2023-05-29T09:41:47.562+0000] {processor.py:826} INFO - Processing file /home/airflow/.local/lib/python3.7/site-packages/airflow/example_dags/example_python_operator.py for tasks to queue
[2023-05-29T09:41:47.563+0000] {logging_mixin.py:149} INFO - [2023-05-29T09:41:47.563+0000] {dagbag.py:541} INFO - Filling up the DagBag from /home/airflow/.local/lib/python3.7/site-packages/airflow/example_dags/example_python_operator.py
[2023-05-29T09:41:47.569+0000] {logging_mixin.py:149} INFO - [2023-05-29T09:41:47.569+0000] {taskmixin.py:211} WARNING - Dependency <Task(_PythonDecoratedOperator): print_the_context>, log_sql_query already registered for DAG: example_python_operator
[2023-05-29T09:41:47.570+0000] {logging_mixin.py:149} INFO - [2023-05-29T09:41:47.570+0000] {taskmixin.py:211} WARNING - Dependency <Task(_PythonDecoratedOperator): log_sql_query>, print_the_context already registered for DAG: example_python_operator
[2023-05-29T09:41:47.570+0000] {logging_mixin.py:149} INFO - [2023-05-29T09:41:47.570+0000] {taskmixin.py:211} WARNING - Dependency <Task(_PythonDecoratedOperator): print_the_context>, log_sql_query already registered for DAG: example_python_operator
[2023-05-29T09:41:47.571+0000] {logging_mixin.py:149} INFO - [2023-05-29T09:41:47.571+0000] {taskmixin.py:211} WARNING - Dependency <Task(_PythonDecoratedOperator): log_sql_query>, print_the_context already registered for DAG: example_python_operator
[2023-05-29T09:41:47.572+0000] {logging_mixin.py:149} INFO - [2023-05-29T09:41:47.572+0000] {taskmixin.py:211} WARNING - Dependency <Task(_PythonDecoratedOperator): print_the_context>, log_sql_query already registered for DAG: example_python_operator
[2023-05-29T09:41:47.572+0000] {logging_mixin.py:149} INFO - [2023-05-29T09:41:47.572+0000] {taskmixin.py:211} WARNING - Dependency <Task(_PythonDecoratedOperator): log_sql_query>, print_the_context already registered for DAG: example_python_operator
[2023-05-29T09:41:47.573+0000] {logging_mixin.py:149} INFO - [2023-05-29T09:41:47.573+0000] {taskmixin.py:211} WARNING - Dependency <Task(_PythonDecoratedOperator): print_the_context>, log_sql_query already registered for DAG: example_python_operator
[2023-05-29T09:41:47.573+0000] {logging_mixin.py:149} INFO - [2023-05-29T09:41:47.573+0000] {taskmixin.py:211} WARNING - Dependency <Task(_PythonDecoratedOperator): log_sql_query>, print_the_context already registered for DAG: example_python_operator
[2023-05-29T09:41:47.575+0000] {processor.py:836} INFO - DAG(s) dict_keys(['example_python_operator']) retrieved from /home/airflow/.local/lib/python3.7/site-packages/airflow/example_dags/example_python_operator.py
[2023-05-29T09:41:47.597+0000] {logging_mixin.py:149} INFO - [2023-05-29T09:41:47.597+0000] {dag.py:2726} INFO - Sync 1 DAGs
[2023-05-29T09:41:47.615+0000] {logging_mixin.py:149} INFO - [2023-05-29T09:41:47.615+0000] {dag.py:3490} INFO - Setting next_dagrun for example_python_operator to None, run_after=None
[2023-05-29T09:41:47.627+0000] {processor.py:179} INFO - Processing /home/airflow/.local/lib/python3.7/site-packages/airflow/example_dags/example_python_operator.py took 0.069 seconds
[2023-05-29T09:42:18.202+0000] {processor.py:157} INFO - Started process (PID=1163) to work on /home/airflow/.local/lib/python3.7/site-packages/airflow/example_dags/example_python_operator.py
[2023-05-29T09:42:18.203+0000] {processor.py:826} INFO - Processing file /home/airflow/.local/lib/python3.7/site-packages/airflow/example_dags/example_python_operator.py for tasks to queue
[2023-05-29T09:42:18.204+0000] {logging_mixin.py:149} INFO - [2023-05-29T09:42:18.204+0000] {dagbag.py:541} INFO - Filling up the DagBag from /home/airflow/.local/lib/python3.7/site-packages/airflow/example_dags/example_python_operator.py
[2023-05-29T09:42:18.210+0000] {logging_mixin.py:149} INFO - [2023-05-29T09:42:18.210+0000] {taskmixin.py:211} WARNING - Dependency <Task(_PythonDecoratedOperator): print_the_context>, log_sql_query already registered for DAG: example_python_operator
[2023-05-29T09:42:18.210+0000] {logging_mixin.py:149} INFO - [2023-05-29T09:42:18.210+0000] {taskmixin.py:211} WARNING - Dependency <Task(_PythonDecoratedOperator): log_sql_query>, print_the_context already registered for DAG: example_python_operator
[2023-05-29T09:42:18.211+0000] {logging_mixin.py:149} INFO - [2023-05-29T09:42:18.211+0000] {taskmixin.py:211} WARNING - Dependency <Task(_PythonDecoratedOperator): print_the_context>, log_sql_query already registered for DAG: example_python_operator
[2023-05-29T09:42:18.211+0000] {logging_mixin.py:149} INFO - [2023-05-29T09:42:18.211+0000] {taskmixin.py:211} WARNING - Dependency <Task(_PythonDecoratedOperator): log_sql_query>, print_the_context already registered for DAG: example_python_operator
[2023-05-29T09:42:18.212+0000] {logging_mixin.py:149} INFO - [2023-05-29T09:42:18.212+0000] {taskmixin.py:211} WARNING - Dependency <Task(_PythonDecoratedOperator): print_the_context>, log_sql_query already registered for DAG: example_python_operator
[2023-05-29T09:42:18.213+0000] {logging_mixin.py:149} INFO - [2023-05-29T09:42:18.213+0000] {taskmixin.py:211} WARNING - Dependency <Task(_PythonDecoratedOperator): log_sql_query>, print_the_context already registered for DAG: example_python_operator
[2023-05-29T09:42:18.213+0000] {logging_mixin.py:149} INFO - [2023-05-29T09:42:18.213+0000] {taskmixin.py:211} WARNING - Dependency <Task(_PythonDecoratedOperator): print_the_context>, log_sql_query already registered for DAG: example_python_operator
[2023-05-29T09:42:18.214+0000] {logging_mixin.py:149} INFO - [2023-05-29T09:42:18.214+0000] {taskmixin.py:211} WARNING - Dependency <Task(_PythonDecoratedOperator): log_sql_query>, print_the_context already registered for DAG: example_python_operator
[2023-05-29T09:42:18.215+0000] {processor.py:836} INFO - DAG(s) dict_keys(['example_python_operator']) retrieved from /home/airflow/.local/lib/python3.7/site-packages/airflow/example_dags/example_python_operator.py
[2023-05-29T09:42:18.237+0000] {logging_mixin.py:149} INFO - [2023-05-29T09:42:18.236+0000] {dag.py:2726} INFO - Sync 1 DAGs
[2023-05-29T09:42:18.253+0000] {logging_mixin.py:149} INFO - [2023-05-29T09:42:18.253+0000] {dag.py:3490} INFO - Setting next_dagrun for example_python_operator to None, run_after=None
[2023-05-29T09:42:18.265+0000] {processor.py:179} INFO - Processing /home/airflow/.local/lib/python3.7/site-packages/airflow/example_dags/example_python_operator.py took 0.065 seconds
[2023-05-29T09:42:48.572+0000] {processor.py:157} INFO - Started process (PID=1219) to work on /home/airflow/.local/lib/python3.7/site-packages/airflow/example_dags/example_python_operator.py
[2023-05-29T09:42:48.576+0000] {processor.py:826} INFO - Processing file /home/airflow/.local/lib/python3.7/site-packages/airflow/example_dags/example_python_operator.py for tasks to queue
[2023-05-29T09:42:48.578+0000] {logging_mixin.py:149} INFO - [2023-05-29T09:42:48.578+0000] {dagbag.py:541} INFO - Filling up the DagBag from /home/airflow/.local/lib/python3.7/site-packages/airflow/example_dags/example_python_operator.py
[2023-05-29T09:42:48.589+0000] {logging_mixin.py:149} INFO - [2023-05-29T09:42:48.589+0000] {taskmixin.py:211} WARNING - Dependency <Task(_PythonDecoratedOperator): print_the_context>, log_sql_query already registered for DAG: example_python_operator
[2023-05-29T09:42:48.597+0000] {logging_mixin.py:149} INFO - [2023-05-29T09:42:48.597+0000] {taskmixin.py:211} WARNING - Dependency <Task(_PythonDecoratedOperator): log_sql_query>, print_the_context already registered for DAG: example_python_operator
[2023-05-29T09:42:48.599+0000] {logging_mixin.py:149} INFO - [2023-05-29T09:42:48.599+0000] {taskmixin.py:211} WARNING - Dependency <Task(_PythonDecoratedOperator): print_the_context>, log_sql_query already registered for DAG: example_python_operator
[2023-05-29T09:42:48.600+0000] {logging_mixin.py:149} INFO - [2023-05-29T09:42:48.600+0000] {taskmixin.py:211} WARNING - Dependency <Task(_PythonDecoratedOperator): log_sql_query>, print_the_context already registered for DAG: example_python_operator
[2023-05-29T09:42:48.602+0000] {logging_mixin.py:149} INFO - [2023-05-29T09:42:48.602+0000] {taskmixin.py:211} WARNING - Dependency <Task(_PythonDecoratedOperator): print_the_context>, log_sql_query already registered for DAG: example_python_operator
[2023-05-29T09:42:48.602+0000] {logging_mixin.py:149} INFO - [2023-05-29T09:42:48.602+0000] {taskmixin.py:211} WARNING - Dependency <Task(_PythonDecoratedOperator): log_sql_query>, print_the_context already registered for DAG: example_python_operator
[2023-05-29T09:42:48.604+0000] {logging_mixin.py:149} INFO - [2023-05-29T09:42:48.604+0000] {taskmixin.py:211} WARNING - Dependency <Task(_PythonDecoratedOperator): print_the_context>, log_sql_query already registered for DAG: example_python_operator
[2023-05-29T09:42:48.605+0000] {logging_mixin.py:149} INFO - [2023-05-29T09:42:48.604+0000] {taskmixin.py:211} WARNING - Dependency <Task(_PythonDecoratedOperator): log_sql_query>, print_the_context already registered for DAG: example_python_operator
[2023-05-29T09:42:48.620+0000] {processor.py:836} INFO - DAG(s) dict_keys(['example_python_operator']) retrieved from /home/airflow/.local/lib/python3.7/site-packages/airflow/example_dags/example_python_operator.py
[2023-05-29T09:42:48.719+0000] {logging_mixin.py:149} INFO - [2023-05-29T09:42:48.719+0000] {dag.py:2726} INFO - Sync 1 DAGs
[2023-05-29T09:42:48.768+0000] {logging_mixin.py:149} INFO - [2023-05-29T09:42:48.768+0000] {dag.py:3490} INFO - Setting next_dagrun for example_python_operator to None, run_after=None
[2023-05-29T09:42:48.787+0000] {processor.py:179} INFO - Processing /home/airflow/.local/lib/python3.7/site-packages/airflow/example_dags/example_python_operator.py took 0.219 seconds
