[2023-05-29T09:32:09.882+0000] {processor.py:157} INFO - Started process (PID=45) to work on /home/airflow/.local/lib/python3.7/site-packages/airflow/example_dags/example_latest_only.py
[2023-05-29T09:32:09.890+0000] {processor.py:826} INFO - Processing file /home/airflow/.local/lib/python3.7/site-packages/airflow/example_dags/example_latest_only.py for tasks to queue
[2023-05-29T09:32:09.892+0000] {logging_mixin.py:149} INFO - [2023-05-29T09:32:09.892+0000] {dagbag.py:541} INFO - Filling up the DagBag from /home/airflow/.local/lib/python3.7/site-packages/airflow/example_dags/example_latest_only.py
[2023-05-29T09:32:09.902+0000] {processor.py:836} INFO - DAG(s) dict_keys(['latest_only']) retrieved from /home/airflow/.local/lib/python3.7/site-packages/airflow/example_dags/example_latest_only.py
[2023-05-29T09:32:09.931+0000] {logging_mixin.py:149} INFO - [2023-05-29T09:32:09.931+0000] {dag.py:2726} INFO - Sync 1 DAGs
[2023-05-29T09:32:09.999+0000] {logging_mixin.py:149} INFO - [2023-05-29T09:32:09.999+0000] {dag.py:3490} INFO - Setting next_dagrun for latest_only to 2023-05-29T05:32:09.999222+00:00, run_after=2023-05-29T09:32:09.999222+00:00
[2023-05-29T09:32:10.035+0000] {processor.py:179} INFO - Processing /home/airflow/.local/lib/python3.7/site-packages/airflow/example_dags/example_latest_only.py took 0.159 seconds
[2023-05-29T09:32:40.765+0000] {processor.py:157} INFO - Started process (PID=101) to work on /home/airflow/.local/lib/python3.7/site-packages/airflow/example_dags/example_latest_only.py
[2023-05-29T09:32:40.767+0000] {processor.py:826} INFO - Processing file /home/airflow/.local/lib/python3.7/site-packages/airflow/example_dags/example_latest_only.py for tasks to queue
[2023-05-29T09:32:40.767+0000] {logging_mixin.py:149} INFO - [2023-05-29T09:32:40.767+0000] {dagbag.py:541} INFO - Filling up the DagBag from /home/airflow/.local/lib/python3.7/site-packages/airflow/example_dags/example_latest_only.py
[2023-05-29T09:32:40.772+0000] {processor.py:836} INFO - DAG(s) dict_keys(['latest_only']) retrieved from /home/airflow/.local/lib/python3.7/site-packages/airflow/example_dags/example_latest_only.py
[2023-05-29T09:32:40.790+0000] {logging_mixin.py:149} INFO - [2023-05-29T09:32:40.790+0000] {dag.py:2726} INFO - Sync 1 DAGs
[2023-05-29T09:32:40.806+0000] {logging_mixin.py:149} INFO - [2023-05-29T09:32:40.806+0000] {dag.py:3490} INFO - Setting next_dagrun for latest_only to 2023-05-29T05:32:40.806217+00:00, run_after=2023-05-29T09:32:40.806217+00:00
[2023-05-29T09:32:40.818+0000] {processor.py:179} INFO - Processing /home/airflow/.local/lib/python3.7/site-packages/airflow/example_dags/example_latest_only.py took 0.055 seconds
[2023-05-29T09:33:11.110+0000] {processor.py:157} INFO - Started process (PID=157) to work on /home/airflow/.local/lib/python3.7/site-packages/airflow/example_dags/example_latest_only.py
[2023-05-29T09:33:11.111+0000] {processor.py:826} INFO - Processing file /home/airflow/.local/lib/python3.7/site-packages/airflow/example_dags/example_latest_only.py for tasks to queue
[2023-05-29T09:33:11.112+0000] {logging_mixin.py:149} INFO - [2023-05-29T09:33:11.111+0000] {dagbag.py:541} INFO - Filling up the DagBag from /home/airflow/.local/lib/python3.7/site-packages/airflow/example_dags/example_latest_only.py
[2023-05-29T09:33:11.116+0000] {processor.py:836} INFO - DAG(s) dict_keys(['latest_only']) retrieved from /home/airflow/.local/lib/python3.7/site-packages/airflow/example_dags/example_latest_only.py
[2023-05-29T09:33:11.135+0000] {logging_mixin.py:149} INFO - [2023-05-29T09:33:11.135+0000] {dag.py:2726} INFO - Sync 1 DAGs
[2023-05-29T09:33:11.152+0000] {logging_mixin.py:149} INFO - [2023-05-29T09:33:11.152+0000] {dag.py:3490} INFO - Setting next_dagrun for latest_only to 2023-05-29T05:33:11.152339+00:00, run_after=2023-05-29T09:33:11.152339+00:00
[2023-05-29T09:33:11.164+0000] {processor.py:179} INFO - Processing /home/airflow/.local/lib/python3.7/site-packages/airflow/example_dags/example_latest_only.py took 0.057 seconds
[2023-05-29T09:33:41.539+0000] {processor.py:157} INFO - Started process (PID=213) to work on /home/airflow/.local/lib/python3.7/site-packages/airflow/example_dags/example_latest_only.py
[2023-05-29T09:33:41.545+0000] {processor.py:826} INFO - Processing file /home/airflow/.local/lib/python3.7/site-packages/airflow/example_dags/example_latest_only.py for tasks to queue
[2023-05-29T09:33:41.548+0000] {logging_mixin.py:149} INFO - [2023-05-29T09:33:41.548+0000] {dagbag.py:541} INFO - Filling up the DagBag from /home/airflow/.local/lib/python3.7/site-packages/airflow/example_dags/example_latest_only.py
[2023-05-29T09:33:41.554+0000] {processor.py:836} INFO - DAG(s) dict_keys(['latest_only']) retrieved from /home/airflow/.local/lib/python3.7/site-packages/airflow/example_dags/example_latest_only.py
[2023-05-29T09:33:41.574+0000] {logging_mixin.py:149} INFO - [2023-05-29T09:33:41.574+0000] {dag.py:2726} INFO - Sync 1 DAGs
[2023-05-29T09:33:41.595+0000] {logging_mixin.py:149} INFO - [2023-05-29T09:33:41.595+0000] {dag.py:3490} INFO - Setting next_dagrun for latest_only to 2023-05-29T05:33:41.594947+00:00, run_after=2023-05-29T09:33:41.594947+00:00
[2023-05-29T09:33:41.611+0000] {processor.py:179} INFO - Processing /home/airflow/.local/lib/python3.7/site-packages/airflow/example_dags/example_latest_only.py took 0.075 seconds
[2023-05-29T09:34:12.036+0000] {processor.py:157} INFO - Started process (PID=269) to work on /home/airflow/.local/lib/python3.7/site-packages/airflow/example_dags/example_latest_only.py
[2023-05-29T09:34:12.037+0000] {processor.py:826} INFO - Processing file /home/airflow/.local/lib/python3.7/site-packages/airflow/example_dags/example_latest_only.py for tasks to queue
[2023-05-29T09:34:12.038+0000] {logging_mixin.py:149} INFO - [2023-05-29T09:34:12.038+0000] {dagbag.py:541} INFO - Filling up the DagBag from /home/airflow/.local/lib/python3.7/site-packages/airflow/example_dags/example_latest_only.py
[2023-05-29T09:34:12.043+0000] {processor.py:836} INFO - DAG(s) dict_keys(['latest_only']) retrieved from /home/airflow/.local/lib/python3.7/site-packages/airflow/example_dags/example_latest_only.py
[2023-05-29T09:34:12.062+0000] {logging_mixin.py:149} INFO - [2023-05-29T09:34:12.061+0000] {dag.py:2726} INFO - Sync 1 DAGs
[2023-05-29T09:34:12.077+0000] {logging_mixin.py:149} INFO - [2023-05-29T09:34:12.077+0000] {dag.py:3490} INFO - Setting next_dagrun for latest_only to 2023-05-29T05:34:12.077611+00:00, run_after=2023-05-29T09:34:12.077611+00:00
[2023-05-29T09:34:12.089+0000] {processor.py:179} INFO - Processing /home/airflow/.local/lib/python3.7/site-packages/airflow/example_dags/example_latest_only.py took 0.055 seconds
[2023-05-29T09:34:42.463+0000] {processor.py:157} INFO - Started process (PID=325) to work on /home/airflow/.local/lib/python3.7/site-packages/airflow/example_dags/example_latest_only.py
[2023-05-29T09:34:42.464+0000] {processor.py:826} INFO - Processing file /home/airflow/.local/lib/python3.7/site-packages/airflow/example_dags/example_latest_only.py for tasks to queue
[2023-05-29T09:34:42.464+0000] {logging_mixin.py:149} INFO - [2023-05-29T09:34:42.464+0000] {dagbag.py:541} INFO - Filling up the DagBag from /home/airflow/.local/lib/python3.7/site-packages/airflow/example_dags/example_latest_only.py
[2023-05-29T09:34:42.469+0000] {processor.py:836} INFO - DAG(s) dict_keys(['latest_only']) retrieved from /home/airflow/.local/lib/python3.7/site-packages/airflow/example_dags/example_latest_only.py
[2023-05-29T09:34:42.487+0000] {logging_mixin.py:149} INFO - [2023-05-29T09:34:42.487+0000] {dag.py:2726} INFO - Sync 1 DAGs
[2023-05-29T09:34:42.503+0000] {logging_mixin.py:149} INFO - [2023-05-29T09:34:42.503+0000] {dag.py:3490} INFO - Setting next_dagrun for latest_only to 2023-05-29T05:34:42.502796+00:00, run_after=2023-05-29T09:34:42.502796+00:00
[2023-05-29T09:34:42.515+0000] {processor.py:179} INFO - Processing /home/airflow/.local/lib/python3.7/site-packages/airflow/example_dags/example_latest_only.py took 0.055 seconds
[2023-05-29T09:35:12.725+0000] {processor.py:157} INFO - Started process (PID=380) to work on /home/airflow/.local/lib/python3.7/site-packages/airflow/example_dags/example_latest_only.py
[2023-05-29T09:35:12.727+0000] {processor.py:826} INFO - Processing file /home/airflow/.local/lib/python3.7/site-packages/airflow/example_dags/example_latest_only.py for tasks to queue
[2023-05-29T09:35:12.727+0000] {logging_mixin.py:149} INFO - [2023-05-29T09:35:12.727+0000] {dagbag.py:541} INFO - Filling up the DagBag from /home/airflow/.local/lib/python3.7/site-packages/airflow/example_dags/example_latest_only.py
[2023-05-29T09:35:12.732+0000] {processor.py:836} INFO - DAG(s) dict_keys(['latest_only']) retrieved from /home/airflow/.local/lib/python3.7/site-packages/airflow/example_dags/example_latest_only.py
[2023-05-29T09:35:12.751+0000] {logging_mixin.py:149} INFO - [2023-05-29T09:35:12.751+0000] {dag.py:2726} INFO - Sync 1 DAGs
[2023-05-29T09:35:12.767+0000] {logging_mixin.py:149} INFO - [2023-05-29T09:35:12.767+0000] {dag.py:3490} INFO - Setting next_dagrun for latest_only to 2023-05-29T05:35:12.767525+00:00, run_after=2023-05-29T09:35:12.767525+00:00
[2023-05-29T09:35:12.778+0000] {processor.py:179} INFO - Processing /home/airflow/.local/lib/python3.7/site-packages/airflow/example_dags/example_latest_only.py took 0.055 seconds
[2023-05-29T09:35:43.034+0000] {processor.py:157} INFO - Started process (PID=436) to work on /home/airflow/.local/lib/python3.7/site-packages/airflow/example_dags/example_latest_only.py
[2023-05-29T09:35:43.036+0000] {processor.py:826} INFO - Processing file /home/airflow/.local/lib/python3.7/site-packages/airflow/example_dags/example_latest_only.py for tasks to queue
[2023-05-29T09:35:43.036+0000] {logging_mixin.py:149} INFO - [2023-05-29T09:35:43.036+0000] {dagbag.py:541} INFO - Filling up the DagBag from /home/airflow/.local/lib/python3.7/site-packages/airflow/example_dags/example_latest_only.py
[2023-05-29T09:35:43.041+0000] {processor.py:836} INFO - DAG(s) dict_keys(['latest_only']) retrieved from /home/airflow/.local/lib/python3.7/site-packages/airflow/example_dags/example_latest_only.py
[2023-05-29T09:35:43.059+0000] {logging_mixin.py:149} INFO - [2023-05-29T09:35:43.059+0000] {dag.py:2726} INFO - Sync 1 DAGs
[2023-05-29T09:35:43.075+0000] {logging_mixin.py:149} INFO - [2023-05-29T09:35:43.075+0000] {dag.py:3490} INFO - Setting next_dagrun for latest_only to 2023-05-29T05:35:43.075002+00:00, run_after=2023-05-29T09:35:43.075002+00:00
[2023-05-29T09:35:43.085+0000] {processor.py:179} INFO - Processing /home/airflow/.local/lib/python3.7/site-packages/airflow/example_dags/example_latest_only.py took 0.054 seconds
[2023-05-29T09:36:13.371+0000] {processor.py:157} INFO - Started process (PID=492) to work on /home/airflow/.local/lib/python3.7/site-packages/airflow/example_dags/example_latest_only.py
[2023-05-29T09:36:13.372+0000] {processor.py:826} INFO - Processing file /home/airflow/.local/lib/python3.7/site-packages/airflow/example_dags/example_latest_only.py for tasks to queue
[2023-05-29T09:36:13.373+0000] {logging_mixin.py:149} INFO - [2023-05-29T09:36:13.373+0000] {dagbag.py:541} INFO - Filling up the DagBag from /home/airflow/.local/lib/python3.7/site-packages/airflow/example_dags/example_latest_only.py
[2023-05-29T09:36:13.377+0000] {processor.py:836} INFO - DAG(s) dict_keys(['latest_only']) retrieved from /home/airflow/.local/lib/python3.7/site-packages/airflow/example_dags/example_latest_only.py
[2023-05-29T09:36:13.396+0000] {logging_mixin.py:149} INFO - [2023-05-29T09:36:13.396+0000] {dag.py:2726} INFO - Sync 1 DAGs
[2023-05-29T09:36:13.413+0000] {logging_mixin.py:149} INFO - [2023-05-29T09:36:13.412+0000] {dag.py:3490} INFO - Setting next_dagrun for latest_only to 2023-05-29T05:36:13.412686+00:00, run_after=2023-05-29T09:36:13.412686+00:00
[2023-05-29T09:36:13.424+0000] {processor.py:179} INFO - Processing /home/airflow/.local/lib/python3.7/site-packages/airflow/example_dags/example_latest_only.py took 0.056 seconds
[2023-05-29T09:36:43.856+0000] {processor.py:157} INFO - Started process (PID=548) to work on /home/airflow/.local/lib/python3.7/site-packages/airflow/example_dags/example_latest_only.py
[2023-05-29T09:36:43.857+0000] {processor.py:826} INFO - Processing file /home/airflow/.local/lib/python3.7/site-packages/airflow/example_dags/example_latest_only.py for tasks to queue
[2023-05-29T09:36:43.858+0000] {logging_mixin.py:149} INFO - [2023-05-29T09:36:43.858+0000] {dagbag.py:541} INFO - Filling up the DagBag from /home/airflow/.local/lib/python3.7/site-packages/airflow/example_dags/example_latest_only.py
[2023-05-29T09:36:43.863+0000] {processor.py:836} INFO - DAG(s) dict_keys(['latest_only']) retrieved from /home/airflow/.local/lib/python3.7/site-packages/airflow/example_dags/example_latest_only.py
[2023-05-29T09:36:43.881+0000] {logging_mixin.py:149} INFO - [2023-05-29T09:36:43.881+0000] {dag.py:2726} INFO - Sync 1 DAGs
[2023-05-29T09:36:43.898+0000] {logging_mixin.py:149} INFO - [2023-05-29T09:36:43.898+0000] {dag.py:3490} INFO - Setting next_dagrun for latest_only to 2023-05-29T05:36:43.898431+00:00, run_after=2023-05-29T09:36:43.898431+00:00
[2023-05-29T09:36:43.910+0000] {processor.py:179} INFO - Processing /home/airflow/.local/lib/python3.7/site-packages/airflow/example_dags/example_latest_only.py took 0.057 seconds
[2023-05-29T09:37:14.092+0000] {processor.py:157} INFO - Started process (PID=604) to work on /home/airflow/.local/lib/python3.7/site-packages/airflow/example_dags/example_latest_only.py
[2023-05-29T09:37:14.093+0000] {processor.py:826} INFO - Processing file /home/airflow/.local/lib/python3.7/site-packages/airflow/example_dags/example_latest_only.py for tasks to queue
[2023-05-29T09:37:14.094+0000] {logging_mixin.py:149} INFO - [2023-05-29T09:37:14.094+0000] {dagbag.py:541} INFO - Filling up the DagBag from /home/airflow/.local/lib/python3.7/site-packages/airflow/example_dags/example_latest_only.py
[2023-05-29T09:37:14.099+0000] {processor.py:836} INFO - DAG(s) dict_keys(['latest_only']) retrieved from /home/airflow/.local/lib/python3.7/site-packages/airflow/example_dags/example_latest_only.py
[2023-05-29T09:37:14.120+0000] {logging_mixin.py:149} INFO - [2023-05-29T09:37:14.120+0000] {dag.py:2726} INFO - Sync 1 DAGs
[2023-05-29T09:37:14.136+0000] {logging_mixin.py:149} INFO - [2023-05-29T09:37:14.136+0000] {dag.py:3490} INFO - Setting next_dagrun for latest_only to 2023-05-29T05:37:14.136147+00:00, run_after=2023-05-29T09:37:14.136147+00:00
[2023-05-29T09:37:14.151+0000] {processor.py:179} INFO - Processing /home/airflow/.local/lib/python3.7/site-packages/airflow/example_dags/example_latest_only.py took 0.063 seconds
[2023-05-29T09:37:44.502+0000] {processor.py:157} INFO - Started process (PID=660) to work on /home/airflow/.local/lib/python3.7/site-packages/airflow/example_dags/example_latest_only.py
[2023-05-29T09:37:44.503+0000] {processor.py:826} INFO - Processing file /home/airflow/.local/lib/python3.7/site-packages/airflow/example_dags/example_latest_only.py for tasks to queue
[2023-05-29T09:37:44.503+0000] {logging_mixin.py:149} INFO - [2023-05-29T09:37:44.503+0000] {dagbag.py:541} INFO - Filling up the DagBag from /home/airflow/.local/lib/python3.7/site-packages/airflow/example_dags/example_latest_only.py
[2023-05-29T09:37:44.508+0000] {processor.py:836} INFO - DAG(s) dict_keys(['latest_only']) retrieved from /home/airflow/.local/lib/python3.7/site-packages/airflow/example_dags/example_latest_only.py
[2023-05-29T09:37:44.527+0000] {logging_mixin.py:149} INFO - [2023-05-29T09:37:44.527+0000] {dag.py:2726} INFO - Sync 1 DAGs
[2023-05-29T09:37:44.543+0000] {logging_mixin.py:149} INFO - [2023-05-29T09:37:44.543+0000] {dag.py:3490} INFO - Setting next_dagrun for latest_only to 2023-05-29T05:37:44.543073+00:00, run_after=2023-05-29T09:37:44.543073+00:00
[2023-05-29T09:37:44.555+0000] {processor.py:179} INFO - Processing /home/airflow/.local/lib/python3.7/site-packages/airflow/example_dags/example_latest_only.py took 0.056 seconds
[2023-05-29T09:38:14.836+0000] {processor.py:157} INFO - Started process (PID=716) to work on /home/airflow/.local/lib/python3.7/site-packages/airflow/example_dags/example_latest_only.py
[2023-05-29T09:38:14.837+0000] {processor.py:826} INFO - Processing file /home/airflow/.local/lib/python3.7/site-packages/airflow/example_dags/example_latest_only.py for tasks to queue
[2023-05-29T09:38:14.838+0000] {logging_mixin.py:149} INFO - [2023-05-29T09:38:14.838+0000] {dagbag.py:541} INFO - Filling up the DagBag from /home/airflow/.local/lib/python3.7/site-packages/airflow/example_dags/example_latest_only.py
[2023-05-29T09:38:14.842+0000] {processor.py:836} INFO - DAG(s) dict_keys(['latest_only']) retrieved from /home/airflow/.local/lib/python3.7/site-packages/airflow/example_dags/example_latest_only.py
[2023-05-29T09:38:14.861+0000] {logging_mixin.py:149} INFO - [2023-05-29T09:38:14.861+0000] {dag.py:2726} INFO - Sync 1 DAGs
[2023-05-29T09:38:14.877+0000] {logging_mixin.py:149} INFO - [2023-05-29T09:38:14.877+0000] {dag.py:3490} INFO - Setting next_dagrun for latest_only to 2023-05-29T05:38:14.876851+00:00, run_after=2023-05-29T09:38:14.876851+00:00
[2023-05-29T09:38:14.889+0000] {processor.py:179} INFO - Processing /home/airflow/.local/lib/python3.7/site-packages/airflow/example_dags/example_latest_only.py took 0.056 seconds
[2023-05-29T09:38:45.204+0000] {processor.py:157} INFO - Started process (PID=772) to work on /home/airflow/.local/lib/python3.7/site-packages/airflow/example_dags/example_latest_only.py
[2023-05-29T09:38:45.205+0000] {processor.py:826} INFO - Processing file /home/airflow/.local/lib/python3.7/site-packages/airflow/example_dags/example_latest_only.py for tasks to queue
[2023-05-29T09:38:45.205+0000] {logging_mixin.py:149} INFO - [2023-05-29T09:38:45.205+0000] {dagbag.py:541} INFO - Filling up the DagBag from /home/airflow/.local/lib/python3.7/site-packages/airflow/example_dags/example_latest_only.py
[2023-05-29T09:38:45.210+0000] {processor.py:836} INFO - DAG(s) dict_keys(['latest_only']) retrieved from /home/airflow/.local/lib/python3.7/site-packages/airflow/example_dags/example_latest_only.py
[2023-05-29T09:38:45.229+0000] {logging_mixin.py:149} INFO - [2023-05-29T09:38:45.229+0000] {dag.py:2726} INFO - Sync 1 DAGs
[2023-05-29T09:38:45.247+0000] {logging_mixin.py:149} INFO - [2023-05-29T09:38:45.247+0000] {dag.py:3490} INFO - Setting next_dagrun for latest_only to 2023-05-29T05:38:45.246947+00:00, run_after=2023-05-29T09:38:45.246947+00:00
[2023-05-29T09:38:45.262+0000] {processor.py:179} INFO - Processing /home/airflow/.local/lib/python3.7/site-packages/airflow/example_dags/example_latest_only.py took 0.061 seconds
[2023-05-29T09:39:15.557+0000] {processor.py:157} INFO - Started process (PID=829) to work on /home/airflow/.local/lib/python3.7/site-packages/airflow/example_dags/example_latest_only.py
[2023-05-29T09:39:15.558+0000] {processor.py:826} INFO - Processing file /home/airflow/.local/lib/python3.7/site-packages/airflow/example_dags/example_latest_only.py for tasks to queue
[2023-05-29T09:39:15.559+0000] {logging_mixin.py:149} INFO - [2023-05-29T09:39:15.559+0000] {dagbag.py:541} INFO - Filling up the DagBag from /home/airflow/.local/lib/python3.7/site-packages/airflow/example_dags/example_latest_only.py
[2023-05-29T09:39:15.564+0000] {processor.py:836} INFO - DAG(s) dict_keys(['latest_only']) retrieved from /home/airflow/.local/lib/python3.7/site-packages/airflow/example_dags/example_latest_only.py
[2023-05-29T09:39:15.582+0000] {logging_mixin.py:149} INFO - [2023-05-29T09:39:15.582+0000] {dag.py:2726} INFO - Sync 1 DAGs
[2023-05-29T09:39:15.599+0000] {logging_mixin.py:149} INFO - [2023-05-29T09:39:15.599+0000] {dag.py:3490} INFO - Setting next_dagrun for latest_only to 2023-05-29T05:39:15.599342+00:00, run_after=2023-05-29T09:39:15.599342+00:00
[2023-05-29T09:39:15.611+0000] {processor.py:179} INFO - Processing /home/airflow/.local/lib/python3.7/site-packages/airflow/example_dags/example_latest_only.py took 0.056 seconds
[2023-05-29T09:39:46.065+0000] {processor.py:157} INFO - Started process (PID=885) to work on /home/airflow/.local/lib/python3.7/site-packages/airflow/example_dags/example_latest_only.py
[2023-05-29T09:39:46.066+0000] {processor.py:826} INFO - Processing file /home/airflow/.local/lib/python3.7/site-packages/airflow/example_dags/example_latest_only.py for tasks to queue
[2023-05-29T09:39:46.067+0000] {logging_mixin.py:149} INFO - [2023-05-29T09:39:46.067+0000] {dagbag.py:541} INFO - Filling up the DagBag from /home/airflow/.local/lib/python3.7/site-packages/airflow/example_dags/example_latest_only.py
[2023-05-29T09:39:46.072+0000] {processor.py:836} INFO - DAG(s) dict_keys(['latest_only']) retrieved from /home/airflow/.local/lib/python3.7/site-packages/airflow/example_dags/example_latest_only.py
[2023-05-29T09:39:46.092+0000] {logging_mixin.py:149} INFO - [2023-05-29T09:39:46.092+0000] {dag.py:2726} INFO - Sync 1 DAGs
[2023-05-29T09:39:46.109+0000] {logging_mixin.py:149} INFO - [2023-05-29T09:39:46.109+0000] {dag.py:3490} INFO - Setting next_dagrun for latest_only to 2023-05-29T05:39:46.109531+00:00, run_after=2023-05-29T09:39:46.109531+00:00
[2023-05-29T09:39:46.123+0000] {processor.py:179} INFO - Processing /home/airflow/.local/lib/python3.7/site-packages/airflow/example_dags/example_latest_only.py took 0.061 seconds
[2023-05-29T09:40:16.437+0000] {processor.py:157} INFO - Started process (PID=941) to work on /home/airflow/.local/lib/python3.7/site-packages/airflow/example_dags/example_latest_only.py
[2023-05-29T09:40:16.438+0000] {processor.py:826} INFO - Processing file /home/airflow/.local/lib/python3.7/site-packages/airflow/example_dags/example_latest_only.py for tasks to queue
[2023-05-29T09:40:16.439+0000] {logging_mixin.py:149} INFO - [2023-05-29T09:40:16.439+0000] {dagbag.py:541} INFO - Filling up the DagBag from /home/airflow/.local/lib/python3.7/site-packages/airflow/example_dags/example_latest_only.py
[2023-05-29T09:40:16.444+0000] {processor.py:836} INFO - DAG(s) dict_keys(['latest_only']) retrieved from /home/airflow/.local/lib/python3.7/site-packages/airflow/example_dags/example_latest_only.py
[2023-05-29T09:40:16.463+0000] {logging_mixin.py:149} INFO - [2023-05-29T09:40:16.463+0000] {dag.py:2726} INFO - Sync 1 DAGs
[2023-05-29T09:40:16.479+0000] {logging_mixin.py:149} INFO - [2023-05-29T09:40:16.479+0000] {dag.py:3490} INFO - Setting next_dagrun for latest_only to 2023-05-29T05:40:16.479608+00:00, run_after=2023-05-29T09:40:16.479608+00:00
[2023-05-29T09:40:16.492+0000] {processor.py:179} INFO - Processing /home/airflow/.local/lib/python3.7/site-packages/airflow/example_dags/example_latest_only.py took 0.058 seconds
[2023-05-29T09:40:46.783+0000] {processor.py:157} INFO - Started process (PID=997) to work on /home/airflow/.local/lib/python3.7/site-packages/airflow/example_dags/example_latest_only.py
[2023-05-29T09:40:46.784+0000] {processor.py:826} INFO - Processing file /home/airflow/.local/lib/python3.7/site-packages/airflow/example_dags/example_latest_only.py for tasks to queue
[2023-05-29T09:40:46.785+0000] {logging_mixin.py:149} INFO - [2023-05-29T09:40:46.785+0000] {dagbag.py:541} INFO - Filling up the DagBag from /home/airflow/.local/lib/python3.7/site-packages/airflow/example_dags/example_latest_only.py
[2023-05-29T09:40:46.790+0000] {processor.py:836} INFO - DAG(s) dict_keys(['latest_only']) retrieved from /home/airflow/.local/lib/python3.7/site-packages/airflow/example_dags/example_latest_only.py
[2023-05-29T09:40:46.810+0000] {logging_mixin.py:149} INFO - [2023-05-29T09:40:46.810+0000] {dag.py:2726} INFO - Sync 1 DAGs
[2023-05-29T09:40:46.826+0000] {logging_mixin.py:149} INFO - [2023-05-29T09:40:46.826+0000] {dag.py:3490} INFO - Setting next_dagrun for latest_only to 2023-05-29T05:40:46.826199+00:00, run_after=2023-05-29T09:40:46.826199+00:00
[2023-05-29T09:40:46.839+0000] {processor.py:179} INFO - Processing /home/airflow/.local/lib/python3.7/site-packages/airflow/example_dags/example_latest_only.py took 0.059 seconds
[2023-05-29T09:41:17.219+0000] {processor.py:157} INFO - Started process (PID=1053) to work on /home/airflow/.local/lib/python3.7/site-packages/airflow/example_dags/example_latest_only.py
[2023-05-29T09:41:17.220+0000] {processor.py:826} INFO - Processing file /home/airflow/.local/lib/python3.7/site-packages/airflow/example_dags/example_latest_only.py for tasks to queue
[2023-05-29T09:41:17.221+0000] {logging_mixin.py:149} INFO - [2023-05-29T09:41:17.221+0000] {dagbag.py:541} INFO - Filling up the DagBag from /home/airflow/.local/lib/python3.7/site-packages/airflow/example_dags/example_latest_only.py
[2023-05-29T09:41:17.226+0000] {processor.py:836} INFO - DAG(s) dict_keys(['latest_only']) retrieved from /home/airflow/.local/lib/python3.7/site-packages/airflow/example_dags/example_latest_only.py
[2023-05-29T09:41:17.245+0000] {logging_mixin.py:149} INFO - [2023-05-29T09:41:17.245+0000] {dag.py:2726} INFO - Sync 1 DAGs
[2023-05-29T09:41:17.260+0000] {logging_mixin.py:149} INFO - [2023-05-29T09:41:17.260+0000] {dag.py:3490} INFO - Setting next_dagrun for latest_only to 2023-05-29T05:41:17.260484+00:00, run_after=2023-05-29T09:41:17.260484+00:00
[2023-05-29T09:41:17.271+0000] {processor.py:179} INFO - Processing /home/airflow/.local/lib/python3.7/site-packages/airflow/example_dags/example_latest_only.py took 0.055 seconds
[2023-05-29T09:41:47.650+0000] {processor.py:157} INFO - Started process (PID=1109) to work on /home/airflow/.local/lib/python3.7/site-packages/airflow/example_dags/example_latest_only.py
[2023-05-29T09:41:47.651+0000] {processor.py:826} INFO - Processing file /home/airflow/.local/lib/python3.7/site-packages/airflow/example_dags/example_latest_only.py for tasks to queue
[2023-05-29T09:41:47.652+0000] {logging_mixin.py:149} INFO - [2023-05-29T09:41:47.652+0000] {dagbag.py:541} INFO - Filling up the DagBag from /home/airflow/.local/lib/python3.7/site-packages/airflow/example_dags/example_latest_only.py
[2023-05-29T09:41:47.656+0000] {processor.py:836} INFO - DAG(s) dict_keys(['latest_only']) retrieved from /home/airflow/.local/lib/python3.7/site-packages/airflow/example_dags/example_latest_only.py
[2023-05-29T09:41:47.676+0000] {logging_mixin.py:149} INFO - [2023-05-29T09:41:47.676+0000] {dag.py:2726} INFO - Sync 1 DAGs
[2023-05-29T09:41:47.694+0000] {logging_mixin.py:149} INFO - [2023-05-29T09:41:47.694+0000] {dag.py:3490} INFO - Setting next_dagrun for latest_only to 2023-05-29T05:41:47.694495+00:00, run_after=2023-05-29T09:41:47.694495+00:00
[2023-05-29T09:41:47.709+0000] {processor.py:179} INFO - Processing /home/airflow/.local/lib/python3.7/site-packages/airflow/example_dags/example_latest_only.py took 0.062 seconds
[2023-05-29T09:42:18.306+0000] {processor.py:157} INFO - Started process (PID=1166) to work on /home/airflow/.local/lib/python3.7/site-packages/airflow/example_dags/example_latest_only.py
[2023-05-29T09:42:18.307+0000] {processor.py:826} INFO - Processing file /home/airflow/.local/lib/python3.7/site-packages/airflow/example_dags/example_latest_only.py for tasks to queue
[2023-05-29T09:42:18.308+0000] {logging_mixin.py:149} INFO - [2023-05-29T09:42:18.308+0000] {dagbag.py:541} INFO - Filling up the DagBag from /home/airflow/.local/lib/python3.7/site-packages/airflow/example_dags/example_latest_only.py
[2023-05-29T09:42:18.312+0000] {processor.py:836} INFO - DAG(s) dict_keys(['latest_only']) retrieved from /home/airflow/.local/lib/python3.7/site-packages/airflow/example_dags/example_latest_only.py
[2023-05-29T09:42:18.333+0000] {logging_mixin.py:149} INFO - [2023-05-29T09:42:18.333+0000] {dag.py:2726} INFO - Sync 1 DAGs
[2023-05-29T09:42:18.353+0000] {logging_mixin.py:149} INFO - [2023-05-29T09:42:18.353+0000] {dag.py:3490} INFO - Setting next_dagrun for latest_only to 2023-05-29T05:42:18.353504+00:00, run_after=2023-05-29T09:42:18.353504+00:00
[2023-05-29T09:42:18.367+0000] {processor.py:179} INFO - Processing /home/airflow/.local/lib/python3.7/site-packages/airflow/example_dags/example_latest_only.py took 0.064 seconds
[2023-05-29T09:42:48.847+0000] {processor.py:157} INFO - Started process (PID=1222) to work on /home/airflow/.local/lib/python3.7/site-packages/airflow/example_dags/example_latest_only.py
[2023-05-29T09:42:48.850+0000] {processor.py:826} INFO - Processing file /home/airflow/.local/lib/python3.7/site-packages/airflow/example_dags/example_latest_only.py for tasks to queue
[2023-05-29T09:42:48.852+0000] {logging_mixin.py:149} INFO - [2023-05-29T09:42:48.851+0000] {dagbag.py:541} INFO - Filling up the DagBag from /home/airflow/.local/lib/python3.7/site-packages/airflow/example_dags/example_latest_only.py
[2023-05-29T09:42:48.859+0000] {processor.py:836} INFO - DAG(s) dict_keys(['latest_only']) retrieved from /home/airflow/.local/lib/python3.7/site-packages/airflow/example_dags/example_latest_only.py
[2023-05-29T09:42:48.886+0000] {logging_mixin.py:149} INFO - [2023-05-29T09:42:48.885+0000] {dag.py:2726} INFO - Sync 1 DAGs
[2023-05-29T09:42:48.908+0000] {logging_mixin.py:149} INFO - [2023-05-29T09:42:48.908+0000] {dag.py:3490} INFO - Setting next_dagrun for latest_only to 2023-05-29T05:42:48.908545+00:00, run_after=2023-05-29T09:42:48.908545+00:00
[2023-05-29T09:42:48.927+0000] {processor.py:179} INFO - Processing /home/airflow/.local/lib/python3.7/site-packages/airflow/example_dags/example_latest_only.py took 0.084 seconds
