[2023-05-29T09:32:10.980+0000] {processor.py:157} INFO - Started process (PID=58) to work on /home/airflow/.local/lib/python3.7/site-packages/airflow/example_dags/example_task_group_decorator.py
[2023-05-29T09:32:10.984+0000] {processor.py:826} INFO - Processing file /home/airflow/.local/lib/python3.7/site-packages/airflow/example_dags/example_task_group_decorator.py for tasks to queue
[2023-05-29T09:32:10.986+0000] {logging_mixin.py:149} INFO - [2023-05-29T09:32:10.986+0000] {dagbag.py:541} INFO - Filling up the DagBag from /home/airflow/.local/lib/python3.7/site-packages/airflow/example_dags/example_task_group_decorator.py
[2023-05-29T09:32:11.013+0000] {processor.py:836} INFO - DAG(s) dict_keys(['example_task_group_decorator']) retrieved from /home/airflow/.local/lib/python3.7/site-packages/airflow/example_dags/example_task_group_decorator.py
[2023-05-29T09:32:11.052+0000] {logging_mixin.py:149} INFO - [2023-05-29T09:32:11.052+0000] {dag.py:2726} INFO - Sync 1 DAGs
[2023-05-29T09:32:11.079+0000] {logging_mixin.py:149} INFO - [2023-05-29T09:32:11.079+0000] {dag.py:3490} INFO - Setting next_dagrun for example_task_group_decorator to 2023-05-28T09:32:11.078919+00:00, run_after=2023-05-29T09:32:11.078919+00:00
[2023-05-29T09:32:11.103+0000] {processor.py:179} INFO - Processing /home/airflow/.local/lib/python3.7/site-packages/airflow/example_dags/example_task_group_decorator.py took 0.132 seconds
[2023-05-29T09:32:41.320+0000] {processor.py:157} INFO - Started process (PID=114) to work on /home/airflow/.local/lib/python3.7/site-packages/airflow/example_dags/example_task_group_decorator.py
[2023-05-29T09:32:41.322+0000] {processor.py:826} INFO - Processing file /home/airflow/.local/lib/python3.7/site-packages/airflow/example_dags/example_task_group_decorator.py for tasks to queue
[2023-05-29T09:32:41.322+0000] {logging_mixin.py:149} INFO - [2023-05-29T09:32:41.322+0000] {dagbag.py:541} INFO - Filling up the DagBag from /home/airflow/.local/lib/python3.7/site-packages/airflow/example_dags/example_task_group_decorator.py
[2023-05-29T09:32:41.331+0000] {processor.py:836} INFO - DAG(s) dict_keys(['example_task_group_decorator']) retrieved from /home/airflow/.local/lib/python3.7/site-packages/airflow/example_dags/example_task_group_decorator.py
[2023-05-29T09:32:41.352+0000] {logging_mixin.py:149} INFO - [2023-05-29T09:32:41.352+0000] {dag.py:2726} INFO - Sync 1 DAGs
[2023-05-29T09:32:41.367+0000] {logging_mixin.py:149} INFO - [2023-05-29T09:32:41.367+0000] {dag.py:3490} INFO - Setting next_dagrun for example_task_group_decorator to 2023-05-28T09:32:41.367419+00:00, run_after=2023-05-29T09:32:41.367419+00:00
[2023-05-29T09:32:41.379+0000] {processor.py:179} INFO - Processing /home/airflow/.local/lib/python3.7/site-packages/airflow/example_dags/example_task_group_decorator.py took 0.061 seconds
[2023-05-29T09:33:11.640+0000] {processor.py:157} INFO - Started process (PID=170) to work on /home/airflow/.local/lib/python3.7/site-packages/airflow/example_dags/example_task_group_decorator.py
[2023-05-29T09:33:11.641+0000] {processor.py:826} INFO - Processing file /home/airflow/.local/lib/python3.7/site-packages/airflow/example_dags/example_task_group_decorator.py for tasks to queue
[2023-05-29T09:33:11.642+0000] {logging_mixin.py:149} INFO - [2023-05-29T09:33:11.642+0000] {dagbag.py:541} INFO - Filling up the DagBag from /home/airflow/.local/lib/python3.7/site-packages/airflow/example_dags/example_task_group_decorator.py
[2023-05-29T09:33:11.652+0000] {processor.py:836} INFO - DAG(s) dict_keys(['example_task_group_decorator']) retrieved from /home/airflow/.local/lib/python3.7/site-packages/airflow/example_dags/example_task_group_decorator.py
[2023-05-29T09:33:11.672+0000] {logging_mixin.py:149} INFO - [2023-05-29T09:33:11.672+0000] {dag.py:2726} INFO - Sync 1 DAGs
[2023-05-29T09:33:11.689+0000] {logging_mixin.py:149} INFO - [2023-05-29T09:33:11.689+0000] {dag.py:3490} INFO - Setting next_dagrun for example_task_group_decorator to 2023-05-28T09:33:11.688795+00:00, run_after=2023-05-29T09:33:11.688795+00:00
[2023-05-29T09:33:11.699+0000] {processor.py:179} INFO - Processing /home/airflow/.local/lib/python3.7/site-packages/airflow/example_dags/example_task_group_decorator.py took 0.062 seconds
[2023-05-29T09:33:42.112+0000] {processor.py:157} INFO - Started process (PID=226) to work on /home/airflow/.local/lib/python3.7/site-packages/airflow/example_dags/example_task_group_decorator.py
[2023-05-29T09:33:42.114+0000] {processor.py:826} INFO - Processing file /home/airflow/.local/lib/python3.7/site-packages/airflow/example_dags/example_task_group_decorator.py for tasks to queue
[2023-05-29T09:33:42.114+0000] {logging_mixin.py:149} INFO - [2023-05-29T09:33:42.114+0000] {dagbag.py:541} INFO - Filling up the DagBag from /home/airflow/.local/lib/python3.7/site-packages/airflow/example_dags/example_task_group_decorator.py
[2023-05-29T09:33:42.124+0000] {processor.py:836} INFO - DAG(s) dict_keys(['example_task_group_decorator']) retrieved from /home/airflow/.local/lib/python3.7/site-packages/airflow/example_dags/example_task_group_decorator.py
[2023-05-29T09:33:42.145+0000] {logging_mixin.py:149} INFO - [2023-05-29T09:33:42.145+0000] {dag.py:2726} INFO - Sync 1 DAGs
[2023-05-29T09:33:42.168+0000] {logging_mixin.py:149} INFO - [2023-05-29T09:33:42.168+0000] {dag.py:3490} INFO - Setting next_dagrun for example_task_group_decorator to 2023-05-28T09:33:42.168007+00:00, run_after=2023-05-29T09:33:42.168007+00:00
[2023-05-29T09:33:42.239+0000] {processor.py:179} INFO - Processing /home/airflow/.local/lib/python3.7/site-packages/airflow/example_dags/example_task_group_decorator.py took 0.130 seconds
[2023-05-29T09:34:12.630+0000] {processor.py:157} INFO - Started process (PID=282) to work on /home/airflow/.local/lib/python3.7/site-packages/airflow/example_dags/example_task_group_decorator.py
[2023-05-29T09:34:12.631+0000] {processor.py:826} INFO - Processing file /home/airflow/.local/lib/python3.7/site-packages/airflow/example_dags/example_task_group_decorator.py for tasks to queue
[2023-05-29T09:34:12.631+0000] {logging_mixin.py:149} INFO - [2023-05-29T09:34:12.631+0000] {dagbag.py:541} INFO - Filling up the DagBag from /home/airflow/.local/lib/python3.7/site-packages/airflow/example_dags/example_task_group_decorator.py
[2023-05-29T09:34:12.641+0000] {processor.py:836} INFO - DAG(s) dict_keys(['example_task_group_decorator']) retrieved from /home/airflow/.local/lib/python3.7/site-packages/airflow/example_dags/example_task_group_decorator.py
[2023-05-29T09:34:12.663+0000] {logging_mixin.py:149} INFO - [2023-05-29T09:34:12.662+0000] {dag.py:2726} INFO - Sync 1 DAGs
[2023-05-29T09:34:12.679+0000] {logging_mixin.py:149} INFO - [2023-05-29T09:34:12.679+0000] {dag.py:3490} INFO - Setting next_dagrun for example_task_group_decorator to 2023-05-28T09:34:12.678788+00:00, run_after=2023-05-29T09:34:12.678788+00:00
[2023-05-29T09:34:12.691+0000] {processor.py:179} INFO - Processing /home/airflow/.local/lib/python3.7/site-packages/airflow/example_dags/example_task_group_decorator.py took 0.064 seconds
[2023-05-29T09:34:43.046+0000] {processor.py:157} INFO - Started process (PID=338) to work on /home/airflow/.local/lib/python3.7/site-packages/airflow/example_dags/example_task_group_decorator.py
[2023-05-29T09:34:43.047+0000] {processor.py:826} INFO - Processing file /home/airflow/.local/lib/python3.7/site-packages/airflow/example_dags/example_task_group_decorator.py for tasks to queue
[2023-05-29T09:34:43.048+0000] {logging_mixin.py:149} INFO - [2023-05-29T09:34:43.048+0000] {dagbag.py:541} INFO - Filling up the DagBag from /home/airflow/.local/lib/python3.7/site-packages/airflow/example_dags/example_task_group_decorator.py
[2023-05-29T09:34:43.057+0000] {processor.py:836} INFO - DAG(s) dict_keys(['example_task_group_decorator']) retrieved from /home/airflow/.local/lib/python3.7/site-packages/airflow/example_dags/example_task_group_decorator.py
[2023-05-29T09:34:43.078+0000] {logging_mixin.py:149} INFO - [2023-05-29T09:34:43.078+0000] {dag.py:2726} INFO - Sync 1 DAGs
[2023-05-29T09:34:43.093+0000] {logging_mixin.py:149} INFO - [2023-05-29T09:34:43.093+0000] {dag.py:3490} INFO - Setting next_dagrun for example_task_group_decorator to 2023-05-28T09:34:43.093481+00:00, run_after=2023-05-29T09:34:43.093481+00:00
[2023-05-29T09:34:43.105+0000] {processor.py:179} INFO - Processing /home/airflow/.local/lib/python3.7/site-packages/airflow/example_dags/example_task_group_decorator.py took 0.062 seconds
[2023-05-29T09:35:13.254+0000] {processor.py:157} INFO - Started process (PID=393) to work on /home/airflow/.local/lib/python3.7/site-packages/airflow/example_dags/example_task_group_decorator.py
[2023-05-29T09:35:13.255+0000] {processor.py:826} INFO - Processing file /home/airflow/.local/lib/python3.7/site-packages/airflow/example_dags/example_task_group_decorator.py for tasks to queue
[2023-05-29T09:35:13.256+0000] {logging_mixin.py:149} INFO - [2023-05-29T09:35:13.256+0000] {dagbag.py:541} INFO - Filling up the DagBag from /home/airflow/.local/lib/python3.7/site-packages/airflow/example_dags/example_task_group_decorator.py
[2023-05-29T09:35:13.265+0000] {processor.py:836} INFO - DAG(s) dict_keys(['example_task_group_decorator']) retrieved from /home/airflow/.local/lib/python3.7/site-packages/airflow/example_dags/example_task_group_decorator.py
[2023-05-29T09:35:13.285+0000] {logging_mixin.py:149} INFO - [2023-05-29T09:35:13.285+0000] {dag.py:2726} INFO - Sync 1 DAGs
[2023-05-29T09:35:13.301+0000] {logging_mixin.py:149} INFO - [2023-05-29T09:35:13.301+0000] {dag.py:3490} INFO - Setting next_dagrun for example_task_group_decorator to 2023-05-28T09:35:13.301253+00:00, run_after=2023-05-29T09:35:13.301253+00:00
[2023-05-29T09:35:13.312+0000] {processor.py:179} INFO - Processing /home/airflow/.local/lib/python3.7/site-packages/airflow/example_dags/example_task_group_decorator.py took 0.061 seconds
[2023-05-29T09:35:43.559+0000] {processor.py:157} INFO - Started process (PID=449) to work on /home/airflow/.local/lib/python3.7/site-packages/airflow/example_dags/example_task_group_decorator.py
[2023-05-29T09:35:43.560+0000] {processor.py:826} INFO - Processing file /home/airflow/.local/lib/python3.7/site-packages/airflow/example_dags/example_task_group_decorator.py for tasks to queue
[2023-05-29T09:35:43.561+0000] {logging_mixin.py:149} INFO - [2023-05-29T09:35:43.561+0000] {dagbag.py:541} INFO - Filling up the DagBag from /home/airflow/.local/lib/python3.7/site-packages/airflow/example_dags/example_task_group_decorator.py
[2023-05-29T09:35:43.569+0000] {processor.py:836} INFO - DAG(s) dict_keys(['example_task_group_decorator']) retrieved from /home/airflow/.local/lib/python3.7/site-packages/airflow/example_dags/example_task_group_decorator.py
[2023-05-29T09:35:43.589+0000] {logging_mixin.py:149} INFO - [2023-05-29T09:35:43.589+0000] {dag.py:2726} INFO - Sync 1 DAGs
[2023-05-29T09:35:43.604+0000] {logging_mixin.py:149} INFO - [2023-05-29T09:35:43.604+0000] {dag.py:3490} INFO - Setting next_dagrun for example_task_group_decorator to 2023-05-28T09:35:43.603844+00:00, run_after=2023-05-29T09:35:43.603844+00:00
[2023-05-29T09:35:43.614+0000] {processor.py:179} INFO - Processing /home/airflow/.local/lib/python3.7/site-packages/airflow/example_dags/example_task_group_decorator.py took 0.057 seconds
[2023-05-29T09:36:13.926+0000] {processor.py:157} INFO - Started process (PID=505) to work on /home/airflow/.local/lib/python3.7/site-packages/airflow/example_dags/example_task_group_decorator.py
[2023-05-29T09:36:13.927+0000] {processor.py:826} INFO - Processing file /home/airflow/.local/lib/python3.7/site-packages/airflow/example_dags/example_task_group_decorator.py for tasks to queue
[2023-05-29T09:36:13.928+0000] {logging_mixin.py:149} INFO - [2023-05-29T09:36:13.928+0000] {dagbag.py:541} INFO - Filling up the DagBag from /home/airflow/.local/lib/python3.7/site-packages/airflow/example_dags/example_task_group_decorator.py
[2023-05-29T09:36:13.937+0000] {processor.py:836} INFO - DAG(s) dict_keys(['example_task_group_decorator']) retrieved from /home/airflow/.local/lib/python3.7/site-packages/airflow/example_dags/example_task_group_decorator.py
[2023-05-29T09:36:13.958+0000] {logging_mixin.py:149} INFO - [2023-05-29T09:36:13.957+0000] {dag.py:2726} INFO - Sync 1 DAGs
[2023-05-29T09:36:13.974+0000] {logging_mixin.py:149} INFO - [2023-05-29T09:36:13.974+0000] {dag.py:3490} INFO - Setting next_dagrun for example_task_group_decorator to 2023-05-28T09:36:13.973738+00:00, run_after=2023-05-29T09:36:13.973738+00:00
[2023-05-29T09:36:13.989+0000] {processor.py:179} INFO - Processing /home/airflow/.local/lib/python3.7/site-packages/airflow/example_dags/example_task_group_decorator.py took 0.065 seconds
[2023-05-29T09:36:44.408+0000] {processor.py:157} INFO - Started process (PID=561) to work on /home/airflow/.local/lib/python3.7/site-packages/airflow/example_dags/example_task_group_decorator.py
[2023-05-29T09:36:44.410+0000] {processor.py:826} INFO - Processing file /home/airflow/.local/lib/python3.7/site-packages/airflow/example_dags/example_task_group_decorator.py for tasks to queue
[2023-05-29T09:36:44.412+0000] {logging_mixin.py:149} INFO - [2023-05-29T09:36:44.411+0000] {dagbag.py:541} INFO - Filling up the DagBag from /home/airflow/.local/lib/python3.7/site-packages/airflow/example_dags/example_task_group_decorator.py
[2023-05-29T09:36:44.424+0000] {processor.py:836} INFO - DAG(s) dict_keys(['example_task_group_decorator']) retrieved from /home/airflow/.local/lib/python3.7/site-packages/airflow/example_dags/example_task_group_decorator.py
[2023-05-29T09:36:44.451+0000] {logging_mixin.py:149} INFO - [2023-05-29T09:36:44.450+0000] {dag.py:2726} INFO - Sync 1 DAGs
[2023-05-29T09:36:44.469+0000] {logging_mixin.py:149} INFO - [2023-05-29T09:36:44.469+0000] {dag.py:3490} INFO - Setting next_dagrun for example_task_group_decorator to 2023-05-28T09:36:44.469543+00:00, run_after=2023-05-29T09:36:44.469543+00:00
[2023-05-29T09:36:44.481+0000] {processor.py:179} INFO - Processing /home/airflow/.local/lib/python3.7/site-packages/airflow/example_dags/example_task_group_decorator.py took 0.075 seconds
[2023-05-29T09:37:14.813+0000] {processor.py:157} INFO - Started process (PID=617) to work on /home/airflow/.local/lib/python3.7/site-packages/airflow/example_dags/example_task_group_decorator.py
[2023-05-29T09:37:14.815+0000] {processor.py:826} INFO - Processing file /home/airflow/.local/lib/python3.7/site-packages/airflow/example_dags/example_task_group_decorator.py for tasks to queue
[2023-05-29T09:37:14.816+0000] {logging_mixin.py:149} INFO - [2023-05-29T09:37:14.816+0000] {dagbag.py:541} INFO - Filling up the DagBag from /home/airflow/.local/lib/python3.7/site-packages/airflow/example_dags/example_task_group_decorator.py
[2023-05-29T09:37:14.826+0000] {processor.py:836} INFO - DAG(s) dict_keys(['example_task_group_decorator']) retrieved from /home/airflow/.local/lib/python3.7/site-packages/airflow/example_dags/example_task_group_decorator.py
[2023-05-29T09:37:14.850+0000] {logging_mixin.py:149} INFO - [2023-05-29T09:37:14.850+0000] {dag.py:2726} INFO - Sync 1 DAGs
[2023-05-29T09:37:14.865+0000] {logging_mixin.py:149} INFO - [2023-05-29T09:37:14.865+0000] {dag.py:3490} INFO - Setting next_dagrun for example_task_group_decorator to 2023-05-28T09:37:14.865081+00:00, run_after=2023-05-29T09:37:14.865081+00:00
[2023-05-29T09:37:14.876+0000] {processor.py:179} INFO - Processing /home/airflow/.local/lib/python3.7/site-packages/airflow/example_dags/example_task_group_decorator.py took 0.066 seconds
[2023-05-29T09:37:45.089+0000] {processor.py:157} INFO - Started process (PID=673) to work on /home/airflow/.local/lib/python3.7/site-packages/airflow/example_dags/example_task_group_decorator.py
[2023-05-29T09:37:45.091+0000] {processor.py:826} INFO - Processing file /home/airflow/.local/lib/python3.7/site-packages/airflow/example_dags/example_task_group_decorator.py for tasks to queue
[2023-05-29T09:37:45.092+0000] {logging_mixin.py:149} INFO - [2023-05-29T09:37:45.092+0000] {dagbag.py:541} INFO - Filling up the DagBag from /home/airflow/.local/lib/python3.7/site-packages/airflow/example_dags/example_task_group_decorator.py
[2023-05-29T09:37:45.102+0000] {processor.py:836} INFO - DAG(s) dict_keys(['example_task_group_decorator']) retrieved from /home/airflow/.local/lib/python3.7/site-packages/airflow/example_dags/example_task_group_decorator.py
[2023-05-29T09:37:45.124+0000] {logging_mixin.py:149} INFO - [2023-05-29T09:37:45.124+0000] {dag.py:2726} INFO - Sync 1 DAGs
[2023-05-29T09:37:45.141+0000] {logging_mixin.py:149} INFO - [2023-05-29T09:37:45.140+0000] {dag.py:3490} INFO - Setting next_dagrun for example_task_group_decorator to 2023-05-28T09:37:45.140717+00:00, run_after=2023-05-29T09:37:45.140717+00:00
[2023-05-29T09:37:45.152+0000] {processor.py:179} INFO - Processing /home/airflow/.local/lib/python3.7/site-packages/airflow/example_dags/example_task_group_decorator.py took 0.065 seconds
[2023-05-29T09:38:15.457+0000] {processor.py:157} INFO - Started process (PID=729) to work on /home/airflow/.local/lib/python3.7/site-packages/airflow/example_dags/example_task_group_decorator.py
[2023-05-29T09:38:15.458+0000] {processor.py:826} INFO - Processing file /home/airflow/.local/lib/python3.7/site-packages/airflow/example_dags/example_task_group_decorator.py for tasks to queue
[2023-05-29T09:38:15.459+0000] {logging_mixin.py:149} INFO - [2023-05-29T09:38:15.459+0000] {dagbag.py:541} INFO - Filling up the DagBag from /home/airflow/.local/lib/python3.7/site-packages/airflow/example_dags/example_task_group_decorator.py
[2023-05-29T09:38:15.468+0000] {processor.py:836} INFO - DAG(s) dict_keys(['example_task_group_decorator']) retrieved from /home/airflow/.local/lib/python3.7/site-packages/airflow/example_dags/example_task_group_decorator.py
[2023-05-29T09:38:15.489+0000] {logging_mixin.py:149} INFO - [2023-05-29T09:38:15.489+0000] {dag.py:2726} INFO - Sync 1 DAGs
[2023-05-29T09:38:15.506+0000] {logging_mixin.py:149} INFO - [2023-05-29T09:38:15.506+0000] {dag.py:3490} INFO - Setting next_dagrun for example_task_group_decorator to 2023-05-28T09:38:15.505924+00:00, run_after=2023-05-29T09:38:15.505924+00:00
[2023-05-29T09:38:15.525+0000] {processor.py:179} INFO - Processing /home/airflow/.local/lib/python3.7/site-packages/airflow/example_dags/example_task_group_decorator.py took 0.071 seconds
[2023-05-29T09:38:45.872+0000] {processor.py:157} INFO - Started process (PID=785) to work on /home/airflow/.local/lib/python3.7/site-packages/airflow/example_dags/example_task_group_decorator.py
[2023-05-29T09:38:45.874+0000] {processor.py:826} INFO - Processing file /home/airflow/.local/lib/python3.7/site-packages/airflow/example_dags/example_task_group_decorator.py for tasks to queue
[2023-05-29T09:38:45.874+0000] {logging_mixin.py:149} INFO - [2023-05-29T09:38:45.874+0000] {dagbag.py:541} INFO - Filling up the DagBag from /home/airflow/.local/lib/python3.7/site-packages/airflow/example_dags/example_task_group_decorator.py
[2023-05-29T09:38:45.884+0000] {processor.py:836} INFO - DAG(s) dict_keys(['example_task_group_decorator']) retrieved from /home/airflow/.local/lib/python3.7/site-packages/airflow/example_dags/example_task_group_decorator.py
[2023-05-29T09:38:45.905+0000] {logging_mixin.py:149} INFO - [2023-05-29T09:38:45.905+0000] {dag.py:2726} INFO - Sync 1 DAGs
[2023-05-29T09:38:45.922+0000] {logging_mixin.py:149} INFO - [2023-05-29T09:38:45.922+0000] {dag.py:3490} INFO - Setting next_dagrun for example_task_group_decorator to 2023-05-28T09:38:45.922334+00:00, run_after=2023-05-29T09:38:45.922334+00:00
[2023-05-29T09:38:45.936+0000] {processor.py:179} INFO - Processing /home/airflow/.local/lib/python3.7/site-packages/airflow/example_dags/example_task_group_decorator.py took 0.066 seconds
[2023-05-29T09:39:16.092+0000] {processor.py:157} INFO - Started process (PID=842) to work on /home/airflow/.local/lib/python3.7/site-packages/airflow/example_dags/example_task_group_decorator.py
[2023-05-29T09:39:16.094+0000] {processor.py:826} INFO - Processing file /home/airflow/.local/lib/python3.7/site-packages/airflow/example_dags/example_task_group_decorator.py for tasks to queue
[2023-05-29T09:39:16.094+0000] {logging_mixin.py:149} INFO - [2023-05-29T09:39:16.094+0000] {dagbag.py:541} INFO - Filling up the DagBag from /home/airflow/.local/lib/python3.7/site-packages/airflow/example_dags/example_task_group_decorator.py
[2023-05-29T09:39:16.104+0000] {processor.py:836} INFO - DAG(s) dict_keys(['example_task_group_decorator']) retrieved from /home/airflow/.local/lib/python3.7/site-packages/airflow/example_dags/example_task_group_decorator.py
[2023-05-29T09:39:16.126+0000] {logging_mixin.py:149} INFO - [2023-05-29T09:39:16.126+0000] {dag.py:2726} INFO - Sync 1 DAGs
[2023-05-29T09:39:16.142+0000] {logging_mixin.py:149} INFO - [2023-05-29T09:39:16.141+0000] {dag.py:3490} INFO - Setting next_dagrun for example_task_group_decorator to 2023-05-28T09:39:16.141739+00:00, run_after=2023-05-29T09:39:16.141739+00:00
[2023-05-29T09:39:16.152+0000] {processor.py:179} INFO - Processing /home/airflow/.local/lib/python3.7/site-packages/airflow/example_dags/example_task_group_decorator.py took 0.063 seconds
[2023-05-29T09:39:46.703+0000] {processor.py:157} INFO - Started process (PID=898) to work on /home/airflow/.local/lib/python3.7/site-packages/airflow/example_dags/example_task_group_decorator.py
[2023-05-29T09:39:46.704+0000] {processor.py:826} INFO - Processing file /home/airflow/.local/lib/python3.7/site-packages/airflow/example_dags/example_task_group_decorator.py for tasks to queue
[2023-05-29T09:39:46.705+0000] {logging_mixin.py:149} INFO - [2023-05-29T09:39:46.705+0000] {dagbag.py:541} INFO - Filling up the DagBag from /home/airflow/.local/lib/python3.7/site-packages/airflow/example_dags/example_task_group_decorator.py
[2023-05-29T09:39:46.714+0000] {processor.py:836} INFO - DAG(s) dict_keys(['example_task_group_decorator']) retrieved from /home/airflow/.local/lib/python3.7/site-packages/airflow/example_dags/example_task_group_decorator.py
[2023-05-29T09:39:46.736+0000] {logging_mixin.py:149} INFO - [2023-05-29T09:39:46.736+0000] {dag.py:2726} INFO - Sync 1 DAGs
[2023-05-29T09:39:46.752+0000] {logging_mixin.py:149} INFO - [2023-05-29T09:39:46.751+0000] {dag.py:3490} INFO - Setting next_dagrun for example_task_group_decorator to 2023-05-28T09:39:46.751656+00:00, run_after=2023-05-29T09:39:46.751656+00:00
[2023-05-29T09:39:46.764+0000] {processor.py:179} INFO - Processing /home/airflow/.local/lib/python3.7/site-packages/airflow/example_dags/example_task_group_decorator.py took 0.064 seconds
[2023-05-29T09:40:17.011+0000] {processor.py:157} INFO - Started process (PID=954) to work on /home/airflow/.local/lib/python3.7/site-packages/airflow/example_dags/example_task_group_decorator.py
[2023-05-29T09:40:17.012+0000] {processor.py:826} INFO - Processing file /home/airflow/.local/lib/python3.7/site-packages/airflow/example_dags/example_task_group_decorator.py for tasks to queue
[2023-05-29T09:40:17.013+0000] {logging_mixin.py:149} INFO - [2023-05-29T09:40:17.013+0000] {dagbag.py:541} INFO - Filling up the DagBag from /home/airflow/.local/lib/python3.7/site-packages/airflow/example_dags/example_task_group_decorator.py
[2023-05-29T09:40:17.022+0000] {processor.py:836} INFO - DAG(s) dict_keys(['example_task_group_decorator']) retrieved from /home/airflow/.local/lib/python3.7/site-packages/airflow/example_dags/example_task_group_decorator.py
[2023-05-29T09:40:17.043+0000] {logging_mixin.py:149} INFO - [2023-05-29T09:40:17.043+0000] {dag.py:2726} INFO - Sync 1 DAGs
[2023-05-29T09:40:17.059+0000] {logging_mixin.py:149} INFO - [2023-05-29T09:40:17.059+0000] {dag.py:3490} INFO - Setting next_dagrun for example_task_group_decorator to 2023-05-28T09:40:17.059462+00:00, run_after=2023-05-29T09:40:17.059462+00:00
[2023-05-29T09:40:17.070+0000] {processor.py:179} INFO - Processing /home/airflow/.local/lib/python3.7/site-packages/airflow/example_dags/example_task_group_decorator.py took 0.062 seconds
[2023-05-29T09:40:47.365+0000] {processor.py:157} INFO - Started process (PID=1010) to work on /home/airflow/.local/lib/python3.7/site-packages/airflow/example_dags/example_task_group_decorator.py
[2023-05-29T09:40:47.367+0000] {processor.py:826} INFO - Processing file /home/airflow/.local/lib/python3.7/site-packages/airflow/example_dags/example_task_group_decorator.py for tasks to queue
[2023-05-29T09:40:47.368+0000] {logging_mixin.py:149} INFO - [2023-05-29T09:40:47.368+0000] {dagbag.py:541} INFO - Filling up the DagBag from /home/airflow/.local/lib/python3.7/site-packages/airflow/example_dags/example_task_group_decorator.py
[2023-05-29T09:40:47.378+0000] {processor.py:836} INFO - DAG(s) dict_keys(['example_task_group_decorator']) retrieved from /home/airflow/.local/lib/python3.7/site-packages/airflow/example_dags/example_task_group_decorator.py
[2023-05-29T09:40:47.403+0000] {logging_mixin.py:149} INFO - [2023-05-29T09:40:47.403+0000] {dag.py:2726} INFO - Sync 1 DAGs
[2023-05-29T09:40:47.420+0000] {logging_mixin.py:149} INFO - [2023-05-29T09:40:47.420+0000] {dag.py:3490} INFO - Setting next_dagrun for example_task_group_decorator to 2023-05-28T09:40:47.419994+00:00, run_after=2023-05-29T09:40:47.419994+00:00
[2023-05-29T09:40:47.432+0000] {processor.py:179} INFO - Processing /home/airflow/.local/lib/python3.7/site-packages/airflow/example_dags/example_task_group_decorator.py took 0.070 seconds
[2023-05-29T09:41:17.818+0000] {processor.py:157} INFO - Started process (PID=1066) to work on /home/airflow/.local/lib/python3.7/site-packages/airflow/example_dags/example_task_group_decorator.py
[2023-05-29T09:41:17.819+0000] {processor.py:826} INFO - Processing file /home/airflow/.local/lib/python3.7/site-packages/airflow/example_dags/example_task_group_decorator.py for tasks to queue
[2023-05-29T09:41:17.820+0000] {logging_mixin.py:149} INFO - [2023-05-29T09:41:17.820+0000] {dagbag.py:541} INFO - Filling up the DagBag from /home/airflow/.local/lib/python3.7/site-packages/airflow/example_dags/example_task_group_decorator.py
[2023-05-29T09:41:17.830+0000] {processor.py:836} INFO - DAG(s) dict_keys(['example_task_group_decorator']) retrieved from /home/airflow/.local/lib/python3.7/site-packages/airflow/example_dags/example_task_group_decorator.py
[2023-05-29T09:41:17.852+0000] {logging_mixin.py:149} INFO - [2023-05-29T09:41:17.852+0000] {dag.py:2726} INFO - Sync 1 DAGs
[2023-05-29T09:41:17.869+0000] {logging_mixin.py:149} INFO - [2023-05-29T09:41:17.869+0000] {dag.py:3490} INFO - Setting next_dagrun for example_task_group_decorator to 2023-05-28T09:41:17.868949+00:00, run_after=2023-05-29T09:41:17.868949+00:00
[2023-05-29T09:41:17.880+0000] {processor.py:179} INFO - Processing /home/airflow/.local/lib/python3.7/site-packages/airflow/example_dags/example_task_group_decorator.py took 0.065 seconds
[2023-05-29T09:41:48.392+0000] {processor.py:157} INFO - Started process (PID=1122) to work on /home/airflow/.local/lib/python3.7/site-packages/airflow/example_dags/example_task_group_decorator.py
[2023-05-29T09:41:48.393+0000] {processor.py:826} INFO - Processing file /home/airflow/.local/lib/python3.7/site-packages/airflow/example_dags/example_task_group_decorator.py for tasks to queue
[2023-05-29T09:41:48.394+0000] {logging_mixin.py:149} INFO - [2023-05-29T09:41:48.394+0000] {dagbag.py:541} INFO - Filling up the DagBag from /home/airflow/.local/lib/python3.7/site-packages/airflow/example_dags/example_task_group_decorator.py
[2023-05-29T09:41:48.405+0000] {processor.py:836} INFO - DAG(s) dict_keys(['example_task_group_decorator']) retrieved from /home/airflow/.local/lib/python3.7/site-packages/airflow/example_dags/example_task_group_decorator.py
[2023-05-29T09:41:48.427+0000] {logging_mixin.py:149} INFO - [2023-05-29T09:41:48.427+0000] {dag.py:2726} INFO - Sync 1 DAGs
[2023-05-29T09:41:48.444+0000] {logging_mixin.py:149} INFO - [2023-05-29T09:41:48.443+0000] {dag.py:3490} INFO - Setting next_dagrun for example_task_group_decorator to 2023-05-28T09:41:48.443721+00:00, run_after=2023-05-29T09:41:48.443721+00:00
[2023-05-29T09:41:48.461+0000] {processor.py:179} INFO - Processing /home/airflow/.local/lib/python3.7/site-packages/airflow/example_dags/example_task_group_decorator.py took 0.071 seconds
[2023-05-29T09:42:18.895+0000] {processor.py:157} INFO - Started process (PID=1179) to work on /home/airflow/.local/lib/python3.7/site-packages/airflow/example_dags/example_task_group_decorator.py
[2023-05-29T09:42:18.896+0000] {processor.py:826} INFO - Processing file /home/airflow/.local/lib/python3.7/site-packages/airflow/example_dags/example_task_group_decorator.py for tasks to queue
[2023-05-29T09:42:18.897+0000] {logging_mixin.py:149} INFO - [2023-05-29T09:42:18.897+0000] {dagbag.py:541} INFO - Filling up the DagBag from /home/airflow/.local/lib/python3.7/site-packages/airflow/example_dags/example_task_group_decorator.py
[2023-05-29T09:42:18.906+0000] {processor.py:836} INFO - DAG(s) dict_keys(['example_task_group_decorator']) retrieved from /home/airflow/.local/lib/python3.7/site-packages/airflow/example_dags/example_task_group_decorator.py
[2023-05-29T09:42:18.927+0000] {logging_mixin.py:149} INFO - [2023-05-29T09:42:18.927+0000] {dag.py:2726} INFO - Sync 1 DAGs
[2023-05-29T09:42:18.944+0000] {logging_mixin.py:149} INFO - [2023-05-29T09:42:18.944+0000] {dag.py:3490} INFO - Setting next_dagrun for example_task_group_decorator to 2023-05-28T09:42:18.944031+00:00, run_after=2023-05-29T09:42:18.944031+00:00
[2023-05-29T09:42:18.955+0000] {processor.py:179} INFO - Processing /home/airflow/.local/lib/python3.7/site-packages/airflow/example_dags/example_task_group_decorator.py took 0.063 seconds
