[2023-05-29T09:32:09.782+0000] {processor.py:157} INFO - Started process (PID=44) to work on /home/airflow/.local/lib/python3.7/site-packages/airflow/example_dags/example_skip_dag.py
[2023-05-29T09:32:09.785+0000] {processor.py:826} INFO - Processing file /home/airflow/.local/lib/python3.7/site-packages/airflow/example_dags/example_skip_dag.py for tasks to queue
[2023-05-29T09:32:09.786+0000] {logging_mixin.py:149} INFO - [2023-05-29T09:32:09.786+0000] {dagbag.py:541} INFO - Filling up the DagBag from /home/airflow/.local/lib/python3.7/site-packages/airflow/example_dags/example_skip_dag.py
[2023-05-29T09:32:09.820+0000] {processor.py:836} INFO - DAG(s) dict_keys(['example_skip_dag']) retrieved from /home/airflow/.local/lib/python3.7/site-packages/airflow/example_dags/example_skip_dag.py
[2023-05-29T09:32:09.859+0000] {logging_mixin.py:149} INFO - [2023-05-29T09:32:09.859+0000] {dag.py:2726} INFO - Sync 1 DAGs
[2023-05-29T09:32:09.906+0000] {logging_mixin.py:149} INFO - [2023-05-29T09:32:09.906+0000] {dag.py:3490} INFO - Setting next_dagrun for example_skip_dag to 2023-05-28T09:32:09.906082+00:00, run_after=2023-05-29T09:32:09.906082+00:00
[2023-05-29T09:32:09.939+0000] {processor.py:179} INFO - Processing /home/airflow/.local/lib/python3.7/site-packages/airflow/example_dags/example_skip_dag.py took 0.163 seconds
[2023-05-29T09:32:40.748+0000] {processor.py:157} INFO - Started process (PID=100) to work on /home/airflow/.local/lib/python3.7/site-packages/airflow/example_dags/example_skip_dag.py
[2023-05-29T09:32:40.749+0000] {processor.py:826} INFO - Processing file /home/airflow/.local/lib/python3.7/site-packages/airflow/example_dags/example_skip_dag.py for tasks to queue
[2023-05-29T09:32:40.750+0000] {logging_mixin.py:149} INFO - [2023-05-29T09:32:40.750+0000] {dagbag.py:541} INFO - Filling up the DagBag from /home/airflow/.local/lib/python3.7/site-packages/airflow/example_dags/example_skip_dag.py
[2023-05-29T09:32:40.756+0000] {processor.py:836} INFO - DAG(s) dict_keys(['example_skip_dag']) retrieved from /home/airflow/.local/lib/python3.7/site-packages/airflow/example_dags/example_skip_dag.py
[2023-05-29T09:32:40.774+0000] {logging_mixin.py:149} INFO - [2023-05-29T09:32:40.774+0000] {dag.py:2726} INFO - Sync 1 DAGs
[2023-05-29T09:32:40.790+0000] {logging_mixin.py:149} INFO - [2023-05-29T09:32:40.790+0000] {dag.py:3490} INFO - Setting next_dagrun for example_skip_dag to 2023-05-28T09:32:40.790451+00:00, run_after=2023-05-29T09:32:40.790451+00:00
[2023-05-29T09:32:40.801+0000] {processor.py:179} INFO - Processing /home/airflow/.local/lib/python3.7/site-packages/airflow/example_dags/example_skip_dag.py took 0.056 seconds
[2023-05-29T09:33:11.081+0000] {processor.py:157} INFO - Started process (PID=156) to work on /home/airflow/.local/lib/python3.7/site-packages/airflow/example_dags/example_skip_dag.py
[2023-05-29T09:33:11.083+0000] {processor.py:826} INFO - Processing file /home/airflow/.local/lib/python3.7/site-packages/airflow/example_dags/example_skip_dag.py for tasks to queue
[2023-05-29T09:33:11.083+0000] {logging_mixin.py:149} INFO - [2023-05-29T09:33:11.083+0000] {dagbag.py:541} INFO - Filling up the DagBag from /home/airflow/.local/lib/python3.7/site-packages/airflow/example_dags/example_skip_dag.py
[2023-05-29T09:33:11.089+0000] {processor.py:836} INFO - DAG(s) dict_keys(['example_skip_dag']) retrieved from /home/airflow/.local/lib/python3.7/site-packages/airflow/example_dags/example_skip_dag.py
[2023-05-29T09:33:11.108+0000] {logging_mixin.py:149} INFO - [2023-05-29T09:33:11.108+0000] {dag.py:2726} INFO - Sync 1 DAGs
[2023-05-29T09:33:11.124+0000] {logging_mixin.py:149} INFO - [2023-05-29T09:33:11.124+0000] {dag.py:3490} INFO - Setting next_dagrun for example_skip_dag to 2023-05-28T09:33:11.124193+00:00, run_after=2023-05-29T09:33:11.124193+00:00
[2023-05-29T09:33:11.136+0000] {processor.py:179} INFO - Processing /home/airflow/.local/lib/python3.7/site-packages/airflow/example_dags/example_skip_dag.py took 0.057 seconds
[2023-05-29T09:33:41.481+0000] {processor.py:157} INFO - Started process (PID=212) to work on /home/airflow/.local/lib/python3.7/site-packages/airflow/example_dags/example_skip_dag.py
[2023-05-29T09:33:41.483+0000] {processor.py:826} INFO - Processing file /home/airflow/.local/lib/python3.7/site-packages/airflow/example_dags/example_skip_dag.py for tasks to queue
[2023-05-29T09:33:41.483+0000] {logging_mixin.py:149} INFO - [2023-05-29T09:33:41.483+0000] {dagbag.py:541} INFO - Filling up the DagBag from /home/airflow/.local/lib/python3.7/site-packages/airflow/example_dags/example_skip_dag.py
[2023-05-29T09:33:41.489+0000] {processor.py:836} INFO - DAG(s) dict_keys(['example_skip_dag']) retrieved from /home/airflow/.local/lib/python3.7/site-packages/airflow/example_dags/example_skip_dag.py
[2023-05-29T09:33:41.534+0000] {logging_mixin.py:149} INFO - [2023-05-29T09:33:41.534+0000] {dag.py:2726} INFO - Sync 1 DAGs
[2023-05-29T09:33:41.555+0000] {logging_mixin.py:149} INFO - [2023-05-29T09:33:41.555+0000] {dag.py:3490} INFO - Setting next_dagrun for example_skip_dag to 2023-05-28T09:33:41.555454+00:00, run_after=2023-05-29T09:33:41.555454+00:00
[2023-05-29T09:33:41.566+0000] {processor.py:179} INFO - Processing /home/airflow/.local/lib/python3.7/site-packages/airflow/example_dags/example_skip_dag.py took 0.088 seconds
[2023-05-29T09:34:12.027+0000] {processor.py:157} INFO - Started process (PID=268) to work on /home/airflow/.local/lib/python3.7/site-packages/airflow/example_dags/example_skip_dag.py
[2023-05-29T09:34:12.028+0000] {processor.py:826} INFO - Processing file /home/airflow/.local/lib/python3.7/site-packages/airflow/example_dags/example_skip_dag.py for tasks to queue
[2023-05-29T09:34:12.029+0000] {logging_mixin.py:149} INFO - [2023-05-29T09:34:12.029+0000] {dagbag.py:541} INFO - Filling up the DagBag from /home/airflow/.local/lib/python3.7/site-packages/airflow/example_dags/example_skip_dag.py
[2023-05-29T09:34:12.035+0000] {processor.py:836} INFO - DAG(s) dict_keys(['example_skip_dag']) retrieved from /home/airflow/.local/lib/python3.7/site-packages/airflow/example_dags/example_skip_dag.py
[2023-05-29T09:34:12.053+0000] {logging_mixin.py:149} INFO - [2023-05-29T09:34:12.053+0000] {dag.py:2726} INFO - Sync 1 DAGs
[2023-05-29T09:34:12.069+0000] {logging_mixin.py:149} INFO - [2023-05-29T09:34:12.069+0000] {dag.py:3490} INFO - Setting next_dagrun for example_skip_dag to 2023-05-28T09:34:12.069681+00:00, run_after=2023-05-29T09:34:12.069681+00:00
[2023-05-29T09:34:12.081+0000] {processor.py:179} INFO - Processing /home/airflow/.local/lib/python3.7/site-packages/airflow/example_dags/example_skip_dag.py took 0.056 seconds
[2023-05-29T09:34:42.450+0000] {processor.py:157} INFO - Started process (PID=324) to work on /home/airflow/.local/lib/python3.7/site-packages/airflow/example_dags/example_skip_dag.py
[2023-05-29T09:34:42.451+0000] {processor.py:826} INFO - Processing file /home/airflow/.local/lib/python3.7/site-packages/airflow/example_dags/example_skip_dag.py for tasks to queue
[2023-05-29T09:34:42.452+0000] {logging_mixin.py:149} INFO - [2023-05-29T09:34:42.452+0000] {dagbag.py:541} INFO - Filling up the DagBag from /home/airflow/.local/lib/python3.7/site-packages/airflow/example_dags/example_skip_dag.py
[2023-05-29T09:34:42.457+0000] {processor.py:836} INFO - DAG(s) dict_keys(['example_skip_dag']) retrieved from /home/airflow/.local/lib/python3.7/site-packages/airflow/example_dags/example_skip_dag.py
[2023-05-29T09:34:42.476+0000] {logging_mixin.py:149} INFO - [2023-05-29T09:34:42.476+0000] {dag.py:2726} INFO - Sync 1 DAGs
[2023-05-29T09:34:42.491+0000] {logging_mixin.py:149} INFO - [2023-05-29T09:34:42.491+0000] {dag.py:3490} INFO - Setting next_dagrun for example_skip_dag to 2023-05-28T09:34:42.491614+00:00, run_after=2023-05-29T09:34:42.491614+00:00
[2023-05-29T09:34:42.502+0000] {processor.py:179} INFO - Processing /home/airflow/.local/lib/python3.7/site-packages/airflow/example_dags/example_skip_dag.py took 0.055 seconds
[2023-05-29T09:35:12.687+0000] {processor.py:157} INFO - Started process (PID=379) to work on /home/airflow/.local/lib/python3.7/site-packages/airflow/example_dags/example_skip_dag.py
[2023-05-29T09:35:12.689+0000] {processor.py:826} INFO - Processing file /home/airflow/.local/lib/python3.7/site-packages/airflow/example_dags/example_skip_dag.py for tasks to queue
[2023-05-29T09:35:12.690+0000] {logging_mixin.py:149} INFO - [2023-05-29T09:35:12.689+0000] {dagbag.py:541} INFO - Filling up the DagBag from /home/airflow/.local/lib/python3.7/site-packages/airflow/example_dags/example_skip_dag.py
[2023-05-29T09:35:12.695+0000] {processor.py:836} INFO - DAG(s) dict_keys(['example_skip_dag']) retrieved from /home/airflow/.local/lib/python3.7/site-packages/airflow/example_dags/example_skip_dag.py
[2023-05-29T09:35:12.714+0000] {logging_mixin.py:149} INFO - [2023-05-29T09:35:12.714+0000] {dag.py:2726} INFO - Sync 1 DAGs
[2023-05-29T09:35:12.731+0000] {logging_mixin.py:149} INFO - [2023-05-29T09:35:12.730+0000] {dag.py:3490} INFO - Setting next_dagrun for example_skip_dag to 2023-05-28T09:35:12.730757+00:00, run_after=2023-05-29T09:35:12.730757+00:00
[2023-05-29T09:35:12.742+0000] {processor.py:179} INFO - Processing /home/airflow/.local/lib/python3.7/site-packages/airflow/example_dags/example_skip_dag.py took 0.057 seconds
[2023-05-29T09:35:42.965+0000] {processor.py:157} INFO - Started process (PID=435) to work on /home/airflow/.local/lib/python3.7/site-packages/airflow/example_dags/example_skip_dag.py
[2023-05-29T09:35:42.966+0000] {processor.py:826} INFO - Processing file /home/airflow/.local/lib/python3.7/site-packages/airflow/example_dags/example_skip_dag.py for tasks to queue
[2023-05-29T09:35:42.966+0000] {logging_mixin.py:149} INFO - [2023-05-29T09:35:42.966+0000] {dagbag.py:541} INFO - Filling up the DagBag from /home/airflow/.local/lib/python3.7/site-packages/airflow/example_dags/example_skip_dag.py
[2023-05-29T09:35:42.971+0000] {processor.py:836} INFO - DAG(s) dict_keys(['example_skip_dag']) retrieved from /home/airflow/.local/lib/python3.7/site-packages/airflow/example_dags/example_skip_dag.py
[2023-05-29T09:35:42.990+0000] {logging_mixin.py:149} INFO - [2023-05-29T09:35:42.990+0000] {dag.py:2726} INFO - Sync 1 DAGs
[2023-05-29T09:35:43.005+0000] {logging_mixin.py:149} INFO - [2023-05-29T09:35:43.005+0000] {dag.py:3490} INFO - Setting next_dagrun for example_skip_dag to 2023-05-28T09:35:43.004937+00:00, run_after=2023-05-29T09:35:43.004937+00:00
[2023-05-29T09:35:43.015+0000] {processor.py:179} INFO - Processing /home/airflow/.local/lib/python3.7/site-packages/airflow/example_dags/example_skip_dag.py took 0.053 seconds
[2023-05-29T09:36:13.341+0000] {processor.py:157} INFO - Started process (PID=491) to work on /home/airflow/.local/lib/python3.7/site-packages/airflow/example_dags/example_skip_dag.py
[2023-05-29T09:36:13.342+0000] {processor.py:826} INFO - Processing file /home/airflow/.local/lib/python3.7/site-packages/airflow/example_dags/example_skip_dag.py for tasks to queue
[2023-05-29T09:36:13.343+0000] {logging_mixin.py:149} INFO - [2023-05-29T09:36:13.343+0000] {dagbag.py:541} INFO - Filling up the DagBag from /home/airflow/.local/lib/python3.7/site-packages/airflow/example_dags/example_skip_dag.py
[2023-05-29T09:36:13.348+0000] {processor.py:836} INFO - DAG(s) dict_keys(['example_skip_dag']) retrieved from /home/airflow/.local/lib/python3.7/site-packages/airflow/example_dags/example_skip_dag.py
[2023-05-29T09:36:13.369+0000] {logging_mixin.py:149} INFO - [2023-05-29T09:36:13.369+0000] {dag.py:2726} INFO - Sync 1 DAGs
[2023-05-29T09:36:13.386+0000] {logging_mixin.py:149} INFO - [2023-05-29T09:36:13.386+0000] {dag.py:3490} INFO - Setting next_dagrun for example_skip_dag to 2023-05-28T09:36:13.385860+00:00, run_after=2023-05-29T09:36:13.385860+00:00
[2023-05-29T09:36:13.401+0000] {processor.py:179} INFO - Processing /home/airflow/.local/lib/python3.7/site-packages/airflow/example_dags/example_skip_dag.py took 0.063 seconds
[2023-05-29T09:36:43.822+0000] {processor.py:157} INFO - Started process (PID=547) to work on /home/airflow/.local/lib/python3.7/site-packages/airflow/example_dags/example_skip_dag.py
[2023-05-29T09:36:43.823+0000] {processor.py:826} INFO - Processing file /home/airflow/.local/lib/python3.7/site-packages/airflow/example_dags/example_skip_dag.py for tasks to queue
[2023-05-29T09:36:43.824+0000] {logging_mixin.py:149} INFO - [2023-05-29T09:36:43.824+0000] {dagbag.py:541} INFO - Filling up the DagBag from /home/airflow/.local/lib/python3.7/site-packages/airflow/example_dags/example_skip_dag.py
[2023-05-29T09:36:43.830+0000] {processor.py:836} INFO - DAG(s) dict_keys(['example_skip_dag']) retrieved from /home/airflow/.local/lib/python3.7/site-packages/airflow/example_dags/example_skip_dag.py
[2023-05-29T09:36:43.850+0000] {logging_mixin.py:149} INFO - [2023-05-29T09:36:43.850+0000] {dag.py:2726} INFO - Sync 1 DAGs
[2023-05-29T09:36:43.867+0000] {logging_mixin.py:149} INFO - [2023-05-29T09:36:43.867+0000] {dag.py:3490} INFO - Setting next_dagrun for example_skip_dag to 2023-05-28T09:36:43.867286+00:00, run_after=2023-05-29T09:36:43.867286+00:00
[2023-05-29T09:36:43.878+0000] {processor.py:179} INFO - Processing /home/airflow/.local/lib/python3.7/site-packages/airflow/example_dags/example_skip_dag.py took 0.059 seconds
[2023-05-29T09:37:14.079+0000] {processor.py:157} INFO - Started process (PID=603) to work on /home/airflow/.local/lib/python3.7/site-packages/airflow/example_dags/example_skip_dag.py
[2023-05-29T09:37:14.080+0000] {processor.py:826} INFO - Processing file /home/airflow/.local/lib/python3.7/site-packages/airflow/example_dags/example_skip_dag.py for tasks to queue
[2023-05-29T09:37:14.081+0000] {logging_mixin.py:149} INFO - [2023-05-29T09:37:14.081+0000] {dagbag.py:541} INFO - Filling up the DagBag from /home/airflow/.local/lib/python3.7/site-packages/airflow/example_dags/example_skip_dag.py
[2023-05-29T09:37:14.086+0000] {processor.py:836} INFO - DAG(s) dict_keys(['example_skip_dag']) retrieved from /home/airflow/.local/lib/python3.7/site-packages/airflow/example_dags/example_skip_dag.py
[2023-05-29T09:37:14.108+0000] {logging_mixin.py:149} INFO - [2023-05-29T09:37:14.108+0000] {dag.py:2726} INFO - Sync 1 DAGs
[2023-05-29T09:37:14.124+0000] {logging_mixin.py:149} INFO - [2023-05-29T09:37:14.124+0000] {dag.py:3490} INFO - Setting next_dagrun for example_skip_dag to 2023-05-28T09:37:14.124135+00:00, run_after=2023-05-29T09:37:14.124135+00:00
[2023-05-29T09:37:14.135+0000] {processor.py:179} INFO - Processing /home/airflow/.local/lib/python3.7/site-packages/airflow/example_dags/example_skip_dag.py took 0.059 seconds
[2023-05-29T09:37:44.491+0000] {processor.py:157} INFO - Started process (PID=659) to work on /home/airflow/.local/lib/python3.7/site-packages/airflow/example_dags/example_skip_dag.py
[2023-05-29T09:37:44.492+0000] {processor.py:826} INFO - Processing file /home/airflow/.local/lib/python3.7/site-packages/airflow/example_dags/example_skip_dag.py for tasks to queue
[2023-05-29T09:37:44.492+0000] {logging_mixin.py:149} INFO - [2023-05-29T09:37:44.492+0000] {dagbag.py:541} INFO - Filling up the DagBag from /home/airflow/.local/lib/python3.7/site-packages/airflow/example_dags/example_skip_dag.py
[2023-05-29T09:37:44.498+0000] {processor.py:836} INFO - DAG(s) dict_keys(['example_skip_dag']) retrieved from /home/airflow/.local/lib/python3.7/site-packages/airflow/example_dags/example_skip_dag.py
[2023-05-29T09:37:44.516+0000] {logging_mixin.py:149} INFO - [2023-05-29T09:37:44.516+0000] {dag.py:2726} INFO - Sync 1 DAGs
[2023-05-29T09:37:44.532+0000] {logging_mixin.py:149} INFO - [2023-05-29T09:37:44.532+0000] {dag.py:3490} INFO - Setting next_dagrun for example_skip_dag to 2023-05-28T09:37:44.532483+00:00, run_after=2023-05-29T09:37:44.532483+00:00
[2023-05-29T09:37:44.543+0000] {processor.py:179} INFO - Processing /home/airflow/.local/lib/python3.7/site-packages/airflow/example_dags/example_skip_dag.py took 0.055 seconds
[2023-05-29T09:38:14.823+0000] {processor.py:157} INFO - Started process (PID=715) to work on /home/airflow/.local/lib/python3.7/site-packages/airflow/example_dags/example_skip_dag.py
[2023-05-29T09:38:14.824+0000] {processor.py:826} INFO - Processing file /home/airflow/.local/lib/python3.7/site-packages/airflow/example_dags/example_skip_dag.py for tasks to queue
[2023-05-29T09:38:14.825+0000] {logging_mixin.py:149} INFO - [2023-05-29T09:38:14.825+0000] {dagbag.py:541} INFO - Filling up the DagBag from /home/airflow/.local/lib/python3.7/site-packages/airflow/example_dags/example_skip_dag.py
[2023-05-29T09:38:14.830+0000] {processor.py:836} INFO - DAG(s) dict_keys(['example_skip_dag']) retrieved from /home/airflow/.local/lib/python3.7/site-packages/airflow/example_dags/example_skip_dag.py
[2023-05-29T09:38:14.849+0000] {logging_mixin.py:149} INFO - [2023-05-29T09:38:14.849+0000] {dag.py:2726} INFO - Sync 1 DAGs
[2023-05-29T09:38:14.865+0000] {logging_mixin.py:149} INFO - [2023-05-29T09:38:14.865+0000] {dag.py:3490} INFO - Setting next_dagrun for example_skip_dag to 2023-05-28T09:38:14.864958+00:00, run_after=2023-05-29T09:38:14.864958+00:00
[2023-05-29T09:38:14.876+0000] {processor.py:179} INFO - Processing /home/airflow/.local/lib/python3.7/site-packages/airflow/example_dags/example_skip_dag.py took 0.056 seconds
[2023-05-29T09:38:45.201+0000] {processor.py:157} INFO - Started process (PID=771) to work on /home/airflow/.local/lib/python3.7/site-packages/airflow/example_dags/example_skip_dag.py
[2023-05-29T09:38:45.202+0000] {processor.py:826} INFO - Processing file /home/airflow/.local/lib/python3.7/site-packages/airflow/example_dags/example_skip_dag.py for tasks to queue
[2023-05-29T09:38:45.203+0000] {logging_mixin.py:149} INFO - [2023-05-29T09:38:45.203+0000] {dagbag.py:541} INFO - Filling up the DagBag from /home/airflow/.local/lib/python3.7/site-packages/airflow/example_dags/example_skip_dag.py
[2023-05-29T09:38:45.209+0000] {processor.py:836} INFO - DAG(s) dict_keys(['example_skip_dag']) retrieved from /home/airflow/.local/lib/python3.7/site-packages/airflow/example_dags/example_skip_dag.py
[2023-05-29T09:38:45.230+0000] {logging_mixin.py:149} INFO - [2023-05-29T09:38:45.229+0000] {dag.py:2726} INFO - Sync 1 DAGs
[2023-05-29T09:38:45.246+0000] {logging_mixin.py:149} INFO - [2023-05-29T09:38:45.246+0000] {dag.py:3490} INFO - Setting next_dagrun for example_skip_dag to 2023-05-28T09:38:45.246118+00:00, run_after=2023-05-29T09:38:45.246118+00:00
[2023-05-29T09:38:45.262+0000] {processor.py:179} INFO - Processing /home/airflow/.local/lib/python3.7/site-packages/airflow/example_dags/example_skip_dag.py took 0.064 seconds
[2023-05-29T09:39:15.522+0000] {processor.py:157} INFO - Started process (PID=828) to work on /home/airflow/.local/lib/python3.7/site-packages/airflow/example_dags/example_skip_dag.py
[2023-05-29T09:39:15.523+0000] {processor.py:826} INFO - Processing file /home/airflow/.local/lib/python3.7/site-packages/airflow/example_dags/example_skip_dag.py for tasks to queue
[2023-05-29T09:39:15.524+0000] {logging_mixin.py:149} INFO - [2023-05-29T09:39:15.524+0000] {dagbag.py:541} INFO - Filling up the DagBag from /home/airflow/.local/lib/python3.7/site-packages/airflow/example_dags/example_skip_dag.py
[2023-05-29T09:39:15.531+0000] {processor.py:836} INFO - DAG(s) dict_keys(['example_skip_dag']) retrieved from /home/airflow/.local/lib/python3.7/site-packages/airflow/example_dags/example_skip_dag.py
[2023-05-29T09:39:15.551+0000] {logging_mixin.py:149} INFO - [2023-05-29T09:39:15.551+0000] {dag.py:2726} INFO - Sync 1 DAGs
[2023-05-29T09:39:15.568+0000] {logging_mixin.py:149} INFO - [2023-05-29T09:39:15.568+0000] {dag.py:3490} INFO - Setting next_dagrun for example_skip_dag to 2023-05-28T09:39:15.568181+00:00, run_after=2023-05-29T09:39:15.568181+00:00
[2023-05-29T09:39:15.579+0000] {processor.py:179} INFO - Processing /home/airflow/.local/lib/python3.7/site-packages/airflow/example_dags/example_skip_dag.py took 0.060 seconds
[2023-05-29T09:39:46.037+0000] {processor.py:157} INFO - Started process (PID=884) to work on /home/airflow/.local/lib/python3.7/site-packages/airflow/example_dags/example_skip_dag.py
[2023-05-29T09:39:46.038+0000] {processor.py:826} INFO - Processing file /home/airflow/.local/lib/python3.7/site-packages/airflow/example_dags/example_skip_dag.py for tasks to queue
[2023-05-29T09:39:46.039+0000] {logging_mixin.py:149} INFO - [2023-05-29T09:39:46.039+0000] {dagbag.py:541} INFO - Filling up the DagBag from /home/airflow/.local/lib/python3.7/site-packages/airflow/example_dags/example_skip_dag.py
[2023-05-29T09:39:46.045+0000] {processor.py:836} INFO - DAG(s) dict_keys(['example_skip_dag']) retrieved from /home/airflow/.local/lib/python3.7/site-packages/airflow/example_dags/example_skip_dag.py
[2023-05-29T09:39:46.066+0000] {logging_mixin.py:149} INFO - [2023-05-29T09:39:46.066+0000] {dag.py:2726} INFO - Sync 1 DAGs
[2023-05-29T09:39:46.083+0000] {logging_mixin.py:149} INFO - [2023-05-29T09:39:46.083+0000] {dag.py:3490} INFO - Setting next_dagrun for example_skip_dag to 2023-05-28T09:39:46.082807+00:00, run_after=2023-05-29T09:39:46.082807+00:00
[2023-05-29T09:39:46.094+0000] {processor.py:179} INFO - Processing /home/airflow/.local/lib/python3.7/site-packages/airflow/example_dags/example_skip_dag.py took 0.060 seconds
[2023-05-29T09:40:16.413+0000] {processor.py:157} INFO - Started process (PID=940) to work on /home/airflow/.local/lib/python3.7/site-packages/airflow/example_dags/example_skip_dag.py
[2023-05-29T09:40:16.414+0000] {processor.py:826} INFO - Processing file /home/airflow/.local/lib/python3.7/site-packages/airflow/example_dags/example_skip_dag.py for tasks to queue
[2023-05-29T09:40:16.415+0000] {logging_mixin.py:149} INFO - [2023-05-29T09:40:16.415+0000] {dagbag.py:541} INFO - Filling up the DagBag from /home/airflow/.local/lib/python3.7/site-packages/airflow/example_dags/example_skip_dag.py
[2023-05-29T09:40:16.422+0000] {processor.py:836} INFO - DAG(s) dict_keys(['example_skip_dag']) retrieved from /home/airflow/.local/lib/python3.7/site-packages/airflow/example_dags/example_skip_dag.py
[2023-05-29T09:40:16.444+0000] {logging_mixin.py:149} INFO - [2023-05-29T09:40:16.444+0000] {dag.py:2726} INFO - Sync 1 DAGs
[2023-05-29T09:40:16.460+0000] {logging_mixin.py:149} INFO - [2023-05-29T09:40:16.460+0000] {dag.py:3490} INFO - Setting next_dagrun for example_skip_dag to 2023-05-28T09:40:16.460541+00:00, run_after=2023-05-29T09:40:16.460541+00:00
[2023-05-29T09:40:16.473+0000] {processor.py:179} INFO - Processing /home/airflow/.local/lib/python3.7/site-packages/airflow/example_dags/example_skip_dag.py took 0.063 seconds
[2023-05-29T09:40:46.772+0000] {processor.py:157} INFO - Started process (PID=996) to work on /home/airflow/.local/lib/python3.7/site-packages/airflow/example_dags/example_skip_dag.py
[2023-05-29T09:40:46.773+0000] {processor.py:826} INFO - Processing file /home/airflow/.local/lib/python3.7/site-packages/airflow/example_dags/example_skip_dag.py for tasks to queue
[2023-05-29T09:40:46.774+0000] {logging_mixin.py:149} INFO - [2023-05-29T09:40:46.774+0000] {dagbag.py:541} INFO - Filling up the DagBag from /home/airflow/.local/lib/python3.7/site-packages/airflow/example_dags/example_skip_dag.py
[2023-05-29T09:40:46.780+0000] {processor.py:836} INFO - DAG(s) dict_keys(['example_skip_dag']) retrieved from /home/airflow/.local/lib/python3.7/site-packages/airflow/example_dags/example_skip_dag.py
[2023-05-29T09:40:46.800+0000] {logging_mixin.py:149} INFO - [2023-05-29T09:40:46.800+0000] {dag.py:2726} INFO - Sync 1 DAGs
[2023-05-29T09:40:46.816+0000] {logging_mixin.py:149} INFO - [2023-05-29T09:40:46.816+0000] {dag.py:3490} INFO - Setting next_dagrun for example_skip_dag to 2023-05-28T09:40:46.816278+00:00, run_after=2023-05-29T09:40:46.816278+00:00
[2023-05-29T09:40:46.828+0000] {processor.py:179} INFO - Processing /home/airflow/.local/lib/python3.7/site-packages/airflow/example_dags/example_skip_dag.py took 0.058 seconds
[2023-05-29T09:41:17.148+0000] {processor.py:157} INFO - Started process (PID=1052) to work on /home/airflow/.local/lib/python3.7/site-packages/airflow/example_dags/example_skip_dag.py
[2023-05-29T09:41:17.149+0000] {processor.py:826} INFO - Processing file /home/airflow/.local/lib/python3.7/site-packages/airflow/example_dags/example_skip_dag.py for tasks to queue
[2023-05-29T09:41:17.150+0000] {logging_mixin.py:149} INFO - [2023-05-29T09:41:17.150+0000] {dagbag.py:541} INFO - Filling up the DagBag from /home/airflow/.local/lib/python3.7/site-packages/airflow/example_dags/example_skip_dag.py
[2023-05-29T09:41:17.155+0000] {processor.py:836} INFO - DAG(s) dict_keys(['example_skip_dag']) retrieved from /home/airflow/.local/lib/python3.7/site-packages/airflow/example_dags/example_skip_dag.py
[2023-05-29T09:41:17.173+0000] {logging_mixin.py:149} INFO - [2023-05-29T09:41:17.173+0000] {dag.py:2726} INFO - Sync 1 DAGs
[2023-05-29T09:41:17.188+0000] {logging_mixin.py:149} INFO - [2023-05-29T09:41:17.188+0000] {dag.py:3490} INFO - Setting next_dagrun for example_skip_dag to 2023-05-28T09:41:17.188054+00:00, run_after=2023-05-29T09:41:17.188054+00:00
[2023-05-29T09:41:17.199+0000] {processor.py:179} INFO - Processing /home/airflow/.local/lib/python3.7/site-packages/airflow/example_dags/example_skip_dag.py took 0.053 seconds
[2023-05-29T09:41:47.619+0000] {processor.py:157} INFO - Started process (PID=1108) to work on /home/airflow/.local/lib/python3.7/site-packages/airflow/example_dags/example_skip_dag.py
[2023-05-29T09:41:47.620+0000] {processor.py:826} INFO - Processing file /home/airflow/.local/lib/python3.7/site-packages/airflow/example_dags/example_skip_dag.py for tasks to queue
[2023-05-29T09:41:47.621+0000] {logging_mixin.py:149} INFO - [2023-05-29T09:41:47.621+0000] {dagbag.py:541} INFO - Filling up the DagBag from /home/airflow/.local/lib/python3.7/site-packages/airflow/example_dags/example_skip_dag.py
[2023-05-29T09:41:47.626+0000] {processor.py:836} INFO - DAG(s) dict_keys(['example_skip_dag']) retrieved from /home/airflow/.local/lib/python3.7/site-packages/airflow/example_dags/example_skip_dag.py
[2023-05-29T09:41:47.648+0000] {logging_mixin.py:149} INFO - [2023-05-29T09:41:47.648+0000] {dag.py:2726} INFO - Sync 1 DAGs
[2023-05-29T09:41:47.666+0000] {logging_mixin.py:149} INFO - [2023-05-29T09:41:47.665+0000] {dag.py:3490} INFO - Setting next_dagrun for example_skip_dag to 2023-05-28T09:41:47.665669+00:00, run_after=2023-05-29T09:41:47.665669+00:00
[2023-05-29T09:41:47.677+0000] {processor.py:179} INFO - Processing /home/airflow/.local/lib/python3.7/site-packages/airflow/example_dags/example_skip_dag.py took 0.061 seconds
[2023-05-29T09:42:18.288+0000] {processor.py:157} INFO - Started process (PID=1165) to work on /home/airflow/.local/lib/python3.7/site-packages/airflow/example_dags/example_skip_dag.py
[2023-05-29T09:42:18.289+0000] {processor.py:826} INFO - Processing file /home/airflow/.local/lib/python3.7/site-packages/airflow/example_dags/example_skip_dag.py for tasks to queue
[2023-05-29T09:42:18.290+0000] {logging_mixin.py:149} INFO - [2023-05-29T09:42:18.289+0000] {dagbag.py:541} INFO - Filling up the DagBag from /home/airflow/.local/lib/python3.7/site-packages/airflow/example_dags/example_skip_dag.py
[2023-05-29T09:42:18.295+0000] {processor.py:836} INFO - DAG(s) dict_keys(['example_skip_dag']) retrieved from /home/airflow/.local/lib/python3.7/site-packages/airflow/example_dags/example_skip_dag.py
[2023-05-29T09:42:18.314+0000] {logging_mixin.py:149} INFO - [2023-05-29T09:42:18.314+0000] {dag.py:2726} INFO - Sync 1 DAGs
[2023-05-29T09:42:18.333+0000] {logging_mixin.py:149} INFO - [2023-05-29T09:42:18.333+0000] {dag.py:3490} INFO - Setting next_dagrun for example_skip_dag to 2023-05-28T09:42:18.332634+00:00, run_after=2023-05-29T09:42:18.332634+00:00
[2023-05-29T09:42:18.351+0000] {processor.py:179} INFO - Processing /home/airflow/.local/lib/python3.7/site-packages/airflow/example_dags/example_skip_dag.py took 0.067 seconds
[2023-05-29T09:42:48.825+0000] {processor.py:157} INFO - Started process (PID=1221) to work on /home/airflow/.local/lib/python3.7/site-packages/airflow/example_dags/example_skip_dag.py
[2023-05-29T09:42:48.827+0000] {processor.py:826} INFO - Processing file /home/airflow/.local/lib/python3.7/site-packages/airflow/example_dags/example_skip_dag.py for tasks to queue
[2023-05-29T09:42:48.828+0000] {logging_mixin.py:149} INFO - [2023-05-29T09:42:48.828+0000] {dagbag.py:541} INFO - Filling up the DagBag from /home/airflow/.local/lib/python3.7/site-packages/airflow/example_dags/example_skip_dag.py
[2023-05-29T09:42:48.836+0000] {processor.py:836} INFO - DAG(s) dict_keys(['example_skip_dag']) retrieved from /home/airflow/.local/lib/python3.7/site-packages/airflow/example_dags/example_skip_dag.py
[2023-05-29T09:42:48.866+0000] {logging_mixin.py:149} INFO - [2023-05-29T09:42:48.866+0000] {dag.py:2726} INFO - Sync 1 DAGs
[2023-05-29T09:42:48.889+0000] {logging_mixin.py:149} INFO - [2023-05-29T09:42:48.889+0000] {dag.py:3490} INFO - Setting next_dagrun for example_skip_dag to 2023-05-28T09:42:48.888800+00:00, run_after=2023-05-29T09:42:48.888800+00:00
[2023-05-29T09:42:48.903+0000] {processor.py:179} INFO - Processing /home/airflow/.local/lib/python3.7/site-packages/airflow/example_dags/example_skip_dag.py took 0.082 seconds
