[2023-05-29T09:32:11.593+0000] {processor.py:157} INFO - Started process (PID=66) to work on /home/airflow/.local/lib/python3.7/site-packages/airflow/example_dags/example_short_circuit_operator.py
[2023-05-29T09:32:11.594+0000] {processor.py:826} INFO - Processing file /home/airflow/.local/lib/python3.7/site-packages/airflow/example_dags/example_short_circuit_operator.py for tasks to queue
[2023-05-29T09:32:11.595+0000] {logging_mixin.py:149} INFO - [2023-05-29T09:32:11.595+0000] {dagbag.py:541} INFO - Filling up the DagBag from /home/airflow/.local/lib/python3.7/site-packages/airflow/example_dags/example_short_circuit_operator.py
[2023-05-29T09:32:11.602+0000] {processor.py:836} INFO - DAG(s) dict_keys(['example_short_circuit_operator']) retrieved from /home/airflow/.local/lib/python3.7/site-packages/airflow/example_dags/example_short_circuit_operator.py
[2023-05-29T09:32:11.617+0000] {logging_mixin.py:149} INFO - [2023-05-29T09:32:11.616+0000] {dag.py:2726} INFO - Sync 1 DAGs
[2023-05-29T09:32:11.636+0000] {logging_mixin.py:149} INFO - [2023-05-29T09:32:11.636+0000] {dag.py:3490} INFO - Setting next_dagrun for example_short_circuit_operator to 2023-05-28T09:32:11.635997+00:00, run_after=2023-05-29T09:32:11.635997+00:00
[2023-05-29T09:32:11.650+0000] {processor.py:179} INFO - Processing /home/airflow/.local/lib/python3.7/site-packages/airflow/example_dags/example_short_circuit_operator.py took 0.060 seconds
[2023-05-29T09:32:41.685+0000] {processor.py:157} INFO - Started process (PID=122) to work on /home/airflow/.local/lib/python3.7/site-packages/airflow/example_dags/example_short_circuit_operator.py
[2023-05-29T09:32:41.687+0000] {processor.py:826} INFO - Processing file /home/airflow/.local/lib/python3.7/site-packages/airflow/example_dags/example_short_circuit_operator.py for tasks to queue
[2023-05-29T09:32:41.687+0000] {logging_mixin.py:149} INFO - [2023-05-29T09:32:41.687+0000] {dagbag.py:541} INFO - Filling up the DagBag from /home/airflow/.local/lib/python3.7/site-packages/airflow/example_dags/example_short_circuit_operator.py
[2023-05-29T09:32:41.693+0000] {processor.py:836} INFO - DAG(s) dict_keys(['example_short_circuit_operator']) retrieved from /home/airflow/.local/lib/python3.7/site-packages/airflow/example_dags/example_short_circuit_operator.py
[2023-05-29T09:32:41.714+0000] {logging_mixin.py:149} INFO - [2023-05-29T09:32:41.713+0000] {dag.py:2726} INFO - Sync 1 DAGs
[2023-05-29T09:32:41.730+0000] {logging_mixin.py:149} INFO - [2023-05-29T09:32:41.730+0000] {dag.py:3490} INFO - Setting next_dagrun for example_short_circuit_operator to 2023-05-28T09:32:41.730238+00:00, run_after=2023-05-29T09:32:41.730238+00:00
[2023-05-29T09:32:41.742+0000] {processor.py:179} INFO - Processing /home/airflow/.local/lib/python3.7/site-packages/airflow/example_dags/example_short_circuit_operator.py took 0.059 seconds
[2023-05-29T09:33:11.993+0000] {processor.py:157} INFO - Started process (PID=178) to work on /home/airflow/.local/lib/python3.7/site-packages/airflow/example_dags/example_short_circuit_operator.py
[2023-05-29T09:33:11.994+0000] {processor.py:826} INFO - Processing file /home/airflow/.local/lib/python3.7/site-packages/airflow/example_dags/example_short_circuit_operator.py for tasks to queue
[2023-05-29T09:33:11.995+0000] {logging_mixin.py:149} INFO - [2023-05-29T09:33:11.995+0000] {dagbag.py:541} INFO - Filling up the DagBag from /home/airflow/.local/lib/python3.7/site-packages/airflow/example_dags/example_short_circuit_operator.py
[2023-05-29T09:33:12.001+0000] {processor.py:836} INFO - DAG(s) dict_keys(['example_short_circuit_operator']) retrieved from /home/airflow/.local/lib/python3.7/site-packages/airflow/example_dags/example_short_circuit_operator.py
[2023-05-29T09:33:12.020+0000] {logging_mixin.py:149} INFO - [2023-05-29T09:33:12.020+0000] {dag.py:2726} INFO - Sync 1 DAGs
[2023-05-29T09:33:12.036+0000] {logging_mixin.py:149} INFO - [2023-05-29T09:33:12.036+0000] {dag.py:3490} INFO - Setting next_dagrun for example_short_circuit_operator to 2023-05-28T09:33:12.035924+00:00, run_after=2023-05-29T09:33:12.035924+00:00
[2023-05-29T09:33:12.047+0000] {processor.py:179} INFO - Processing /home/airflow/.local/lib/python3.7/site-packages/airflow/example_dags/example_short_circuit_operator.py took 0.056 seconds
[2023-05-29T09:33:42.564+0000] {processor.py:157} INFO - Started process (PID=234) to work on /home/airflow/.local/lib/python3.7/site-packages/airflow/example_dags/example_short_circuit_operator.py
[2023-05-29T09:33:42.565+0000] {processor.py:826} INFO - Processing file /home/airflow/.local/lib/python3.7/site-packages/airflow/example_dags/example_short_circuit_operator.py for tasks to queue
[2023-05-29T09:33:42.566+0000] {logging_mixin.py:149} INFO - [2023-05-29T09:33:42.566+0000] {dagbag.py:541} INFO - Filling up the DagBag from /home/airflow/.local/lib/python3.7/site-packages/airflow/example_dags/example_short_circuit_operator.py
[2023-05-29T09:33:42.572+0000] {processor.py:836} INFO - DAG(s) dict_keys(['example_short_circuit_operator']) retrieved from /home/airflow/.local/lib/python3.7/site-packages/airflow/example_dags/example_short_circuit_operator.py
[2023-05-29T09:33:42.592+0000] {logging_mixin.py:149} INFO - [2023-05-29T09:33:42.592+0000] {dag.py:2726} INFO - Sync 1 DAGs
[2023-05-29T09:33:42.609+0000] {logging_mixin.py:149} INFO - [2023-05-29T09:33:42.609+0000] {dag.py:3490} INFO - Setting next_dagrun for example_short_circuit_operator to 2023-05-28T09:33:42.609286+00:00, run_after=2023-05-29T09:33:42.609286+00:00
[2023-05-29T09:33:42.622+0000] {processor.py:179} INFO - Processing /home/airflow/.local/lib/python3.7/site-packages/airflow/example_dags/example_short_circuit_operator.py took 0.060 seconds
[2023-05-29T09:34:13.024+0000] {processor.py:157} INFO - Started process (PID=290) to work on /home/airflow/.local/lib/python3.7/site-packages/airflow/example_dags/example_short_circuit_operator.py
[2023-05-29T09:34:13.025+0000] {processor.py:826} INFO - Processing file /home/airflow/.local/lib/python3.7/site-packages/airflow/example_dags/example_short_circuit_operator.py for tasks to queue
[2023-05-29T09:34:13.026+0000] {logging_mixin.py:149} INFO - [2023-05-29T09:34:13.026+0000] {dagbag.py:541} INFO - Filling up the DagBag from /home/airflow/.local/lib/python3.7/site-packages/airflow/example_dags/example_short_circuit_operator.py
[2023-05-29T09:34:13.032+0000] {processor.py:836} INFO - DAG(s) dict_keys(['example_short_circuit_operator']) retrieved from /home/airflow/.local/lib/python3.7/site-packages/airflow/example_dags/example_short_circuit_operator.py
[2023-05-29T09:34:13.052+0000] {logging_mixin.py:149} INFO - [2023-05-29T09:34:13.052+0000] {dag.py:2726} INFO - Sync 1 DAGs
[2023-05-29T09:34:13.075+0000] {logging_mixin.py:149} INFO - [2023-05-29T09:34:13.075+0000] {dag.py:3490} INFO - Setting next_dagrun for example_short_circuit_operator to 2023-05-28T09:34:13.075489+00:00, run_after=2023-05-29T09:34:13.075489+00:00
[2023-05-29T09:34:13.115+0000] {processor.py:179} INFO - Processing /home/airflow/.local/lib/python3.7/site-packages/airflow/example_dags/example_short_circuit_operator.py took 0.094 seconds
[2023-05-29T09:34:43.414+0000] {processor.py:157} INFO - Started process (PID=346) to work on /home/airflow/.local/lib/python3.7/site-packages/airflow/example_dags/example_short_circuit_operator.py
[2023-05-29T09:34:43.416+0000] {processor.py:826} INFO - Processing file /home/airflow/.local/lib/python3.7/site-packages/airflow/example_dags/example_short_circuit_operator.py for tasks to queue
[2023-05-29T09:34:43.416+0000] {logging_mixin.py:149} INFO - [2023-05-29T09:34:43.416+0000] {dagbag.py:541} INFO - Filling up the DagBag from /home/airflow/.local/lib/python3.7/site-packages/airflow/example_dags/example_short_circuit_operator.py
[2023-05-29T09:34:43.423+0000] {processor.py:836} INFO - DAG(s) dict_keys(['example_short_circuit_operator']) retrieved from /home/airflow/.local/lib/python3.7/site-packages/airflow/example_dags/example_short_circuit_operator.py
[2023-05-29T09:34:43.443+0000] {logging_mixin.py:149} INFO - [2023-05-29T09:34:43.443+0000] {dag.py:2726} INFO - Sync 1 DAGs
[2023-05-29T09:34:43.464+0000] {logging_mixin.py:149} INFO - [2023-05-29T09:34:43.464+0000] {dag.py:3490} INFO - Setting next_dagrun for example_short_circuit_operator to 2023-05-28T09:34:43.464383+00:00, run_after=2023-05-29T09:34:43.464383+00:00
[2023-05-29T09:34:43.477+0000] {processor.py:179} INFO - Processing /home/airflow/.local/lib/python3.7/site-packages/airflow/example_dags/example_short_circuit_operator.py took 0.065 seconds
[2023-05-29T09:35:13.614+0000] {processor.py:157} INFO - Started process (PID=401) to work on /home/airflow/.local/lib/python3.7/site-packages/airflow/example_dags/example_short_circuit_operator.py
[2023-05-29T09:35:13.615+0000] {processor.py:826} INFO - Processing file /home/airflow/.local/lib/python3.7/site-packages/airflow/example_dags/example_short_circuit_operator.py for tasks to queue
[2023-05-29T09:35:13.616+0000] {logging_mixin.py:149} INFO - [2023-05-29T09:35:13.616+0000] {dagbag.py:541} INFO - Filling up the DagBag from /home/airflow/.local/lib/python3.7/site-packages/airflow/example_dags/example_short_circuit_operator.py
[2023-05-29T09:35:13.622+0000] {processor.py:836} INFO - DAG(s) dict_keys(['example_short_circuit_operator']) retrieved from /home/airflow/.local/lib/python3.7/site-packages/airflow/example_dags/example_short_circuit_operator.py
[2023-05-29T09:35:13.641+0000] {logging_mixin.py:149} INFO - [2023-05-29T09:35:13.641+0000] {dag.py:2726} INFO - Sync 1 DAGs
[2023-05-29T09:35:13.656+0000] {logging_mixin.py:149} INFO - [2023-05-29T09:35:13.656+0000] {dag.py:3490} INFO - Setting next_dagrun for example_short_circuit_operator to 2023-05-28T09:35:13.656607+00:00, run_after=2023-05-29T09:35:13.656607+00:00
[2023-05-29T09:35:13.667+0000] {processor.py:179} INFO - Processing /home/airflow/.local/lib/python3.7/site-packages/airflow/example_dags/example_short_circuit_operator.py took 0.056 seconds
[2023-05-29T09:35:43.924+0000] {processor.py:157} INFO - Started process (PID=457) to work on /home/airflow/.local/lib/python3.7/site-packages/airflow/example_dags/example_short_circuit_operator.py
[2023-05-29T09:35:43.925+0000] {processor.py:826} INFO - Processing file /home/airflow/.local/lib/python3.7/site-packages/airflow/example_dags/example_short_circuit_operator.py for tasks to queue
[2023-05-29T09:35:43.926+0000] {logging_mixin.py:149} INFO - [2023-05-29T09:35:43.926+0000] {dagbag.py:541} INFO - Filling up the DagBag from /home/airflow/.local/lib/python3.7/site-packages/airflow/example_dags/example_short_circuit_operator.py
[2023-05-29T09:35:43.932+0000] {processor.py:836} INFO - DAG(s) dict_keys(['example_short_circuit_operator']) retrieved from /home/airflow/.local/lib/python3.7/site-packages/airflow/example_dags/example_short_circuit_operator.py
[2023-05-29T09:35:43.951+0000] {logging_mixin.py:149} INFO - [2023-05-29T09:35:43.951+0000] {dag.py:2726} INFO - Sync 1 DAGs
[2023-05-29T09:35:43.968+0000] {logging_mixin.py:149} INFO - [2023-05-29T09:35:43.968+0000] {dag.py:3490} INFO - Setting next_dagrun for example_short_circuit_operator to 2023-05-28T09:35:43.968232+00:00, run_after=2023-05-29T09:35:43.968232+00:00
[2023-05-29T09:35:43.979+0000] {processor.py:179} INFO - Processing /home/airflow/.local/lib/python3.7/site-packages/airflow/example_dags/example_short_circuit_operator.py took 0.058 seconds
[2023-05-29T09:36:14.299+0000] {processor.py:157} INFO - Started process (PID=513) to work on /home/airflow/.local/lib/python3.7/site-packages/airflow/example_dags/example_short_circuit_operator.py
[2023-05-29T09:36:14.300+0000] {processor.py:826} INFO - Processing file /home/airflow/.local/lib/python3.7/site-packages/airflow/example_dags/example_short_circuit_operator.py for tasks to queue
[2023-05-29T09:36:14.301+0000] {logging_mixin.py:149} INFO - [2023-05-29T09:36:14.301+0000] {dagbag.py:541} INFO - Filling up the DagBag from /home/airflow/.local/lib/python3.7/site-packages/airflow/example_dags/example_short_circuit_operator.py
[2023-05-29T09:36:14.308+0000] {processor.py:836} INFO - DAG(s) dict_keys(['example_short_circuit_operator']) retrieved from /home/airflow/.local/lib/python3.7/site-packages/airflow/example_dags/example_short_circuit_operator.py
[2023-05-29T09:36:14.334+0000] {logging_mixin.py:149} INFO - [2023-05-29T09:36:14.332+0000] {dag.py:2726} INFO - Sync 1 DAGs
[2023-05-29T09:36:14.351+0000] {logging_mixin.py:149} INFO - [2023-05-29T09:36:14.351+0000] {dag.py:3490} INFO - Setting next_dagrun for example_short_circuit_operator to 2023-05-28T09:36:14.351189+00:00, run_after=2023-05-29T09:36:14.351189+00:00
[2023-05-29T09:36:14.363+0000] {processor.py:179} INFO - Processing /home/airflow/.local/lib/python3.7/site-packages/airflow/example_dags/example_short_circuit_operator.py took 0.067 seconds
[2023-05-29T09:36:44.797+0000] {processor.py:157} INFO - Started process (PID=569) to work on /home/airflow/.local/lib/python3.7/site-packages/airflow/example_dags/example_short_circuit_operator.py
[2023-05-29T09:36:44.798+0000] {processor.py:826} INFO - Processing file /home/airflow/.local/lib/python3.7/site-packages/airflow/example_dags/example_short_circuit_operator.py for tasks to queue
[2023-05-29T09:36:44.798+0000] {logging_mixin.py:149} INFO - [2023-05-29T09:36:44.798+0000] {dagbag.py:541} INFO - Filling up the DagBag from /home/airflow/.local/lib/python3.7/site-packages/airflow/example_dags/example_short_circuit_operator.py
[2023-05-29T09:36:44.805+0000] {processor.py:836} INFO - DAG(s) dict_keys(['example_short_circuit_operator']) retrieved from /home/airflow/.local/lib/python3.7/site-packages/airflow/example_dags/example_short_circuit_operator.py
[2023-05-29T09:36:44.826+0000] {logging_mixin.py:149} INFO - [2023-05-29T09:36:44.826+0000] {dag.py:2726} INFO - Sync 1 DAGs
[2023-05-29T09:36:44.843+0000] {logging_mixin.py:149} INFO - [2023-05-29T09:36:44.843+0000] {dag.py:3490} INFO - Setting next_dagrun for example_short_circuit_operator to 2023-05-28T09:36:44.843478+00:00, run_after=2023-05-29T09:36:44.843478+00:00
[2023-05-29T09:36:44.855+0000] {processor.py:179} INFO - Processing /home/airflow/.local/lib/python3.7/site-packages/airflow/example_dags/example_short_circuit_operator.py took 0.062 seconds
[2023-05-29T09:37:15.234+0000] {processor.py:157} INFO - Started process (PID=625) to work on /home/airflow/.local/lib/python3.7/site-packages/airflow/example_dags/example_short_circuit_operator.py
[2023-05-29T09:37:15.235+0000] {processor.py:826} INFO - Processing file /home/airflow/.local/lib/python3.7/site-packages/airflow/example_dags/example_short_circuit_operator.py for tasks to queue
[2023-05-29T09:37:15.235+0000] {logging_mixin.py:149} INFO - [2023-05-29T09:37:15.235+0000] {dagbag.py:541} INFO - Filling up the DagBag from /home/airflow/.local/lib/python3.7/site-packages/airflow/example_dags/example_short_circuit_operator.py
[2023-05-29T09:37:15.241+0000] {processor.py:836} INFO - DAG(s) dict_keys(['example_short_circuit_operator']) retrieved from /home/airflow/.local/lib/python3.7/site-packages/airflow/example_dags/example_short_circuit_operator.py
[2023-05-29T09:37:15.261+0000] {logging_mixin.py:149} INFO - [2023-05-29T09:37:15.261+0000] {dag.py:2726} INFO - Sync 1 DAGs
[2023-05-29T09:37:15.277+0000] {logging_mixin.py:149} INFO - [2023-05-29T09:37:15.277+0000] {dag.py:3490} INFO - Setting next_dagrun for example_short_circuit_operator to 2023-05-28T09:37:15.276952+00:00, run_after=2023-05-29T09:37:15.276952+00:00
[2023-05-29T09:37:15.288+0000] {processor.py:179} INFO - Processing /home/airflow/.local/lib/python3.7/site-packages/airflow/example_dags/example_short_circuit_operator.py took 0.058 seconds
[2023-05-29T09:37:45.467+0000] {processor.py:157} INFO - Started process (PID=681) to work on /home/airflow/.local/lib/python3.7/site-packages/airflow/example_dags/example_short_circuit_operator.py
[2023-05-29T09:37:45.468+0000] {processor.py:826} INFO - Processing file /home/airflow/.local/lib/python3.7/site-packages/airflow/example_dags/example_short_circuit_operator.py for tasks to queue
[2023-05-29T09:37:45.469+0000] {logging_mixin.py:149} INFO - [2023-05-29T09:37:45.469+0000] {dagbag.py:541} INFO - Filling up the DagBag from /home/airflow/.local/lib/python3.7/site-packages/airflow/example_dags/example_short_circuit_operator.py
[2023-05-29T09:37:45.476+0000] {processor.py:836} INFO - DAG(s) dict_keys(['example_short_circuit_operator']) retrieved from /home/airflow/.local/lib/python3.7/site-packages/airflow/example_dags/example_short_circuit_operator.py
[2023-05-29T09:37:45.500+0000] {logging_mixin.py:149} INFO - [2023-05-29T09:37:45.500+0000] {dag.py:2726} INFO - Sync 1 DAGs
[2023-05-29T09:37:45.516+0000] {logging_mixin.py:149} INFO - [2023-05-29T09:37:45.516+0000] {dag.py:3490} INFO - Setting next_dagrun for example_short_circuit_operator to 2023-05-28T09:37:45.516630+00:00, run_after=2023-05-29T09:37:45.516630+00:00
[2023-05-29T09:37:45.528+0000] {processor.py:179} INFO - Processing /home/airflow/.local/lib/python3.7/site-packages/airflow/example_dags/example_short_circuit_operator.py took 0.064 seconds
[2023-05-29T09:38:15.906+0000] {processor.py:157} INFO - Started process (PID=737) to work on /home/airflow/.local/lib/python3.7/site-packages/airflow/example_dags/example_short_circuit_operator.py
[2023-05-29T09:38:15.907+0000] {processor.py:826} INFO - Processing file /home/airflow/.local/lib/python3.7/site-packages/airflow/example_dags/example_short_circuit_operator.py for tasks to queue
[2023-05-29T09:38:15.908+0000] {logging_mixin.py:149} INFO - [2023-05-29T09:38:15.908+0000] {dagbag.py:541} INFO - Filling up the DagBag from /home/airflow/.local/lib/python3.7/site-packages/airflow/example_dags/example_short_circuit_operator.py
[2023-05-29T09:38:15.916+0000] {processor.py:836} INFO - DAG(s) dict_keys(['example_short_circuit_operator']) retrieved from /home/airflow/.local/lib/python3.7/site-packages/airflow/example_dags/example_short_circuit_operator.py
[2023-05-29T09:38:15.939+0000] {logging_mixin.py:149} INFO - [2023-05-29T09:38:15.939+0000] {dag.py:2726} INFO - Sync 1 DAGs
[2023-05-29T09:38:15.956+0000] {logging_mixin.py:149} INFO - [2023-05-29T09:38:15.956+0000] {dag.py:3490} INFO - Setting next_dagrun for example_short_circuit_operator to 2023-05-28T09:38:15.956578+00:00, run_after=2023-05-29T09:38:15.956578+00:00
[2023-05-29T09:38:15.971+0000] {processor.py:179} INFO - Processing /home/airflow/.local/lib/python3.7/site-packages/airflow/example_dags/example_short_circuit_operator.py took 0.068 seconds
[2023-05-29T09:38:46.267+0000] {processor.py:157} INFO - Started process (PID=793) to work on /home/airflow/.local/lib/python3.7/site-packages/airflow/example_dags/example_short_circuit_operator.py
[2023-05-29T09:38:46.268+0000] {processor.py:826} INFO - Processing file /home/airflow/.local/lib/python3.7/site-packages/airflow/example_dags/example_short_circuit_operator.py for tasks to queue
[2023-05-29T09:38:46.269+0000] {logging_mixin.py:149} INFO - [2023-05-29T09:38:46.269+0000] {dagbag.py:541} INFO - Filling up the DagBag from /home/airflow/.local/lib/python3.7/site-packages/airflow/example_dags/example_short_circuit_operator.py
[2023-05-29T09:38:46.276+0000] {processor.py:836} INFO - DAG(s) dict_keys(['example_short_circuit_operator']) retrieved from /home/airflow/.local/lib/python3.7/site-packages/airflow/example_dags/example_short_circuit_operator.py
[2023-05-29T09:38:46.299+0000] {logging_mixin.py:149} INFO - [2023-05-29T09:38:46.299+0000] {dag.py:2726} INFO - Sync 1 DAGs
[2023-05-29T09:38:46.317+0000] {logging_mixin.py:149} INFO - [2023-05-29T09:38:46.317+0000] {dag.py:3490} INFO - Setting next_dagrun for example_short_circuit_operator to 2023-05-28T09:38:46.317138+00:00, run_after=2023-05-29T09:38:46.317138+00:00
[2023-05-29T09:38:46.329+0000] {processor.py:179} INFO - Processing /home/airflow/.local/lib/python3.7/site-packages/airflow/example_dags/example_short_circuit_operator.py took 0.065 seconds
[2023-05-29T09:39:16.450+0000] {processor.py:157} INFO - Started process (PID=850) to work on /home/airflow/.local/lib/python3.7/site-packages/airflow/example_dags/example_short_circuit_operator.py
[2023-05-29T09:39:16.451+0000] {processor.py:826} INFO - Processing file /home/airflow/.local/lib/python3.7/site-packages/airflow/example_dags/example_short_circuit_operator.py for tasks to queue
[2023-05-29T09:39:16.452+0000] {logging_mixin.py:149} INFO - [2023-05-29T09:39:16.452+0000] {dagbag.py:541} INFO - Filling up the DagBag from /home/airflow/.local/lib/python3.7/site-packages/airflow/example_dags/example_short_circuit_operator.py
[2023-05-29T09:39:16.458+0000] {processor.py:836} INFO - DAG(s) dict_keys(['example_short_circuit_operator']) retrieved from /home/airflow/.local/lib/python3.7/site-packages/airflow/example_dags/example_short_circuit_operator.py
[2023-05-29T09:39:16.478+0000] {logging_mixin.py:149} INFO - [2023-05-29T09:39:16.478+0000] {dag.py:2726} INFO - Sync 1 DAGs
[2023-05-29T09:39:16.494+0000] {logging_mixin.py:149} INFO - [2023-05-29T09:39:16.494+0000] {dag.py:3490} INFO - Setting next_dagrun for example_short_circuit_operator to 2023-05-28T09:39:16.494386+00:00, run_after=2023-05-29T09:39:16.494386+00:00
[2023-05-29T09:39:16.505+0000] {processor.py:179} INFO - Processing /home/airflow/.local/lib/python3.7/site-packages/airflow/example_dags/example_short_circuit_operator.py took 0.058 seconds
[2023-05-29T09:39:47.074+0000] {processor.py:157} INFO - Started process (PID=906) to work on /home/airflow/.local/lib/python3.7/site-packages/airflow/example_dags/example_short_circuit_operator.py
[2023-05-29T09:39:47.075+0000] {processor.py:826} INFO - Processing file /home/airflow/.local/lib/python3.7/site-packages/airflow/example_dags/example_short_circuit_operator.py for tasks to queue
[2023-05-29T09:39:47.076+0000] {logging_mixin.py:149} INFO - [2023-05-29T09:39:47.076+0000] {dagbag.py:541} INFO - Filling up the DagBag from /home/airflow/.local/lib/python3.7/site-packages/airflow/example_dags/example_short_circuit_operator.py
[2023-05-29T09:39:47.083+0000] {processor.py:836} INFO - DAG(s) dict_keys(['example_short_circuit_operator']) retrieved from /home/airflow/.local/lib/python3.7/site-packages/airflow/example_dags/example_short_circuit_operator.py
[2023-05-29T09:39:47.104+0000] {logging_mixin.py:149} INFO - [2023-05-29T09:39:47.104+0000] {dag.py:2726} INFO - Sync 1 DAGs
[2023-05-29T09:39:47.121+0000] {logging_mixin.py:149} INFO - [2023-05-29T09:39:47.121+0000] {dag.py:3490} INFO - Setting next_dagrun for example_short_circuit_operator to 2023-05-28T09:39:47.120853+00:00, run_after=2023-05-29T09:39:47.120853+00:00
[2023-05-29T09:39:47.132+0000] {processor.py:179} INFO - Processing /home/airflow/.local/lib/python3.7/site-packages/airflow/example_dags/example_short_circuit_operator.py took 0.062 seconds
[2023-05-29T09:40:17.370+0000] {processor.py:157} INFO - Started process (PID=962) to work on /home/airflow/.local/lib/python3.7/site-packages/airflow/example_dags/example_short_circuit_operator.py
[2023-05-29T09:40:17.372+0000] {processor.py:826} INFO - Processing file /home/airflow/.local/lib/python3.7/site-packages/airflow/example_dags/example_short_circuit_operator.py for tasks to queue
[2023-05-29T09:40:17.373+0000] {logging_mixin.py:149} INFO - [2023-05-29T09:40:17.373+0000] {dagbag.py:541} INFO - Filling up the DagBag from /home/airflow/.local/lib/python3.7/site-packages/airflow/example_dags/example_short_circuit_operator.py
[2023-05-29T09:40:17.380+0000] {processor.py:836} INFO - DAG(s) dict_keys(['example_short_circuit_operator']) retrieved from /home/airflow/.local/lib/python3.7/site-packages/airflow/example_dags/example_short_circuit_operator.py
[2023-05-29T09:40:17.400+0000] {logging_mixin.py:149} INFO - [2023-05-29T09:40:17.400+0000] {dag.py:2726} INFO - Sync 1 DAGs
[2023-05-29T09:40:17.416+0000] {logging_mixin.py:149} INFO - [2023-05-29T09:40:17.415+0000] {dag.py:3490} INFO - Setting next_dagrun for example_short_circuit_operator to 2023-05-28T09:40:17.415763+00:00, run_after=2023-05-29T09:40:17.415763+00:00
[2023-05-29T09:40:17.427+0000] {processor.py:179} INFO - Processing /home/airflow/.local/lib/python3.7/site-packages/airflow/example_dags/example_short_circuit_operator.py took 0.060 seconds
[2023-05-29T09:40:47.799+0000] {processor.py:157} INFO - Started process (PID=1018) to work on /home/airflow/.local/lib/python3.7/site-packages/airflow/example_dags/example_short_circuit_operator.py
[2023-05-29T09:40:47.800+0000] {processor.py:826} INFO - Processing file /home/airflow/.local/lib/python3.7/site-packages/airflow/example_dags/example_short_circuit_operator.py for tasks to queue
[2023-05-29T09:40:47.801+0000] {logging_mixin.py:149} INFO - [2023-05-29T09:40:47.801+0000] {dagbag.py:541} INFO - Filling up the DagBag from /home/airflow/.local/lib/python3.7/site-packages/airflow/example_dags/example_short_circuit_operator.py
[2023-05-29T09:40:47.807+0000] {processor.py:836} INFO - DAG(s) dict_keys(['example_short_circuit_operator']) retrieved from /home/airflow/.local/lib/python3.7/site-packages/airflow/example_dags/example_short_circuit_operator.py
[2023-05-29T09:40:47.829+0000] {logging_mixin.py:149} INFO - [2023-05-29T09:40:47.828+0000] {dag.py:2726} INFO - Sync 1 DAGs
[2023-05-29T09:40:47.848+0000] {logging_mixin.py:149} INFO - [2023-05-29T09:40:47.848+0000] {dag.py:3490} INFO - Setting next_dagrun for example_short_circuit_operator to 2023-05-28T09:40:47.848191+00:00, run_after=2023-05-29T09:40:47.848191+00:00
[2023-05-29T09:40:47.861+0000] {processor.py:179} INFO - Processing /home/airflow/.local/lib/python3.7/site-packages/airflow/example_dags/example_short_circuit_operator.py took 0.065 seconds
[2023-05-29T09:41:18.228+0000] {processor.py:157} INFO - Started process (PID=1074) to work on /home/airflow/.local/lib/python3.7/site-packages/airflow/example_dags/example_short_circuit_operator.py
[2023-05-29T09:41:18.229+0000] {processor.py:826} INFO - Processing file /home/airflow/.local/lib/python3.7/site-packages/airflow/example_dags/example_short_circuit_operator.py for tasks to queue
[2023-05-29T09:41:18.230+0000] {logging_mixin.py:149} INFO - [2023-05-29T09:41:18.230+0000] {dagbag.py:541} INFO - Filling up the DagBag from /home/airflow/.local/lib/python3.7/site-packages/airflow/example_dags/example_short_circuit_operator.py
[2023-05-29T09:41:18.237+0000] {processor.py:836} INFO - DAG(s) dict_keys(['example_short_circuit_operator']) retrieved from /home/airflow/.local/lib/python3.7/site-packages/airflow/example_dags/example_short_circuit_operator.py
[2023-05-29T09:41:18.258+0000] {logging_mixin.py:149} INFO - [2023-05-29T09:41:18.258+0000] {dag.py:2726} INFO - Sync 1 DAGs
[2023-05-29T09:41:18.276+0000] {logging_mixin.py:149} INFO - [2023-05-29T09:41:18.276+0000] {dag.py:3490} INFO - Setting next_dagrun for example_short_circuit_operator to 2023-05-28T09:41:18.276037+00:00, run_after=2023-05-29T09:41:18.276037+00:00
[2023-05-29T09:41:18.288+0000] {processor.py:179} INFO - Processing /home/airflow/.local/lib/python3.7/site-packages/airflow/example_dags/example_short_circuit_operator.py took 0.062 seconds
[2023-05-29T09:41:48.793+0000] {processor.py:157} INFO - Started process (PID=1130) to work on /home/airflow/.local/lib/python3.7/site-packages/airflow/example_dags/example_short_circuit_operator.py
[2023-05-29T09:41:48.794+0000] {processor.py:826} INFO - Processing file /home/airflow/.local/lib/python3.7/site-packages/airflow/example_dags/example_short_circuit_operator.py for tasks to queue
[2023-05-29T09:41:48.795+0000] {logging_mixin.py:149} INFO - [2023-05-29T09:41:48.795+0000] {dagbag.py:541} INFO - Filling up the DagBag from /home/airflow/.local/lib/python3.7/site-packages/airflow/example_dags/example_short_circuit_operator.py
[2023-05-29T09:41:48.802+0000] {processor.py:836} INFO - DAG(s) dict_keys(['example_short_circuit_operator']) retrieved from /home/airflow/.local/lib/python3.7/site-packages/airflow/example_dags/example_short_circuit_operator.py
[2023-05-29T09:41:48.825+0000] {logging_mixin.py:149} INFO - [2023-05-29T09:41:48.825+0000] {dag.py:2726} INFO - Sync 1 DAGs
[2023-05-29T09:41:48.845+0000] {logging_mixin.py:149} INFO - [2023-05-29T09:41:48.844+0000] {dag.py:3490} INFO - Setting next_dagrun for example_short_circuit_operator to 2023-05-28T09:41:48.844720+00:00, run_after=2023-05-29T09:41:48.844720+00:00
[2023-05-29T09:41:48.859+0000] {processor.py:179} INFO - Processing /home/airflow/.local/lib/python3.7/site-packages/airflow/example_dags/example_short_circuit_operator.py took 0.069 seconds
[2023-05-29T09:42:19.290+0000] {processor.py:157} INFO - Started process (PID=1187) to work on /home/airflow/.local/lib/python3.7/site-packages/airflow/example_dags/example_short_circuit_operator.py
[2023-05-29T09:42:19.292+0000] {processor.py:826} INFO - Processing file /home/airflow/.local/lib/python3.7/site-packages/airflow/example_dags/example_short_circuit_operator.py for tasks to queue
[2023-05-29T09:42:19.292+0000] {logging_mixin.py:149} INFO - [2023-05-29T09:42:19.292+0000] {dagbag.py:541} INFO - Filling up the DagBag from /home/airflow/.local/lib/python3.7/site-packages/airflow/example_dags/example_short_circuit_operator.py
[2023-05-29T09:42:19.300+0000] {processor.py:836} INFO - DAG(s) dict_keys(['example_short_circuit_operator']) retrieved from /home/airflow/.local/lib/python3.7/site-packages/airflow/example_dags/example_short_circuit_operator.py
[2023-05-29T09:42:19.325+0000] {logging_mixin.py:149} INFO - [2023-05-29T09:42:19.325+0000] {dag.py:2726} INFO - Sync 1 DAGs
[2023-05-29T09:42:19.342+0000] {logging_mixin.py:149} INFO - [2023-05-29T09:42:19.342+0000] {dag.py:3490} INFO - Setting next_dagrun for example_short_circuit_operator to 2023-05-28T09:42:19.342637+00:00, run_after=2023-05-29T09:42:19.342637+00:00
[2023-05-29T09:42:19.356+0000] {processor.py:179} INFO - Processing /home/airflow/.local/lib/python3.7/site-packages/airflow/example_dags/example_short_circuit_operator.py took 0.069 seconds
