[2023-05-29T09:32:08.696+0000] {processor.py:157} INFO - Started process (PID=35) to work on /home/airflow/.local/lib/python3.7/site-packages/airflow/example_dags/example_trigger_controller_dag.py
[2023-05-29T09:32:08.697+0000] {processor.py:826} INFO - Processing file /home/airflow/.local/lib/python3.7/site-packages/airflow/example_dags/example_trigger_controller_dag.py for tasks to queue
[2023-05-29T09:32:08.697+0000] {logging_mixin.py:149} INFO - [2023-05-29T09:32:08.697+0000] {dagbag.py:541} INFO - Filling up the DagBag from /home/airflow/.local/lib/python3.7/site-packages/airflow/example_dags/example_trigger_controller_dag.py
[2023-05-29T09:32:08.702+0000] {processor.py:836} INFO - DAG(s) dict_keys(['example_trigger_controller_dag']) retrieved from /home/airflow/.local/lib/python3.7/site-packages/airflow/example_dags/example_trigger_controller_dag.py
[2023-05-29T09:32:08.716+0000] {logging_mixin.py:149} INFO - [2023-05-29T09:32:08.716+0000] {dag.py:2726} INFO - Sync 1 DAGs
[2023-05-29T09:32:08.736+0000] {logging_mixin.py:149} INFO - [2023-05-29T09:32:08.736+0000] {dag.py:3490} INFO - Setting next_dagrun for example_trigger_controller_dag to 2021-01-01T00:00:00+00:00, run_after=2021-01-01T00:00:00+00:00
[2023-05-29T09:32:08.750+0000] {processor.py:179} INFO - Processing /home/airflow/.local/lib/python3.7/site-packages/airflow/example_dags/example_trigger_controller_dag.py took 0.057 seconds
[2023-05-29T09:32:39.355+0000] {processor.py:157} INFO - Started process (PID=91) to work on /home/airflow/.local/lib/python3.7/site-packages/airflow/example_dags/example_trigger_controller_dag.py
[2023-05-29T09:32:39.356+0000] {processor.py:826} INFO - Processing file /home/airflow/.local/lib/python3.7/site-packages/airflow/example_dags/example_trigger_controller_dag.py for tasks to queue
[2023-05-29T09:32:39.357+0000] {logging_mixin.py:149} INFO - [2023-05-29T09:32:39.357+0000] {dagbag.py:541} INFO - Filling up the DagBag from /home/airflow/.local/lib/python3.7/site-packages/airflow/example_dags/example_trigger_controller_dag.py
[2023-05-29T09:32:39.360+0000] {processor.py:836} INFO - DAG(s) dict_keys(['example_trigger_controller_dag']) retrieved from /home/airflow/.local/lib/python3.7/site-packages/airflow/example_dags/example_trigger_controller_dag.py
[2023-05-29T09:32:39.380+0000] {logging_mixin.py:149} INFO - [2023-05-29T09:32:39.379+0000] {dag.py:2726} INFO - Sync 1 DAGs
[2023-05-29T09:32:39.396+0000] {logging_mixin.py:149} INFO - [2023-05-29T09:32:39.396+0000] {dag.py:3490} INFO - Setting next_dagrun for example_trigger_controller_dag to 2021-01-01T00:00:00+00:00, run_after=2021-01-01T00:00:00+00:00
[2023-05-29T09:32:39.406+0000] {processor.py:179} INFO - Processing /home/airflow/.local/lib/python3.7/site-packages/airflow/example_dags/example_trigger_controller_dag.py took 0.053 seconds
[2023-05-29T09:33:09.719+0000] {processor.py:157} INFO - Started process (PID=147) to work on /home/airflow/.local/lib/python3.7/site-packages/airflow/example_dags/example_trigger_controller_dag.py
[2023-05-29T09:33:09.720+0000] {processor.py:826} INFO - Processing file /home/airflow/.local/lib/python3.7/site-packages/airflow/example_dags/example_trigger_controller_dag.py for tasks to queue
[2023-05-29T09:33:09.721+0000] {logging_mixin.py:149} INFO - [2023-05-29T09:33:09.721+0000] {dagbag.py:541} INFO - Filling up the DagBag from /home/airflow/.local/lib/python3.7/site-packages/airflow/example_dags/example_trigger_controller_dag.py
[2023-05-29T09:33:09.725+0000] {processor.py:836} INFO - DAG(s) dict_keys(['example_trigger_controller_dag']) retrieved from /home/airflow/.local/lib/python3.7/site-packages/airflow/example_dags/example_trigger_controller_dag.py
[2023-05-29T09:33:09.744+0000] {logging_mixin.py:149} INFO - [2023-05-29T09:33:09.744+0000] {dag.py:2726} INFO - Sync 1 DAGs
[2023-05-29T09:33:09.759+0000] {logging_mixin.py:149} INFO - [2023-05-29T09:33:09.758+0000] {dag.py:3490} INFO - Setting next_dagrun for example_trigger_controller_dag to 2021-01-01T00:00:00+00:00, run_after=2021-01-01T00:00:00+00:00
[2023-05-29T09:33:09.769+0000] {processor.py:179} INFO - Processing /home/airflow/.local/lib/python3.7/site-packages/airflow/example_dags/example_trigger_controller_dag.py took 0.053 seconds
[2023-05-29T09:33:40.997+0000] {processor.py:157} INFO - Started process (PID=203) to work on /home/airflow/.local/lib/python3.7/site-packages/airflow/example_dags/example_trigger_controller_dag.py
[2023-05-29T09:33:40.999+0000] {processor.py:826} INFO - Processing file /home/airflow/.local/lib/python3.7/site-packages/airflow/example_dags/example_trigger_controller_dag.py for tasks to queue
[2023-05-29T09:33:40.999+0000] {logging_mixin.py:149} INFO - [2023-05-29T09:33:40.999+0000] {dagbag.py:541} INFO - Filling up the DagBag from /home/airflow/.local/lib/python3.7/site-packages/airflow/example_dags/example_trigger_controller_dag.py
[2023-05-29T09:33:41.003+0000] {processor.py:836} INFO - DAG(s) dict_keys(['example_trigger_controller_dag']) retrieved from /home/airflow/.local/lib/python3.7/site-packages/airflow/example_dags/example_trigger_controller_dag.py
[2023-05-29T09:33:41.026+0000] {logging_mixin.py:149} INFO - [2023-05-29T09:33:41.026+0000] {dag.py:2726} INFO - Sync 1 DAGs
[2023-05-29T09:33:41.045+0000] {logging_mixin.py:149} INFO - [2023-05-29T09:33:41.045+0000] {dag.py:3490} INFO - Setting next_dagrun for example_trigger_controller_dag to 2021-01-01T00:00:00+00:00, run_after=2021-01-01T00:00:00+00:00
[2023-05-29T09:33:41.059+0000] {processor.py:179} INFO - Processing /home/airflow/.local/lib/python3.7/site-packages/airflow/example_dags/example_trigger_controller_dag.py took 0.065 seconds
[2023-05-29T09:34:11.557+0000] {processor.py:157} INFO - Started process (PID=259) to work on /home/airflow/.local/lib/python3.7/site-packages/airflow/example_dags/example_trigger_controller_dag.py
[2023-05-29T09:34:11.558+0000] {processor.py:826} INFO - Processing file /home/airflow/.local/lib/python3.7/site-packages/airflow/example_dags/example_trigger_controller_dag.py for tasks to queue
[2023-05-29T09:34:11.559+0000] {logging_mixin.py:149} INFO - [2023-05-29T09:34:11.559+0000] {dagbag.py:541} INFO - Filling up the DagBag from /home/airflow/.local/lib/python3.7/site-packages/airflow/example_dags/example_trigger_controller_dag.py
[2023-05-29T09:34:11.563+0000] {processor.py:836} INFO - DAG(s) dict_keys(['example_trigger_controller_dag']) retrieved from /home/airflow/.local/lib/python3.7/site-packages/airflow/example_dags/example_trigger_controller_dag.py
[2023-05-29T09:34:11.583+0000] {logging_mixin.py:149} INFO - [2023-05-29T09:34:11.583+0000] {dag.py:2726} INFO - Sync 1 DAGs
[2023-05-29T09:34:11.600+0000] {logging_mixin.py:149} INFO - [2023-05-29T09:34:11.600+0000] {dag.py:3490} INFO - Setting next_dagrun for example_trigger_controller_dag to 2021-01-01T00:00:00+00:00, run_after=2021-01-01T00:00:00+00:00
[2023-05-29T09:34:11.610+0000] {processor.py:179} INFO - Processing /home/airflow/.local/lib/python3.7/site-packages/airflow/example_dags/example_trigger_controller_dag.py took 0.056 seconds
[2023-05-29T09:34:42.041+0000] {processor.py:157} INFO - Started process (PID=315) to work on /home/airflow/.local/lib/python3.7/site-packages/airflow/example_dags/example_trigger_controller_dag.py
[2023-05-29T09:34:42.042+0000] {processor.py:826} INFO - Processing file /home/airflow/.local/lib/python3.7/site-packages/airflow/example_dags/example_trigger_controller_dag.py for tasks to queue
[2023-05-29T09:34:42.043+0000] {logging_mixin.py:149} INFO - [2023-05-29T09:34:42.043+0000] {dagbag.py:541} INFO - Filling up the DagBag from /home/airflow/.local/lib/python3.7/site-packages/airflow/example_dags/example_trigger_controller_dag.py
[2023-05-29T09:34:42.046+0000] {processor.py:836} INFO - DAG(s) dict_keys(['example_trigger_controller_dag']) retrieved from /home/airflow/.local/lib/python3.7/site-packages/airflow/example_dags/example_trigger_controller_dag.py
[2023-05-29T09:34:42.065+0000] {logging_mixin.py:149} INFO - [2023-05-29T09:34:42.065+0000] {dag.py:2726} INFO - Sync 1 DAGs
[2023-05-29T09:34:42.081+0000] {logging_mixin.py:149} INFO - [2023-05-29T09:34:42.080+0000] {dag.py:3490} INFO - Setting next_dagrun for example_trigger_controller_dag to 2021-01-01T00:00:00+00:00, run_after=2021-01-01T00:00:00+00:00
[2023-05-29T09:34:42.091+0000] {processor.py:179} INFO - Processing /home/airflow/.local/lib/python3.7/site-packages/airflow/example_dags/example_trigger_controller_dag.py took 0.053 seconds
[2023-05-29T09:35:12.328+0000] {processor.py:157} INFO - Started process (PID=370) to work on /home/airflow/.local/lib/python3.7/site-packages/airflow/example_dags/example_trigger_controller_dag.py
[2023-05-29T09:35:12.329+0000] {processor.py:826} INFO - Processing file /home/airflow/.local/lib/python3.7/site-packages/airflow/example_dags/example_trigger_controller_dag.py for tasks to queue
[2023-05-29T09:35:12.330+0000] {logging_mixin.py:149} INFO - [2023-05-29T09:35:12.330+0000] {dagbag.py:541} INFO - Filling up the DagBag from /home/airflow/.local/lib/python3.7/site-packages/airflow/example_dags/example_trigger_controller_dag.py
[2023-05-29T09:35:12.333+0000] {processor.py:836} INFO - DAG(s) dict_keys(['example_trigger_controller_dag']) retrieved from /home/airflow/.local/lib/python3.7/site-packages/airflow/example_dags/example_trigger_controller_dag.py
[2023-05-29T09:35:12.351+0000] {logging_mixin.py:149} INFO - [2023-05-29T09:35:12.351+0000] {dag.py:2726} INFO - Sync 1 DAGs
[2023-05-29T09:35:12.366+0000] {logging_mixin.py:149} INFO - [2023-05-29T09:35:12.365+0000] {dag.py:3490} INFO - Setting next_dagrun for example_trigger_controller_dag to 2021-01-01T00:00:00+00:00, run_after=2021-01-01T00:00:00+00:00
[2023-05-29T09:35:12.376+0000] {processor.py:179} INFO - Processing /home/airflow/.local/lib/python3.7/site-packages/airflow/example_dags/example_trigger_controller_dag.py took 0.050 seconds
[2023-05-29T09:35:42.584+0000] {processor.py:157} INFO - Started process (PID=426) to work on /home/airflow/.local/lib/python3.7/site-packages/airflow/example_dags/example_trigger_controller_dag.py
[2023-05-29T09:35:42.585+0000] {processor.py:826} INFO - Processing file /home/airflow/.local/lib/python3.7/site-packages/airflow/example_dags/example_trigger_controller_dag.py for tasks to queue
[2023-05-29T09:35:42.586+0000] {logging_mixin.py:149} INFO - [2023-05-29T09:35:42.586+0000] {dagbag.py:541} INFO - Filling up the DagBag from /home/airflow/.local/lib/python3.7/site-packages/airflow/example_dags/example_trigger_controller_dag.py
[2023-05-29T09:35:42.589+0000] {processor.py:836} INFO - DAG(s) dict_keys(['example_trigger_controller_dag']) retrieved from /home/airflow/.local/lib/python3.7/site-packages/airflow/example_dags/example_trigger_controller_dag.py
[2023-05-29T09:35:42.611+0000] {logging_mixin.py:149} INFO - [2023-05-29T09:35:42.611+0000] {dag.py:2726} INFO - Sync 1 DAGs
[2023-05-29T09:35:42.627+0000] {logging_mixin.py:149} INFO - [2023-05-29T09:35:42.627+0000] {dag.py:3490} INFO - Setting next_dagrun for example_trigger_controller_dag to 2021-01-01T00:00:00+00:00, run_after=2021-01-01T00:00:00+00:00
[2023-05-29T09:35:42.638+0000] {processor.py:179} INFO - Processing /home/airflow/.local/lib/python3.7/site-packages/airflow/example_dags/example_trigger_controller_dag.py took 0.057 seconds
[2023-05-29T09:36:12.890+0000] {processor.py:157} INFO - Started process (PID=482) to work on /home/airflow/.local/lib/python3.7/site-packages/airflow/example_dags/example_trigger_controller_dag.py
[2023-05-29T09:36:12.892+0000] {processor.py:826} INFO - Processing file /home/airflow/.local/lib/python3.7/site-packages/airflow/example_dags/example_trigger_controller_dag.py for tasks to queue
[2023-05-29T09:36:12.892+0000] {logging_mixin.py:149} INFO - [2023-05-29T09:36:12.892+0000] {dagbag.py:541} INFO - Filling up the DagBag from /home/airflow/.local/lib/python3.7/site-packages/airflow/example_dags/example_trigger_controller_dag.py
[2023-05-29T09:36:12.901+0000] {processor.py:836} INFO - DAG(s) dict_keys(['example_trigger_controller_dag']) retrieved from /home/airflow/.local/lib/python3.7/site-packages/airflow/example_dags/example_trigger_controller_dag.py
[2023-05-29T09:36:12.922+0000] {logging_mixin.py:149} INFO - [2023-05-29T09:36:12.922+0000] {dag.py:2726} INFO - Sync 1 DAGs
[2023-05-29T09:36:12.938+0000] {logging_mixin.py:149} INFO - [2023-05-29T09:36:12.938+0000] {dag.py:3490} INFO - Setting next_dagrun for example_trigger_controller_dag to 2021-01-01T00:00:00+00:00, run_after=2021-01-01T00:00:00+00:00
[2023-05-29T09:36:12.948+0000] {processor.py:179} INFO - Processing /home/airflow/.local/lib/python3.7/site-packages/airflow/example_dags/example_trigger_controller_dag.py took 0.061 seconds
[2023-05-29T09:36:43.370+0000] {processor.py:157} INFO - Started process (PID=538) to work on /home/airflow/.local/lib/python3.7/site-packages/airflow/example_dags/example_trigger_controller_dag.py
[2023-05-29T09:36:43.372+0000] {processor.py:826} INFO - Processing file /home/airflow/.local/lib/python3.7/site-packages/airflow/example_dags/example_trigger_controller_dag.py for tasks to queue
[2023-05-29T09:36:43.372+0000] {logging_mixin.py:149} INFO - [2023-05-29T09:36:43.372+0000] {dagbag.py:541} INFO - Filling up the DagBag from /home/airflow/.local/lib/python3.7/site-packages/airflow/example_dags/example_trigger_controller_dag.py
[2023-05-29T09:36:43.376+0000] {processor.py:836} INFO - DAG(s) dict_keys(['example_trigger_controller_dag']) retrieved from /home/airflow/.local/lib/python3.7/site-packages/airflow/example_dags/example_trigger_controller_dag.py
[2023-05-29T09:36:43.397+0000] {logging_mixin.py:149} INFO - [2023-05-29T09:36:43.397+0000] {dag.py:2726} INFO - Sync 1 DAGs
[2023-05-29T09:36:43.412+0000] {logging_mixin.py:149} INFO - [2023-05-29T09:36:43.411+0000] {dag.py:3490} INFO - Setting next_dagrun for example_trigger_controller_dag to 2021-01-01T00:00:00+00:00, run_after=2021-01-01T00:00:00+00:00
[2023-05-29T09:36:43.421+0000] {processor.py:179} INFO - Processing /home/airflow/.local/lib/python3.7/site-packages/airflow/example_dags/example_trigger_controller_dag.py took 0.054 seconds
[2023-05-29T09:37:13.699+0000] {processor.py:157} INFO - Started process (PID=594) to work on /home/airflow/.local/lib/python3.7/site-packages/airflow/example_dags/example_trigger_controller_dag.py
[2023-05-29T09:37:13.700+0000] {processor.py:826} INFO - Processing file /home/airflow/.local/lib/python3.7/site-packages/airflow/example_dags/example_trigger_controller_dag.py for tasks to queue
[2023-05-29T09:37:13.701+0000] {logging_mixin.py:149} INFO - [2023-05-29T09:37:13.701+0000] {dagbag.py:541} INFO - Filling up the DagBag from /home/airflow/.local/lib/python3.7/site-packages/airflow/example_dags/example_trigger_controller_dag.py
[2023-05-29T09:37:13.704+0000] {processor.py:836} INFO - DAG(s) dict_keys(['example_trigger_controller_dag']) retrieved from /home/airflow/.local/lib/python3.7/site-packages/airflow/example_dags/example_trigger_controller_dag.py
[2023-05-29T09:37:13.726+0000] {logging_mixin.py:149} INFO - [2023-05-29T09:37:13.726+0000] {dag.py:2726} INFO - Sync 1 DAGs
[2023-05-29T09:37:13.742+0000] {logging_mixin.py:149} INFO - [2023-05-29T09:37:13.742+0000] {dag.py:3490} INFO - Setting next_dagrun for example_trigger_controller_dag to 2021-01-01T00:00:00+00:00, run_after=2021-01-01T00:00:00+00:00
[2023-05-29T09:37:13.754+0000] {processor.py:179} INFO - Processing /home/airflow/.local/lib/python3.7/site-packages/airflow/example_dags/example_trigger_controller_dag.py took 0.058 seconds
[2023-05-29T09:37:44.076+0000] {processor.py:157} INFO - Started process (PID=650) to work on /home/airflow/.local/lib/python3.7/site-packages/airflow/example_dags/example_trigger_controller_dag.py
[2023-05-29T09:37:44.077+0000] {processor.py:826} INFO - Processing file /home/airflow/.local/lib/python3.7/site-packages/airflow/example_dags/example_trigger_controller_dag.py for tasks to queue
[2023-05-29T09:37:44.078+0000] {logging_mixin.py:149} INFO - [2023-05-29T09:37:44.078+0000] {dagbag.py:541} INFO - Filling up the DagBag from /home/airflow/.local/lib/python3.7/site-packages/airflow/example_dags/example_trigger_controller_dag.py
[2023-05-29T09:37:44.081+0000] {processor.py:836} INFO - DAG(s) dict_keys(['example_trigger_controller_dag']) retrieved from /home/airflow/.local/lib/python3.7/site-packages/airflow/example_dags/example_trigger_controller_dag.py
[2023-05-29T09:37:44.099+0000] {logging_mixin.py:149} INFO - [2023-05-29T09:37:44.099+0000] {dag.py:2726} INFO - Sync 1 DAGs
[2023-05-29T09:37:44.114+0000] {logging_mixin.py:149} INFO - [2023-05-29T09:37:44.114+0000] {dag.py:3490} INFO - Setting next_dagrun for example_trigger_controller_dag to 2021-01-01T00:00:00+00:00, run_after=2021-01-01T00:00:00+00:00
[2023-05-29T09:37:44.125+0000] {processor.py:179} INFO - Processing /home/airflow/.local/lib/python3.7/site-packages/airflow/example_dags/example_trigger_controller_dag.py took 0.051 seconds
[2023-05-29T09:38:14.406+0000] {processor.py:157} INFO - Started process (PID=706) to work on /home/airflow/.local/lib/python3.7/site-packages/airflow/example_dags/example_trigger_controller_dag.py
[2023-05-29T09:38:14.407+0000] {processor.py:826} INFO - Processing file /home/airflow/.local/lib/python3.7/site-packages/airflow/example_dags/example_trigger_controller_dag.py for tasks to queue
[2023-05-29T09:38:14.407+0000] {logging_mixin.py:149} INFO - [2023-05-29T09:38:14.407+0000] {dagbag.py:541} INFO - Filling up the DagBag from /home/airflow/.local/lib/python3.7/site-packages/airflow/example_dags/example_trigger_controller_dag.py
[2023-05-29T09:38:14.410+0000] {processor.py:836} INFO - DAG(s) dict_keys(['example_trigger_controller_dag']) retrieved from /home/airflow/.local/lib/python3.7/site-packages/airflow/example_dags/example_trigger_controller_dag.py
[2023-05-29T09:38:14.429+0000] {logging_mixin.py:149} INFO - [2023-05-29T09:38:14.429+0000] {dag.py:2726} INFO - Sync 1 DAGs
[2023-05-29T09:38:14.444+0000] {logging_mixin.py:149} INFO - [2023-05-29T09:38:14.444+0000] {dag.py:3490} INFO - Setting next_dagrun for example_trigger_controller_dag to 2021-01-01T00:00:00+00:00, run_after=2021-01-01T00:00:00+00:00
[2023-05-29T09:38:14.454+0000] {processor.py:179} INFO - Processing /home/airflow/.local/lib/python3.7/site-packages/airflow/example_dags/example_trigger_controller_dag.py took 0.051 seconds
[2023-05-29T09:38:44.768+0000] {processor.py:157} INFO - Started process (PID=762) to work on /home/airflow/.local/lib/python3.7/site-packages/airflow/example_dags/example_trigger_controller_dag.py
[2023-05-29T09:38:44.769+0000] {processor.py:826} INFO - Processing file /home/airflow/.local/lib/python3.7/site-packages/airflow/example_dags/example_trigger_controller_dag.py for tasks to queue
[2023-05-29T09:38:44.770+0000] {logging_mixin.py:149} INFO - [2023-05-29T09:38:44.770+0000] {dagbag.py:541} INFO - Filling up the DagBag from /home/airflow/.local/lib/python3.7/site-packages/airflow/example_dags/example_trigger_controller_dag.py
[2023-05-29T09:38:44.773+0000] {processor.py:836} INFO - DAG(s) dict_keys(['example_trigger_controller_dag']) retrieved from /home/airflow/.local/lib/python3.7/site-packages/airflow/example_dags/example_trigger_controller_dag.py
[2023-05-29T09:38:44.792+0000] {logging_mixin.py:149} INFO - [2023-05-29T09:38:44.792+0000] {dag.py:2726} INFO - Sync 1 DAGs
[2023-05-29T09:38:44.807+0000] {logging_mixin.py:149} INFO - [2023-05-29T09:38:44.807+0000] {dag.py:3490} INFO - Setting next_dagrun for example_trigger_controller_dag to 2021-01-01T00:00:00+00:00, run_after=2021-01-01T00:00:00+00:00
[2023-05-29T09:38:44.817+0000] {processor.py:179} INFO - Processing /home/airflow/.local/lib/python3.7/site-packages/airflow/example_dags/example_trigger_controller_dag.py took 0.051 seconds
[2023-05-29T09:39:15.104+0000] {processor.py:157} INFO - Started process (PID=819) to work on /home/airflow/.local/lib/python3.7/site-packages/airflow/example_dags/example_trigger_controller_dag.py
[2023-05-29T09:39:15.105+0000] {processor.py:826} INFO - Processing file /home/airflow/.local/lib/python3.7/site-packages/airflow/example_dags/example_trigger_controller_dag.py for tasks to queue
[2023-05-29T09:39:15.106+0000] {logging_mixin.py:149} INFO - [2023-05-29T09:39:15.106+0000] {dagbag.py:541} INFO - Filling up the DagBag from /home/airflow/.local/lib/python3.7/site-packages/airflow/example_dags/example_trigger_controller_dag.py
[2023-05-29T09:39:15.109+0000] {processor.py:836} INFO - DAG(s) dict_keys(['example_trigger_controller_dag']) retrieved from /home/airflow/.local/lib/python3.7/site-packages/airflow/example_dags/example_trigger_controller_dag.py
[2023-05-29T09:39:15.128+0000] {logging_mixin.py:149} INFO - [2023-05-29T09:39:15.128+0000] {dag.py:2726} INFO - Sync 1 DAGs
[2023-05-29T09:39:15.142+0000] {logging_mixin.py:149} INFO - [2023-05-29T09:39:15.142+0000] {dag.py:3490} INFO - Setting next_dagrun for example_trigger_controller_dag to 2021-01-01T00:00:00+00:00, run_after=2021-01-01T00:00:00+00:00
[2023-05-29T09:39:15.152+0000] {processor.py:179} INFO - Processing /home/airflow/.local/lib/python3.7/site-packages/airflow/example_dags/example_trigger_controller_dag.py took 0.051 seconds
[2023-05-29T09:39:45.408+0000] {processor.py:157} INFO - Started process (PID=875) to work on /home/airflow/.local/lib/python3.7/site-packages/airflow/example_dags/example_trigger_controller_dag.py
[2023-05-29T09:39:45.410+0000] {processor.py:826} INFO - Processing file /home/airflow/.local/lib/python3.7/site-packages/airflow/example_dags/example_trigger_controller_dag.py for tasks to queue
[2023-05-29T09:39:45.411+0000] {logging_mixin.py:149} INFO - [2023-05-29T09:39:45.411+0000] {dagbag.py:541} INFO - Filling up the DagBag from /home/airflow/.local/lib/python3.7/site-packages/airflow/example_dags/example_trigger_controller_dag.py
[2023-05-29T09:39:45.416+0000] {processor.py:836} INFO - DAG(s) dict_keys(['example_trigger_controller_dag']) retrieved from /home/airflow/.local/lib/python3.7/site-packages/airflow/example_dags/example_trigger_controller_dag.py
[2023-05-29T09:39:45.439+0000] {logging_mixin.py:149} INFO - [2023-05-29T09:39:45.439+0000] {dag.py:2726} INFO - Sync 1 DAGs
[2023-05-29T09:39:45.460+0000] {logging_mixin.py:149} INFO - [2023-05-29T09:39:45.459+0000] {dag.py:3490} INFO - Setting next_dagrun for example_trigger_controller_dag to 2021-01-01T00:00:00+00:00, run_after=2021-01-01T00:00:00+00:00
[2023-05-29T09:39:45.476+0000] {processor.py:179} INFO - Processing /home/airflow/.local/lib/python3.7/site-packages/airflow/example_dags/example_trigger_controller_dag.py took 0.071 seconds
[2023-05-29T09:40:15.976+0000] {processor.py:157} INFO - Started process (PID=931) to work on /home/airflow/.local/lib/python3.7/site-packages/airflow/example_dags/example_trigger_controller_dag.py
[2023-05-29T09:40:15.978+0000] {processor.py:826} INFO - Processing file /home/airflow/.local/lib/python3.7/site-packages/airflow/example_dags/example_trigger_controller_dag.py for tasks to queue
[2023-05-29T09:40:15.980+0000] {logging_mixin.py:149} INFO - [2023-05-29T09:40:15.980+0000] {dagbag.py:541} INFO - Filling up the DagBag from /home/airflow/.local/lib/python3.7/site-packages/airflow/example_dags/example_trigger_controller_dag.py
[2023-05-29T09:40:15.984+0000] {processor.py:836} INFO - DAG(s) dict_keys(['example_trigger_controller_dag']) retrieved from /home/airflow/.local/lib/python3.7/site-packages/airflow/example_dags/example_trigger_controller_dag.py
[2023-05-29T09:40:16.003+0000] {logging_mixin.py:149} INFO - [2023-05-29T09:40:16.003+0000] {dag.py:2726} INFO - Sync 1 DAGs
[2023-05-29T09:40:16.020+0000] {logging_mixin.py:149} INFO - [2023-05-29T09:40:16.020+0000] {dag.py:3490} INFO - Setting next_dagrun for example_trigger_controller_dag to 2021-01-01T00:00:00+00:00, run_after=2021-01-01T00:00:00+00:00
[2023-05-29T09:40:16.031+0000] {processor.py:179} INFO - Processing /home/airflow/.local/lib/python3.7/site-packages/airflow/example_dags/example_trigger_controller_dag.py took 0.058 seconds
[2023-05-29T09:40:46.336+0000] {processor.py:157} INFO - Started process (PID=987) to work on /home/airflow/.local/lib/python3.7/site-packages/airflow/example_dags/example_trigger_controller_dag.py
[2023-05-29T09:40:46.337+0000] {processor.py:826} INFO - Processing file /home/airflow/.local/lib/python3.7/site-packages/airflow/example_dags/example_trigger_controller_dag.py for tasks to queue
[2023-05-29T09:40:46.338+0000] {logging_mixin.py:149} INFO - [2023-05-29T09:40:46.338+0000] {dagbag.py:541} INFO - Filling up the DagBag from /home/airflow/.local/lib/python3.7/site-packages/airflow/example_dags/example_trigger_controller_dag.py
[2023-05-29T09:40:46.341+0000] {processor.py:836} INFO - DAG(s) dict_keys(['example_trigger_controller_dag']) retrieved from /home/airflow/.local/lib/python3.7/site-packages/airflow/example_dags/example_trigger_controller_dag.py
[2023-05-29T09:40:46.361+0000] {logging_mixin.py:149} INFO - [2023-05-29T09:40:46.360+0000] {dag.py:2726} INFO - Sync 1 DAGs
[2023-05-29T09:40:46.377+0000] {logging_mixin.py:149} INFO - [2023-05-29T09:40:46.377+0000] {dag.py:3490} INFO - Setting next_dagrun for example_trigger_controller_dag to 2021-01-01T00:00:00+00:00, run_after=2021-01-01T00:00:00+00:00
[2023-05-29T09:40:46.388+0000] {processor.py:179} INFO - Processing /home/airflow/.local/lib/python3.7/site-packages/airflow/example_dags/example_trigger_controller_dag.py took 0.055 seconds
[2023-05-29T09:41:16.793+0000] {processor.py:157} INFO - Started process (PID=1043) to work on /home/airflow/.local/lib/python3.7/site-packages/airflow/example_dags/example_trigger_controller_dag.py
[2023-05-29T09:41:16.794+0000] {processor.py:826} INFO - Processing file /home/airflow/.local/lib/python3.7/site-packages/airflow/example_dags/example_trigger_controller_dag.py for tasks to queue
[2023-05-29T09:41:16.794+0000] {logging_mixin.py:149} INFO - [2023-05-29T09:41:16.794+0000] {dagbag.py:541} INFO - Filling up the DagBag from /home/airflow/.local/lib/python3.7/site-packages/airflow/example_dags/example_trigger_controller_dag.py
[2023-05-29T09:41:16.798+0000] {processor.py:836} INFO - DAG(s) dict_keys(['example_trigger_controller_dag']) retrieved from /home/airflow/.local/lib/python3.7/site-packages/airflow/example_dags/example_trigger_controller_dag.py
[2023-05-29T09:41:16.818+0000] {logging_mixin.py:149} INFO - [2023-05-29T09:41:16.818+0000] {dag.py:2726} INFO - Sync 1 DAGs
[2023-05-29T09:41:16.834+0000] {logging_mixin.py:149} INFO - [2023-05-29T09:41:16.834+0000] {dag.py:3490} INFO - Setting next_dagrun for example_trigger_controller_dag to 2021-01-01T00:00:00+00:00, run_after=2021-01-01T00:00:00+00:00
[2023-05-29T09:41:16.846+0000] {processor.py:179} INFO - Processing /home/airflow/.local/lib/python3.7/site-packages/airflow/example_dags/example_trigger_controller_dag.py took 0.056 seconds
[2023-05-29T09:41:47.153+0000] {processor.py:157} INFO - Started process (PID=1099) to work on /home/airflow/.local/lib/python3.7/site-packages/airflow/example_dags/example_trigger_controller_dag.py
[2023-05-29T09:41:47.154+0000] {processor.py:826} INFO - Processing file /home/airflow/.local/lib/python3.7/site-packages/airflow/example_dags/example_trigger_controller_dag.py for tasks to queue
[2023-05-29T09:41:47.155+0000] {logging_mixin.py:149} INFO - [2023-05-29T09:41:47.155+0000] {dagbag.py:541} INFO - Filling up the DagBag from /home/airflow/.local/lib/python3.7/site-packages/airflow/example_dags/example_trigger_controller_dag.py
[2023-05-29T09:41:47.158+0000] {processor.py:836} INFO - DAG(s) dict_keys(['example_trigger_controller_dag']) retrieved from /home/airflow/.local/lib/python3.7/site-packages/airflow/example_dags/example_trigger_controller_dag.py
[2023-05-29T09:41:47.176+0000] {logging_mixin.py:149} INFO - [2023-05-29T09:41:47.176+0000] {dag.py:2726} INFO - Sync 1 DAGs
[2023-05-29T09:41:47.192+0000] {logging_mixin.py:149} INFO - [2023-05-29T09:41:47.191+0000] {dag.py:3490} INFO - Setting next_dagrun for example_trigger_controller_dag to 2021-01-01T00:00:00+00:00, run_after=2021-01-01T00:00:00+00:00
[2023-05-29T09:41:47.202+0000] {processor.py:179} INFO - Processing /home/airflow/.local/lib/python3.7/site-packages/airflow/example_dags/example_trigger_controller_dag.py took 0.051 seconds
[2023-05-29T09:42:17.845+0000] {processor.py:157} INFO - Started process (PID=1156) to work on /home/airflow/.local/lib/python3.7/site-packages/airflow/example_dags/example_trigger_controller_dag.py
[2023-05-29T09:42:17.846+0000] {processor.py:826} INFO - Processing file /home/airflow/.local/lib/python3.7/site-packages/airflow/example_dags/example_trigger_controller_dag.py for tasks to queue
[2023-05-29T09:42:17.850+0000] {logging_mixin.py:149} INFO - [2023-05-29T09:42:17.850+0000] {dagbag.py:541} INFO - Filling up the DagBag from /home/airflow/.local/lib/python3.7/site-packages/airflow/example_dags/example_trigger_controller_dag.py
[2023-05-29T09:42:17.854+0000] {processor.py:836} INFO - DAG(s) dict_keys(['example_trigger_controller_dag']) retrieved from /home/airflow/.local/lib/python3.7/site-packages/airflow/example_dags/example_trigger_controller_dag.py
[2023-05-29T09:42:17.875+0000] {logging_mixin.py:149} INFO - [2023-05-29T09:42:17.874+0000] {dag.py:2726} INFO - Sync 1 DAGs
[2023-05-29T09:42:17.892+0000] {logging_mixin.py:149} INFO - [2023-05-29T09:42:17.892+0000] {dag.py:3490} INFO - Setting next_dagrun for example_trigger_controller_dag to 2021-01-01T00:00:00+00:00, run_after=2021-01-01T00:00:00+00:00
[2023-05-29T09:42:17.905+0000] {processor.py:179} INFO - Processing /home/airflow/.local/lib/python3.7/site-packages/airflow/example_dags/example_trigger_controller_dag.py took 0.064 seconds
[2023-05-29T09:42:48.210+0000] {processor.py:157} INFO - Started process (PID=1212) to work on /home/airflow/.local/lib/python3.7/site-packages/airflow/example_dags/example_trigger_controller_dag.py
[2023-05-29T09:42:48.211+0000] {processor.py:826} INFO - Processing file /home/airflow/.local/lib/python3.7/site-packages/airflow/example_dags/example_trigger_controller_dag.py for tasks to queue
[2023-05-29T09:42:48.211+0000] {logging_mixin.py:149} INFO - [2023-05-29T09:42:48.211+0000] {dagbag.py:541} INFO - Filling up the DagBag from /home/airflow/.local/lib/python3.7/site-packages/airflow/example_dags/example_trigger_controller_dag.py
[2023-05-29T09:42:48.215+0000] {processor.py:836} INFO - DAG(s) dict_keys(['example_trigger_controller_dag']) retrieved from /home/airflow/.local/lib/python3.7/site-packages/airflow/example_dags/example_trigger_controller_dag.py
[2023-05-29T09:42:48.233+0000] {logging_mixin.py:149} INFO - [2023-05-29T09:42:48.233+0000] {dag.py:2726} INFO - Sync 1 DAGs
[2023-05-29T09:42:48.247+0000] {logging_mixin.py:149} INFO - [2023-05-29T09:42:48.247+0000] {dag.py:3490} INFO - Setting next_dagrun for example_trigger_controller_dag to 2021-01-01T00:00:00+00:00, run_after=2021-01-01T00:00:00+00:00
[2023-05-29T09:42:48.258+0000] {processor.py:179} INFO - Processing /home/airflow/.local/lib/python3.7/site-packages/airflow/example_dags/example_trigger_controller_dag.py took 0.050 seconds
