[2023-05-29T09:32:10.782+0000] {processor.py:157} INFO - Started process (PID=56) to work on /home/airflow/.local/lib/python3.7/site-packages/airflow/example_dags/example_dag_decorator.py
[2023-05-29T09:32:10.784+0000] {processor.py:826} INFO - Processing file /home/airflow/.local/lib/python3.7/site-packages/airflow/example_dags/example_dag_decorator.py for tasks to queue
[2023-05-29T09:32:10.786+0000] {logging_mixin.py:149} INFO - [2023-05-29T09:32:10.786+0000] {dagbag.py:541} INFO - Filling up the DagBag from /home/airflow/.local/lib/python3.7/site-packages/airflow/example_dags/example_dag_decorator.py
[2023-05-29T09:32:10.800+0000] {logging_mixin.py:149} INFO - [2023-05-29T09:32:10.799+0000] {taskmixin.py:211} WARNING - Dependency <Task(_PythonDecoratedOperator): prepare_email>, send_email already registered for DAG: example_dag_decorator
[2023-05-29T09:32:10.800+0000] {logging_mixin.py:149} INFO - [2023-05-29T09:32:10.800+0000] {taskmixin.py:211} WARNING - Dependency <Task(EmailOperator): send_email>, prepare_email already registered for DAG: example_dag_decorator
[2023-05-29T09:32:10.822+0000] {processor.py:836} INFO - DAG(s) dict_keys(['example_dag_decorator']) retrieved from /home/airflow/.local/lib/python3.7/site-packages/airflow/example_dags/example_dag_decorator.py
[2023-05-29T09:32:10.861+0000] {logging_mixin.py:149} INFO - [2023-05-29T09:32:10.860+0000] {dag.py:2726} INFO - Sync 1 DAGs
[2023-05-29T09:32:10.897+0000] {logging_mixin.py:149} INFO - [2023-05-29T09:32:10.897+0000] {dag.py:3490} INFO - Setting next_dagrun for example_dag_decorator to None, run_after=None
[2023-05-29T09:32:10.926+0000] {processor.py:179} INFO - Processing /home/airflow/.local/lib/python3.7/site-packages/airflow/example_dags/example_dag_decorator.py took 0.146 seconds
[2023-05-29T09:32:41.221+0000] {processor.py:157} INFO - Started process (PID=112) to work on /home/airflow/.local/lib/python3.7/site-packages/airflow/example_dags/example_dag_decorator.py
[2023-05-29T09:32:41.222+0000] {processor.py:826} INFO - Processing file /home/airflow/.local/lib/python3.7/site-packages/airflow/example_dags/example_dag_decorator.py for tasks to queue
[2023-05-29T09:32:41.223+0000] {logging_mixin.py:149} INFO - [2023-05-29T09:32:41.223+0000] {dagbag.py:541} INFO - Filling up the DagBag from /home/airflow/.local/lib/python3.7/site-packages/airflow/example_dags/example_dag_decorator.py
[2023-05-29T09:32:41.228+0000] {logging_mixin.py:149} INFO - [2023-05-29T09:32:41.227+0000] {taskmixin.py:211} WARNING - Dependency <Task(_PythonDecoratedOperator): prepare_email>, send_email already registered for DAG: example_dag_decorator
[2023-05-29T09:32:41.228+0000] {logging_mixin.py:149} INFO - [2023-05-29T09:32:41.228+0000] {taskmixin.py:211} WARNING - Dependency <Task(EmailOperator): send_email>, prepare_email already registered for DAG: example_dag_decorator
[2023-05-29T09:32:41.234+0000] {processor.py:836} INFO - DAG(s) dict_keys(['example_dag_decorator']) retrieved from /home/airflow/.local/lib/python3.7/site-packages/airflow/example_dags/example_dag_decorator.py
[2023-05-29T09:32:41.272+0000] {logging_mixin.py:149} INFO - [2023-05-29T09:32:41.272+0000] {dag.py:2726} INFO - Sync 1 DAGs
[2023-05-29T09:32:41.285+0000] {logging_mixin.py:149} INFO - [2023-05-29T09:32:41.285+0000] {dag.py:3490} INFO - Setting next_dagrun for example_dag_decorator to None, run_after=None
[2023-05-29T09:32:41.296+0000] {processor.py:179} INFO - Processing /home/airflow/.local/lib/python3.7/site-packages/airflow/example_dags/example_dag_decorator.py took 0.077 seconds
[2023-05-29T09:33:11.556+0000] {processor.py:157} INFO - Started process (PID=168) to work on /home/airflow/.local/lib/python3.7/site-packages/airflow/example_dags/example_dag_decorator.py
[2023-05-29T09:33:11.557+0000] {processor.py:826} INFO - Processing file /home/airflow/.local/lib/python3.7/site-packages/airflow/example_dags/example_dag_decorator.py for tasks to queue
[2023-05-29T09:33:11.558+0000] {logging_mixin.py:149} INFO - [2023-05-29T09:33:11.558+0000] {dagbag.py:541} INFO - Filling up the DagBag from /home/airflow/.local/lib/python3.7/site-packages/airflow/example_dags/example_dag_decorator.py
[2023-05-29T09:33:11.563+0000] {logging_mixin.py:149} INFO - [2023-05-29T09:33:11.563+0000] {taskmixin.py:211} WARNING - Dependency <Task(_PythonDecoratedOperator): prepare_email>, send_email already registered for DAG: example_dag_decorator
[2023-05-29T09:33:11.564+0000] {logging_mixin.py:149} INFO - [2023-05-29T09:33:11.564+0000] {taskmixin.py:211} WARNING - Dependency <Task(EmailOperator): send_email>, prepare_email already registered for DAG: example_dag_decorator
[2023-05-29T09:33:11.570+0000] {processor.py:836} INFO - DAG(s) dict_keys(['example_dag_decorator']) retrieved from /home/airflow/.local/lib/python3.7/site-packages/airflow/example_dags/example_dag_decorator.py
[2023-05-29T09:33:11.610+0000] {logging_mixin.py:149} INFO - [2023-05-29T09:33:11.610+0000] {dag.py:2726} INFO - Sync 1 DAGs
[2023-05-29T09:33:11.624+0000] {logging_mixin.py:149} INFO - [2023-05-29T09:33:11.624+0000] {dag.py:3490} INFO - Setting next_dagrun for example_dag_decorator to None, run_after=None
[2023-05-29T09:33:11.638+0000] {processor.py:179} INFO - Processing /home/airflow/.local/lib/python3.7/site-packages/airflow/example_dags/example_dag_decorator.py took 0.085 seconds
[2023-05-29T09:33:42.024+0000] {processor.py:157} INFO - Started process (PID=224) to work on /home/airflow/.local/lib/python3.7/site-packages/airflow/example_dags/example_dag_decorator.py
[2023-05-29T09:33:42.025+0000] {processor.py:826} INFO - Processing file /home/airflow/.local/lib/python3.7/site-packages/airflow/example_dags/example_dag_decorator.py for tasks to queue
[2023-05-29T09:33:42.026+0000] {logging_mixin.py:149} INFO - [2023-05-29T09:33:42.025+0000] {dagbag.py:541} INFO - Filling up the DagBag from /home/airflow/.local/lib/python3.7/site-packages/airflow/example_dags/example_dag_decorator.py
[2023-05-29T09:33:42.031+0000] {logging_mixin.py:149} INFO - [2023-05-29T09:33:42.031+0000] {taskmixin.py:211} WARNING - Dependency <Task(_PythonDecoratedOperator): prepare_email>, send_email already registered for DAG: example_dag_decorator
[2023-05-29T09:33:42.032+0000] {logging_mixin.py:149} INFO - [2023-05-29T09:33:42.031+0000] {taskmixin.py:211} WARNING - Dependency <Task(EmailOperator): send_email>, prepare_email already registered for DAG: example_dag_decorator
[2023-05-29T09:33:42.039+0000] {processor.py:836} INFO - DAG(s) dict_keys(['example_dag_decorator']) retrieved from /home/airflow/.local/lib/python3.7/site-packages/airflow/example_dags/example_dag_decorator.py
[2023-05-29T09:33:42.080+0000] {logging_mixin.py:149} INFO - [2023-05-29T09:33:42.080+0000] {dag.py:2726} INFO - Sync 1 DAGs
[2023-05-29T09:33:42.096+0000] {logging_mixin.py:149} INFO - [2023-05-29T09:33:42.095+0000] {dag.py:3490} INFO - Setting next_dagrun for example_dag_decorator to None, run_after=None
[2023-05-29T09:33:42.110+0000] {processor.py:179} INFO - Processing /home/airflow/.local/lib/python3.7/site-packages/airflow/example_dags/example_dag_decorator.py took 0.088 seconds
[2023-05-29T09:34:12.521+0000] {processor.py:157} INFO - Started process (PID=280) to work on /home/airflow/.local/lib/python3.7/site-packages/airflow/example_dags/example_dag_decorator.py
[2023-05-29T09:34:12.522+0000] {processor.py:826} INFO - Processing file /home/airflow/.local/lib/python3.7/site-packages/airflow/example_dags/example_dag_decorator.py for tasks to queue
[2023-05-29T09:34:12.523+0000] {logging_mixin.py:149} INFO - [2023-05-29T09:34:12.523+0000] {dagbag.py:541} INFO - Filling up the DagBag from /home/airflow/.local/lib/python3.7/site-packages/airflow/example_dags/example_dag_decorator.py
[2023-05-29T09:34:12.528+0000] {logging_mixin.py:149} INFO - [2023-05-29T09:34:12.528+0000] {taskmixin.py:211} WARNING - Dependency <Task(_PythonDecoratedOperator): prepare_email>, send_email already registered for DAG: example_dag_decorator
[2023-05-29T09:34:12.529+0000] {logging_mixin.py:149} INFO - [2023-05-29T09:34:12.529+0000] {taskmixin.py:211} WARNING - Dependency <Task(EmailOperator): send_email>, prepare_email already registered for DAG: example_dag_decorator
[2023-05-29T09:34:12.535+0000] {processor.py:836} INFO - DAG(s) dict_keys(['example_dag_decorator']) retrieved from /home/airflow/.local/lib/python3.7/site-packages/airflow/example_dags/example_dag_decorator.py
[2023-05-29T09:34:12.578+0000] {logging_mixin.py:149} INFO - [2023-05-29T09:34:12.577+0000] {dag.py:2726} INFO - Sync 1 DAGs
[2023-05-29T09:34:12.591+0000] {logging_mixin.py:149} INFO - [2023-05-29T09:34:12.591+0000] {dag.py:3490} INFO - Setting next_dagrun for example_dag_decorator to None, run_after=None
[2023-05-29T09:34:12.603+0000] {processor.py:179} INFO - Processing /home/airflow/.local/lib/python3.7/site-packages/airflow/example_dags/example_dag_decorator.py took 0.085 seconds
[2023-05-29T09:34:42.942+0000] {processor.py:157} INFO - Started process (PID=336) to work on /home/airflow/.local/lib/python3.7/site-packages/airflow/example_dags/example_dag_decorator.py
[2023-05-29T09:34:42.943+0000] {processor.py:826} INFO - Processing file /home/airflow/.local/lib/python3.7/site-packages/airflow/example_dags/example_dag_decorator.py for tasks to queue
[2023-05-29T09:34:42.944+0000] {logging_mixin.py:149} INFO - [2023-05-29T09:34:42.944+0000] {dagbag.py:541} INFO - Filling up the DagBag from /home/airflow/.local/lib/python3.7/site-packages/airflow/example_dags/example_dag_decorator.py
[2023-05-29T09:34:42.949+0000] {logging_mixin.py:149} INFO - [2023-05-29T09:34:42.949+0000] {taskmixin.py:211} WARNING - Dependency <Task(_PythonDecoratedOperator): prepare_email>, send_email already registered for DAG: example_dag_decorator
[2023-05-29T09:34:42.949+0000] {logging_mixin.py:149} INFO - [2023-05-29T09:34:42.949+0000] {taskmixin.py:211} WARNING - Dependency <Task(EmailOperator): send_email>, prepare_email already registered for DAG: example_dag_decorator
[2023-05-29T09:34:42.955+0000] {processor.py:836} INFO - DAG(s) dict_keys(['example_dag_decorator']) retrieved from /home/airflow/.local/lib/python3.7/site-packages/airflow/example_dags/example_dag_decorator.py
[2023-05-29T09:34:42.995+0000] {logging_mixin.py:149} INFO - [2023-05-29T09:34:42.995+0000] {dag.py:2726} INFO - Sync 1 DAGs
[2023-05-29T09:34:43.008+0000] {logging_mixin.py:149} INFO - [2023-05-29T09:34:43.008+0000] {dag.py:3490} INFO - Setting next_dagrun for example_dag_decorator to None, run_after=None
[2023-05-29T09:34:43.019+0000] {processor.py:179} INFO - Processing /home/airflow/.local/lib/python3.7/site-packages/airflow/example_dags/example_dag_decorator.py took 0.079 seconds
[2023-05-29T09:35:13.166+0000] {processor.py:157} INFO - Started process (PID=391) to work on /home/airflow/.local/lib/python3.7/site-packages/airflow/example_dags/example_dag_decorator.py
[2023-05-29T09:35:13.167+0000] {processor.py:826} INFO - Processing file /home/airflow/.local/lib/python3.7/site-packages/airflow/example_dags/example_dag_decorator.py for tasks to queue
[2023-05-29T09:35:13.168+0000] {logging_mixin.py:149} INFO - [2023-05-29T09:35:13.168+0000] {dagbag.py:541} INFO - Filling up the DagBag from /home/airflow/.local/lib/python3.7/site-packages/airflow/example_dags/example_dag_decorator.py
[2023-05-29T09:35:13.173+0000] {logging_mixin.py:149} INFO - [2023-05-29T09:35:13.173+0000] {taskmixin.py:211} WARNING - Dependency <Task(_PythonDecoratedOperator): prepare_email>, send_email already registered for DAG: example_dag_decorator
[2023-05-29T09:35:13.174+0000] {logging_mixin.py:149} INFO - [2023-05-29T09:35:13.174+0000] {taskmixin.py:211} WARNING - Dependency <Task(EmailOperator): send_email>, prepare_email already registered for DAG: example_dag_decorator
[2023-05-29T09:35:13.180+0000] {processor.py:836} INFO - DAG(s) dict_keys(['example_dag_decorator']) retrieved from /home/airflow/.local/lib/python3.7/site-packages/airflow/example_dags/example_dag_decorator.py
[2023-05-29T09:35:13.220+0000] {logging_mixin.py:149} INFO - [2023-05-29T09:35:13.220+0000] {dag.py:2726} INFO - Sync 1 DAGs
[2023-05-29T09:35:13.234+0000] {logging_mixin.py:149} INFO - [2023-05-29T09:35:13.234+0000] {dag.py:3490} INFO - Setting next_dagrun for example_dag_decorator to None, run_after=None
[2023-05-29T09:35:13.247+0000] {processor.py:179} INFO - Processing /home/airflow/.local/lib/python3.7/site-packages/airflow/example_dags/example_dag_decorator.py took 0.084 seconds
[2023-05-29T09:35:43.452+0000] {processor.py:157} INFO - Started process (PID=447) to work on /home/airflow/.local/lib/python3.7/site-packages/airflow/example_dags/example_dag_decorator.py
[2023-05-29T09:35:43.454+0000] {processor.py:826} INFO - Processing file /home/airflow/.local/lib/python3.7/site-packages/airflow/example_dags/example_dag_decorator.py for tasks to queue
[2023-05-29T09:35:43.454+0000] {logging_mixin.py:149} INFO - [2023-05-29T09:35:43.454+0000] {dagbag.py:541} INFO - Filling up the DagBag from /home/airflow/.local/lib/python3.7/site-packages/airflow/example_dags/example_dag_decorator.py
[2023-05-29T09:35:43.459+0000] {logging_mixin.py:149} INFO - [2023-05-29T09:35:43.459+0000] {taskmixin.py:211} WARNING - Dependency <Task(_PythonDecoratedOperator): prepare_email>, send_email already registered for DAG: example_dag_decorator
[2023-05-29T09:35:43.460+0000] {logging_mixin.py:149} INFO - [2023-05-29T09:35:43.460+0000] {taskmixin.py:211} WARNING - Dependency <Task(EmailOperator): send_email>, prepare_email already registered for DAG: example_dag_decorator
[2023-05-29T09:35:43.466+0000] {processor.py:836} INFO - DAG(s) dict_keys(['example_dag_decorator']) retrieved from /home/airflow/.local/lib/python3.7/site-packages/airflow/example_dags/example_dag_decorator.py
[2023-05-29T09:35:43.510+0000] {logging_mixin.py:149} INFO - [2023-05-29T09:35:43.510+0000] {dag.py:2726} INFO - Sync 1 DAGs
[2023-05-29T09:35:43.524+0000] {logging_mixin.py:149} INFO - [2023-05-29T09:35:43.523+0000] {dag.py:3490} INFO - Setting next_dagrun for example_dag_decorator to None, run_after=None
[2023-05-29T09:35:43.536+0000] {processor.py:179} INFO - Processing /home/airflow/.local/lib/python3.7/site-packages/airflow/example_dags/example_dag_decorator.py took 0.086 seconds
[2023-05-29T09:36:13.823+0000] {processor.py:157} INFO - Started process (PID=503) to work on /home/airflow/.local/lib/python3.7/site-packages/airflow/example_dags/example_dag_decorator.py
[2023-05-29T09:36:13.824+0000] {processor.py:826} INFO - Processing file /home/airflow/.local/lib/python3.7/site-packages/airflow/example_dags/example_dag_decorator.py for tasks to queue
[2023-05-29T09:36:13.825+0000] {logging_mixin.py:149} INFO - [2023-05-29T09:36:13.825+0000] {dagbag.py:541} INFO - Filling up the DagBag from /home/airflow/.local/lib/python3.7/site-packages/airflow/example_dags/example_dag_decorator.py
[2023-05-29T09:36:13.830+0000] {logging_mixin.py:149} INFO - [2023-05-29T09:36:13.830+0000] {taskmixin.py:211} WARNING - Dependency <Task(_PythonDecoratedOperator): prepare_email>, send_email already registered for DAG: example_dag_decorator
[2023-05-29T09:36:13.830+0000] {logging_mixin.py:149} INFO - [2023-05-29T09:36:13.830+0000] {taskmixin.py:211} WARNING - Dependency <Task(EmailOperator): send_email>, prepare_email already registered for DAG: example_dag_decorator
[2023-05-29T09:36:13.836+0000] {processor.py:836} INFO - DAG(s) dict_keys(['example_dag_decorator']) retrieved from /home/airflow/.local/lib/python3.7/site-packages/airflow/example_dags/example_dag_decorator.py
[2023-05-29T09:36:13.876+0000] {logging_mixin.py:149} INFO - [2023-05-29T09:36:13.876+0000] {dag.py:2726} INFO - Sync 1 DAGs
[2023-05-29T09:36:13.889+0000] {logging_mixin.py:149} INFO - [2023-05-29T09:36:13.889+0000] {dag.py:3490} INFO - Setting next_dagrun for example_dag_decorator to None, run_after=None
[2023-05-29T09:36:13.901+0000] {processor.py:179} INFO - Processing /home/airflow/.local/lib/python3.7/site-packages/airflow/example_dags/example_dag_decorator.py took 0.080 seconds
[2023-05-29T09:36:44.310+0000] {processor.py:157} INFO - Started process (PID=559) to work on /home/airflow/.local/lib/python3.7/site-packages/airflow/example_dags/example_dag_decorator.py
[2023-05-29T09:36:44.311+0000] {processor.py:826} INFO - Processing file /home/airflow/.local/lib/python3.7/site-packages/airflow/example_dags/example_dag_decorator.py for tasks to queue
[2023-05-29T09:36:44.313+0000] {logging_mixin.py:149} INFO - [2023-05-29T09:36:44.313+0000] {dagbag.py:541} INFO - Filling up the DagBag from /home/airflow/.local/lib/python3.7/site-packages/airflow/example_dags/example_dag_decorator.py
[2023-05-29T09:36:44.318+0000] {logging_mixin.py:149} INFO - [2023-05-29T09:36:44.318+0000] {taskmixin.py:211} WARNING - Dependency <Task(_PythonDecoratedOperator): prepare_email>, send_email already registered for DAG: example_dag_decorator
[2023-05-29T09:36:44.319+0000] {logging_mixin.py:149} INFO - [2023-05-29T09:36:44.319+0000] {taskmixin.py:211} WARNING - Dependency <Task(EmailOperator): send_email>, prepare_email already registered for DAG: example_dag_decorator
[2023-05-29T09:36:44.325+0000] {processor.py:836} INFO - DAG(s) dict_keys(['example_dag_decorator']) retrieved from /home/airflow/.local/lib/python3.7/site-packages/airflow/example_dags/example_dag_decorator.py
[2023-05-29T09:36:44.368+0000] {logging_mixin.py:149} INFO - [2023-05-29T09:36:44.367+0000] {dag.py:2726} INFO - Sync 1 DAGs
[2023-05-29T09:36:44.382+0000] {logging_mixin.py:149} INFO - [2023-05-29T09:36:44.382+0000] {dag.py:3490} INFO - Setting next_dagrun for example_dag_decorator to None, run_after=None
[2023-05-29T09:36:44.394+0000] {processor.py:179} INFO - Processing /home/airflow/.local/lib/python3.7/site-packages/airflow/example_dags/example_dag_decorator.py took 0.087 seconds
[2023-05-29T09:37:14.601+0000] {processor.py:157} INFO - Started process (PID=615) to work on /home/airflow/.local/lib/python3.7/site-packages/airflow/example_dags/example_dag_decorator.py
[2023-05-29T09:37:14.602+0000] {processor.py:826} INFO - Processing file /home/airflow/.local/lib/python3.7/site-packages/airflow/example_dags/example_dag_decorator.py for tasks to queue
[2023-05-29T09:37:14.603+0000] {logging_mixin.py:149} INFO - [2023-05-29T09:37:14.603+0000] {dagbag.py:541} INFO - Filling up the DagBag from /home/airflow/.local/lib/python3.7/site-packages/airflow/example_dags/example_dag_decorator.py
[2023-05-29T09:37:14.609+0000] {logging_mixin.py:149} INFO - [2023-05-29T09:37:14.609+0000] {taskmixin.py:211} WARNING - Dependency <Task(_PythonDecoratedOperator): prepare_email>, send_email already registered for DAG: example_dag_decorator
[2023-05-29T09:37:14.609+0000] {logging_mixin.py:149} INFO - [2023-05-29T09:37:14.609+0000] {taskmixin.py:211} WARNING - Dependency <Task(EmailOperator): send_email>, prepare_email already registered for DAG: example_dag_decorator
[2023-05-29T09:37:14.615+0000] {processor.py:836} INFO - DAG(s) dict_keys(['example_dag_decorator']) retrieved from /home/airflow/.local/lib/python3.7/site-packages/airflow/example_dags/example_dag_decorator.py
[2023-05-29T09:37:14.664+0000] {logging_mixin.py:149} INFO - [2023-05-29T09:37:14.664+0000] {dag.py:2726} INFO - Sync 1 DAGs
[2023-05-29T09:37:14.681+0000] {logging_mixin.py:149} INFO - [2023-05-29T09:37:14.681+0000] {dag.py:3490} INFO - Setting next_dagrun for example_dag_decorator to None, run_after=None
[2023-05-29T09:37:14.700+0000] {processor.py:179} INFO - Processing /home/airflow/.local/lib/python3.7/site-packages/airflow/example_dags/example_dag_decorator.py took 0.102 seconds
[2023-05-29T09:37:45.001+0000] {processor.py:157} INFO - Started process (PID=671) to work on /home/airflow/.local/lib/python3.7/site-packages/airflow/example_dags/example_dag_decorator.py
[2023-05-29T09:37:45.002+0000] {processor.py:826} INFO - Processing file /home/airflow/.local/lib/python3.7/site-packages/airflow/example_dags/example_dag_decorator.py for tasks to queue
[2023-05-29T09:37:45.002+0000] {logging_mixin.py:149} INFO - [2023-05-29T09:37:45.002+0000] {dagbag.py:541} INFO - Filling up the DagBag from /home/airflow/.local/lib/python3.7/site-packages/airflow/example_dags/example_dag_decorator.py
[2023-05-29T09:37:45.008+0000] {logging_mixin.py:149} INFO - [2023-05-29T09:37:45.007+0000] {taskmixin.py:211} WARNING - Dependency <Task(_PythonDecoratedOperator): prepare_email>, send_email already registered for DAG: example_dag_decorator
[2023-05-29T09:37:45.008+0000] {logging_mixin.py:149} INFO - [2023-05-29T09:37:45.008+0000] {taskmixin.py:211} WARNING - Dependency <Task(EmailOperator): send_email>, prepare_email already registered for DAG: example_dag_decorator
[2023-05-29T09:37:45.015+0000] {processor.py:836} INFO - DAG(s) dict_keys(['example_dag_decorator']) retrieved from /home/airflow/.local/lib/python3.7/site-packages/airflow/example_dags/example_dag_decorator.py
[2023-05-29T09:37:45.057+0000] {logging_mixin.py:149} INFO - [2023-05-29T09:37:45.057+0000] {dag.py:2726} INFO - Sync 1 DAGs
[2023-05-29T09:37:45.073+0000] {logging_mixin.py:149} INFO - [2023-05-29T09:37:45.073+0000] {dag.py:3490} INFO - Setting next_dagrun for example_dag_decorator to None, run_after=None
[2023-05-29T09:37:45.087+0000] {processor.py:179} INFO - Processing /home/airflow/.local/lib/python3.7/site-packages/airflow/example_dags/example_dag_decorator.py took 0.089 seconds
[2023-05-29T09:38:15.392+0000] {processor.py:157} INFO - Started process (PID=728) to work on /home/airflow/.local/lib/python3.7/site-packages/airflow/example_dags/example_dag_decorator.py
[2023-05-29T09:38:15.393+0000] {processor.py:826} INFO - Processing file /home/airflow/.local/lib/python3.7/site-packages/airflow/example_dags/example_dag_decorator.py for tasks to queue
[2023-05-29T09:38:15.394+0000] {logging_mixin.py:149} INFO - [2023-05-29T09:38:15.394+0000] {dagbag.py:541} INFO - Filling up the DagBag from /home/airflow/.local/lib/python3.7/site-packages/airflow/example_dags/example_dag_decorator.py
[2023-05-29T09:38:15.399+0000] {logging_mixin.py:149} INFO - [2023-05-29T09:38:15.399+0000] {taskmixin.py:211} WARNING - Dependency <Task(_PythonDecoratedOperator): prepare_email>, send_email already registered for DAG: example_dag_decorator
[2023-05-29T09:38:15.399+0000] {logging_mixin.py:149} INFO - [2023-05-29T09:38:15.399+0000] {taskmixin.py:211} WARNING - Dependency <Task(EmailOperator): send_email>, prepare_email already registered for DAG: example_dag_decorator
[2023-05-29T09:38:15.405+0000] {processor.py:836} INFO - DAG(s) dict_keys(['example_dag_decorator']) retrieved from /home/airflow/.local/lib/python3.7/site-packages/airflow/example_dags/example_dag_decorator.py
[2023-05-29T09:38:15.447+0000] {logging_mixin.py:149} INFO - [2023-05-29T09:38:15.447+0000] {dag.py:2726} INFO - Sync 1 DAGs
[2023-05-29T09:38:15.462+0000] {logging_mixin.py:149} INFO - [2023-05-29T09:38:15.462+0000] {dag.py:3490} INFO - Setting next_dagrun for example_dag_decorator to None, run_after=None
[2023-05-29T09:38:15.474+0000] {processor.py:179} INFO - Processing /home/airflow/.local/lib/python3.7/site-packages/airflow/example_dags/example_dag_decorator.py took 0.084 seconds
[2023-05-29T09:38:45.758+0000] {processor.py:157} INFO - Started process (PID=783) to work on /home/airflow/.local/lib/python3.7/site-packages/airflow/example_dags/example_dag_decorator.py
[2023-05-29T09:38:45.759+0000] {processor.py:826} INFO - Processing file /home/airflow/.local/lib/python3.7/site-packages/airflow/example_dags/example_dag_decorator.py for tasks to queue
[2023-05-29T09:38:45.760+0000] {logging_mixin.py:149} INFO - [2023-05-29T09:38:45.760+0000] {dagbag.py:541} INFO - Filling up the DagBag from /home/airflow/.local/lib/python3.7/site-packages/airflow/example_dags/example_dag_decorator.py
[2023-05-29T09:38:45.765+0000] {logging_mixin.py:149} INFO - [2023-05-29T09:38:45.765+0000] {taskmixin.py:211} WARNING - Dependency <Task(_PythonDecoratedOperator): prepare_email>, send_email already registered for DAG: example_dag_decorator
[2023-05-29T09:38:45.766+0000] {logging_mixin.py:149} INFO - [2023-05-29T09:38:45.766+0000] {taskmixin.py:211} WARNING - Dependency <Task(EmailOperator): send_email>, prepare_email already registered for DAG: example_dag_decorator
[2023-05-29T09:38:45.772+0000] {processor.py:836} INFO - DAG(s) dict_keys(['example_dag_decorator']) retrieved from /home/airflow/.local/lib/python3.7/site-packages/airflow/example_dags/example_dag_decorator.py
[2023-05-29T09:38:45.816+0000] {logging_mixin.py:149} INFO - [2023-05-29T09:38:45.816+0000] {dag.py:2726} INFO - Sync 1 DAGs
[2023-05-29T09:38:45.831+0000] {logging_mixin.py:149} INFO - [2023-05-29T09:38:45.831+0000] {dag.py:3490} INFO - Setting next_dagrun for example_dag_decorator to None, run_after=None
[2023-05-29T09:38:45.849+0000] {processor.py:179} INFO - Processing /home/airflow/.local/lib/python3.7/site-packages/airflow/example_dags/example_dag_decorator.py took 0.093 seconds
[2023-05-29T09:39:16.006+0000] {processor.py:157} INFO - Started process (PID=840) to work on /home/airflow/.local/lib/python3.7/site-packages/airflow/example_dags/example_dag_decorator.py
[2023-05-29T09:39:16.008+0000] {processor.py:826} INFO - Processing file /home/airflow/.local/lib/python3.7/site-packages/airflow/example_dags/example_dag_decorator.py for tasks to queue
[2023-05-29T09:39:16.008+0000] {logging_mixin.py:149} INFO - [2023-05-29T09:39:16.008+0000] {dagbag.py:541} INFO - Filling up the DagBag from /home/airflow/.local/lib/python3.7/site-packages/airflow/example_dags/example_dag_decorator.py
[2023-05-29T09:39:16.014+0000] {logging_mixin.py:149} INFO - [2023-05-29T09:39:16.013+0000] {taskmixin.py:211} WARNING - Dependency <Task(_PythonDecoratedOperator): prepare_email>, send_email already registered for DAG: example_dag_decorator
[2023-05-29T09:39:16.014+0000] {logging_mixin.py:149} INFO - [2023-05-29T09:39:16.014+0000] {taskmixin.py:211} WARNING - Dependency <Task(EmailOperator): send_email>, prepare_email already registered for DAG: example_dag_decorator
[2023-05-29T09:39:16.021+0000] {processor.py:836} INFO - DAG(s) dict_keys(['example_dag_decorator']) retrieved from /home/airflow/.local/lib/python3.7/site-packages/airflow/example_dags/example_dag_decorator.py
[2023-05-29T09:39:16.062+0000] {logging_mixin.py:149} INFO - [2023-05-29T09:39:16.062+0000] {dag.py:2726} INFO - Sync 1 DAGs
[2023-05-29T09:39:16.077+0000] {logging_mixin.py:149} INFO - [2023-05-29T09:39:16.077+0000] {dag.py:3490} INFO - Setting next_dagrun for example_dag_decorator to None, run_after=None
[2023-05-29T09:39:16.090+0000] {processor.py:179} INFO - Processing /home/airflow/.local/lib/python3.7/site-packages/airflow/example_dags/example_dag_decorator.py took 0.086 seconds
[2023-05-29T09:39:46.596+0000] {processor.py:157} INFO - Started process (PID=896) to work on /home/airflow/.local/lib/python3.7/site-packages/airflow/example_dags/example_dag_decorator.py
[2023-05-29T09:39:46.597+0000] {processor.py:826} INFO - Processing file /home/airflow/.local/lib/python3.7/site-packages/airflow/example_dags/example_dag_decorator.py for tasks to queue
[2023-05-29T09:39:46.598+0000] {logging_mixin.py:149} INFO - [2023-05-29T09:39:46.598+0000] {dagbag.py:541} INFO - Filling up the DagBag from /home/airflow/.local/lib/python3.7/site-packages/airflow/example_dags/example_dag_decorator.py
[2023-05-29T09:39:46.603+0000] {logging_mixin.py:149} INFO - [2023-05-29T09:39:46.603+0000] {taskmixin.py:211} WARNING - Dependency <Task(_PythonDecoratedOperator): prepare_email>, send_email already registered for DAG: example_dag_decorator
[2023-05-29T09:39:46.604+0000] {logging_mixin.py:149} INFO - [2023-05-29T09:39:46.603+0000] {taskmixin.py:211} WARNING - Dependency <Task(EmailOperator): send_email>, prepare_email already registered for DAG: example_dag_decorator
[2023-05-29T09:39:46.609+0000] {processor.py:836} INFO - DAG(s) dict_keys(['example_dag_decorator']) retrieved from /home/airflow/.local/lib/python3.7/site-packages/airflow/example_dags/example_dag_decorator.py
[2023-05-29T09:39:46.651+0000] {logging_mixin.py:149} INFO - [2023-05-29T09:39:46.651+0000] {dag.py:2726} INFO - Sync 1 DAGs
[2023-05-29T09:39:46.664+0000] {logging_mixin.py:149} INFO - [2023-05-29T09:39:46.664+0000] {dag.py:3490} INFO - Setting next_dagrun for example_dag_decorator to None, run_after=None
[2023-05-29T09:39:46.676+0000] {processor.py:179} INFO - Processing /home/airflow/.local/lib/python3.7/site-packages/airflow/example_dags/example_dag_decorator.py took 0.082 seconds
[2023-05-29T09:40:16.927+0000] {processor.py:157} INFO - Started process (PID=952) to work on /home/airflow/.local/lib/python3.7/site-packages/airflow/example_dags/example_dag_decorator.py
[2023-05-29T09:40:16.928+0000] {processor.py:826} INFO - Processing file /home/airflow/.local/lib/python3.7/site-packages/airflow/example_dags/example_dag_decorator.py for tasks to queue
[2023-05-29T09:40:16.929+0000] {logging_mixin.py:149} INFO - [2023-05-29T09:40:16.929+0000] {dagbag.py:541} INFO - Filling up the DagBag from /home/airflow/.local/lib/python3.7/site-packages/airflow/example_dags/example_dag_decorator.py
[2023-05-29T09:40:16.934+0000] {logging_mixin.py:149} INFO - [2023-05-29T09:40:16.934+0000] {taskmixin.py:211} WARNING - Dependency <Task(_PythonDecoratedOperator): prepare_email>, send_email already registered for DAG: example_dag_decorator
[2023-05-29T09:40:16.934+0000] {logging_mixin.py:149} INFO - [2023-05-29T09:40:16.934+0000] {taskmixin.py:211} WARNING - Dependency <Task(EmailOperator): send_email>, prepare_email already registered for DAG: example_dag_decorator
[2023-05-29T09:40:16.940+0000] {processor.py:836} INFO - DAG(s) dict_keys(['example_dag_decorator']) retrieved from /home/airflow/.local/lib/python3.7/site-packages/airflow/example_dags/example_dag_decorator.py
[2023-05-29T09:40:16.981+0000] {logging_mixin.py:149} INFO - [2023-05-29T09:40:16.981+0000] {dag.py:2726} INFO - Sync 1 DAGs
[2023-05-29T09:40:16.994+0000] {logging_mixin.py:149} INFO - [2023-05-29T09:40:16.994+0000] {dag.py:3490} INFO - Setting next_dagrun for example_dag_decorator to None, run_after=None
[2023-05-29T09:40:17.008+0000] {processor.py:179} INFO - Processing /home/airflow/.local/lib/python3.7/site-packages/airflow/example_dags/example_dag_decorator.py took 0.084 seconds
[2023-05-29T09:40:47.359+0000] {processor.py:157} INFO - Started process (PID=1009) to work on /home/airflow/.local/lib/python3.7/site-packages/airflow/example_dags/example_dag_decorator.py
[2023-05-29T09:40:47.361+0000] {processor.py:826} INFO - Processing file /home/airflow/.local/lib/python3.7/site-packages/airflow/example_dags/example_dag_decorator.py for tasks to queue
[2023-05-29T09:40:47.361+0000] {logging_mixin.py:149} INFO - [2023-05-29T09:40:47.361+0000] {dagbag.py:541} INFO - Filling up the DagBag from /home/airflow/.local/lib/python3.7/site-packages/airflow/example_dags/example_dag_decorator.py
[2023-05-29T09:40:47.368+0000] {logging_mixin.py:149} INFO - [2023-05-29T09:40:47.368+0000] {taskmixin.py:211} WARNING - Dependency <Task(_PythonDecoratedOperator): prepare_email>, send_email already registered for DAG: example_dag_decorator
[2023-05-29T09:40:47.368+0000] {logging_mixin.py:149} INFO - [2023-05-29T09:40:47.368+0000] {taskmixin.py:211} WARNING - Dependency <Task(EmailOperator): send_email>, prepare_email already registered for DAG: example_dag_decorator
[2023-05-29T09:40:47.374+0000] {processor.py:836} INFO - DAG(s) dict_keys(['example_dag_decorator']) retrieved from /home/airflow/.local/lib/python3.7/site-packages/airflow/example_dags/example_dag_decorator.py
[2023-05-29T09:40:47.420+0000] {logging_mixin.py:149} INFO - [2023-05-29T09:40:47.420+0000] {dag.py:2726} INFO - Sync 1 DAGs
[2023-05-29T09:40:47.434+0000] {logging_mixin.py:149} INFO - [2023-05-29T09:40:47.434+0000] {dag.py:3490} INFO - Setting next_dagrun for example_dag_decorator to None, run_after=None
[2023-05-29T09:40:47.453+0000] {processor.py:179} INFO - Processing /home/airflow/.local/lib/python3.7/site-packages/airflow/example_dags/example_dag_decorator.py took 0.096 seconds
[2023-05-29T09:41:17.697+0000] {processor.py:157} INFO - Started process (PID=1064) to work on /home/airflow/.local/lib/python3.7/site-packages/airflow/example_dags/example_dag_decorator.py
[2023-05-29T09:41:17.699+0000] {processor.py:826} INFO - Processing file /home/airflow/.local/lib/python3.7/site-packages/airflow/example_dags/example_dag_decorator.py for tasks to queue
[2023-05-29T09:41:17.699+0000] {logging_mixin.py:149} INFO - [2023-05-29T09:41:17.699+0000] {dagbag.py:541} INFO - Filling up the DagBag from /home/airflow/.local/lib/python3.7/site-packages/airflow/example_dags/example_dag_decorator.py
[2023-05-29T09:41:17.706+0000] {logging_mixin.py:149} INFO - [2023-05-29T09:41:17.706+0000] {taskmixin.py:211} WARNING - Dependency <Task(_PythonDecoratedOperator): prepare_email>, send_email already registered for DAG: example_dag_decorator
[2023-05-29T09:41:17.706+0000] {logging_mixin.py:149} INFO - [2023-05-29T09:41:17.706+0000] {taskmixin.py:211} WARNING - Dependency <Task(EmailOperator): send_email>, prepare_email already registered for DAG: example_dag_decorator
[2023-05-29T09:41:17.713+0000] {processor.py:836} INFO - DAG(s) dict_keys(['example_dag_decorator']) retrieved from /home/airflow/.local/lib/python3.7/site-packages/airflow/example_dags/example_dag_decorator.py
[2023-05-29T09:41:17.763+0000] {logging_mixin.py:149} INFO - [2023-05-29T09:41:17.763+0000] {dag.py:2726} INFO - Sync 1 DAGs
[2023-05-29T09:41:17.778+0000] {logging_mixin.py:149} INFO - [2023-05-29T09:41:17.778+0000] {dag.py:3490} INFO - Setting next_dagrun for example_dag_decorator to None, run_after=None
[2023-05-29T09:41:17.791+0000] {processor.py:179} INFO - Processing /home/airflow/.local/lib/python3.7/site-packages/airflow/example_dags/example_dag_decorator.py took 0.096 seconds
[2023-05-29T09:41:48.278+0000] {processor.py:157} INFO - Started process (PID=1120) to work on /home/airflow/.local/lib/python3.7/site-packages/airflow/example_dags/example_dag_decorator.py
[2023-05-29T09:41:48.280+0000] {processor.py:826} INFO - Processing file /home/airflow/.local/lib/python3.7/site-packages/airflow/example_dags/example_dag_decorator.py for tasks to queue
[2023-05-29T09:41:48.281+0000] {logging_mixin.py:149} INFO - [2023-05-29T09:41:48.281+0000] {dagbag.py:541} INFO - Filling up the DagBag from /home/airflow/.local/lib/python3.7/site-packages/airflow/example_dags/example_dag_decorator.py
[2023-05-29T09:41:48.287+0000] {logging_mixin.py:149} INFO - [2023-05-29T09:41:48.287+0000] {taskmixin.py:211} WARNING - Dependency <Task(_PythonDecoratedOperator): prepare_email>, send_email already registered for DAG: example_dag_decorator
[2023-05-29T09:41:48.288+0000] {logging_mixin.py:149} INFO - [2023-05-29T09:41:48.288+0000] {taskmixin.py:211} WARNING - Dependency <Task(EmailOperator): send_email>, prepare_email already registered for DAG: example_dag_decorator
[2023-05-29T09:41:48.294+0000] {processor.py:836} INFO - DAG(s) dict_keys(['example_dag_decorator']) retrieved from /home/airflow/.local/lib/python3.7/site-packages/airflow/example_dags/example_dag_decorator.py
[2023-05-29T09:41:48.337+0000] {logging_mixin.py:149} INFO - [2023-05-29T09:41:48.336+0000] {dag.py:2726} INFO - Sync 1 DAGs
[2023-05-29T09:41:48.350+0000] {logging_mixin.py:149} INFO - [2023-05-29T09:41:48.350+0000] {dag.py:3490} INFO - Setting next_dagrun for example_dag_decorator to None, run_after=None
[2023-05-29T09:41:48.363+0000] {processor.py:179} INFO - Processing /home/airflow/.local/lib/python3.7/site-packages/airflow/example_dags/example_dag_decorator.py took 0.087 seconds
[2023-05-29T09:42:18.816+0000] {processor.py:157} INFO - Started process (PID=1177) to work on /home/airflow/.local/lib/python3.7/site-packages/airflow/example_dags/example_dag_decorator.py
[2023-05-29T09:42:18.817+0000] {processor.py:826} INFO - Processing file /home/airflow/.local/lib/python3.7/site-packages/airflow/example_dags/example_dag_decorator.py for tasks to queue
[2023-05-29T09:42:18.818+0000] {logging_mixin.py:149} INFO - [2023-05-29T09:42:18.818+0000] {dagbag.py:541} INFO - Filling up the DagBag from /home/airflow/.local/lib/python3.7/site-packages/airflow/example_dags/example_dag_decorator.py
[2023-05-29T09:42:18.823+0000] {logging_mixin.py:149} INFO - [2023-05-29T09:42:18.823+0000] {taskmixin.py:211} WARNING - Dependency <Task(_PythonDecoratedOperator): prepare_email>, send_email already registered for DAG: example_dag_decorator
[2023-05-29T09:42:18.823+0000] {logging_mixin.py:149} INFO - [2023-05-29T09:42:18.823+0000] {taskmixin.py:211} WARNING - Dependency <Task(EmailOperator): send_email>, prepare_email already registered for DAG: example_dag_decorator
[2023-05-29T09:42:18.829+0000] {processor.py:836} INFO - DAG(s) dict_keys(['example_dag_decorator']) retrieved from /home/airflow/.local/lib/python3.7/site-packages/airflow/example_dags/example_dag_decorator.py
[2023-05-29T09:42:18.870+0000] {logging_mixin.py:149} INFO - [2023-05-29T09:42:18.870+0000] {dag.py:2726} INFO - Sync 1 DAGs
[2023-05-29T09:42:18.885+0000] {logging_mixin.py:149} INFO - [2023-05-29T09:42:18.884+0000] {dag.py:3490} INFO - Setting next_dagrun for example_dag_decorator to None, run_after=None
[2023-05-29T09:42:18.896+0000] {processor.py:179} INFO - Processing /home/airflow/.local/lib/python3.7/site-packages/airflow/example_dags/example_dag_decorator.py took 0.083 seconds
