[2023-05-29T09:32:09.451+0000] {processor.py:157} INFO - Started process (PID=41) to work on /home/airflow/.local/lib/python3.7/site-packages/airflow/example_dags/example_short_circuit_decorator.py
[2023-05-29T09:32:09.453+0000] {processor.py:826} INFO - Processing file /home/airflow/.local/lib/python3.7/site-packages/airflow/example_dags/example_short_circuit_decorator.py for tasks to queue
[2023-05-29T09:32:09.454+0000] {logging_mixin.py:149} INFO - [2023-05-29T09:32:09.454+0000] {dagbag.py:541} INFO - Filling up the DagBag from /home/airflow/.local/lib/python3.7/site-packages/airflow/example_dags/example_short_circuit_decorator.py
[2023-05-29T09:32:09.493+0000] {processor.py:836} INFO - DAG(s) dict_keys(['example_short_circuit_decorator']) retrieved from /home/airflow/.local/lib/python3.7/site-packages/airflow/example_dags/example_short_circuit_decorator.py
[2023-05-29T09:32:09.538+0000] {logging_mixin.py:149} INFO - [2023-05-29T09:32:09.538+0000] {dag.py:2726} INFO - Sync 1 DAGs
[2023-05-29T09:32:09.571+0000] {logging_mixin.py:149} INFO - [2023-05-29T09:32:09.571+0000] {dag.py:3490} INFO - Setting next_dagrun for example_short_circuit_decorator to 2023-05-28T09:32:09.571285+00:00, run_after=2023-05-29T09:32:09.571285+00:00
[2023-05-29T09:32:09.588+0000] {processor.py:179} INFO - Processing /home/airflow/.local/lib/python3.7/site-packages/airflow/example_dags/example_short_circuit_decorator.py took 0.142 seconds
[2023-05-29T09:32:40.574+0000] {processor.py:157} INFO - Started process (PID=97) to work on /home/airflow/.local/lib/python3.7/site-packages/airflow/example_dags/example_short_circuit_decorator.py
[2023-05-29T09:32:40.576+0000] {processor.py:826} INFO - Processing file /home/airflow/.local/lib/python3.7/site-packages/airflow/example_dags/example_short_circuit_decorator.py for tasks to queue
[2023-05-29T09:32:40.577+0000] {logging_mixin.py:149} INFO - [2023-05-29T09:32:40.577+0000] {dagbag.py:541} INFO - Filling up the DagBag from /home/airflow/.local/lib/python3.7/site-packages/airflow/example_dags/example_short_circuit_decorator.py
[2023-05-29T09:32:40.588+0000] {processor.py:836} INFO - DAG(s) dict_keys(['example_short_circuit_decorator']) retrieved from /home/airflow/.local/lib/python3.7/site-packages/airflow/example_dags/example_short_circuit_decorator.py
[2023-05-29T09:32:40.610+0000] {logging_mixin.py:149} INFO - [2023-05-29T09:32:40.610+0000] {dag.py:2726} INFO - Sync 1 DAGs
[2023-05-29T09:32:40.626+0000] {logging_mixin.py:149} INFO - [2023-05-29T09:32:40.626+0000] {dag.py:3490} INFO - Setting next_dagrun for example_short_circuit_decorator to 2023-05-28T09:32:40.626502+00:00, run_after=2023-05-29T09:32:40.626502+00:00
[2023-05-29T09:32:40.638+0000] {processor.py:179} INFO - Processing /home/airflow/.local/lib/python3.7/site-packages/airflow/example_dags/example_short_circuit_decorator.py took 0.069 seconds
[2023-05-29T09:33:10.942+0000] {processor.py:157} INFO - Started process (PID=153) to work on /home/airflow/.local/lib/python3.7/site-packages/airflow/example_dags/example_short_circuit_decorator.py
[2023-05-29T09:33:10.944+0000] {processor.py:826} INFO - Processing file /home/airflow/.local/lib/python3.7/site-packages/airflow/example_dags/example_short_circuit_decorator.py for tasks to queue
[2023-05-29T09:33:10.945+0000] {logging_mixin.py:149} INFO - [2023-05-29T09:33:10.945+0000] {dagbag.py:541} INFO - Filling up the DagBag from /home/airflow/.local/lib/python3.7/site-packages/airflow/example_dags/example_short_circuit_decorator.py
[2023-05-29T09:33:10.955+0000] {processor.py:836} INFO - DAG(s) dict_keys(['example_short_circuit_decorator']) retrieved from /home/airflow/.local/lib/python3.7/site-packages/airflow/example_dags/example_short_circuit_decorator.py
[2023-05-29T09:33:10.976+0000] {logging_mixin.py:149} INFO - [2023-05-29T09:33:10.976+0000] {dag.py:2726} INFO - Sync 1 DAGs
[2023-05-29T09:33:10.992+0000] {logging_mixin.py:149} INFO - [2023-05-29T09:33:10.992+0000] {dag.py:3490} INFO - Setting next_dagrun for example_short_circuit_decorator to 2023-05-28T09:33:10.992131+00:00, run_after=2023-05-29T09:33:10.992131+00:00
[2023-05-29T09:33:11.005+0000] {processor.py:179} INFO - Processing /home/airflow/.local/lib/python3.7/site-packages/airflow/example_dags/example_short_circuit_decorator.py took 0.069 seconds
[2023-05-29T09:33:41.329+0000] {processor.py:157} INFO - Started process (PID=209) to work on /home/airflow/.local/lib/python3.7/site-packages/airflow/example_dags/example_short_circuit_decorator.py
[2023-05-29T09:33:41.331+0000] {processor.py:826} INFO - Processing file /home/airflow/.local/lib/python3.7/site-packages/airflow/example_dags/example_short_circuit_decorator.py for tasks to queue
[2023-05-29T09:33:41.331+0000] {logging_mixin.py:149} INFO - [2023-05-29T09:33:41.331+0000] {dagbag.py:541} INFO - Filling up the DagBag from /home/airflow/.local/lib/python3.7/site-packages/airflow/example_dags/example_short_circuit_decorator.py
[2023-05-29T09:33:41.338+0000] {processor.py:836} INFO - DAG(s) dict_keys(['example_short_circuit_decorator']) retrieved from /home/airflow/.local/lib/python3.7/site-packages/airflow/example_dags/example_short_circuit_decorator.py
[2023-05-29T09:33:41.360+0000] {logging_mixin.py:149} INFO - [2023-05-29T09:33:41.360+0000] {dag.py:2726} INFO - Sync 1 DAGs
[2023-05-29T09:33:41.378+0000] {logging_mixin.py:149} INFO - [2023-05-29T09:33:41.378+0000] {dag.py:3490} INFO - Setting next_dagrun for example_short_circuit_decorator to 2023-05-28T09:33:41.378109+00:00, run_after=2023-05-29T09:33:41.378109+00:00
[2023-05-29T09:33:41.392+0000] {processor.py:179} INFO - Processing /home/airflow/.local/lib/python3.7/site-packages/airflow/example_dags/example_short_circuit_decorator.py took 0.065 seconds
[2023-05-29T09:34:11.907+0000] {processor.py:157} INFO - Started process (PID=265) to work on /home/airflow/.local/lib/python3.7/site-packages/airflow/example_dags/example_short_circuit_decorator.py
[2023-05-29T09:34:11.909+0000] {processor.py:826} INFO - Processing file /home/airflow/.local/lib/python3.7/site-packages/airflow/example_dags/example_short_circuit_decorator.py for tasks to queue
[2023-05-29T09:34:11.910+0000] {logging_mixin.py:149} INFO - [2023-05-29T09:34:11.910+0000] {dagbag.py:541} INFO - Filling up the DagBag from /home/airflow/.local/lib/python3.7/site-packages/airflow/example_dags/example_short_circuit_decorator.py
[2023-05-29T09:34:11.921+0000] {processor.py:836} INFO - DAG(s) dict_keys(['example_short_circuit_decorator']) retrieved from /home/airflow/.local/lib/python3.7/site-packages/airflow/example_dags/example_short_circuit_decorator.py
[2023-05-29T09:34:11.945+0000] {logging_mixin.py:149} INFO - [2023-05-29T09:34:11.945+0000] {dag.py:2726} INFO - Sync 1 DAGs
[2023-05-29T09:34:11.963+0000] {logging_mixin.py:149} INFO - [2023-05-29T09:34:11.962+0000] {dag.py:3490} INFO - Setting next_dagrun for example_short_circuit_decorator to 2023-05-28T09:34:11.962682+00:00, run_after=2023-05-29T09:34:11.962682+00:00
[2023-05-29T09:34:11.974+0000] {processor.py:179} INFO - Processing /home/airflow/.local/lib/python3.7/site-packages/airflow/example_dags/example_short_circuit_decorator.py took 0.070 seconds
[2023-05-29T09:34:42.348+0000] {processor.py:157} INFO - Started process (PID=321) to work on /home/airflow/.local/lib/python3.7/site-packages/airflow/example_dags/example_short_circuit_decorator.py
[2023-05-29T09:34:42.349+0000] {processor.py:826} INFO - Processing file /home/airflow/.local/lib/python3.7/site-packages/airflow/example_dags/example_short_circuit_decorator.py for tasks to queue
[2023-05-29T09:34:42.350+0000] {logging_mixin.py:149} INFO - [2023-05-29T09:34:42.350+0000] {dagbag.py:541} INFO - Filling up the DagBag from /home/airflow/.local/lib/python3.7/site-packages/airflow/example_dags/example_short_circuit_decorator.py
[2023-05-29T09:34:42.358+0000] {processor.py:836} INFO - DAG(s) dict_keys(['example_short_circuit_decorator']) retrieved from /home/airflow/.local/lib/python3.7/site-packages/airflow/example_dags/example_short_circuit_decorator.py
[2023-05-29T09:34:42.378+0000] {logging_mixin.py:149} INFO - [2023-05-29T09:34:42.377+0000] {dag.py:2726} INFO - Sync 1 DAGs
[2023-05-29T09:34:42.393+0000] {logging_mixin.py:149} INFO - [2023-05-29T09:34:42.393+0000] {dag.py:3490} INFO - Setting next_dagrun for example_short_circuit_decorator to 2023-05-28T09:34:42.393482+00:00, run_after=2023-05-29T09:34:42.393482+00:00
[2023-05-29T09:34:42.405+0000] {processor.py:179} INFO - Processing /home/airflow/.local/lib/python3.7/site-packages/airflow/example_dags/example_short_circuit_decorator.py took 0.060 seconds
[2023-05-29T09:35:12.567+0000] {processor.py:157} INFO - Started process (PID=376) to work on /home/airflow/.local/lib/python3.7/site-packages/airflow/example_dags/example_short_circuit_decorator.py
[2023-05-29T09:35:12.569+0000] {processor.py:826} INFO - Processing file /home/airflow/.local/lib/python3.7/site-packages/airflow/example_dags/example_short_circuit_decorator.py for tasks to queue
[2023-05-29T09:35:12.569+0000] {logging_mixin.py:149} INFO - [2023-05-29T09:35:12.569+0000] {dagbag.py:541} INFO - Filling up the DagBag from /home/airflow/.local/lib/python3.7/site-packages/airflow/example_dags/example_short_circuit_decorator.py
[2023-05-29T09:35:12.576+0000] {processor.py:836} INFO - DAG(s) dict_keys(['example_short_circuit_decorator']) retrieved from /home/airflow/.local/lib/python3.7/site-packages/airflow/example_dags/example_short_circuit_decorator.py
[2023-05-29T09:35:12.596+0000] {logging_mixin.py:149} INFO - [2023-05-29T09:35:12.596+0000] {dag.py:2726} INFO - Sync 1 DAGs
[2023-05-29T09:35:12.612+0000] {logging_mixin.py:149} INFO - [2023-05-29T09:35:12.612+0000] {dag.py:3490} INFO - Setting next_dagrun for example_short_circuit_decorator to 2023-05-28T09:35:12.611855+00:00, run_after=2023-05-29T09:35:12.611855+00:00
[2023-05-29T09:35:12.622+0000] {processor.py:179} INFO - Processing /home/airflow/.local/lib/python3.7/site-packages/airflow/example_dags/example_short_circuit_decorator.py took 0.057 seconds
[2023-05-29T09:35:42.845+0000] {processor.py:157} INFO - Started process (PID=432) to work on /home/airflow/.local/lib/python3.7/site-packages/airflow/example_dags/example_short_circuit_decorator.py
[2023-05-29T09:35:42.847+0000] {processor.py:826} INFO - Processing file /home/airflow/.local/lib/python3.7/site-packages/airflow/example_dags/example_short_circuit_decorator.py for tasks to queue
[2023-05-29T09:35:42.848+0000] {logging_mixin.py:149} INFO - [2023-05-29T09:35:42.848+0000] {dagbag.py:541} INFO - Filling up the DagBag from /home/airflow/.local/lib/python3.7/site-packages/airflow/example_dags/example_short_circuit_decorator.py
[2023-05-29T09:35:42.855+0000] {processor.py:836} INFO - DAG(s) dict_keys(['example_short_circuit_decorator']) retrieved from /home/airflow/.local/lib/python3.7/site-packages/airflow/example_dags/example_short_circuit_decorator.py
[2023-05-29T09:35:42.877+0000] {logging_mixin.py:149} INFO - [2023-05-29T09:35:42.877+0000] {dag.py:2726} INFO - Sync 1 DAGs
[2023-05-29T09:35:42.895+0000] {logging_mixin.py:149} INFO - [2023-05-29T09:35:42.895+0000] {dag.py:3490} INFO - Setting next_dagrun for example_short_circuit_decorator to 2023-05-28T09:35:42.894758+00:00, run_after=2023-05-29T09:35:42.894758+00:00
[2023-05-29T09:35:42.906+0000] {processor.py:179} INFO - Processing /home/airflow/.local/lib/python3.7/site-packages/airflow/example_dags/example_short_circuit_decorator.py took 0.064 seconds
[2023-05-29T09:36:13.210+0000] {processor.py:157} INFO - Started process (PID=488) to work on /home/airflow/.local/lib/python3.7/site-packages/airflow/example_dags/example_short_circuit_decorator.py
[2023-05-29T09:36:13.211+0000] {processor.py:826} INFO - Processing file /home/airflow/.local/lib/python3.7/site-packages/airflow/example_dags/example_short_circuit_decorator.py for tasks to queue
[2023-05-29T09:36:13.212+0000] {logging_mixin.py:149} INFO - [2023-05-29T09:36:13.212+0000] {dagbag.py:541} INFO - Filling up the DagBag from /home/airflow/.local/lib/python3.7/site-packages/airflow/example_dags/example_short_circuit_decorator.py
[2023-05-29T09:36:13.219+0000] {processor.py:836} INFO - DAG(s) dict_keys(['example_short_circuit_decorator']) retrieved from /home/airflow/.local/lib/python3.7/site-packages/airflow/example_dags/example_short_circuit_decorator.py
[2023-05-29T09:36:13.238+0000] {logging_mixin.py:149} INFO - [2023-05-29T09:36:13.238+0000] {dag.py:2726} INFO - Sync 1 DAGs
[2023-05-29T09:36:13.254+0000] {logging_mixin.py:149} INFO - [2023-05-29T09:36:13.254+0000] {dag.py:3490} INFO - Setting next_dagrun for example_short_circuit_decorator to 2023-05-28T09:36:13.254134+00:00, run_after=2023-05-29T09:36:13.254134+00:00
[2023-05-29T09:36:13.265+0000] {processor.py:179} INFO - Processing /home/airflow/.local/lib/python3.7/site-packages/airflow/example_dags/example_short_circuit_decorator.py took 0.058 seconds
[2023-05-29T09:36:43.691+0000] {processor.py:157} INFO - Started process (PID=544) to work on /home/airflow/.local/lib/python3.7/site-packages/airflow/example_dags/example_short_circuit_decorator.py
[2023-05-29T09:36:43.692+0000] {processor.py:826} INFO - Processing file /home/airflow/.local/lib/python3.7/site-packages/airflow/example_dags/example_short_circuit_decorator.py for tasks to queue
[2023-05-29T09:36:43.693+0000] {logging_mixin.py:149} INFO - [2023-05-29T09:36:43.693+0000] {dagbag.py:541} INFO - Filling up the DagBag from /home/airflow/.local/lib/python3.7/site-packages/airflow/example_dags/example_short_circuit_decorator.py
[2023-05-29T09:36:43.700+0000] {processor.py:836} INFO - DAG(s) dict_keys(['example_short_circuit_decorator']) retrieved from /home/airflow/.local/lib/python3.7/site-packages/airflow/example_dags/example_short_circuit_decorator.py
[2023-05-29T09:36:43.720+0000] {logging_mixin.py:149} INFO - [2023-05-29T09:36:43.720+0000] {dag.py:2726} INFO - Sync 1 DAGs
[2023-05-29T09:36:43.736+0000] {logging_mixin.py:149} INFO - [2023-05-29T09:36:43.736+0000] {dag.py:3490} INFO - Setting next_dagrun for example_short_circuit_decorator to 2023-05-28T09:36:43.736236+00:00, run_after=2023-05-29T09:36:43.736236+00:00
[2023-05-29T09:36:43.748+0000] {processor.py:179} INFO - Processing /home/airflow/.local/lib/python3.7/site-packages/airflow/example_dags/example_short_circuit_decorator.py took 0.060 seconds
[2023-05-29T09:37:13.958+0000] {processor.py:157} INFO - Started process (PID=600) to work on /home/airflow/.local/lib/python3.7/site-packages/airflow/example_dags/example_short_circuit_decorator.py
[2023-05-29T09:37:13.960+0000] {processor.py:826} INFO - Processing file /home/airflow/.local/lib/python3.7/site-packages/airflow/example_dags/example_short_circuit_decorator.py for tasks to queue
[2023-05-29T09:37:13.960+0000] {logging_mixin.py:149} INFO - [2023-05-29T09:37:13.960+0000] {dagbag.py:541} INFO - Filling up the DagBag from /home/airflow/.local/lib/python3.7/site-packages/airflow/example_dags/example_short_circuit_decorator.py
[2023-05-29T09:37:13.968+0000] {processor.py:836} INFO - DAG(s) dict_keys(['example_short_circuit_decorator']) retrieved from /home/airflow/.local/lib/python3.7/site-packages/airflow/example_dags/example_short_circuit_decorator.py
[2023-05-29T09:37:13.989+0000] {logging_mixin.py:149} INFO - [2023-05-29T09:37:13.989+0000] {dag.py:2726} INFO - Sync 1 DAGs
[2023-05-29T09:37:14.007+0000] {logging_mixin.py:149} INFO - [2023-05-29T09:37:14.007+0000] {dag.py:3490} INFO - Setting next_dagrun for example_short_circuit_decorator to 2023-05-28T09:37:14.007390+00:00, run_after=2023-05-29T09:37:14.007390+00:00
[2023-05-29T09:37:14.019+0000] {processor.py:179} INFO - Processing /home/airflow/.local/lib/python3.7/site-packages/airflow/example_dags/example_short_circuit_decorator.py took 0.063 seconds
[2023-05-29T09:37:44.384+0000] {processor.py:157} INFO - Started process (PID=656) to work on /home/airflow/.local/lib/python3.7/site-packages/airflow/example_dags/example_short_circuit_decorator.py
[2023-05-29T09:37:44.385+0000] {processor.py:826} INFO - Processing file /home/airflow/.local/lib/python3.7/site-packages/airflow/example_dags/example_short_circuit_decorator.py for tasks to queue
[2023-05-29T09:37:44.386+0000] {logging_mixin.py:149} INFO - [2023-05-29T09:37:44.386+0000] {dagbag.py:541} INFO - Filling up the DagBag from /home/airflow/.local/lib/python3.7/site-packages/airflow/example_dags/example_short_circuit_decorator.py
[2023-05-29T09:37:44.394+0000] {processor.py:836} INFO - DAG(s) dict_keys(['example_short_circuit_decorator']) retrieved from /home/airflow/.local/lib/python3.7/site-packages/airflow/example_dags/example_short_circuit_decorator.py
[2023-05-29T09:37:44.413+0000] {logging_mixin.py:149} INFO - [2023-05-29T09:37:44.413+0000] {dag.py:2726} INFO - Sync 1 DAGs
[2023-05-29T09:37:44.430+0000] {logging_mixin.py:149} INFO - [2023-05-29T09:37:44.430+0000] {dag.py:3490} INFO - Setting next_dagrun for example_short_circuit_decorator to 2023-05-28T09:37:44.430046+00:00, run_after=2023-05-29T09:37:44.430046+00:00
[2023-05-29T09:37:44.441+0000] {processor.py:179} INFO - Processing /home/airflow/.local/lib/python3.7/site-packages/airflow/example_dags/example_short_circuit_decorator.py took 0.060 seconds
[2023-05-29T09:38:14.720+0000] {processor.py:157} INFO - Started process (PID=712) to work on /home/airflow/.local/lib/python3.7/site-packages/airflow/example_dags/example_short_circuit_decorator.py
[2023-05-29T09:38:14.721+0000] {processor.py:826} INFO - Processing file /home/airflow/.local/lib/python3.7/site-packages/airflow/example_dags/example_short_circuit_decorator.py for tasks to queue
[2023-05-29T09:38:14.722+0000] {logging_mixin.py:149} INFO - [2023-05-29T09:38:14.722+0000] {dagbag.py:541} INFO - Filling up the DagBag from /home/airflow/.local/lib/python3.7/site-packages/airflow/example_dags/example_short_circuit_decorator.py
[2023-05-29T09:38:14.729+0000] {processor.py:836} INFO - DAG(s) dict_keys(['example_short_circuit_decorator']) retrieved from /home/airflow/.local/lib/python3.7/site-packages/airflow/example_dags/example_short_circuit_decorator.py
[2023-05-29T09:38:14.749+0000] {logging_mixin.py:149} INFO - [2023-05-29T09:38:14.749+0000] {dag.py:2726} INFO - Sync 1 DAGs
[2023-05-29T09:38:14.765+0000] {logging_mixin.py:149} INFO - [2023-05-29T09:38:14.765+0000] {dag.py:3490} INFO - Setting next_dagrun for example_short_circuit_decorator to 2023-05-28T09:38:14.765372+00:00, run_after=2023-05-29T09:38:14.765372+00:00
[2023-05-29T09:38:14.777+0000] {processor.py:179} INFO - Processing /home/airflow/.local/lib/python3.7/site-packages/airflow/example_dags/example_short_circuit_decorator.py took 0.060 seconds
[2023-05-29T09:38:45.011+0000] {processor.py:157} INFO - Started process (PID=768) to work on /home/airflow/.local/lib/python3.7/site-packages/airflow/example_dags/example_short_circuit_decorator.py
[2023-05-29T09:38:45.012+0000] {processor.py:826} INFO - Processing file /home/airflow/.local/lib/python3.7/site-packages/airflow/example_dags/example_short_circuit_decorator.py for tasks to queue
[2023-05-29T09:38:45.013+0000] {logging_mixin.py:149} INFO - [2023-05-29T09:38:45.013+0000] {dagbag.py:541} INFO - Filling up the DagBag from /home/airflow/.local/lib/python3.7/site-packages/airflow/example_dags/example_short_circuit_decorator.py
[2023-05-29T09:38:45.020+0000] {processor.py:836} INFO - DAG(s) dict_keys(['example_short_circuit_decorator']) retrieved from /home/airflow/.local/lib/python3.7/site-packages/airflow/example_dags/example_short_circuit_decorator.py
[2023-05-29T09:38:45.041+0000] {logging_mixin.py:149} INFO - [2023-05-29T09:38:45.041+0000] {dag.py:2726} INFO - Sync 1 DAGs
[2023-05-29T09:38:45.057+0000] {logging_mixin.py:149} INFO - [2023-05-29T09:38:45.057+0000] {dag.py:3490} INFO - Setting next_dagrun for example_short_circuit_decorator to 2023-05-28T09:38:45.056962+00:00, run_after=2023-05-29T09:38:45.056962+00:00
[2023-05-29T09:38:45.069+0000] {processor.py:179} INFO - Processing /home/airflow/.local/lib/python3.7/site-packages/airflow/example_dags/example_short_circuit_decorator.py took 0.061 seconds
[2023-05-29T09:39:15.348+0000] {processor.py:157} INFO - Started process (PID=825) to work on /home/airflow/.local/lib/python3.7/site-packages/airflow/example_dags/example_short_circuit_decorator.py
[2023-05-29T09:39:15.350+0000] {processor.py:826} INFO - Processing file /home/airflow/.local/lib/python3.7/site-packages/airflow/example_dags/example_short_circuit_decorator.py for tasks to queue
[2023-05-29T09:39:15.351+0000] {logging_mixin.py:149} INFO - [2023-05-29T09:39:15.350+0000] {dagbag.py:541} INFO - Filling up the DagBag from /home/airflow/.local/lib/python3.7/site-packages/airflow/example_dags/example_short_circuit_decorator.py
[2023-05-29T09:39:15.358+0000] {processor.py:836} INFO - DAG(s) dict_keys(['example_short_circuit_decorator']) retrieved from /home/airflow/.local/lib/python3.7/site-packages/airflow/example_dags/example_short_circuit_decorator.py
[2023-05-29T09:39:15.378+0000] {logging_mixin.py:149} INFO - [2023-05-29T09:39:15.378+0000] {dag.py:2726} INFO - Sync 1 DAGs
[2023-05-29T09:39:15.394+0000] {logging_mixin.py:149} INFO - [2023-05-29T09:39:15.394+0000] {dag.py:3490} INFO - Setting next_dagrun for example_short_circuit_decorator to 2023-05-28T09:39:15.394110+00:00, run_after=2023-05-29T09:39:15.394110+00:00
[2023-05-29T09:39:15.405+0000] {processor.py:179} INFO - Processing /home/airflow/.local/lib/python3.7/site-packages/airflow/example_dags/example_short_circuit_decorator.py took 0.059 seconds
[2023-05-29T09:39:45.886+0000] {processor.py:157} INFO - Started process (PID=881) to work on /home/airflow/.local/lib/python3.7/site-packages/airflow/example_dags/example_short_circuit_decorator.py
[2023-05-29T09:39:45.888+0000] {processor.py:826} INFO - Processing file /home/airflow/.local/lib/python3.7/site-packages/airflow/example_dags/example_short_circuit_decorator.py for tasks to queue
[2023-05-29T09:39:45.889+0000] {logging_mixin.py:149} INFO - [2023-05-29T09:39:45.889+0000] {dagbag.py:541} INFO - Filling up the DagBag from /home/airflow/.local/lib/python3.7/site-packages/airflow/example_dags/example_short_circuit_decorator.py
[2023-05-29T09:39:45.898+0000] {processor.py:836} INFO - DAG(s) dict_keys(['example_short_circuit_decorator']) retrieved from /home/airflow/.local/lib/python3.7/site-packages/airflow/example_dags/example_short_circuit_decorator.py
[2023-05-29T09:39:45.918+0000] {logging_mixin.py:149} INFO - [2023-05-29T09:39:45.918+0000] {dag.py:2726} INFO - Sync 1 DAGs
[2023-05-29T09:39:45.938+0000] {logging_mixin.py:149} INFO - [2023-05-29T09:39:45.938+0000] {dag.py:3490} INFO - Setting next_dagrun for example_short_circuit_decorator to 2023-05-28T09:39:45.937776+00:00, run_after=2023-05-29T09:39:45.937776+00:00
[2023-05-29T09:39:45.950+0000] {processor.py:179} INFO - Processing /home/airflow/.local/lib/python3.7/site-packages/airflow/example_dags/example_short_circuit_decorator.py took 0.067 seconds
[2023-05-29T09:40:16.308+0000] {processor.py:157} INFO - Started process (PID=937) to work on /home/airflow/.local/lib/python3.7/site-packages/airflow/example_dags/example_short_circuit_decorator.py
[2023-05-29T09:40:16.309+0000] {processor.py:826} INFO - Processing file /home/airflow/.local/lib/python3.7/site-packages/airflow/example_dags/example_short_circuit_decorator.py for tasks to queue
[2023-05-29T09:40:16.310+0000] {logging_mixin.py:149} INFO - [2023-05-29T09:40:16.310+0000] {dagbag.py:541} INFO - Filling up the DagBag from /home/airflow/.local/lib/python3.7/site-packages/airflow/example_dags/example_short_circuit_decorator.py
[2023-05-29T09:40:16.319+0000] {processor.py:836} INFO - DAG(s) dict_keys(['example_short_circuit_decorator']) retrieved from /home/airflow/.local/lib/python3.7/site-packages/airflow/example_dags/example_short_circuit_decorator.py
[2023-05-29T09:40:16.341+0000] {logging_mixin.py:149} INFO - [2023-05-29T09:40:16.341+0000] {dag.py:2726} INFO - Sync 1 DAGs
[2023-05-29T09:40:16.357+0000] {logging_mixin.py:149} INFO - [2023-05-29T09:40:16.357+0000] {dag.py:3490} INFO - Setting next_dagrun for example_short_circuit_decorator to 2023-05-28T09:40:16.356911+00:00, run_after=2023-05-29T09:40:16.356911+00:00
[2023-05-29T09:40:16.369+0000] {processor.py:179} INFO - Processing /home/airflow/.local/lib/python3.7/site-packages/airflow/example_dags/example_short_circuit_decorator.py took 0.065 seconds
[2023-05-29T09:40:46.653+0000] {processor.py:157} INFO - Started process (PID=993) to work on /home/airflow/.local/lib/python3.7/site-packages/airflow/example_dags/example_short_circuit_decorator.py
[2023-05-29T09:40:46.654+0000] {processor.py:826} INFO - Processing file /home/airflow/.local/lib/python3.7/site-packages/airflow/example_dags/example_short_circuit_decorator.py for tasks to queue
[2023-05-29T09:40:46.655+0000] {logging_mixin.py:149} INFO - [2023-05-29T09:40:46.655+0000] {dagbag.py:541} INFO - Filling up the DagBag from /home/airflow/.local/lib/python3.7/site-packages/airflow/example_dags/example_short_circuit_decorator.py
[2023-05-29T09:40:46.663+0000] {processor.py:836} INFO - DAG(s) dict_keys(['example_short_circuit_decorator']) retrieved from /home/airflow/.local/lib/python3.7/site-packages/airflow/example_dags/example_short_circuit_decorator.py
[2023-05-29T09:40:46.682+0000] {logging_mixin.py:149} INFO - [2023-05-29T09:40:46.682+0000] {dag.py:2726} INFO - Sync 1 DAGs
[2023-05-29T09:40:46.698+0000] {logging_mixin.py:149} INFO - [2023-05-29T09:40:46.698+0000] {dag.py:3490} INFO - Setting next_dagrun for example_short_circuit_decorator to 2023-05-28T09:40:46.698061+00:00, run_after=2023-05-29T09:40:46.698061+00:00
[2023-05-29T09:40:46.709+0000] {processor.py:179} INFO - Processing /home/airflow/.local/lib/python3.7/site-packages/airflow/example_dags/example_short_circuit_decorator.py took 0.060 seconds
[2023-05-29T09:41:17.033+0000] {processor.py:157} INFO - Started process (PID=1049) to work on /home/airflow/.local/lib/python3.7/site-packages/airflow/example_dags/example_short_circuit_decorator.py
[2023-05-29T09:41:17.034+0000] {processor.py:826} INFO - Processing file /home/airflow/.local/lib/python3.7/site-packages/airflow/example_dags/example_short_circuit_decorator.py for tasks to queue
[2023-05-29T09:41:17.035+0000] {logging_mixin.py:149} INFO - [2023-05-29T09:41:17.035+0000] {dagbag.py:541} INFO - Filling up the DagBag from /home/airflow/.local/lib/python3.7/site-packages/airflow/example_dags/example_short_circuit_decorator.py
[2023-05-29T09:41:17.042+0000] {processor.py:836} INFO - DAG(s) dict_keys(['example_short_circuit_decorator']) retrieved from /home/airflow/.local/lib/python3.7/site-packages/airflow/example_dags/example_short_circuit_decorator.py
[2023-05-29T09:41:17.063+0000] {logging_mixin.py:149} INFO - [2023-05-29T09:41:17.063+0000] {dag.py:2726} INFO - Sync 1 DAGs
[2023-05-29T09:41:17.079+0000] {logging_mixin.py:149} INFO - [2023-05-29T09:41:17.079+0000] {dag.py:3490} INFO - Setting next_dagrun for example_short_circuit_decorator to 2023-05-28T09:41:17.079420+00:00, run_after=2023-05-29T09:41:17.079420+00:00
[2023-05-29T09:41:17.090+0000] {processor.py:179} INFO - Processing /home/airflow/.local/lib/python3.7/site-packages/airflow/example_dags/example_short_circuit_decorator.py took 0.060 seconds
[2023-05-29T09:41:47.477+0000] {processor.py:157} INFO - Started process (PID=1105) to work on /home/airflow/.local/lib/python3.7/site-packages/airflow/example_dags/example_short_circuit_decorator.py
[2023-05-29T09:41:47.479+0000] {processor.py:826} INFO - Processing file /home/airflow/.local/lib/python3.7/site-packages/airflow/example_dags/example_short_circuit_decorator.py for tasks to queue
[2023-05-29T09:41:47.480+0000] {logging_mixin.py:149} INFO - [2023-05-29T09:41:47.479+0000] {dagbag.py:541} INFO - Filling up the DagBag from /home/airflow/.local/lib/python3.7/site-packages/airflow/example_dags/example_short_circuit_decorator.py
[2023-05-29T09:41:47.487+0000] {processor.py:836} INFO - DAG(s) dict_keys(['example_short_circuit_decorator']) retrieved from /home/airflow/.local/lib/python3.7/site-packages/airflow/example_dags/example_short_circuit_decorator.py
[2023-05-29T09:41:47.506+0000] {logging_mixin.py:149} INFO - [2023-05-29T09:41:47.506+0000] {dag.py:2726} INFO - Sync 1 DAGs
[2023-05-29T09:41:47.523+0000] {logging_mixin.py:149} INFO - [2023-05-29T09:41:47.523+0000] {dag.py:3490} INFO - Setting next_dagrun for example_short_circuit_decorator to 2023-05-28T09:41:47.522881+00:00, run_after=2023-05-29T09:41:47.522881+00:00
[2023-05-29T09:41:47.536+0000] {processor.py:179} INFO - Processing /home/airflow/.local/lib/python3.7/site-packages/airflow/example_dags/example_short_circuit_decorator.py took 0.061 seconds
[2023-05-29T09:42:18.188+0000] {processor.py:157} INFO - Started process (PID=1162) to work on /home/airflow/.local/lib/python3.7/site-packages/airflow/example_dags/example_short_circuit_decorator.py
[2023-05-29T09:42:18.189+0000] {processor.py:826} INFO - Processing file /home/airflow/.local/lib/python3.7/site-packages/airflow/example_dags/example_short_circuit_decorator.py for tasks to queue
[2023-05-29T09:42:18.190+0000] {logging_mixin.py:149} INFO - [2023-05-29T09:42:18.190+0000] {dagbag.py:541} INFO - Filling up the DagBag from /home/airflow/.local/lib/python3.7/site-packages/airflow/example_dags/example_short_circuit_decorator.py
[2023-05-29T09:42:18.198+0000] {processor.py:836} INFO - DAG(s) dict_keys(['example_short_circuit_decorator']) retrieved from /home/airflow/.local/lib/python3.7/site-packages/airflow/example_dags/example_short_circuit_decorator.py
[2023-05-29T09:42:18.218+0000] {logging_mixin.py:149} INFO - [2023-05-29T09:42:18.218+0000] {dag.py:2726} INFO - Sync 1 DAGs
[2023-05-29T09:42:18.235+0000] {logging_mixin.py:149} INFO - [2023-05-29T09:42:18.234+0000] {dag.py:3490} INFO - Setting next_dagrun for example_short_circuit_decorator to 2023-05-28T09:42:18.234696+00:00, run_after=2023-05-29T09:42:18.234696+00:00
[2023-05-29T09:42:18.247+0000] {processor.py:179} INFO - Processing /home/airflow/.local/lib/python3.7/site-packages/airflow/example_dags/example_short_circuit_decorator.py took 0.061 seconds
[2023-05-29T09:42:48.517+0000] {processor.py:157} INFO - Started process (PID=1218) to work on /home/airflow/.local/lib/python3.7/site-packages/airflow/example_dags/example_short_circuit_decorator.py
[2023-05-29T09:42:48.519+0000] {processor.py:826} INFO - Processing file /home/airflow/.local/lib/python3.7/site-packages/airflow/example_dags/example_short_circuit_decorator.py for tasks to queue
[2023-05-29T09:42:48.520+0000] {logging_mixin.py:149} INFO - [2023-05-29T09:42:48.520+0000] {dagbag.py:541} INFO - Filling up the DagBag from /home/airflow/.local/lib/python3.7/site-packages/airflow/example_dags/example_short_circuit_decorator.py
[2023-05-29T09:42:48.529+0000] {processor.py:836} INFO - DAG(s) dict_keys(['example_short_circuit_decorator']) retrieved from /home/airflow/.local/lib/python3.7/site-packages/airflow/example_dags/example_short_circuit_decorator.py
[2023-05-29T09:42:48.600+0000] {logging_mixin.py:149} INFO - [2023-05-29T09:42:48.600+0000] {dag.py:2726} INFO - Sync 1 DAGs
[2023-05-29T09:42:48.711+0000] {logging_mixin.py:149} INFO - [2023-05-29T09:42:48.711+0000] {dag.py:3490} INFO - Setting next_dagrun for example_short_circuit_decorator to 2023-05-28T09:42:48.710743+00:00, run_after=2023-05-29T09:42:48.710743+00:00
[2023-05-29T09:42:48.743+0000] {processor.py:179} INFO - Processing /home/airflow/.local/lib/python3.7/site-packages/airflow/example_dags/example_short_circuit_decorator.py took 0.229 seconds
