[2023-05-29T09:32:11.052+0000] {processor.py:157} INFO - Started process (PID=59) to work on /home/airflow/.local/lib/python3.7/site-packages/airflow/example_dags/example_params_trigger_ui.py
[2023-05-29T09:32:11.054+0000] {processor.py:826} INFO - Processing file /home/airflow/.local/lib/python3.7/site-packages/airflow/example_dags/example_params_trigger_ui.py for tasks to queue
[2023-05-29T09:32:11.055+0000] {logging_mixin.py:149} INFO - [2023-05-29T09:32:11.055+0000] {dagbag.py:541} INFO - Filling up the DagBag from /home/airflow/.local/lib/python3.7/site-packages/airflow/example_dags/example_params_trigger_ui.py
[2023-05-29T09:32:11.080+0000] {processor.py:836} INFO - DAG(s) dict_keys(['example_params_trigger_ui']) retrieved from /home/airflow/.local/lib/python3.7/site-packages/airflow/example_dags/example_params_trigger_ui.py
[2023-05-29T09:32:11.103+0000] {logging_mixin.py:149} INFO - [2023-05-29T09:32:11.103+0000] {dag.py:2726} INFO - Sync 1 DAGs
[2023-05-29T09:32:11.148+0000] {logging_mixin.py:149} INFO - [2023-05-29T09:32:11.148+0000] {dag.py:3490} INFO - Setting next_dagrun for example_params_trigger_ui to None, run_after=None
[2023-05-29T09:32:11.169+0000] {processor.py:179} INFO - Processing /home/airflow/.local/lib/python3.7/site-packages/airflow/example_dags/example_params_trigger_ui.py took 0.129 seconds
[2023-05-29T09:32:41.393+0000] {processor.py:157} INFO - Started process (PID=115) to work on /home/airflow/.local/lib/python3.7/site-packages/airflow/example_dags/example_params_trigger_ui.py
[2023-05-29T09:32:41.395+0000] {processor.py:826} INFO - Processing file /home/airflow/.local/lib/python3.7/site-packages/airflow/example_dags/example_params_trigger_ui.py for tasks to queue
[2023-05-29T09:32:41.396+0000] {logging_mixin.py:149} INFO - [2023-05-29T09:32:41.396+0000] {dagbag.py:541} INFO - Filling up the DagBag from /home/airflow/.local/lib/python3.7/site-packages/airflow/example_dags/example_params_trigger_ui.py
[2023-05-29T09:32:41.411+0000] {processor.py:836} INFO - DAG(s) dict_keys(['example_params_trigger_ui']) retrieved from /home/airflow/.local/lib/python3.7/site-packages/airflow/example_dags/example_params_trigger_ui.py
[2023-05-29T09:32:41.454+0000] {logging_mixin.py:149} INFO - [2023-05-29T09:32:41.454+0000] {dag.py:2726} INFO - Sync 1 DAGs
[2023-05-29T09:32:41.469+0000] {logging_mixin.py:149} INFO - [2023-05-29T09:32:41.469+0000] {dag.py:3490} INFO - Setting next_dagrun for example_params_trigger_ui to None, run_after=None
[2023-05-29T09:32:41.481+0000] {processor.py:179} INFO - Processing /home/airflow/.local/lib/python3.7/site-packages/airflow/example_dags/example_params_trigger_ui.py took 0.090 seconds
[2023-05-29T09:33:11.662+0000] {processor.py:157} INFO - Started process (PID=171) to work on /home/airflow/.local/lib/python3.7/site-packages/airflow/example_dags/example_params_trigger_ui.py
[2023-05-29T09:33:11.664+0000] {processor.py:826} INFO - Processing file /home/airflow/.local/lib/python3.7/site-packages/airflow/example_dags/example_params_trigger_ui.py for tasks to queue
[2023-05-29T09:33:11.664+0000] {logging_mixin.py:149} INFO - [2023-05-29T09:33:11.664+0000] {dagbag.py:541} INFO - Filling up the DagBag from /home/airflow/.local/lib/python3.7/site-packages/airflow/example_dags/example_params_trigger_ui.py
[2023-05-29T09:33:11.678+0000] {processor.py:836} INFO - DAG(s) dict_keys(['example_params_trigger_ui']) retrieved from /home/airflow/.local/lib/python3.7/site-packages/airflow/example_dags/example_params_trigger_ui.py
[2023-05-29T09:33:11.725+0000] {logging_mixin.py:149} INFO - [2023-05-29T09:33:11.725+0000] {dag.py:2726} INFO - Sync 1 DAGs
[2023-05-29T09:33:11.741+0000] {logging_mixin.py:149} INFO - [2023-05-29T09:33:11.741+0000] {dag.py:3490} INFO - Setting next_dagrun for example_params_trigger_ui to None, run_after=None
[2023-05-29T09:33:11.752+0000] {processor.py:179} INFO - Processing /home/airflow/.local/lib/python3.7/site-packages/airflow/example_dags/example_params_trigger_ui.py took 0.092 seconds
[2023-05-29T09:33:42.134+0000] {processor.py:157} INFO - Started process (PID=227) to work on /home/airflow/.local/lib/python3.7/site-packages/airflow/example_dags/example_params_trigger_ui.py
[2023-05-29T09:33:42.136+0000] {processor.py:826} INFO - Processing file /home/airflow/.local/lib/python3.7/site-packages/airflow/example_dags/example_params_trigger_ui.py for tasks to queue
[2023-05-29T09:33:42.136+0000] {logging_mixin.py:149} INFO - [2023-05-29T09:33:42.136+0000] {dagbag.py:541} INFO - Filling up the DagBag from /home/airflow/.local/lib/python3.7/site-packages/airflow/example_dags/example_params_trigger_ui.py
[2023-05-29T09:33:42.151+0000] {processor.py:836} INFO - DAG(s) dict_keys(['example_params_trigger_ui']) retrieved from /home/airflow/.local/lib/python3.7/site-packages/airflow/example_dags/example_params_trigger_ui.py
[2023-05-29T09:33:42.261+0000] {logging_mixin.py:149} INFO - [2023-05-29T09:33:42.260+0000] {dag.py:2726} INFO - Sync 1 DAGs
[2023-05-29T09:33:42.278+0000] {logging_mixin.py:149} INFO - [2023-05-29T09:33:42.278+0000] {dag.py:3490} INFO - Setting next_dagrun for example_params_trigger_ui to None, run_after=None
[2023-05-29T09:33:42.289+0000] {processor.py:179} INFO - Processing /home/airflow/.local/lib/python3.7/site-packages/airflow/example_dags/example_params_trigger_ui.py took 0.158 seconds
[2023-05-29T09:34:12.705+0000] {processor.py:157} INFO - Started process (PID=283) to work on /home/airflow/.local/lib/python3.7/site-packages/airflow/example_dags/example_params_trigger_ui.py
[2023-05-29T09:34:12.707+0000] {processor.py:826} INFO - Processing file /home/airflow/.local/lib/python3.7/site-packages/airflow/example_dags/example_params_trigger_ui.py for tasks to queue
[2023-05-29T09:34:12.708+0000] {logging_mixin.py:149} INFO - [2023-05-29T09:34:12.708+0000] {dagbag.py:541} INFO - Filling up the DagBag from /home/airflow/.local/lib/python3.7/site-packages/airflow/example_dags/example_params_trigger_ui.py
[2023-05-29T09:34:12.727+0000] {processor.py:836} INFO - DAG(s) dict_keys(['example_params_trigger_ui']) retrieved from /home/airflow/.local/lib/python3.7/site-packages/airflow/example_dags/example_params_trigger_ui.py
[2023-05-29T09:34:12.774+0000] {logging_mixin.py:149} INFO - [2023-05-29T09:34:12.774+0000] {dag.py:2726} INFO - Sync 1 DAGs
[2023-05-29T09:34:12.791+0000] {logging_mixin.py:149} INFO - [2023-05-29T09:34:12.791+0000] {dag.py:3490} INFO - Setting next_dagrun for example_params_trigger_ui to None, run_after=None
[2023-05-29T09:34:12.803+0000] {processor.py:179} INFO - Processing /home/airflow/.local/lib/python3.7/site-packages/airflow/example_dags/example_params_trigger_ui.py took 0.101 seconds
[2023-05-29T09:34:43.117+0000] {processor.py:157} INFO - Started process (PID=339) to work on /home/airflow/.local/lib/python3.7/site-packages/airflow/example_dags/example_params_trigger_ui.py
[2023-05-29T09:34:43.118+0000] {processor.py:826} INFO - Processing file /home/airflow/.local/lib/python3.7/site-packages/airflow/example_dags/example_params_trigger_ui.py for tasks to queue
[2023-05-29T09:34:43.119+0000] {logging_mixin.py:149} INFO - [2023-05-29T09:34:43.119+0000] {dagbag.py:541} INFO - Filling up the DagBag from /home/airflow/.local/lib/python3.7/site-packages/airflow/example_dags/example_params_trigger_ui.py
[2023-05-29T09:34:43.134+0000] {processor.py:836} INFO - DAG(s) dict_keys(['example_params_trigger_ui']) retrieved from /home/airflow/.local/lib/python3.7/site-packages/airflow/example_dags/example_params_trigger_ui.py
[2023-05-29T09:34:43.178+0000] {logging_mixin.py:149} INFO - [2023-05-29T09:34:43.178+0000] {dag.py:2726} INFO - Sync 1 DAGs
[2023-05-29T09:34:43.193+0000] {logging_mixin.py:149} INFO - [2023-05-29T09:34:43.193+0000] {dag.py:3490} INFO - Setting next_dagrun for example_params_trigger_ui to None, run_after=None
[2023-05-29T09:34:43.204+0000] {processor.py:179} INFO - Processing /home/airflow/.local/lib/python3.7/site-packages/airflow/example_dags/example_params_trigger_ui.py took 0.090 seconds
[2023-05-29T09:35:13.271+0000] {processor.py:157} INFO - Started process (PID=394) to work on /home/airflow/.local/lib/python3.7/site-packages/airflow/example_dags/example_params_trigger_ui.py
[2023-05-29T09:35:13.273+0000] {processor.py:826} INFO - Processing file /home/airflow/.local/lib/python3.7/site-packages/airflow/example_dags/example_params_trigger_ui.py for tasks to queue
[2023-05-29T09:35:13.273+0000] {logging_mixin.py:149} INFO - [2023-05-29T09:35:13.273+0000] {dagbag.py:541} INFO - Filling up the DagBag from /home/airflow/.local/lib/python3.7/site-packages/airflow/example_dags/example_params_trigger_ui.py
[2023-05-29T09:35:13.287+0000] {processor.py:836} INFO - DAG(s) dict_keys(['example_params_trigger_ui']) retrieved from /home/airflow/.local/lib/python3.7/site-packages/airflow/example_dags/example_params_trigger_ui.py
[2023-05-29T09:35:13.335+0000] {logging_mixin.py:149} INFO - [2023-05-29T09:35:13.335+0000] {dag.py:2726} INFO - Sync 1 DAGs
[2023-05-29T09:35:13.353+0000] {logging_mixin.py:149} INFO - [2023-05-29T09:35:13.352+0000] {dag.py:3490} INFO - Setting next_dagrun for example_params_trigger_ui to None, run_after=None
[2023-05-29T09:35:13.367+0000] {processor.py:179} INFO - Processing /home/airflow/.local/lib/python3.7/site-packages/airflow/example_dags/example_params_trigger_ui.py took 0.099 seconds
[2023-05-29T09:35:43.637+0000] {processor.py:157} INFO - Started process (PID=450) to work on /home/airflow/.local/lib/python3.7/site-packages/airflow/example_dags/example_params_trigger_ui.py
[2023-05-29T09:35:43.639+0000] {processor.py:826} INFO - Processing file /home/airflow/.local/lib/python3.7/site-packages/airflow/example_dags/example_params_trigger_ui.py for tasks to queue
[2023-05-29T09:35:43.640+0000] {logging_mixin.py:149} INFO - [2023-05-29T09:35:43.640+0000] {dagbag.py:541} INFO - Filling up the DagBag from /home/airflow/.local/lib/python3.7/site-packages/airflow/example_dags/example_params_trigger_ui.py
[2023-05-29T09:35:43.657+0000] {processor.py:836} INFO - DAG(s) dict_keys(['example_params_trigger_ui']) retrieved from /home/airflow/.local/lib/python3.7/site-packages/airflow/example_dags/example_params_trigger_ui.py
[2023-05-29T09:35:43.703+0000] {logging_mixin.py:149} INFO - [2023-05-29T09:35:43.703+0000] {dag.py:2726} INFO - Sync 1 DAGs
[2023-05-29T09:35:43.719+0000] {logging_mixin.py:149} INFO - [2023-05-29T09:35:43.719+0000] {dag.py:3490} INFO - Setting next_dagrun for example_params_trigger_ui to None, run_after=None
[2023-05-29T09:35:43.731+0000] {processor.py:179} INFO - Processing /home/airflow/.local/lib/python3.7/site-packages/airflow/example_dags/example_params_trigger_ui.py took 0.098 seconds
[2023-05-29T09:36:13.997+0000] {processor.py:157} INFO - Started process (PID=506) to work on /home/airflow/.local/lib/python3.7/site-packages/airflow/example_dags/example_params_trigger_ui.py
[2023-05-29T09:36:13.998+0000] {processor.py:826} INFO - Processing file /home/airflow/.local/lib/python3.7/site-packages/airflow/example_dags/example_params_trigger_ui.py for tasks to queue
[2023-05-29T09:36:13.999+0000] {logging_mixin.py:149} INFO - [2023-05-29T09:36:13.999+0000] {dagbag.py:541} INFO - Filling up the DagBag from /home/airflow/.local/lib/python3.7/site-packages/airflow/example_dags/example_params_trigger_ui.py
[2023-05-29T09:36:14.014+0000] {processor.py:836} INFO - DAG(s) dict_keys(['example_params_trigger_ui']) retrieved from /home/airflow/.local/lib/python3.7/site-packages/airflow/example_dags/example_params_trigger_ui.py
[2023-05-29T09:36:14.058+0000] {logging_mixin.py:149} INFO - [2023-05-29T09:36:14.058+0000] {dag.py:2726} INFO - Sync 1 DAGs
[2023-05-29T09:36:14.072+0000] {logging_mixin.py:149} INFO - [2023-05-29T09:36:14.072+0000] {dag.py:3490} INFO - Setting next_dagrun for example_params_trigger_ui to None, run_after=None
[2023-05-29T09:36:14.083+0000] {processor.py:179} INFO - Processing /home/airflow/.local/lib/python3.7/site-packages/airflow/example_dags/example_params_trigger_ui.py took 0.089 seconds
[2023-05-29T09:36:44.425+0000] {processor.py:157} INFO - Started process (PID=562) to work on /home/airflow/.local/lib/python3.7/site-packages/airflow/example_dags/example_params_trigger_ui.py
[2023-05-29T09:36:44.426+0000] {processor.py:826} INFO - Processing file /home/airflow/.local/lib/python3.7/site-packages/airflow/example_dags/example_params_trigger_ui.py for tasks to queue
[2023-05-29T09:36:44.427+0000] {logging_mixin.py:149} INFO - [2023-05-29T09:36:44.427+0000] {dagbag.py:541} INFO - Filling up the DagBag from /home/airflow/.local/lib/python3.7/site-packages/airflow/example_dags/example_params_trigger_ui.py
[2023-05-29T09:36:44.442+0000] {processor.py:836} INFO - DAG(s) dict_keys(['example_params_trigger_ui']) retrieved from /home/airflow/.local/lib/python3.7/site-packages/airflow/example_dags/example_params_trigger_ui.py
[2023-05-29T09:36:44.496+0000] {logging_mixin.py:149} INFO - [2023-05-29T09:36:44.496+0000] {dag.py:2726} INFO - Sync 1 DAGs
[2023-05-29T09:36:44.513+0000] {logging_mixin.py:149} INFO - [2023-05-29T09:36:44.513+0000] {dag.py:3490} INFO - Setting next_dagrun for example_params_trigger_ui to None, run_after=None
[2023-05-29T09:36:44.525+0000] {processor.py:179} INFO - Processing /home/airflow/.local/lib/python3.7/site-packages/airflow/example_dags/example_params_trigger_ui.py took 0.103 seconds
[2023-05-29T09:37:14.820+0000] {processor.py:157} INFO - Started process (PID=618) to work on /home/airflow/.local/lib/python3.7/site-packages/airflow/example_dags/example_params_trigger_ui.py
[2023-05-29T09:37:14.821+0000] {processor.py:826} INFO - Processing file /home/airflow/.local/lib/python3.7/site-packages/airflow/example_dags/example_params_trigger_ui.py for tasks to queue
[2023-05-29T09:37:14.822+0000] {logging_mixin.py:149} INFO - [2023-05-29T09:37:14.822+0000] {dagbag.py:541} INFO - Filling up the DagBag from /home/airflow/.local/lib/python3.7/site-packages/airflow/example_dags/example_params_trigger_ui.py
[2023-05-29T09:37:14.839+0000] {processor.py:836} INFO - DAG(s) dict_keys(['example_params_trigger_ui']) retrieved from /home/airflow/.local/lib/python3.7/site-packages/airflow/example_dags/example_params_trigger_ui.py
[2023-05-29T09:37:14.886+0000] {logging_mixin.py:149} INFO - [2023-05-29T09:37:14.885+0000] {dag.py:2726} INFO - Sync 1 DAGs
[2023-05-29T09:37:14.902+0000] {logging_mixin.py:149} INFO - [2023-05-29T09:37:14.902+0000] {dag.py:3490} INFO - Setting next_dagrun for example_params_trigger_ui to None, run_after=None
[2023-05-29T09:37:14.913+0000] {processor.py:179} INFO - Processing /home/airflow/.local/lib/python3.7/site-packages/airflow/example_dags/example_params_trigger_ui.py took 0.097 seconds
[2023-05-29T09:37:45.114+0000] {processor.py:157} INFO - Started process (PID=674) to work on /home/airflow/.local/lib/python3.7/site-packages/airflow/example_dags/example_params_trigger_ui.py
[2023-05-29T09:37:45.116+0000] {processor.py:826} INFO - Processing file /home/airflow/.local/lib/python3.7/site-packages/airflow/example_dags/example_params_trigger_ui.py for tasks to queue
[2023-05-29T09:37:45.116+0000] {logging_mixin.py:149} INFO - [2023-05-29T09:37:45.116+0000] {dagbag.py:541} INFO - Filling up the DagBag from /home/airflow/.local/lib/python3.7/site-packages/airflow/example_dags/example_params_trigger_ui.py
[2023-05-29T09:37:45.131+0000] {processor.py:836} INFO - DAG(s) dict_keys(['example_params_trigger_ui']) retrieved from /home/airflow/.local/lib/python3.7/site-packages/airflow/example_dags/example_params_trigger_ui.py
[2023-05-29T09:37:45.180+0000] {logging_mixin.py:149} INFO - [2023-05-29T09:37:45.180+0000] {dag.py:2726} INFO - Sync 1 DAGs
[2023-05-29T09:37:45.195+0000] {logging_mixin.py:149} INFO - [2023-05-29T09:37:45.195+0000] {dag.py:3490} INFO - Setting next_dagrun for example_params_trigger_ui to None, run_after=None
[2023-05-29T09:37:45.208+0000] {processor.py:179} INFO - Processing /home/airflow/.local/lib/python3.7/site-packages/airflow/example_dags/example_params_trigger_ui.py took 0.096 seconds
[2023-05-29T09:38:15.497+0000] {processor.py:157} INFO - Started process (PID=730) to work on /home/airflow/.local/lib/python3.7/site-packages/airflow/example_dags/example_params_trigger_ui.py
[2023-05-29T09:38:15.498+0000] {processor.py:826} INFO - Processing file /home/airflow/.local/lib/python3.7/site-packages/airflow/example_dags/example_params_trigger_ui.py for tasks to queue
[2023-05-29T09:38:15.499+0000] {logging_mixin.py:149} INFO - [2023-05-29T09:38:15.499+0000] {dagbag.py:541} INFO - Filling up the DagBag from /home/airflow/.local/lib/python3.7/site-packages/airflow/example_dags/example_params_trigger_ui.py
[2023-05-29T09:38:15.516+0000] {processor.py:836} INFO - DAG(s) dict_keys(['example_params_trigger_ui']) retrieved from /home/airflow/.local/lib/python3.7/site-packages/airflow/example_dags/example_params_trigger_ui.py
[2023-05-29T09:38:15.572+0000] {logging_mixin.py:149} INFO - [2023-05-29T09:38:15.572+0000] {dag.py:2726} INFO - Sync 1 DAGs
[2023-05-29T09:38:15.589+0000] {logging_mixin.py:149} INFO - [2023-05-29T09:38:15.589+0000] {dag.py:3490} INFO - Setting next_dagrun for example_params_trigger_ui to None, run_after=None
[2023-05-29T09:38:15.601+0000] {processor.py:179} INFO - Processing /home/airflow/.local/lib/python3.7/site-packages/airflow/example_dags/example_params_trigger_ui.py took 0.107 seconds
[2023-05-29T09:38:45.916+0000] {processor.py:157} INFO - Started process (PID=786) to work on /home/airflow/.local/lib/python3.7/site-packages/airflow/example_dags/example_params_trigger_ui.py
[2023-05-29T09:38:45.917+0000] {processor.py:826} INFO - Processing file /home/airflow/.local/lib/python3.7/site-packages/airflow/example_dags/example_params_trigger_ui.py for tasks to queue
[2023-05-29T09:38:45.918+0000] {logging_mixin.py:149} INFO - [2023-05-29T09:38:45.918+0000] {dagbag.py:541} INFO - Filling up the DagBag from /home/airflow/.local/lib/python3.7/site-packages/airflow/example_dags/example_params_trigger_ui.py
[2023-05-29T09:38:45.932+0000] {processor.py:836} INFO - DAG(s) dict_keys(['example_params_trigger_ui']) retrieved from /home/airflow/.local/lib/python3.7/site-packages/airflow/example_dags/example_params_trigger_ui.py
[2023-05-29T09:38:45.983+0000] {logging_mixin.py:149} INFO - [2023-05-29T09:38:45.983+0000] {dag.py:2726} INFO - Sync 1 DAGs
[2023-05-29T09:38:45.999+0000] {logging_mixin.py:149} INFO - [2023-05-29T09:38:45.999+0000] {dag.py:3490} INFO - Setting next_dagrun for example_params_trigger_ui to None, run_after=None
[2023-05-29T09:38:46.010+0000] {processor.py:179} INFO - Processing /home/airflow/.local/lib/python3.7/site-packages/airflow/example_dags/example_params_trigger_ui.py took 0.097 seconds
[2023-05-29T09:39:16.115+0000] {processor.py:157} INFO - Started process (PID=843) to work on /home/airflow/.local/lib/python3.7/site-packages/airflow/example_dags/example_params_trigger_ui.py
[2023-05-29T09:39:16.117+0000] {processor.py:826} INFO - Processing file /home/airflow/.local/lib/python3.7/site-packages/airflow/example_dags/example_params_trigger_ui.py for tasks to queue
[2023-05-29T09:39:16.117+0000] {logging_mixin.py:149} INFO - [2023-05-29T09:39:16.117+0000] {dagbag.py:541} INFO - Filling up the DagBag from /home/airflow/.local/lib/python3.7/site-packages/airflow/example_dags/example_params_trigger_ui.py
[2023-05-29T09:39:16.131+0000] {processor.py:836} INFO - DAG(s) dict_keys(['example_params_trigger_ui']) retrieved from /home/airflow/.local/lib/python3.7/site-packages/airflow/example_dags/example_params_trigger_ui.py
[2023-05-29T09:39:16.178+0000] {logging_mixin.py:149} INFO - [2023-05-29T09:39:16.178+0000] {dag.py:2726} INFO - Sync 1 DAGs
[2023-05-29T09:39:16.193+0000] {logging_mixin.py:149} INFO - [2023-05-29T09:39:16.193+0000] {dag.py:3490} INFO - Setting next_dagrun for example_params_trigger_ui to None, run_after=None
[2023-05-29T09:39:16.204+0000] {processor.py:179} INFO - Processing /home/airflow/.local/lib/python3.7/site-packages/airflow/example_dags/example_params_trigger_ui.py took 0.092 seconds
[2023-05-29T09:39:46.774+0000] {processor.py:157} INFO - Started process (PID=899) to work on /home/airflow/.local/lib/python3.7/site-packages/airflow/example_dags/example_params_trigger_ui.py
[2023-05-29T09:39:46.775+0000] {processor.py:826} INFO - Processing file /home/airflow/.local/lib/python3.7/site-packages/airflow/example_dags/example_params_trigger_ui.py for tasks to queue
[2023-05-29T09:39:46.776+0000] {logging_mixin.py:149} INFO - [2023-05-29T09:39:46.776+0000] {dagbag.py:541} INFO - Filling up the DagBag from /home/airflow/.local/lib/python3.7/site-packages/airflow/example_dags/example_params_trigger_ui.py
[2023-05-29T09:39:46.790+0000] {processor.py:836} INFO - DAG(s) dict_keys(['example_params_trigger_ui']) retrieved from /home/airflow/.local/lib/python3.7/site-packages/airflow/example_dags/example_params_trigger_ui.py
[2023-05-29T09:39:46.835+0000] {logging_mixin.py:149} INFO - [2023-05-29T09:39:46.835+0000] {dag.py:2726} INFO - Sync 1 DAGs
[2023-05-29T09:39:46.849+0000] {logging_mixin.py:149} INFO - [2023-05-29T09:39:46.849+0000] {dag.py:3490} INFO - Setting next_dagrun for example_params_trigger_ui to None, run_after=None
[2023-05-29T09:39:46.861+0000] {processor.py:179} INFO - Processing /home/airflow/.local/lib/python3.7/site-packages/airflow/example_dags/example_params_trigger_ui.py took 0.090 seconds
[2023-05-29T09:40:17.033+0000] {processor.py:157} INFO - Started process (PID=955) to work on /home/airflow/.local/lib/python3.7/site-packages/airflow/example_dags/example_params_trigger_ui.py
[2023-05-29T09:40:17.034+0000] {processor.py:826} INFO - Processing file /home/airflow/.local/lib/python3.7/site-packages/airflow/example_dags/example_params_trigger_ui.py for tasks to queue
[2023-05-29T09:40:17.035+0000] {logging_mixin.py:149} INFO - [2023-05-29T09:40:17.035+0000] {dagbag.py:541} INFO - Filling up the DagBag from /home/airflow/.local/lib/python3.7/site-packages/airflow/example_dags/example_params_trigger_ui.py
[2023-05-29T09:40:17.049+0000] {processor.py:836} INFO - DAG(s) dict_keys(['example_params_trigger_ui']) retrieved from /home/airflow/.local/lib/python3.7/site-packages/airflow/example_dags/example_params_trigger_ui.py
[2023-05-29T09:40:17.096+0000] {logging_mixin.py:149} INFO - [2023-05-29T09:40:17.096+0000] {dag.py:2726} INFO - Sync 1 DAGs
[2023-05-29T09:40:17.113+0000] {logging_mixin.py:149} INFO - [2023-05-29T09:40:17.113+0000] {dag.py:3490} INFO - Setting next_dagrun for example_params_trigger_ui to None, run_after=None
[2023-05-29T09:40:17.125+0000] {processor.py:179} INFO - Processing /home/airflow/.local/lib/python3.7/site-packages/airflow/example_dags/example_params_trigger_ui.py took 0.095 seconds
[2023-05-29T09:40:47.456+0000] {processor.py:157} INFO - Started process (PID=1011) to work on /home/airflow/.local/lib/python3.7/site-packages/airflow/example_dags/example_params_trigger_ui.py
[2023-05-29T09:40:47.458+0000] {processor.py:826} INFO - Processing file /home/airflow/.local/lib/python3.7/site-packages/airflow/example_dags/example_params_trigger_ui.py for tasks to queue
[2023-05-29T09:40:47.459+0000] {logging_mixin.py:149} INFO - [2023-05-29T09:40:47.459+0000] {dagbag.py:541} INFO - Filling up the DagBag from /home/airflow/.local/lib/python3.7/site-packages/airflow/example_dags/example_params_trigger_ui.py
[2023-05-29T09:40:47.475+0000] {processor.py:836} INFO - DAG(s) dict_keys(['example_params_trigger_ui']) retrieved from /home/airflow/.local/lib/python3.7/site-packages/airflow/example_dags/example_params_trigger_ui.py
[2023-05-29T09:40:47.523+0000] {logging_mixin.py:149} INFO - [2023-05-29T09:40:47.523+0000] {dag.py:2726} INFO - Sync 1 DAGs
[2023-05-29T09:40:47.538+0000] {logging_mixin.py:149} INFO - [2023-05-29T09:40:47.538+0000] {dag.py:3490} INFO - Setting next_dagrun for example_params_trigger_ui to None, run_after=None
[2023-05-29T09:40:47.549+0000] {processor.py:179} INFO - Processing /home/airflow/.local/lib/python3.7/site-packages/airflow/example_dags/example_params_trigger_ui.py took 0.096 seconds
[2023-05-29T09:41:17.836+0000] {processor.py:157} INFO - Started process (PID=1067) to work on /home/airflow/.local/lib/python3.7/site-packages/airflow/example_dags/example_params_trigger_ui.py
[2023-05-29T09:41:17.837+0000] {processor.py:826} INFO - Processing file /home/airflow/.local/lib/python3.7/site-packages/airflow/example_dags/example_params_trigger_ui.py for tasks to queue
[2023-05-29T09:41:17.838+0000] {logging_mixin.py:149} INFO - [2023-05-29T09:41:17.838+0000] {dagbag.py:541} INFO - Filling up the DagBag from /home/airflow/.local/lib/python3.7/site-packages/airflow/example_dags/example_params_trigger_ui.py
[2023-05-29T09:41:17.854+0000] {processor.py:836} INFO - DAG(s) dict_keys(['example_params_trigger_ui']) retrieved from /home/airflow/.local/lib/python3.7/site-packages/airflow/example_dags/example_params_trigger_ui.py
[2023-05-29T09:41:17.902+0000] {logging_mixin.py:149} INFO - [2023-05-29T09:41:17.902+0000] {dag.py:2726} INFO - Sync 1 DAGs
[2023-05-29T09:41:17.919+0000] {logging_mixin.py:149} INFO - [2023-05-29T09:41:17.919+0000] {dag.py:3490} INFO - Setting next_dagrun for example_params_trigger_ui to None, run_after=None
[2023-05-29T09:41:17.931+0000] {processor.py:179} INFO - Processing /home/airflow/.local/lib/python3.7/site-packages/airflow/example_dags/example_params_trigger_ui.py took 0.098 seconds
[2023-05-29T09:41:48.471+0000] {processor.py:157} INFO - Started process (PID=1123) to work on /home/airflow/.local/lib/python3.7/site-packages/airflow/example_dags/example_params_trigger_ui.py
[2023-05-29T09:41:48.472+0000] {processor.py:826} INFO - Processing file /home/airflow/.local/lib/python3.7/site-packages/airflow/example_dags/example_params_trigger_ui.py for tasks to queue
[2023-05-29T09:41:48.473+0000] {logging_mixin.py:149} INFO - [2023-05-29T09:41:48.473+0000] {dagbag.py:541} INFO - Filling up the DagBag from /home/airflow/.local/lib/python3.7/site-packages/airflow/example_dags/example_params_trigger_ui.py
[2023-05-29T09:41:48.489+0000] {processor.py:836} INFO - DAG(s) dict_keys(['example_params_trigger_ui']) retrieved from /home/airflow/.local/lib/python3.7/site-packages/airflow/example_dags/example_params_trigger_ui.py
[2023-05-29T09:41:48.537+0000] {logging_mixin.py:149} INFO - [2023-05-29T09:41:48.537+0000] {dag.py:2726} INFO - Sync 1 DAGs
[2023-05-29T09:41:48.554+0000] {logging_mixin.py:149} INFO - [2023-05-29T09:41:48.553+0000] {dag.py:3490} INFO - Setting next_dagrun for example_params_trigger_ui to None, run_after=None
[2023-05-29T09:41:48.565+0000] {processor.py:179} INFO - Processing /home/airflow/.local/lib/python3.7/site-packages/airflow/example_dags/example_params_trigger_ui.py took 0.097 seconds
[2023-05-29T09:42:18.924+0000] {processor.py:157} INFO - Started process (PID=1180) to work on /home/airflow/.local/lib/python3.7/site-packages/airflow/example_dags/example_params_trigger_ui.py
[2023-05-29T09:42:18.925+0000] {processor.py:826} INFO - Processing file /home/airflow/.local/lib/python3.7/site-packages/airflow/example_dags/example_params_trigger_ui.py for tasks to queue
[2023-05-29T09:42:18.926+0000] {logging_mixin.py:149} INFO - [2023-05-29T09:42:18.926+0000] {dagbag.py:541} INFO - Filling up the DagBag from /home/airflow/.local/lib/python3.7/site-packages/airflow/example_dags/example_params_trigger_ui.py
[2023-05-29T09:42:18.940+0000] {processor.py:836} INFO - DAG(s) dict_keys(['example_params_trigger_ui']) retrieved from /home/airflow/.local/lib/python3.7/site-packages/airflow/example_dags/example_params_trigger_ui.py
[2023-05-29T09:42:18.987+0000] {logging_mixin.py:149} INFO - [2023-05-29T09:42:18.987+0000] {dag.py:2726} INFO - Sync 1 DAGs
[2023-05-29T09:42:19.002+0000] {logging_mixin.py:149} INFO - [2023-05-29T09:42:19.002+0000] {dag.py:3490} INFO - Setting next_dagrun for example_params_trigger_ui to None, run_after=None
[2023-05-29T09:42:19.013+0000] {processor.py:179} INFO - Processing /home/airflow/.local/lib/python3.7/site-packages/airflow/example_dags/example_params_trigger_ui.py took 0.092 seconds
