[2023-05-29T09:32:10.569+0000] {processor.py:157} INFO - Started process (PID=53) to work on /home/airflow/.local/lib/python3.7/site-packages/airflow/example_dags/example_latest_only_with_trigger.py
[2023-05-29T09:32:10.581+0000] {processor.py:826} INFO - Processing file /home/airflow/.local/lib/python3.7/site-packages/airflow/example_dags/example_latest_only_with_trigger.py for tasks to queue
[2023-05-29T09:32:10.582+0000] {logging_mixin.py:149} INFO - [2023-05-29T09:32:10.582+0000] {dagbag.py:541} INFO - Filling up the DagBag from /home/airflow/.local/lib/python3.7/site-packages/airflow/example_dags/example_latest_only_with_trigger.py
[2023-05-29T09:32:10.591+0000] {processor.py:836} INFO - DAG(s) dict_keys(['latest_only_with_trigger']) retrieved from /home/airflow/.local/lib/python3.7/site-packages/airflow/example_dags/example_latest_only_with_trigger.py
[2023-05-29T09:32:10.609+0000] {logging_mixin.py:149} INFO - [2023-05-29T09:32:10.609+0000] {dag.py:2726} INFO - Sync 1 DAGs
[2023-05-29T09:32:10.640+0000] {logging_mixin.py:149} INFO - [2023-05-29T09:32:10.640+0000] {dag.py:3490} INFO - Setting next_dagrun for latest_only_with_trigger to 2023-05-29T05:32:10.640324+00:00, run_after=2023-05-29T09:32:10.640324+00:00
[2023-05-29T09:32:10.667+0000] {processor.py:179} INFO - Processing /home/airflow/.local/lib/python3.7/site-packages/airflow/example_dags/example_latest_only_with_trigger.py took 0.101 seconds
[2023-05-29T09:32:41.076+0000] {processor.py:157} INFO - Started process (PID=109) to work on /home/airflow/.local/lib/python3.7/site-packages/airflow/example_dags/example_latest_only_with_trigger.py
[2023-05-29T09:32:41.077+0000] {processor.py:826} INFO - Processing file /home/airflow/.local/lib/python3.7/site-packages/airflow/example_dags/example_latest_only_with_trigger.py for tasks to queue
[2023-05-29T09:32:41.077+0000] {logging_mixin.py:149} INFO - [2023-05-29T09:32:41.077+0000] {dagbag.py:541} INFO - Filling up the DagBag from /home/airflow/.local/lib/python3.7/site-packages/airflow/example_dags/example_latest_only_with_trigger.py
[2023-05-29T09:32:41.082+0000] {processor.py:836} INFO - DAG(s) dict_keys(['latest_only_with_trigger']) retrieved from /home/airflow/.local/lib/python3.7/site-packages/airflow/example_dags/example_latest_only_with_trigger.py
[2023-05-29T09:32:41.101+0000] {logging_mixin.py:149} INFO - [2023-05-29T09:32:41.101+0000] {dag.py:2726} INFO - Sync 1 DAGs
[2023-05-29T09:32:41.118+0000] {logging_mixin.py:149} INFO - [2023-05-29T09:32:41.117+0000] {dag.py:3490} INFO - Setting next_dagrun for latest_only_with_trigger to 2023-05-29T05:32:41.117551+00:00, run_after=2023-05-29T09:32:41.117551+00:00
[2023-05-29T09:32:41.129+0000] {processor.py:179} INFO - Processing /home/airflow/.local/lib/python3.7/site-packages/airflow/example_dags/example_latest_only_with_trigger.py took 0.056 seconds
[2023-05-29T09:33:11.418+0000] {processor.py:157} INFO - Started process (PID=165) to work on /home/airflow/.local/lib/python3.7/site-packages/airflow/example_dags/example_latest_only_with_trigger.py
[2023-05-29T09:33:11.420+0000] {processor.py:826} INFO - Processing file /home/airflow/.local/lib/python3.7/site-packages/airflow/example_dags/example_latest_only_with_trigger.py for tasks to queue
[2023-05-29T09:33:11.420+0000] {logging_mixin.py:149} INFO - [2023-05-29T09:33:11.420+0000] {dagbag.py:541} INFO - Filling up the DagBag from /home/airflow/.local/lib/python3.7/site-packages/airflow/example_dags/example_latest_only_with_trigger.py
[2023-05-29T09:33:11.425+0000] {processor.py:836} INFO - DAG(s) dict_keys(['latest_only_with_trigger']) retrieved from /home/airflow/.local/lib/python3.7/site-packages/airflow/example_dags/example_latest_only_with_trigger.py
[2023-05-29T09:33:11.444+0000] {logging_mixin.py:149} INFO - [2023-05-29T09:33:11.444+0000] {dag.py:2726} INFO - Sync 1 DAGs
[2023-05-29T09:33:11.461+0000] {logging_mixin.py:149} INFO - [2023-05-29T09:33:11.461+0000] {dag.py:3490} INFO - Setting next_dagrun for latest_only_with_trigger to 2023-05-29T05:33:11.460934+00:00, run_after=2023-05-29T09:33:11.460934+00:00
[2023-05-29T09:33:11.473+0000] {processor.py:179} INFO - Processing /home/airflow/.local/lib/python3.7/site-packages/airflow/example_dags/example_latest_only_with_trigger.py took 0.057 seconds
[2023-05-29T09:33:41.870+0000] {processor.py:157} INFO - Started process (PID=221) to work on /home/airflow/.local/lib/python3.7/site-packages/airflow/example_dags/example_latest_only_with_trigger.py
[2023-05-29T09:33:41.871+0000] {processor.py:826} INFO - Processing file /home/airflow/.local/lib/python3.7/site-packages/airflow/example_dags/example_latest_only_with_trigger.py for tasks to queue
[2023-05-29T09:33:41.872+0000] {logging_mixin.py:149} INFO - [2023-05-29T09:33:41.872+0000] {dagbag.py:541} INFO - Filling up the DagBag from /home/airflow/.local/lib/python3.7/site-packages/airflow/example_dags/example_latest_only_with_trigger.py
[2023-05-29T09:33:41.877+0000] {processor.py:836} INFO - DAG(s) dict_keys(['latest_only_with_trigger']) retrieved from /home/airflow/.local/lib/python3.7/site-packages/airflow/example_dags/example_latest_only_with_trigger.py
[2023-05-29T09:33:41.895+0000] {logging_mixin.py:149} INFO - [2023-05-29T09:33:41.895+0000] {dag.py:2726} INFO - Sync 1 DAGs
[2023-05-29T09:33:41.912+0000] {logging_mixin.py:149} INFO - [2023-05-29T09:33:41.912+0000] {dag.py:3490} INFO - Setting next_dagrun for latest_only_with_trigger to 2023-05-29T05:33:41.912283+00:00, run_after=2023-05-29T09:33:41.912283+00:00
[2023-05-29T09:33:41.924+0000] {processor.py:179} INFO - Processing /home/airflow/.local/lib/python3.7/site-packages/airflow/example_dags/example_latest_only_with_trigger.py took 0.057 seconds
[2023-05-29T09:34:12.368+0000] {processor.py:157} INFO - Started process (PID=277) to work on /home/airflow/.local/lib/python3.7/site-packages/airflow/example_dags/example_latest_only_with_trigger.py
[2023-05-29T09:34:12.370+0000] {processor.py:826} INFO - Processing file /home/airflow/.local/lib/python3.7/site-packages/airflow/example_dags/example_latest_only_with_trigger.py for tasks to queue
[2023-05-29T09:34:12.370+0000] {logging_mixin.py:149} INFO - [2023-05-29T09:34:12.370+0000] {dagbag.py:541} INFO - Filling up the DagBag from /home/airflow/.local/lib/python3.7/site-packages/airflow/example_dags/example_latest_only_with_trigger.py
[2023-05-29T09:34:12.376+0000] {processor.py:836} INFO - DAG(s) dict_keys(['latest_only_with_trigger']) retrieved from /home/airflow/.local/lib/python3.7/site-packages/airflow/example_dags/example_latest_only_with_trigger.py
[2023-05-29T09:34:12.394+0000] {logging_mixin.py:149} INFO - [2023-05-29T09:34:12.394+0000] {dag.py:2726} INFO - Sync 1 DAGs
[2023-05-29T09:34:12.410+0000] {logging_mixin.py:149} INFO - [2023-05-29T09:34:12.410+0000] {dag.py:3490} INFO - Setting next_dagrun for latest_only_with_trigger to 2023-05-29T05:34:12.410463+00:00, run_after=2023-05-29T09:34:12.410463+00:00
[2023-05-29T09:34:12.422+0000] {processor.py:179} INFO - Processing /home/airflow/.local/lib/python3.7/site-packages/airflow/example_dags/example_latest_only_with_trigger.py took 0.057 seconds
[2023-05-29T09:34:42.777+0000] {processor.py:157} INFO - Started process (PID=333) to work on /home/airflow/.local/lib/python3.7/site-packages/airflow/example_dags/example_latest_only_with_trigger.py
[2023-05-29T09:34:42.778+0000] {processor.py:826} INFO - Processing file /home/airflow/.local/lib/python3.7/site-packages/airflow/example_dags/example_latest_only_with_trigger.py for tasks to queue
[2023-05-29T09:34:42.779+0000] {logging_mixin.py:149} INFO - [2023-05-29T09:34:42.779+0000] {dagbag.py:541} INFO - Filling up the DagBag from /home/airflow/.local/lib/python3.7/site-packages/airflow/example_dags/example_latest_only_with_trigger.py
[2023-05-29T09:34:42.784+0000] {processor.py:836} INFO - DAG(s) dict_keys(['latest_only_with_trigger']) retrieved from /home/airflow/.local/lib/python3.7/site-packages/airflow/example_dags/example_latest_only_with_trigger.py
[2023-05-29T09:34:42.807+0000] {logging_mixin.py:149} INFO - [2023-05-29T09:34:42.807+0000] {dag.py:2726} INFO - Sync 1 DAGs
[2023-05-29T09:34:42.828+0000] {logging_mixin.py:149} INFO - [2023-05-29T09:34:42.828+0000] {dag.py:3490} INFO - Setting next_dagrun for latest_only_with_trigger to 2023-05-29T05:34:42.828241+00:00, run_after=2023-05-29T09:34:42.828241+00:00
[2023-05-29T09:34:42.842+0000] {processor.py:179} INFO - Processing /home/airflow/.local/lib/python3.7/site-packages/airflow/example_dags/example_latest_only_with_trigger.py took 0.068 seconds
[2023-05-29T09:35:13.032+0000] {processor.py:157} INFO - Started process (PID=388) to work on /home/airflow/.local/lib/python3.7/site-packages/airflow/example_dags/example_latest_only_with_trigger.py
[2023-05-29T09:35:13.033+0000] {processor.py:826} INFO - Processing file /home/airflow/.local/lib/python3.7/site-packages/airflow/example_dags/example_latest_only_with_trigger.py for tasks to queue
[2023-05-29T09:35:13.033+0000] {logging_mixin.py:149} INFO - [2023-05-29T09:35:13.033+0000] {dagbag.py:541} INFO - Filling up the DagBag from /home/airflow/.local/lib/python3.7/site-packages/airflow/example_dags/example_latest_only_with_trigger.py
[2023-05-29T09:35:13.039+0000] {processor.py:836} INFO - DAG(s) dict_keys(['latest_only_with_trigger']) retrieved from /home/airflow/.local/lib/python3.7/site-packages/airflow/example_dags/example_latest_only_with_trigger.py
[2023-05-29T09:35:13.058+0000] {logging_mixin.py:149} INFO - [2023-05-29T09:35:13.057+0000] {dag.py:2726} INFO - Sync 1 DAGs
[2023-05-29T09:35:13.074+0000] {logging_mixin.py:149} INFO - [2023-05-29T09:35:13.074+0000] {dag.py:3490} INFO - Setting next_dagrun for latest_only_with_trigger to 2023-05-29T05:35:13.074369+00:00, run_after=2023-05-29T09:35:13.074369+00:00
[2023-05-29T09:35:13.085+0000] {processor.py:179} INFO - Processing /home/airflow/.local/lib/python3.7/site-packages/airflow/example_dags/example_latest_only_with_trigger.py took 0.056 seconds
[2023-05-29T09:35:43.336+0000] {processor.py:157} INFO - Started process (PID=444) to work on /home/airflow/.local/lib/python3.7/site-packages/airflow/example_dags/example_latest_only_with_trigger.py
[2023-05-29T09:35:43.337+0000] {processor.py:826} INFO - Processing file /home/airflow/.local/lib/python3.7/site-packages/airflow/example_dags/example_latest_only_with_trigger.py for tasks to queue
[2023-05-29T09:35:43.338+0000] {logging_mixin.py:149} INFO - [2023-05-29T09:35:43.338+0000] {dagbag.py:541} INFO - Filling up the DagBag from /home/airflow/.local/lib/python3.7/site-packages/airflow/example_dags/example_latest_only_with_trigger.py
[2023-05-29T09:35:43.343+0000] {processor.py:836} INFO - DAG(s) dict_keys(['latest_only_with_trigger']) retrieved from /home/airflow/.local/lib/python3.7/site-packages/airflow/example_dags/example_latest_only_with_trigger.py
[2023-05-29T09:35:43.364+0000] {logging_mixin.py:149} INFO - [2023-05-29T09:35:43.364+0000] {dag.py:2726} INFO - Sync 1 DAGs
[2023-05-29T09:35:43.379+0000] {logging_mixin.py:149} INFO - [2023-05-29T09:35:43.379+0000] {dag.py:3490} INFO - Setting next_dagrun for latest_only_with_trigger to 2023-05-29T05:35:43.379479+00:00, run_after=2023-05-29T09:35:43.379479+00:00
[2023-05-29T09:35:43.391+0000] {processor.py:179} INFO - Processing /home/airflow/.local/lib/python3.7/site-packages/airflow/example_dags/example_latest_only_with_trigger.py took 0.057 seconds
[2023-05-29T09:36:13.679+0000] {processor.py:157} INFO - Started process (PID=500) to work on /home/airflow/.local/lib/python3.7/site-packages/airflow/example_dags/example_latest_only_with_trigger.py
[2023-05-29T09:36:13.680+0000] {processor.py:826} INFO - Processing file /home/airflow/.local/lib/python3.7/site-packages/airflow/example_dags/example_latest_only_with_trigger.py for tasks to queue
[2023-05-29T09:36:13.681+0000] {logging_mixin.py:149} INFO - [2023-05-29T09:36:13.680+0000] {dagbag.py:541} INFO - Filling up the DagBag from /home/airflow/.local/lib/python3.7/site-packages/airflow/example_dags/example_latest_only_with_trigger.py
[2023-05-29T09:36:13.686+0000] {processor.py:836} INFO - DAG(s) dict_keys(['latest_only_with_trigger']) retrieved from /home/airflow/.local/lib/python3.7/site-packages/airflow/example_dags/example_latest_only_with_trigger.py
[2023-05-29T09:36:13.704+0000] {logging_mixin.py:149} INFO - [2023-05-29T09:36:13.704+0000] {dag.py:2726} INFO - Sync 1 DAGs
[2023-05-29T09:36:13.721+0000] {logging_mixin.py:149} INFO - [2023-05-29T09:36:13.721+0000] {dag.py:3490} INFO - Setting next_dagrun for latest_only_with_trigger to 2023-05-29T05:36:13.721381+00:00, run_after=2023-05-29T09:36:13.721381+00:00
[2023-05-29T09:36:13.733+0000] {processor.py:179} INFO - Processing /home/airflow/.local/lib/python3.7/site-packages/airflow/example_dags/example_latest_only_with_trigger.py took 0.057 seconds
[2023-05-29T09:36:44.174+0000] {processor.py:157} INFO - Started process (PID=556) to work on /home/airflow/.local/lib/python3.7/site-packages/airflow/example_dags/example_latest_only_with_trigger.py
[2023-05-29T09:36:44.175+0000] {processor.py:826} INFO - Processing file /home/airflow/.local/lib/python3.7/site-packages/airflow/example_dags/example_latest_only_with_trigger.py for tasks to queue
[2023-05-29T09:36:44.176+0000] {logging_mixin.py:149} INFO - [2023-05-29T09:36:44.176+0000] {dagbag.py:541} INFO - Filling up the DagBag from /home/airflow/.local/lib/python3.7/site-packages/airflow/example_dags/example_latest_only_with_trigger.py
[2023-05-29T09:36:44.181+0000] {processor.py:836} INFO - DAG(s) dict_keys(['latest_only_with_trigger']) retrieved from /home/airflow/.local/lib/python3.7/site-packages/airflow/example_dags/example_latest_only_with_trigger.py
[2023-05-29T09:36:44.200+0000] {logging_mixin.py:149} INFO - [2023-05-29T09:36:44.200+0000] {dag.py:2726} INFO - Sync 1 DAGs
[2023-05-29T09:36:44.218+0000] {logging_mixin.py:149} INFO - [2023-05-29T09:36:44.218+0000] {dag.py:3490} INFO - Setting next_dagrun for latest_only_with_trigger to 2023-05-29T05:36:44.218096+00:00, run_after=2023-05-29T09:36:44.218096+00:00
[2023-05-29T09:36:44.229+0000] {processor.py:179} INFO - Processing /home/airflow/.local/lib/python3.7/site-packages/airflow/example_dags/example_latest_only_with_trigger.py took 0.058 seconds
[2023-05-29T09:37:14.441+0000] {processor.py:157} INFO - Started process (PID=612) to work on /home/airflow/.local/lib/python3.7/site-packages/airflow/example_dags/example_latest_only_with_trigger.py
[2023-05-29T09:37:14.442+0000] {processor.py:826} INFO - Processing file /home/airflow/.local/lib/python3.7/site-packages/airflow/example_dags/example_latest_only_with_trigger.py for tasks to queue
[2023-05-29T09:37:14.444+0000] {logging_mixin.py:149} INFO - [2023-05-29T09:37:14.443+0000] {dagbag.py:541} INFO - Filling up the DagBag from /home/airflow/.local/lib/python3.7/site-packages/airflow/example_dags/example_latest_only_with_trigger.py
[2023-05-29T09:37:14.449+0000] {processor.py:836} INFO - DAG(s) dict_keys(['latest_only_with_trigger']) retrieved from /home/airflow/.local/lib/python3.7/site-packages/airflow/example_dags/example_latest_only_with_trigger.py
[2023-05-29T09:37:14.469+0000] {logging_mixin.py:149} INFO - [2023-05-29T09:37:14.468+0000] {dag.py:2726} INFO - Sync 1 DAGs
[2023-05-29T09:37:14.486+0000] {logging_mixin.py:149} INFO - [2023-05-29T09:37:14.486+0000] {dag.py:3490} INFO - Setting next_dagrun for latest_only_with_trigger to 2023-05-29T05:37:14.486183+00:00, run_after=2023-05-29T09:37:14.486183+00:00
[2023-05-29T09:37:14.498+0000] {processor.py:179} INFO - Processing /home/airflow/.local/lib/python3.7/site-packages/airflow/example_dags/example_latest_only_with_trigger.py took 0.060 seconds
[2023-05-29T09:37:44.821+0000] {processor.py:157} INFO - Started process (PID=668) to work on /home/airflow/.local/lib/python3.7/site-packages/airflow/example_dags/example_latest_only_with_trigger.py
[2023-05-29T09:37:44.822+0000] {processor.py:826} INFO - Processing file /home/airflow/.local/lib/python3.7/site-packages/airflow/example_dags/example_latest_only_with_trigger.py for tasks to queue
[2023-05-29T09:37:44.823+0000] {logging_mixin.py:149} INFO - [2023-05-29T09:37:44.823+0000] {dagbag.py:541} INFO - Filling up the DagBag from /home/airflow/.local/lib/python3.7/site-packages/airflow/example_dags/example_latest_only_with_trigger.py
[2023-05-29T09:37:44.829+0000] {processor.py:836} INFO - DAG(s) dict_keys(['latest_only_with_trigger']) retrieved from /home/airflow/.local/lib/python3.7/site-packages/airflow/example_dags/example_latest_only_with_trigger.py
[2023-05-29T09:37:44.853+0000] {logging_mixin.py:149} INFO - [2023-05-29T09:37:44.853+0000] {dag.py:2726} INFO - Sync 1 DAGs
[2023-05-29T09:37:44.869+0000] {logging_mixin.py:149} INFO - [2023-05-29T09:37:44.869+0000] {dag.py:3490} INFO - Setting next_dagrun for latest_only_with_trigger to 2023-05-29T05:37:44.869433+00:00, run_after=2023-05-29T09:37:44.869433+00:00
[2023-05-29T09:37:44.884+0000] {processor.py:179} INFO - Processing /home/airflow/.local/lib/python3.7/site-packages/airflow/example_dags/example_latest_only_with_trigger.py took 0.066 seconds
[2023-05-29T09:38:15.233+0000] {processor.py:157} INFO - Started process (PID=724) to work on /home/airflow/.local/lib/python3.7/site-packages/airflow/example_dags/example_latest_only_with_trigger.py
[2023-05-29T09:38:15.234+0000] {processor.py:826} INFO - Processing file /home/airflow/.local/lib/python3.7/site-packages/airflow/example_dags/example_latest_only_with_trigger.py for tasks to queue
[2023-05-29T09:38:15.235+0000] {logging_mixin.py:149} INFO - [2023-05-29T09:38:15.235+0000] {dagbag.py:541} INFO - Filling up the DagBag from /home/airflow/.local/lib/python3.7/site-packages/airflow/example_dags/example_latest_only_with_trigger.py
[2023-05-29T09:38:15.240+0000] {processor.py:836} INFO - DAG(s) dict_keys(['latest_only_with_trigger']) retrieved from /home/airflow/.local/lib/python3.7/site-packages/airflow/example_dags/example_latest_only_with_trigger.py
[2023-05-29T09:38:15.259+0000] {logging_mixin.py:149} INFO - [2023-05-29T09:38:15.259+0000] {dag.py:2726} INFO - Sync 1 DAGs
[2023-05-29T09:38:15.276+0000] {logging_mixin.py:149} INFO - [2023-05-29T09:38:15.276+0000] {dag.py:3490} INFO - Setting next_dagrun for latest_only_with_trigger to 2023-05-29T05:38:15.275912+00:00, run_after=2023-05-29T09:38:15.275912+00:00
[2023-05-29T09:38:15.287+0000] {processor.py:179} INFO - Processing /home/airflow/.local/lib/python3.7/site-packages/airflow/example_dags/example_latest_only_with_trigger.py took 0.057 seconds
[2023-05-29T09:38:45.599+0000] {processor.py:157} INFO - Started process (PID=780) to work on /home/airflow/.local/lib/python3.7/site-packages/airflow/example_dags/example_latest_only_with_trigger.py
[2023-05-29T09:38:45.600+0000] {processor.py:826} INFO - Processing file /home/airflow/.local/lib/python3.7/site-packages/airflow/example_dags/example_latest_only_with_trigger.py for tasks to queue
[2023-05-29T09:38:45.601+0000] {logging_mixin.py:149} INFO - [2023-05-29T09:38:45.601+0000] {dagbag.py:541} INFO - Filling up the DagBag from /home/airflow/.local/lib/python3.7/site-packages/airflow/example_dags/example_latest_only_with_trigger.py
[2023-05-29T09:38:45.606+0000] {processor.py:836} INFO - DAG(s) dict_keys(['latest_only_with_trigger']) retrieved from /home/airflow/.local/lib/python3.7/site-packages/airflow/example_dags/example_latest_only_with_trigger.py
[2023-05-29T09:38:45.624+0000] {logging_mixin.py:149} INFO - [2023-05-29T09:38:45.624+0000] {dag.py:2726} INFO - Sync 1 DAGs
[2023-05-29T09:38:45.639+0000] {logging_mixin.py:149} INFO - [2023-05-29T09:38:45.639+0000] {dag.py:3490} INFO - Setting next_dagrun for latest_only_with_trigger to 2023-05-29T05:38:45.638845+00:00, run_after=2023-05-29T09:38:45.638845+00:00
[2023-05-29T09:38:45.650+0000] {processor.py:179} INFO - Processing /home/airflow/.local/lib/python3.7/site-packages/airflow/example_dags/example_latest_only_with_trigger.py took 0.054 seconds
[2023-05-29T09:39:15.866+0000] {processor.py:157} INFO - Started process (PID=837) to work on /home/airflow/.local/lib/python3.7/site-packages/airflow/example_dags/example_latest_only_with_trigger.py
[2023-05-29T09:39:15.867+0000] {processor.py:826} INFO - Processing file /home/airflow/.local/lib/python3.7/site-packages/airflow/example_dags/example_latest_only_with_trigger.py for tasks to queue
[2023-05-29T09:39:15.868+0000] {logging_mixin.py:149} INFO - [2023-05-29T09:39:15.867+0000] {dagbag.py:541} INFO - Filling up the DagBag from /home/airflow/.local/lib/python3.7/site-packages/airflow/example_dags/example_latest_only_with_trigger.py
[2023-05-29T09:39:15.873+0000] {processor.py:836} INFO - DAG(s) dict_keys(['latest_only_with_trigger']) retrieved from /home/airflow/.local/lib/python3.7/site-packages/airflow/example_dags/example_latest_only_with_trigger.py
[2023-05-29T09:39:15.892+0000] {logging_mixin.py:149} INFO - [2023-05-29T09:39:15.892+0000] {dag.py:2726} INFO - Sync 1 DAGs
[2023-05-29T09:39:15.909+0000] {logging_mixin.py:149} INFO - [2023-05-29T09:39:15.909+0000] {dag.py:3490} INFO - Setting next_dagrun for latest_only_with_trigger to 2023-05-29T05:39:15.909267+00:00, run_after=2023-05-29T09:39:15.909267+00:00
[2023-05-29T09:39:15.921+0000] {processor.py:179} INFO - Processing /home/airflow/.local/lib/python3.7/site-packages/airflow/example_dags/example_latest_only_with_trigger.py took 0.058 seconds
[2023-05-29T09:39:46.438+0000] {processor.py:157} INFO - Started process (PID=893) to work on /home/airflow/.local/lib/python3.7/site-packages/airflow/example_dags/example_latest_only_with_trigger.py
[2023-05-29T09:39:46.440+0000] {processor.py:826} INFO - Processing file /home/airflow/.local/lib/python3.7/site-packages/airflow/example_dags/example_latest_only_with_trigger.py for tasks to queue
[2023-05-29T09:39:46.440+0000] {logging_mixin.py:149} INFO - [2023-05-29T09:39:46.440+0000] {dagbag.py:541} INFO - Filling up the DagBag from /home/airflow/.local/lib/python3.7/site-packages/airflow/example_dags/example_latest_only_with_trigger.py
[2023-05-29T09:39:46.446+0000] {processor.py:836} INFO - DAG(s) dict_keys(['latest_only_with_trigger']) retrieved from /home/airflow/.local/lib/python3.7/site-packages/airflow/example_dags/example_latest_only_with_trigger.py
[2023-05-29T09:39:46.468+0000] {logging_mixin.py:149} INFO - [2023-05-29T09:39:46.468+0000] {dag.py:2726} INFO - Sync 1 DAGs
[2023-05-29T09:39:46.487+0000] {logging_mixin.py:149} INFO - [2023-05-29T09:39:46.487+0000] {dag.py:3490} INFO - Setting next_dagrun for latest_only_with_trigger to 2023-05-29T05:39:46.487418+00:00, run_after=2023-05-29T09:39:46.487418+00:00
[2023-05-29T09:39:46.500+0000] {processor.py:179} INFO - Processing /home/airflow/.local/lib/python3.7/site-packages/airflow/example_dags/example_latest_only_with_trigger.py took 0.065 seconds
[2023-05-29T09:40:16.783+0000] {processor.py:157} INFO - Started process (PID=949) to work on /home/airflow/.local/lib/python3.7/site-packages/airflow/example_dags/example_latest_only_with_trigger.py
[2023-05-29T09:40:16.784+0000] {processor.py:826} INFO - Processing file /home/airflow/.local/lib/python3.7/site-packages/airflow/example_dags/example_latest_only_with_trigger.py for tasks to queue
[2023-05-29T09:40:16.785+0000] {logging_mixin.py:149} INFO - [2023-05-29T09:40:16.785+0000] {dagbag.py:541} INFO - Filling up the DagBag from /home/airflow/.local/lib/python3.7/site-packages/airflow/example_dags/example_latest_only_with_trigger.py
[2023-05-29T09:40:16.790+0000] {processor.py:836} INFO - DAG(s) dict_keys(['latest_only_with_trigger']) retrieved from /home/airflow/.local/lib/python3.7/site-packages/airflow/example_dags/example_latest_only_with_trigger.py
[2023-05-29T09:40:16.809+0000] {logging_mixin.py:149} INFO - [2023-05-29T09:40:16.809+0000] {dag.py:2726} INFO - Sync 1 DAGs
[2023-05-29T09:40:16.826+0000] {logging_mixin.py:149} INFO - [2023-05-29T09:40:16.826+0000] {dag.py:3490} INFO - Setting next_dagrun for latest_only_with_trigger to 2023-05-29T05:40:16.826486+00:00, run_after=2023-05-29T09:40:16.826486+00:00
[2023-05-29T09:40:16.838+0000] {processor.py:179} INFO - Processing /home/airflow/.local/lib/python3.7/site-packages/airflow/example_dags/example_latest_only_with_trigger.py took 0.057 seconds
[2023-05-29T09:40:47.124+0000] {processor.py:157} INFO - Started process (PID=1005) to work on /home/airflow/.local/lib/python3.7/site-packages/airflow/example_dags/example_latest_only_with_trigger.py
[2023-05-29T09:40:47.126+0000] {processor.py:826} INFO - Processing file /home/airflow/.local/lib/python3.7/site-packages/airflow/example_dags/example_latest_only_with_trigger.py for tasks to queue
[2023-05-29T09:40:47.127+0000] {logging_mixin.py:149} INFO - [2023-05-29T09:40:47.127+0000] {dagbag.py:541} INFO - Filling up the DagBag from /home/airflow/.local/lib/python3.7/site-packages/airflow/example_dags/example_latest_only_with_trigger.py
[2023-05-29T09:40:47.132+0000] {processor.py:836} INFO - DAG(s) dict_keys(['latest_only_with_trigger']) retrieved from /home/airflow/.local/lib/python3.7/site-packages/airflow/example_dags/example_latest_only_with_trigger.py
[2023-05-29T09:40:47.153+0000] {logging_mixin.py:149} INFO - [2023-05-29T09:40:47.153+0000] {dag.py:2726} INFO - Sync 1 DAGs
[2023-05-29T09:40:47.169+0000] {logging_mixin.py:149} INFO - [2023-05-29T09:40:47.169+0000] {dag.py:3490} INFO - Setting next_dagrun for latest_only_with_trigger to 2023-05-29T05:40:47.169199+00:00, run_after=2023-05-29T09:40:47.169199+00:00
[2023-05-29T09:40:47.186+0000] {processor.py:179} INFO - Processing /home/airflow/.local/lib/python3.7/site-packages/airflow/example_dags/example_latest_only_with_trigger.py took 0.065 seconds
[2023-05-29T09:41:17.595+0000] {processor.py:157} INFO - Started process (PID=1061) to work on /home/airflow/.local/lib/python3.7/site-packages/airflow/example_dags/example_latest_only_with_trigger.py
[2023-05-29T09:41:17.596+0000] {processor.py:826} INFO - Processing file /home/airflow/.local/lib/python3.7/site-packages/airflow/example_dags/example_latest_only_with_trigger.py for tasks to queue
[2023-05-29T09:41:17.596+0000] {logging_mixin.py:149} INFO - [2023-05-29T09:41:17.596+0000] {dagbag.py:541} INFO - Filling up the DagBag from /home/airflow/.local/lib/python3.7/site-packages/airflow/example_dags/example_latest_only_with_trigger.py
[2023-05-29T09:41:17.601+0000] {processor.py:836} INFO - DAG(s) dict_keys(['latest_only_with_trigger']) retrieved from /home/airflow/.local/lib/python3.7/site-packages/airflow/example_dags/example_latest_only_with_trigger.py
[2023-05-29T09:41:17.620+0000] {logging_mixin.py:149} INFO - [2023-05-29T09:41:17.620+0000] {dag.py:2726} INFO - Sync 1 DAGs
[2023-05-29T09:41:17.636+0000] {logging_mixin.py:149} INFO - [2023-05-29T09:41:17.636+0000] {dag.py:3490} INFO - Setting next_dagrun for latest_only_with_trigger to 2023-05-29T05:41:17.636118+00:00, run_after=2023-05-29T09:41:17.636118+00:00
[2023-05-29T09:41:17.647+0000] {processor.py:179} INFO - Processing /home/airflow/.local/lib/python3.7/site-packages/airflow/example_dags/example_latest_only_with_trigger.py took 0.055 seconds
[2023-05-29T09:41:48.085+0000] {processor.py:157} INFO - Started process (PID=1117) to work on /home/airflow/.local/lib/python3.7/site-packages/airflow/example_dags/example_latest_only_with_trigger.py
[2023-05-29T09:41:48.087+0000] {processor.py:826} INFO - Processing file /home/airflow/.local/lib/python3.7/site-packages/airflow/example_dags/example_latest_only_with_trigger.py for tasks to queue
[2023-05-29T09:41:48.087+0000] {logging_mixin.py:149} INFO - [2023-05-29T09:41:48.087+0000] {dagbag.py:541} INFO - Filling up the DagBag from /home/airflow/.local/lib/python3.7/site-packages/airflow/example_dags/example_latest_only_with_trigger.py
[2023-05-29T09:41:48.093+0000] {processor.py:836} INFO - DAG(s) dict_keys(['latest_only_with_trigger']) retrieved from /home/airflow/.local/lib/python3.7/site-packages/airflow/example_dags/example_latest_only_with_trigger.py
[2023-05-29T09:41:48.119+0000] {logging_mixin.py:149} INFO - [2023-05-29T09:41:48.119+0000] {dag.py:2726} INFO - Sync 1 DAGs
[2023-05-29T09:41:48.141+0000] {logging_mixin.py:149} INFO - [2023-05-29T09:41:48.141+0000] {dag.py:3490} INFO - Setting next_dagrun for latest_only_with_trigger to 2023-05-29T05:41:48.141064+00:00, run_after=2023-05-29T09:41:48.141064+00:00
[2023-05-29T09:41:48.156+0000] {processor.py:179} INFO - Processing /home/airflow/.local/lib/python3.7/site-packages/airflow/example_dags/example_latest_only_with_trigger.py took 0.075 seconds
[2023-05-29T09:42:18.659+0000] {processor.py:157} INFO - Started process (PID=1174) to work on /home/airflow/.local/lib/python3.7/site-packages/airflow/example_dags/example_latest_only_with_trigger.py
[2023-05-29T09:42:18.661+0000] {processor.py:826} INFO - Processing file /home/airflow/.local/lib/python3.7/site-packages/airflow/example_dags/example_latest_only_with_trigger.py for tasks to queue
[2023-05-29T09:42:18.661+0000] {logging_mixin.py:149} INFO - [2023-05-29T09:42:18.661+0000] {dagbag.py:541} INFO - Filling up the DagBag from /home/airflow/.local/lib/python3.7/site-packages/airflow/example_dags/example_latest_only_with_trigger.py
[2023-05-29T09:42:18.667+0000] {processor.py:836} INFO - DAG(s) dict_keys(['latest_only_with_trigger']) retrieved from /home/airflow/.local/lib/python3.7/site-packages/airflow/example_dags/example_latest_only_with_trigger.py
[2023-05-29T09:42:18.686+0000] {logging_mixin.py:149} INFO - [2023-05-29T09:42:18.686+0000] {dag.py:2726} INFO - Sync 1 DAGs
[2023-05-29T09:42:18.702+0000] {logging_mixin.py:149} INFO - [2023-05-29T09:42:18.702+0000] {dag.py:3490} INFO - Setting next_dagrun for latest_only_with_trigger to 2023-05-29T05:42:18.701862+00:00, run_after=2023-05-29T09:42:18.701862+00:00
[2023-05-29T09:42:18.714+0000] {processor.py:179} INFO - Processing /home/airflow/.local/lib/python3.7/site-packages/airflow/example_dags/example_latest_only_with_trigger.py took 0.057 seconds
[2023-05-29T09:42:49.468+0000] {processor.py:157} INFO - Started process (PID=1230) to work on /home/airflow/.local/lib/python3.7/site-packages/airflow/example_dags/example_latest_only_with_trigger.py
[2023-05-29T09:42:49.470+0000] {processor.py:826} INFO - Processing file /home/airflow/.local/lib/python3.7/site-packages/airflow/example_dags/example_latest_only_with_trigger.py for tasks to queue
[2023-05-29T09:42:49.471+0000] {logging_mixin.py:149} INFO - [2023-05-29T09:42:49.471+0000] {dagbag.py:541} INFO - Filling up the DagBag from /home/airflow/.local/lib/python3.7/site-packages/airflow/example_dags/example_latest_only_with_trigger.py
[2023-05-29T09:42:49.479+0000] {processor.py:836} INFO - DAG(s) dict_keys(['latest_only_with_trigger']) retrieved from /home/airflow/.local/lib/python3.7/site-packages/airflow/example_dags/example_latest_only_with_trigger.py
[2023-05-29T09:42:49.513+0000] {logging_mixin.py:149} INFO - [2023-05-29T09:42:49.512+0000] {dag.py:2726} INFO - Sync 1 DAGs
[2023-05-29T09:42:49.566+0000] {logging_mixin.py:149} INFO - [2023-05-29T09:42:49.566+0000] {dag.py:3490} INFO - Setting next_dagrun for latest_only_with_trigger to 2023-05-29T05:42:49.566044+00:00, run_after=2023-05-29T09:42:49.566044+00:00
[2023-05-29T09:42:50.121+0000] {logging_mixin.py:149} INFO - [2023-05-29T09:42:50.120+0000] {process_utils.py:258} INFO - Waiting up to 5 seconds for processes to exit...
