[2023-05-29T09:32:10.247+0000] {processor.py:157} INFO - Started process (PID=49) to work on /home/airflow/.local/lib/python3.7/site-packages/airflow/example_dags/example_external_task_marker_dag.py
[2023-05-29T09:32:10.249+0000] {processor.py:826} INFO - Processing file /home/airflow/.local/lib/python3.7/site-packages/airflow/example_dags/example_external_task_marker_dag.py for tasks to queue
[2023-05-29T09:32:10.250+0000] {logging_mixin.py:149} INFO - [2023-05-29T09:32:10.250+0000] {dagbag.py:541} INFO - Filling up the DagBag from /home/airflow/.local/lib/python3.7/site-packages/airflow/example_dags/example_external_task_marker_dag.py
[2023-05-29T09:32:10.265+0000] {processor.py:836} INFO - DAG(s) dict_keys(['example_external_task_marker_parent', 'example_external_task_marker_child']) retrieved from /home/airflow/.local/lib/python3.7/site-packages/airflow/example_dags/example_external_task_marker_dag.py
[2023-05-29T09:32:10.285+0000] {logging_mixin.py:149} INFO - [2023-05-29T09:32:10.284+0000] {dag.py:2726} INFO - Sync 2 DAGs
[2023-05-29T09:32:10.329+0000] {logging_mixin.py:149} INFO - [2023-05-29T09:32:10.328+0000] {dag.py:3490} INFO - Setting next_dagrun for example_external_task_marker_child to None, run_after=None
[2023-05-29T09:32:10.334+0000] {logging_mixin.py:149} INFO - [2023-05-29T09:32:10.334+0000] {dag.py:3490} INFO - Setting next_dagrun for example_external_task_marker_parent to None, run_after=None
[2023-05-29T09:32:10.354+0000] {processor.py:179} INFO - Processing /home/airflow/.local/lib/python3.7/site-packages/airflow/example_dags/example_external_task_marker_dag.py took 0.110 seconds
[2023-05-29T09:32:40.921+0000] {processor.py:157} INFO - Started process (PID=105) to work on /home/airflow/.local/lib/python3.7/site-packages/airflow/example_dags/example_external_task_marker_dag.py
[2023-05-29T09:32:40.922+0000] {processor.py:826} INFO - Processing file /home/airflow/.local/lib/python3.7/site-packages/airflow/example_dags/example_external_task_marker_dag.py for tasks to queue
[2023-05-29T09:32:40.923+0000] {logging_mixin.py:149} INFO - [2023-05-29T09:32:40.923+0000] {dagbag.py:541} INFO - Filling up the DagBag from /home/airflow/.local/lib/python3.7/site-packages/airflow/example_dags/example_external_task_marker_dag.py
[2023-05-29T09:32:40.927+0000] {processor.py:836} INFO - DAG(s) dict_keys(['example_external_task_marker_child', 'example_external_task_marker_parent']) retrieved from /home/airflow/.local/lib/python3.7/site-packages/airflow/example_dags/example_external_task_marker_dag.py
[2023-05-29T09:32:40.949+0000] {logging_mixin.py:149} INFO - [2023-05-29T09:32:40.949+0000] {dag.py:2726} INFO - Sync 2 DAGs
[2023-05-29T09:32:40.965+0000] {logging_mixin.py:149} INFO - [2023-05-29T09:32:40.965+0000] {dag.py:3490} INFO - Setting next_dagrun for example_external_task_marker_child to None, run_after=None
[2023-05-29T09:32:40.968+0000] {logging_mixin.py:149} INFO - [2023-05-29T09:32:40.968+0000] {dag.py:3490} INFO - Setting next_dagrun for example_external_task_marker_parent to None, run_after=None
[2023-05-29T09:32:40.979+0000] {processor.py:179} INFO - Processing /home/airflow/.local/lib/python3.7/site-packages/airflow/example_dags/example_external_task_marker_dag.py took 0.061 seconds
[2023-05-29T09:33:11.263+0000] {processor.py:157} INFO - Started process (PID=161) to work on /home/airflow/.local/lib/python3.7/site-packages/airflow/example_dags/example_external_task_marker_dag.py
[2023-05-29T09:33:11.265+0000] {processor.py:826} INFO - Processing file /home/airflow/.local/lib/python3.7/site-packages/airflow/example_dags/example_external_task_marker_dag.py for tasks to queue
[2023-05-29T09:33:11.265+0000] {logging_mixin.py:149} INFO - [2023-05-29T09:33:11.265+0000] {dagbag.py:541} INFO - Filling up the DagBag from /home/airflow/.local/lib/python3.7/site-packages/airflow/example_dags/example_external_task_marker_dag.py
[2023-05-29T09:33:11.270+0000] {processor.py:836} INFO - DAG(s) dict_keys(['example_external_task_marker_parent', 'example_external_task_marker_child']) retrieved from /home/airflow/.local/lib/python3.7/site-packages/airflow/example_dags/example_external_task_marker_dag.py
[2023-05-29T09:33:11.291+0000] {logging_mixin.py:149} INFO - [2023-05-29T09:33:11.291+0000] {dag.py:2726} INFO - Sync 2 DAGs
[2023-05-29T09:33:11.308+0000] {logging_mixin.py:149} INFO - [2023-05-29T09:33:11.308+0000] {dag.py:3490} INFO - Setting next_dagrun for example_external_task_marker_child to None, run_after=None
[2023-05-29T09:33:11.311+0000] {logging_mixin.py:149} INFO - [2023-05-29T09:33:11.311+0000] {dag.py:3490} INFO - Setting next_dagrun for example_external_task_marker_parent to None, run_after=None
[2023-05-29T09:33:11.321+0000] {processor.py:179} INFO - Processing /home/airflow/.local/lib/python3.7/site-packages/airflow/example_dags/example_external_task_marker_dag.py took 0.060 seconds
[2023-05-29T09:33:41.715+0000] {processor.py:157} INFO - Started process (PID=217) to work on /home/airflow/.local/lib/python3.7/site-packages/airflow/example_dags/example_external_task_marker_dag.py
[2023-05-29T09:33:41.716+0000] {processor.py:826} INFO - Processing file /home/airflow/.local/lib/python3.7/site-packages/airflow/example_dags/example_external_task_marker_dag.py for tasks to queue
[2023-05-29T09:33:41.717+0000] {logging_mixin.py:149} INFO - [2023-05-29T09:33:41.717+0000] {dagbag.py:541} INFO - Filling up the DagBag from /home/airflow/.local/lib/python3.7/site-packages/airflow/example_dags/example_external_task_marker_dag.py
[2023-05-29T09:33:41.722+0000] {processor.py:836} INFO - DAG(s) dict_keys(['example_external_task_marker_child', 'example_external_task_marker_parent']) retrieved from /home/airflow/.local/lib/python3.7/site-packages/airflow/example_dags/example_external_task_marker_dag.py
[2023-05-29T09:33:41.743+0000] {logging_mixin.py:149} INFO - [2023-05-29T09:33:41.743+0000] {dag.py:2726} INFO - Sync 2 DAGs
[2023-05-29T09:33:41.760+0000] {logging_mixin.py:149} INFO - [2023-05-29T09:33:41.760+0000] {dag.py:3490} INFO - Setting next_dagrun for example_external_task_marker_child to None, run_after=None
[2023-05-29T09:33:41.762+0000] {logging_mixin.py:149} INFO - [2023-05-29T09:33:41.762+0000] {dag.py:3490} INFO - Setting next_dagrun for example_external_task_marker_parent to None, run_after=None
[2023-05-29T09:33:41.772+0000] {processor.py:179} INFO - Processing /home/airflow/.local/lib/python3.7/site-packages/airflow/example_dags/example_external_task_marker_dag.py took 0.059 seconds
[2023-05-29T09:34:12.201+0000] {processor.py:157} INFO - Started process (PID=273) to work on /home/airflow/.local/lib/python3.7/site-packages/airflow/example_dags/example_external_task_marker_dag.py
[2023-05-29T09:34:12.203+0000] {processor.py:826} INFO - Processing file /home/airflow/.local/lib/python3.7/site-packages/airflow/example_dags/example_external_task_marker_dag.py for tasks to queue
[2023-05-29T09:34:12.204+0000] {logging_mixin.py:149} INFO - [2023-05-29T09:34:12.204+0000] {dagbag.py:541} INFO - Filling up the DagBag from /home/airflow/.local/lib/python3.7/site-packages/airflow/example_dags/example_external_task_marker_dag.py
[2023-05-29T09:34:12.208+0000] {processor.py:836} INFO - DAG(s) dict_keys(['example_external_task_marker_parent', 'example_external_task_marker_child']) retrieved from /home/airflow/.local/lib/python3.7/site-packages/airflow/example_dags/example_external_task_marker_dag.py
[2023-05-29T09:34:12.231+0000] {logging_mixin.py:149} INFO - [2023-05-29T09:34:12.231+0000] {dag.py:2726} INFO - Sync 2 DAGs
[2023-05-29T09:34:12.250+0000] {logging_mixin.py:149} INFO - [2023-05-29T09:34:12.250+0000] {dag.py:3490} INFO - Setting next_dagrun for example_external_task_marker_child to None, run_after=None
[2023-05-29T09:34:12.252+0000] {logging_mixin.py:149} INFO - [2023-05-29T09:34:12.252+0000] {dag.py:3490} INFO - Setting next_dagrun for example_external_task_marker_parent to None, run_after=None
[2023-05-29T09:34:12.264+0000] {processor.py:179} INFO - Processing /home/airflow/.local/lib/python3.7/site-packages/airflow/example_dags/example_external_task_marker_dag.py took 0.066 seconds
[2023-05-29T09:34:42.621+0000] {processor.py:157} INFO - Started process (PID=329) to work on /home/airflow/.local/lib/python3.7/site-packages/airflow/example_dags/example_external_task_marker_dag.py
[2023-05-29T09:34:42.623+0000] {processor.py:826} INFO - Processing file /home/airflow/.local/lib/python3.7/site-packages/airflow/example_dags/example_external_task_marker_dag.py for tasks to queue
[2023-05-29T09:34:42.623+0000] {logging_mixin.py:149} INFO - [2023-05-29T09:34:42.623+0000] {dagbag.py:541} INFO - Filling up the DagBag from /home/airflow/.local/lib/python3.7/site-packages/airflow/example_dags/example_external_task_marker_dag.py
[2023-05-29T09:34:42.628+0000] {processor.py:836} INFO - DAG(s) dict_keys(['example_external_task_marker_child', 'example_external_task_marker_parent']) retrieved from /home/airflow/.local/lib/python3.7/site-packages/airflow/example_dags/example_external_task_marker_dag.py
[2023-05-29T09:34:42.649+0000] {logging_mixin.py:149} INFO - [2023-05-29T09:34:42.649+0000] {dag.py:2726} INFO - Sync 2 DAGs
[2023-05-29T09:34:42.665+0000] {logging_mixin.py:149} INFO - [2023-05-29T09:34:42.665+0000] {dag.py:3490} INFO - Setting next_dagrun for example_external_task_marker_child to None, run_after=None
[2023-05-29T09:34:42.668+0000] {logging_mixin.py:149} INFO - [2023-05-29T09:34:42.668+0000] {dag.py:3490} INFO - Setting next_dagrun for example_external_task_marker_parent to None, run_after=None
[2023-05-29T09:34:42.678+0000] {processor.py:179} INFO - Processing /home/airflow/.local/lib/python3.7/site-packages/airflow/example_dags/example_external_task_marker_dag.py took 0.060 seconds
[2023-05-29T09:35:12.878+0000] {processor.py:157} INFO - Started process (PID=384) to work on /home/airflow/.local/lib/python3.7/site-packages/airflow/example_dags/example_external_task_marker_dag.py
[2023-05-29T09:35:12.879+0000] {processor.py:826} INFO - Processing file /home/airflow/.local/lib/python3.7/site-packages/airflow/example_dags/example_external_task_marker_dag.py for tasks to queue
[2023-05-29T09:35:12.880+0000] {logging_mixin.py:149} INFO - [2023-05-29T09:35:12.880+0000] {dagbag.py:541} INFO - Filling up the DagBag from /home/airflow/.local/lib/python3.7/site-packages/airflow/example_dags/example_external_task_marker_dag.py
[2023-05-29T09:35:12.885+0000] {processor.py:836} INFO - DAG(s) dict_keys(['example_external_task_marker_child', 'example_external_task_marker_parent']) retrieved from /home/airflow/.local/lib/python3.7/site-packages/airflow/example_dags/example_external_task_marker_dag.py
[2023-05-29T09:35:12.906+0000] {logging_mixin.py:149} INFO - [2023-05-29T09:35:12.906+0000] {dag.py:2726} INFO - Sync 2 DAGs
[2023-05-29T09:35:12.922+0000] {logging_mixin.py:149} INFO - [2023-05-29T09:35:12.922+0000] {dag.py:3490} INFO - Setting next_dagrun for example_external_task_marker_child to None, run_after=None
[2023-05-29T09:35:12.925+0000] {logging_mixin.py:149} INFO - [2023-05-29T09:35:12.925+0000] {dag.py:3490} INFO - Setting next_dagrun for example_external_task_marker_parent to None, run_after=None
[2023-05-29T09:35:12.934+0000] {processor.py:179} INFO - Processing /home/airflow/.local/lib/python3.7/site-packages/airflow/example_dags/example_external_task_marker_dag.py took 0.059 seconds
[2023-05-29T09:35:43.186+0000] {processor.py:157} INFO - Started process (PID=440) to work on /home/airflow/.local/lib/python3.7/site-packages/airflow/example_dags/example_external_task_marker_dag.py
[2023-05-29T09:35:43.187+0000] {processor.py:826} INFO - Processing file /home/airflow/.local/lib/python3.7/site-packages/airflow/example_dags/example_external_task_marker_dag.py for tasks to queue
[2023-05-29T09:35:43.188+0000] {logging_mixin.py:149} INFO - [2023-05-29T09:35:43.188+0000] {dagbag.py:541} INFO - Filling up the DagBag from /home/airflow/.local/lib/python3.7/site-packages/airflow/example_dags/example_external_task_marker_dag.py
[2023-05-29T09:35:43.192+0000] {processor.py:836} INFO - DAG(s) dict_keys(['example_external_task_marker_child', 'example_external_task_marker_parent']) retrieved from /home/airflow/.local/lib/python3.7/site-packages/airflow/example_dags/example_external_task_marker_dag.py
[2023-05-29T09:35:43.214+0000] {logging_mixin.py:149} INFO - [2023-05-29T09:35:43.214+0000] {dag.py:2726} INFO - Sync 2 DAGs
[2023-05-29T09:35:43.229+0000] {logging_mixin.py:149} INFO - [2023-05-29T09:35:43.229+0000] {dag.py:3490} INFO - Setting next_dagrun for example_external_task_marker_child to None, run_after=None
[2023-05-29T09:35:43.232+0000] {logging_mixin.py:149} INFO - [2023-05-29T09:35:43.232+0000] {dag.py:3490} INFO - Setting next_dagrun for example_external_task_marker_parent to None, run_after=None
[2023-05-29T09:35:43.241+0000] {processor.py:179} INFO - Processing /home/airflow/.local/lib/python3.7/site-packages/airflow/example_dags/example_external_task_marker_dag.py took 0.058 seconds
[2023-05-29T09:36:13.525+0000] {processor.py:157} INFO - Started process (PID=496) to work on /home/airflow/.local/lib/python3.7/site-packages/airflow/example_dags/example_external_task_marker_dag.py
[2023-05-29T09:36:13.527+0000] {processor.py:826} INFO - Processing file /home/airflow/.local/lib/python3.7/site-packages/airflow/example_dags/example_external_task_marker_dag.py for tasks to queue
[2023-05-29T09:36:13.527+0000] {logging_mixin.py:149} INFO - [2023-05-29T09:36:13.527+0000] {dagbag.py:541} INFO - Filling up the DagBag from /home/airflow/.local/lib/python3.7/site-packages/airflow/example_dags/example_external_task_marker_dag.py
[2023-05-29T09:36:13.532+0000] {processor.py:836} INFO - DAG(s) dict_keys(['example_external_task_marker_child', 'example_external_task_marker_parent']) retrieved from /home/airflow/.local/lib/python3.7/site-packages/airflow/example_dags/example_external_task_marker_dag.py
[2023-05-29T09:36:13.552+0000] {logging_mixin.py:149} INFO - [2023-05-29T09:36:13.552+0000] {dag.py:2726} INFO - Sync 2 DAGs
[2023-05-29T09:36:13.569+0000] {logging_mixin.py:149} INFO - [2023-05-29T09:36:13.569+0000] {dag.py:3490} INFO - Setting next_dagrun for example_external_task_marker_child to None, run_after=None
[2023-05-29T09:36:13.572+0000] {logging_mixin.py:149} INFO - [2023-05-29T09:36:13.572+0000] {dag.py:3490} INFO - Setting next_dagrun for example_external_task_marker_parent to None, run_after=None
[2023-05-29T09:36:13.582+0000] {processor.py:179} INFO - Processing /home/airflow/.local/lib/python3.7/site-packages/airflow/example_dags/example_external_task_marker_dag.py took 0.060 seconds
[2023-05-29T09:36:44.012+0000] {processor.py:157} INFO - Started process (PID=552) to work on /home/airflow/.local/lib/python3.7/site-packages/airflow/example_dags/example_external_task_marker_dag.py
[2023-05-29T09:36:44.013+0000] {processor.py:826} INFO - Processing file /home/airflow/.local/lib/python3.7/site-packages/airflow/example_dags/example_external_task_marker_dag.py for tasks to queue
[2023-05-29T09:36:44.014+0000] {logging_mixin.py:149} INFO - [2023-05-29T09:36:44.014+0000] {dagbag.py:541} INFO - Filling up the DagBag from /home/airflow/.local/lib/python3.7/site-packages/airflow/example_dags/example_external_task_marker_dag.py
[2023-05-29T09:36:44.019+0000] {processor.py:836} INFO - DAG(s) dict_keys(['example_external_task_marker_parent', 'example_external_task_marker_child']) retrieved from /home/airflow/.local/lib/python3.7/site-packages/airflow/example_dags/example_external_task_marker_dag.py
[2023-05-29T09:36:44.041+0000] {logging_mixin.py:149} INFO - [2023-05-29T09:36:44.040+0000] {dag.py:2726} INFO - Sync 2 DAGs
[2023-05-29T09:36:44.057+0000] {logging_mixin.py:149} INFO - [2023-05-29T09:36:44.057+0000] {dag.py:3490} INFO - Setting next_dagrun for example_external_task_marker_child to None, run_after=None
[2023-05-29T09:36:44.060+0000] {logging_mixin.py:149} INFO - [2023-05-29T09:36:44.060+0000] {dag.py:3490} INFO - Setting next_dagrun for example_external_task_marker_parent to None, run_after=None
[2023-05-29T09:36:44.070+0000] {processor.py:179} INFO - Processing /home/airflow/.local/lib/python3.7/site-packages/airflow/example_dags/example_external_task_marker_dag.py took 0.061 seconds
[2023-05-29T09:37:14.262+0000] {processor.py:157} INFO - Started process (PID=608) to work on /home/airflow/.local/lib/python3.7/site-packages/airflow/example_dags/example_external_task_marker_dag.py
[2023-05-29T09:37:14.264+0000] {processor.py:826} INFO - Processing file /home/airflow/.local/lib/python3.7/site-packages/airflow/example_dags/example_external_task_marker_dag.py for tasks to queue
[2023-05-29T09:37:14.265+0000] {logging_mixin.py:149} INFO - [2023-05-29T09:37:14.265+0000] {dagbag.py:541} INFO - Filling up the DagBag from /home/airflow/.local/lib/python3.7/site-packages/airflow/example_dags/example_external_task_marker_dag.py
[2023-05-29T09:37:14.275+0000] {processor.py:836} INFO - DAG(s) dict_keys(['example_external_task_marker_child', 'example_external_task_marker_parent']) retrieved from /home/airflow/.local/lib/python3.7/site-packages/airflow/example_dags/example_external_task_marker_dag.py
[2023-05-29T09:37:14.299+0000] {logging_mixin.py:149} INFO - [2023-05-29T09:37:14.299+0000] {dag.py:2726} INFO - Sync 2 DAGs
[2023-05-29T09:37:14.316+0000] {logging_mixin.py:149} INFO - [2023-05-29T09:37:14.316+0000] {dag.py:3490} INFO - Setting next_dagrun for example_external_task_marker_child to None, run_after=None
[2023-05-29T09:37:14.318+0000] {logging_mixin.py:149} INFO - [2023-05-29T09:37:14.318+0000] {dag.py:3490} INFO - Setting next_dagrun for example_external_task_marker_parent to None, run_after=None
[2023-05-29T09:37:14.328+0000] {processor.py:179} INFO - Processing /home/airflow/.local/lib/python3.7/site-packages/airflow/example_dags/example_external_task_marker_dag.py took 0.069 seconds
[2023-05-29T09:37:44.660+0000] {processor.py:157} INFO - Started process (PID=664) to work on /home/airflow/.local/lib/python3.7/site-packages/airflow/example_dags/example_external_task_marker_dag.py
[2023-05-29T09:37:44.662+0000] {processor.py:826} INFO - Processing file /home/airflow/.local/lib/python3.7/site-packages/airflow/example_dags/example_external_task_marker_dag.py for tasks to queue
[2023-05-29T09:37:44.662+0000] {logging_mixin.py:149} INFO - [2023-05-29T09:37:44.662+0000] {dagbag.py:541} INFO - Filling up the DagBag from /home/airflow/.local/lib/python3.7/site-packages/airflow/example_dags/example_external_task_marker_dag.py
[2023-05-29T09:37:44.667+0000] {processor.py:836} INFO - DAG(s) dict_keys(['example_external_task_marker_parent', 'example_external_task_marker_child']) retrieved from /home/airflow/.local/lib/python3.7/site-packages/airflow/example_dags/example_external_task_marker_dag.py
[2023-05-29T09:37:44.688+0000] {logging_mixin.py:149} INFO - [2023-05-29T09:37:44.688+0000] {dag.py:2726} INFO - Sync 2 DAGs
[2023-05-29T09:37:44.704+0000] {logging_mixin.py:149} INFO - [2023-05-29T09:37:44.704+0000] {dag.py:3490} INFO - Setting next_dagrun for example_external_task_marker_child to None, run_after=None
[2023-05-29T09:37:44.707+0000] {logging_mixin.py:149} INFO - [2023-05-29T09:37:44.707+0000] {dag.py:3490} INFO - Setting next_dagrun for example_external_task_marker_parent to None, run_after=None
[2023-05-29T09:37:44.718+0000] {processor.py:179} INFO - Processing /home/airflow/.local/lib/python3.7/site-packages/airflow/example_dags/example_external_task_marker_dag.py took 0.060 seconds
[2023-05-29T09:38:15.002+0000] {processor.py:157} INFO - Started process (PID=720) to work on /home/airflow/.local/lib/python3.7/site-packages/airflow/example_dags/example_external_task_marker_dag.py
[2023-05-29T09:38:15.009+0000] {processor.py:826} INFO - Processing file /home/airflow/.local/lib/python3.7/site-packages/airflow/example_dags/example_external_task_marker_dag.py for tasks to queue
[2023-05-29T09:38:15.017+0000] {logging_mixin.py:149} INFO - [2023-05-29T09:38:15.016+0000] {dagbag.py:541} INFO - Filling up the DagBag from /home/airflow/.local/lib/python3.7/site-packages/airflow/example_dags/example_external_task_marker_dag.py
[2023-05-29T09:38:15.023+0000] {processor.py:836} INFO - DAG(s) dict_keys(['example_external_task_marker_parent', 'example_external_task_marker_child']) retrieved from /home/airflow/.local/lib/python3.7/site-packages/airflow/example_dags/example_external_task_marker_dag.py
[2023-05-29T09:38:15.074+0000] {logging_mixin.py:149} INFO - [2023-05-29T09:38:15.074+0000] {dag.py:2726} INFO - Sync 2 DAGs
[2023-05-29T09:38:15.095+0000] {logging_mixin.py:149} INFO - [2023-05-29T09:38:15.095+0000] {dag.py:3490} INFO - Setting next_dagrun for example_external_task_marker_child to None, run_after=None
[2023-05-29T09:38:15.102+0000] {logging_mixin.py:149} INFO - [2023-05-29T09:38:15.102+0000] {dag.py:3490} INFO - Setting next_dagrun for example_external_task_marker_parent to None, run_after=None
[2023-05-29T09:38:15.116+0000] {processor.py:179} INFO - Processing /home/airflow/.local/lib/python3.7/site-packages/airflow/example_dags/example_external_task_marker_dag.py took 0.117 seconds
[2023-05-29T09:38:45.443+0000] {processor.py:157} INFO - Started process (PID=776) to work on /home/airflow/.local/lib/python3.7/site-packages/airflow/example_dags/example_external_task_marker_dag.py
[2023-05-29T09:38:45.444+0000] {processor.py:826} INFO - Processing file /home/airflow/.local/lib/python3.7/site-packages/airflow/example_dags/example_external_task_marker_dag.py for tasks to queue
[2023-05-29T09:38:45.444+0000] {logging_mixin.py:149} INFO - [2023-05-29T09:38:45.444+0000] {dagbag.py:541} INFO - Filling up the DagBag from /home/airflow/.local/lib/python3.7/site-packages/airflow/example_dags/example_external_task_marker_dag.py
[2023-05-29T09:38:45.449+0000] {processor.py:836} INFO - DAG(s) dict_keys(['example_external_task_marker_parent', 'example_external_task_marker_child']) retrieved from /home/airflow/.local/lib/python3.7/site-packages/airflow/example_dags/example_external_task_marker_dag.py
[2023-05-29T09:38:45.469+0000] {logging_mixin.py:149} INFO - [2023-05-29T09:38:45.469+0000] {dag.py:2726} INFO - Sync 2 DAGs
[2023-05-29T09:38:45.484+0000] {logging_mixin.py:149} INFO - [2023-05-29T09:38:45.483+0000] {dag.py:3490} INFO - Setting next_dagrun for example_external_task_marker_child to None, run_after=None
[2023-05-29T09:38:45.486+0000] {logging_mixin.py:149} INFO - [2023-05-29T09:38:45.486+0000] {dag.py:3490} INFO - Setting next_dagrun for example_external_task_marker_parent to None, run_after=None
[2023-05-29T09:38:45.495+0000] {processor.py:179} INFO - Processing /home/airflow/.local/lib/python3.7/site-packages/airflow/example_dags/example_external_task_marker_dag.py took 0.055 seconds
[2023-05-29T09:39:15.712+0000] {processor.py:157} INFO - Started process (PID=833) to work on /home/airflow/.local/lib/python3.7/site-packages/airflow/example_dags/example_external_task_marker_dag.py
[2023-05-29T09:39:15.713+0000] {processor.py:826} INFO - Processing file /home/airflow/.local/lib/python3.7/site-packages/airflow/example_dags/example_external_task_marker_dag.py for tasks to queue
[2023-05-29T09:39:15.714+0000] {logging_mixin.py:149} INFO - [2023-05-29T09:39:15.714+0000] {dagbag.py:541} INFO - Filling up the DagBag from /home/airflow/.local/lib/python3.7/site-packages/airflow/example_dags/example_external_task_marker_dag.py
[2023-05-29T09:39:15.719+0000] {processor.py:836} INFO - DAG(s) dict_keys(['example_external_task_marker_parent', 'example_external_task_marker_child']) retrieved from /home/airflow/.local/lib/python3.7/site-packages/airflow/example_dags/example_external_task_marker_dag.py
[2023-05-29T09:39:15.740+0000] {logging_mixin.py:149} INFO - [2023-05-29T09:39:15.740+0000] {dag.py:2726} INFO - Sync 2 DAGs
[2023-05-29T09:39:15.757+0000] {logging_mixin.py:149} INFO - [2023-05-29T09:39:15.757+0000] {dag.py:3490} INFO - Setting next_dagrun for example_external_task_marker_child to None, run_after=None
[2023-05-29T09:39:15.760+0000] {logging_mixin.py:149} INFO - [2023-05-29T09:39:15.759+0000] {dag.py:3490} INFO - Setting next_dagrun for example_external_task_marker_parent to None, run_after=None
[2023-05-29T09:39:15.769+0000] {processor.py:179} INFO - Processing /home/airflow/.local/lib/python3.7/site-packages/airflow/example_dags/example_external_task_marker_dag.py took 0.060 seconds
[2023-05-29T09:39:46.258+0000] {processor.py:157} INFO - Started process (PID=889) to work on /home/airflow/.local/lib/python3.7/site-packages/airflow/example_dags/example_external_task_marker_dag.py
[2023-05-29T09:39:46.259+0000] {processor.py:826} INFO - Processing file /home/airflow/.local/lib/python3.7/site-packages/airflow/example_dags/example_external_task_marker_dag.py for tasks to queue
[2023-05-29T09:39:46.260+0000] {logging_mixin.py:149} INFO - [2023-05-29T09:39:46.260+0000] {dagbag.py:541} INFO - Filling up the DagBag from /home/airflow/.local/lib/python3.7/site-packages/airflow/example_dags/example_external_task_marker_dag.py
[2023-05-29T09:39:46.265+0000] {processor.py:836} INFO - DAG(s) dict_keys(['example_external_task_marker_child', 'example_external_task_marker_parent']) retrieved from /home/airflow/.local/lib/python3.7/site-packages/airflow/example_dags/example_external_task_marker_dag.py
[2023-05-29T09:39:46.288+0000] {logging_mixin.py:149} INFO - [2023-05-29T09:39:46.288+0000] {dag.py:2726} INFO - Sync 2 DAGs
[2023-05-29T09:39:46.310+0000] {logging_mixin.py:149} INFO - [2023-05-29T09:39:46.310+0000] {dag.py:3490} INFO - Setting next_dagrun for example_external_task_marker_child to None, run_after=None
[2023-05-29T09:39:46.314+0000] {logging_mixin.py:149} INFO - [2023-05-29T09:39:46.314+0000] {dag.py:3490} INFO - Setting next_dagrun for example_external_task_marker_parent to None, run_after=None
[2023-05-29T09:39:46.325+0000] {processor.py:179} INFO - Processing /home/airflow/.local/lib/python3.7/site-packages/airflow/example_dags/example_external_task_marker_dag.py took 0.071 seconds
[2023-05-29T09:40:16.604+0000] {processor.py:157} INFO - Started process (PID=945) to work on /home/airflow/.local/lib/python3.7/site-packages/airflow/example_dags/example_external_task_marker_dag.py
[2023-05-29T09:40:16.606+0000] {processor.py:826} INFO - Processing file /home/airflow/.local/lib/python3.7/site-packages/airflow/example_dags/example_external_task_marker_dag.py for tasks to queue
[2023-05-29T09:40:16.607+0000] {logging_mixin.py:149} INFO - [2023-05-29T09:40:16.606+0000] {dagbag.py:541} INFO - Filling up the DagBag from /home/airflow/.local/lib/python3.7/site-packages/airflow/example_dags/example_external_task_marker_dag.py
[2023-05-29T09:40:16.613+0000] {processor.py:836} INFO - DAG(s) dict_keys(['example_external_task_marker_parent', 'example_external_task_marker_child']) retrieved from /home/airflow/.local/lib/python3.7/site-packages/airflow/example_dags/example_external_task_marker_dag.py
[2023-05-29T09:40:16.638+0000] {logging_mixin.py:149} INFO - [2023-05-29T09:40:16.638+0000] {dag.py:2726} INFO - Sync 2 DAGs
[2023-05-29T09:40:16.658+0000] {logging_mixin.py:149} INFO - [2023-05-29T09:40:16.658+0000] {dag.py:3490} INFO - Setting next_dagrun for example_external_task_marker_child to None, run_after=None
[2023-05-29T09:40:16.661+0000] {logging_mixin.py:149} INFO - [2023-05-29T09:40:16.661+0000] {dag.py:3490} INFO - Setting next_dagrun for example_external_task_marker_parent to None, run_after=None
[2023-05-29T09:40:16.673+0000] {processor.py:179} INFO - Processing /home/airflow/.local/lib/python3.7/site-packages/airflow/example_dags/example_external_task_marker_dag.py took 0.072 seconds
[2023-05-29T09:40:46.954+0000] {processor.py:157} INFO - Started process (PID=1001) to work on /home/airflow/.local/lib/python3.7/site-packages/airflow/example_dags/example_external_task_marker_dag.py
[2023-05-29T09:40:46.955+0000] {processor.py:826} INFO - Processing file /home/airflow/.local/lib/python3.7/site-packages/airflow/example_dags/example_external_task_marker_dag.py for tasks to queue
[2023-05-29T09:40:46.956+0000] {logging_mixin.py:149} INFO - [2023-05-29T09:40:46.956+0000] {dagbag.py:541} INFO - Filling up the DagBag from /home/airflow/.local/lib/python3.7/site-packages/airflow/example_dags/example_external_task_marker_dag.py
[2023-05-29T09:40:46.961+0000] {processor.py:836} INFO - DAG(s) dict_keys(['example_external_task_marker_child', 'example_external_task_marker_parent']) retrieved from /home/airflow/.local/lib/python3.7/site-packages/airflow/example_dags/example_external_task_marker_dag.py
[2023-05-29T09:40:46.983+0000] {logging_mixin.py:149} INFO - [2023-05-29T09:40:46.983+0000] {dag.py:2726} INFO - Sync 2 DAGs
[2023-05-29T09:40:47.000+0000] {logging_mixin.py:149} INFO - [2023-05-29T09:40:47.000+0000] {dag.py:3490} INFO - Setting next_dagrun for example_external_task_marker_child to None, run_after=None
[2023-05-29T09:40:47.003+0000] {logging_mixin.py:149} INFO - [2023-05-29T09:40:47.003+0000] {dag.py:3490} INFO - Setting next_dagrun for example_external_task_marker_parent to None, run_after=None
[2023-05-29T09:40:47.014+0000] {processor.py:179} INFO - Processing /home/airflow/.local/lib/python3.7/site-packages/airflow/example_dags/example_external_task_marker_dag.py took 0.064 seconds
[2023-05-29T09:41:17.371+0000] {processor.py:157} INFO - Started process (PID=1057) to work on /home/airflow/.local/lib/python3.7/site-packages/airflow/example_dags/example_external_task_marker_dag.py
[2023-05-29T09:41:17.372+0000] {processor.py:826} INFO - Processing file /home/airflow/.local/lib/python3.7/site-packages/airflow/example_dags/example_external_task_marker_dag.py for tasks to queue
[2023-05-29T09:41:17.373+0000] {logging_mixin.py:149} INFO - [2023-05-29T09:41:17.373+0000] {dagbag.py:541} INFO - Filling up the DagBag from /home/airflow/.local/lib/python3.7/site-packages/airflow/example_dags/example_external_task_marker_dag.py
[2023-05-29T09:41:17.377+0000] {processor.py:836} INFO - DAG(s) dict_keys(['example_external_task_marker_child', 'example_external_task_marker_parent']) retrieved from /home/airflow/.local/lib/python3.7/site-packages/airflow/example_dags/example_external_task_marker_dag.py
[2023-05-29T09:41:17.399+0000] {logging_mixin.py:149} INFO - [2023-05-29T09:41:17.398+0000] {dag.py:2726} INFO - Sync 2 DAGs
[2023-05-29T09:41:17.413+0000] {logging_mixin.py:149} INFO - [2023-05-29T09:41:17.413+0000] {dag.py:3490} INFO - Setting next_dagrun for example_external_task_marker_child to None, run_after=None
[2023-05-29T09:41:17.416+0000] {logging_mixin.py:149} INFO - [2023-05-29T09:41:17.416+0000] {dag.py:3490} INFO - Setting next_dagrun for example_external_task_marker_parent to None, run_after=None
[2023-05-29T09:41:17.425+0000] {processor.py:179} INFO - Processing /home/airflow/.local/lib/python3.7/site-packages/airflow/example_dags/example_external_task_marker_dag.py took 0.057 seconds
[2023-05-29T09:41:47.882+0000] {processor.py:157} INFO - Started process (PID=1113) to work on /home/airflow/.local/lib/python3.7/site-packages/airflow/example_dags/example_external_task_marker_dag.py
[2023-05-29T09:41:47.884+0000] {processor.py:826} INFO - Processing file /home/airflow/.local/lib/python3.7/site-packages/airflow/example_dags/example_external_task_marker_dag.py for tasks to queue
[2023-05-29T09:41:47.885+0000] {logging_mixin.py:149} INFO - [2023-05-29T09:41:47.885+0000] {dagbag.py:541} INFO - Filling up the DagBag from /home/airflow/.local/lib/python3.7/site-packages/airflow/example_dags/example_external_task_marker_dag.py
[2023-05-29T09:41:47.891+0000] {processor.py:836} INFO - DAG(s) dict_keys(['example_external_task_marker_child', 'example_external_task_marker_parent']) retrieved from /home/airflow/.local/lib/python3.7/site-packages/airflow/example_dags/example_external_task_marker_dag.py
[2023-05-29T09:41:47.920+0000] {logging_mixin.py:149} INFO - [2023-05-29T09:41:47.919+0000] {dag.py:2726} INFO - Sync 2 DAGs
[2023-05-29T09:41:47.942+0000] {logging_mixin.py:149} INFO - [2023-05-29T09:41:47.942+0000] {dag.py:3490} INFO - Setting next_dagrun for example_external_task_marker_child to None, run_after=None
[2023-05-29T09:41:47.951+0000] {logging_mixin.py:149} INFO - [2023-05-29T09:41:47.951+0000] {dag.py:3490} INFO - Setting next_dagrun for example_external_task_marker_parent to None, run_after=None
[2023-05-29T09:41:47.964+0000] {processor.py:179} INFO - Processing /home/airflow/.local/lib/python3.7/site-packages/airflow/example_dags/example_external_task_marker_dag.py took 0.085 seconds
[2023-05-29T09:42:18.493+0000] {processor.py:157} INFO - Started process (PID=1170) to work on /home/airflow/.local/lib/python3.7/site-packages/airflow/example_dags/example_external_task_marker_dag.py
[2023-05-29T09:42:18.496+0000] {processor.py:826} INFO - Processing file /home/airflow/.local/lib/python3.7/site-packages/airflow/example_dags/example_external_task_marker_dag.py for tasks to queue
[2023-05-29T09:42:18.497+0000] {logging_mixin.py:149} INFO - [2023-05-29T09:42:18.497+0000] {dagbag.py:541} INFO - Filling up the DagBag from /home/airflow/.local/lib/python3.7/site-packages/airflow/example_dags/example_external_task_marker_dag.py
[2023-05-29T09:42:18.502+0000] {processor.py:836} INFO - DAG(s) dict_keys(['example_external_task_marker_parent', 'example_external_task_marker_child']) retrieved from /home/airflow/.local/lib/python3.7/site-packages/airflow/example_dags/example_external_task_marker_dag.py
[2023-05-29T09:42:18.525+0000] {logging_mixin.py:149} INFO - [2023-05-29T09:42:18.525+0000] {dag.py:2726} INFO - Sync 2 DAGs
[2023-05-29T09:42:18.542+0000] {logging_mixin.py:149} INFO - [2023-05-29T09:42:18.542+0000] {dag.py:3490} INFO - Setting next_dagrun for example_external_task_marker_child to None, run_after=None
[2023-05-29T09:42:18.545+0000] {logging_mixin.py:149} INFO - [2023-05-29T09:42:18.545+0000] {dag.py:3490} INFO - Setting next_dagrun for example_external_task_marker_parent to None, run_after=None
[2023-05-29T09:42:18.556+0000] {processor.py:179} INFO - Processing /home/airflow/.local/lib/python3.7/site-packages/airflow/example_dags/example_external_task_marker_dag.py took 0.065 seconds
[2023-05-29T09:42:49.175+0000] {processor.py:157} INFO - Started process (PID=1226) to work on /home/airflow/.local/lib/python3.7/site-packages/airflow/example_dags/example_external_task_marker_dag.py
[2023-05-29T09:42:49.178+0000] {processor.py:826} INFO - Processing file /home/airflow/.local/lib/python3.7/site-packages/airflow/example_dags/example_external_task_marker_dag.py for tasks to queue
[2023-05-29T09:42:49.182+0000] {logging_mixin.py:149} INFO - [2023-05-29T09:42:49.182+0000] {dagbag.py:541} INFO - Filling up the DagBag from /home/airflow/.local/lib/python3.7/site-packages/airflow/example_dags/example_external_task_marker_dag.py
[2023-05-29T09:42:49.190+0000] {processor.py:836} INFO - DAG(s) dict_keys(['example_external_task_marker_parent', 'example_external_task_marker_child']) retrieved from /home/airflow/.local/lib/python3.7/site-packages/airflow/example_dags/example_external_task_marker_dag.py
[2023-05-29T09:42:49.229+0000] {logging_mixin.py:149} INFO - [2023-05-29T09:42:49.228+0000] {dag.py:2726} INFO - Sync 2 DAGs
[2023-05-29T09:42:49.253+0000] {logging_mixin.py:149} INFO - [2023-05-29T09:42:49.253+0000] {dag.py:3490} INFO - Setting next_dagrun for example_external_task_marker_child to None, run_after=None
[2023-05-29T09:42:49.257+0000] {logging_mixin.py:149} INFO - [2023-05-29T09:42:49.257+0000] {dag.py:3490} INFO - Setting next_dagrun for example_external_task_marker_parent to None, run_after=None
[2023-05-29T09:42:49.276+0000] {processor.py:179} INFO - Processing /home/airflow/.local/lib/python3.7/site-packages/airflow/example_dags/example_external_task_marker_dag.py took 0.108 seconds
