[2023-05-29T09:32:11.828+0000] {processor.py:157} INFO - Started process (PID=71) to work on /home/airflow/.local/lib/python3.7/site-packages/airflow/example_dags/example_task_group.py
[2023-05-29T09:32:11.829+0000] {processor.py:826} INFO - Processing file /home/airflow/.local/lib/python3.7/site-packages/airflow/example_dags/example_task_group.py for tasks to queue
[2023-05-29T09:32:11.830+0000] {logging_mixin.py:149} INFO - [2023-05-29T09:32:11.830+0000] {dagbag.py:541} INFO - Filling up the DagBag from /home/airflow/.local/lib/python3.7/site-packages/airflow/example_dags/example_task_group.py
[2023-05-29T09:32:11.837+0000] {processor.py:836} INFO - DAG(s) dict_keys(['example_task_group']) retrieved from /home/airflow/.local/lib/python3.7/site-packages/airflow/example_dags/example_task_group.py
[2023-05-29T09:32:11.849+0000] {logging_mixin.py:149} INFO - [2023-05-29T09:32:11.849+0000] {dag.py:2726} INFO - Sync 1 DAGs
[2023-05-29T09:32:11.868+0000] {logging_mixin.py:149} INFO - [2023-05-29T09:32:11.868+0000] {dag.py:3490} INFO - Setting next_dagrun for example_task_group to 2023-05-28T09:32:11.868153+00:00, run_after=2023-05-29T09:32:11.868153+00:00
[2023-05-29T09:32:11.881+0000] {processor.py:179} INFO - Processing /home/airflow/.local/lib/python3.7/site-packages/airflow/example_dags/example_task_group.py took 0.056 seconds
[2023-05-29T09:32:41.914+0000] {processor.py:157} INFO - Started process (PID=127) to work on /home/airflow/.local/lib/python3.7/site-packages/airflow/example_dags/example_task_group.py
[2023-05-29T09:32:41.915+0000] {processor.py:826} INFO - Processing file /home/airflow/.local/lib/python3.7/site-packages/airflow/example_dags/example_task_group.py for tasks to queue
[2023-05-29T09:32:41.916+0000] {logging_mixin.py:149} INFO - [2023-05-29T09:32:41.916+0000] {dagbag.py:541} INFO - Filling up the DagBag from /home/airflow/.local/lib/python3.7/site-packages/airflow/example_dags/example_task_group.py
[2023-05-29T09:32:41.922+0000] {processor.py:836} INFO - DAG(s) dict_keys(['example_task_group']) retrieved from /home/airflow/.local/lib/python3.7/site-packages/airflow/example_dags/example_task_group.py
[2023-05-29T09:32:41.962+0000] {logging_mixin.py:149} INFO - [2023-05-29T09:32:41.962+0000] {dag.py:2726} INFO - Sync 1 DAGs
[2023-05-29T09:32:41.982+0000] {logging_mixin.py:149} INFO - [2023-05-29T09:32:41.981+0000] {dag.py:3490} INFO - Setting next_dagrun for example_task_group to 2023-05-28T09:32:41.981632+00:00, run_after=2023-05-29T09:32:41.981632+00:00
[2023-05-29T09:32:41.995+0000] {processor.py:179} INFO - Processing /home/airflow/.local/lib/python3.7/site-packages/airflow/example_dags/example_task_group.py took 0.083 seconds
[2023-05-29T09:33:12.149+0000] {processor.py:157} INFO - Started process (PID=183) to work on /home/airflow/.local/lib/python3.7/site-packages/airflow/example_dags/example_task_group.py
[2023-05-29T09:33:12.150+0000] {processor.py:826} INFO - Processing file /home/airflow/.local/lib/python3.7/site-packages/airflow/example_dags/example_task_group.py for tasks to queue
[2023-05-29T09:33:12.151+0000] {logging_mixin.py:149} INFO - [2023-05-29T09:33:12.151+0000] {dagbag.py:541} INFO - Filling up the DagBag from /home/airflow/.local/lib/python3.7/site-packages/airflow/example_dags/example_task_group.py
[2023-05-29T09:33:12.157+0000] {processor.py:836} INFO - DAG(s) dict_keys(['example_task_group']) retrieved from /home/airflow/.local/lib/python3.7/site-packages/airflow/example_dags/example_task_group.py
[2023-05-29T09:33:12.177+0000] {logging_mixin.py:149} INFO - [2023-05-29T09:33:12.177+0000] {dag.py:2726} INFO - Sync 1 DAGs
[2023-05-29T09:33:12.194+0000] {logging_mixin.py:149} INFO - [2023-05-29T09:33:12.194+0000] {dag.py:3490} INFO - Setting next_dagrun for example_task_group to 2023-05-28T09:33:12.194285+00:00, run_after=2023-05-29T09:33:12.194285+00:00
[2023-05-29T09:33:12.205+0000] {processor.py:179} INFO - Processing /home/airflow/.local/lib/python3.7/site-packages/airflow/example_dags/example_task_group.py took 0.059 seconds
[2023-05-29T09:33:42.766+0000] {processor.py:157} INFO - Started process (PID=239) to work on /home/airflow/.local/lib/python3.7/site-packages/airflow/example_dags/example_task_group.py
[2023-05-29T09:33:42.784+0000] {processor.py:826} INFO - Processing file /home/airflow/.local/lib/python3.7/site-packages/airflow/example_dags/example_task_group.py for tasks to queue
[2023-05-29T09:33:42.786+0000] {logging_mixin.py:149} INFO - [2023-05-29T09:33:42.786+0000] {dagbag.py:541} INFO - Filling up the DagBag from /home/airflow/.local/lib/python3.7/site-packages/airflow/example_dags/example_task_group.py
[2023-05-29T09:33:42.798+0000] {processor.py:836} INFO - DAG(s) dict_keys(['example_task_group']) retrieved from /home/airflow/.local/lib/python3.7/site-packages/airflow/example_dags/example_task_group.py
[2023-05-29T09:33:42.823+0000] {logging_mixin.py:149} INFO - [2023-05-29T09:33:42.823+0000] {dag.py:2726} INFO - Sync 1 DAGs
[2023-05-29T09:33:42.844+0000] {logging_mixin.py:149} INFO - [2023-05-29T09:33:42.844+0000] {dag.py:3490} INFO - Setting next_dagrun for example_task_group to 2023-05-28T09:33:42.844192+00:00, run_after=2023-05-29T09:33:42.844192+00:00
[2023-05-29T09:33:42.868+0000] {processor.py:179} INFO - Processing /home/airflow/.local/lib/python3.7/site-packages/airflow/example_dags/example_task_group.py took 0.112 seconds
[2023-05-29T09:34:13.260+0000] {processor.py:157} INFO - Started process (PID=295) to work on /home/airflow/.local/lib/python3.7/site-packages/airflow/example_dags/example_task_group.py
[2023-05-29T09:34:13.261+0000] {processor.py:826} INFO - Processing file /home/airflow/.local/lib/python3.7/site-packages/airflow/example_dags/example_task_group.py for tasks to queue
[2023-05-29T09:34:13.262+0000] {logging_mixin.py:149} INFO - [2023-05-29T09:34:13.262+0000] {dagbag.py:541} INFO - Filling up the DagBag from /home/airflow/.local/lib/python3.7/site-packages/airflow/example_dags/example_task_group.py
[2023-05-29T09:34:13.268+0000] {processor.py:836} INFO - DAG(s) dict_keys(['example_task_group']) retrieved from /home/airflow/.local/lib/python3.7/site-packages/airflow/example_dags/example_task_group.py
[2023-05-29T09:34:13.287+0000] {logging_mixin.py:149} INFO - [2023-05-29T09:34:13.287+0000] {dag.py:2726} INFO - Sync 1 DAGs
[2023-05-29T09:34:13.303+0000] {logging_mixin.py:149} INFO - [2023-05-29T09:34:13.303+0000] {dag.py:3490} INFO - Setting next_dagrun for example_task_group to 2023-05-28T09:34:13.303590+00:00, run_after=2023-05-29T09:34:13.303590+00:00
[2023-05-29T09:34:13.315+0000] {processor.py:179} INFO - Processing /home/airflow/.local/lib/python3.7/site-packages/airflow/example_dags/example_task_group.py took 0.059 seconds
[2023-05-29T09:34:43.614+0000] {processor.py:157} INFO - Started process (PID=351) to work on /home/airflow/.local/lib/python3.7/site-packages/airflow/example_dags/example_task_group.py
[2023-05-29T09:34:43.615+0000] {processor.py:826} INFO - Processing file /home/airflow/.local/lib/python3.7/site-packages/airflow/example_dags/example_task_group.py for tasks to queue
[2023-05-29T09:34:43.616+0000] {logging_mixin.py:149} INFO - [2023-05-29T09:34:43.616+0000] {dagbag.py:541} INFO - Filling up the DagBag from /home/airflow/.local/lib/python3.7/site-packages/airflow/example_dags/example_task_group.py
[2023-05-29T09:34:43.622+0000] {processor.py:836} INFO - DAG(s) dict_keys(['example_task_group']) retrieved from /home/airflow/.local/lib/python3.7/site-packages/airflow/example_dags/example_task_group.py
[2023-05-29T09:34:43.642+0000] {logging_mixin.py:149} INFO - [2023-05-29T09:34:43.642+0000] {dag.py:2726} INFO - Sync 1 DAGs
[2023-05-29T09:34:43.659+0000] {logging_mixin.py:149} INFO - [2023-05-29T09:34:43.659+0000] {dag.py:3490} INFO - Setting next_dagrun for example_task_group to 2023-05-28T09:34:43.659524+00:00, run_after=2023-05-29T09:34:43.659524+00:00
[2023-05-29T09:34:43.678+0000] {processor.py:179} INFO - Processing /home/airflow/.local/lib/python3.7/site-packages/airflow/example_dags/example_task_group.py took 0.067 seconds
[2023-05-29T09:35:13.787+0000] {processor.py:157} INFO - Started process (PID=406) to work on /home/airflow/.local/lib/python3.7/site-packages/airflow/example_dags/example_task_group.py
[2023-05-29T09:35:13.788+0000] {processor.py:826} INFO - Processing file /home/airflow/.local/lib/python3.7/site-packages/airflow/example_dags/example_task_group.py for tasks to queue
[2023-05-29T09:35:13.789+0000] {logging_mixin.py:149} INFO - [2023-05-29T09:35:13.789+0000] {dagbag.py:541} INFO - Filling up the DagBag from /home/airflow/.local/lib/python3.7/site-packages/airflow/example_dags/example_task_group.py
[2023-05-29T09:35:13.795+0000] {processor.py:836} INFO - DAG(s) dict_keys(['example_task_group']) retrieved from /home/airflow/.local/lib/python3.7/site-packages/airflow/example_dags/example_task_group.py
[2023-05-29T09:35:13.817+0000] {logging_mixin.py:149} INFO - [2023-05-29T09:35:13.817+0000] {dag.py:2726} INFO - Sync 1 DAGs
[2023-05-29T09:35:13.835+0000] {logging_mixin.py:149} INFO - [2023-05-29T09:35:13.834+0000] {dag.py:3490} INFO - Setting next_dagrun for example_task_group to 2023-05-28T09:35:13.834759+00:00, run_after=2023-05-29T09:35:13.834759+00:00
[2023-05-29T09:35:13.857+0000] {processor.py:179} INFO - Processing /home/airflow/.local/lib/python3.7/site-packages/airflow/example_dags/example_task_group.py took 0.073 seconds
[2023-05-29T09:35:44.145+0000] {processor.py:157} INFO - Started process (PID=462) to work on /home/airflow/.local/lib/python3.7/site-packages/airflow/example_dags/example_task_group.py
[2023-05-29T09:35:44.146+0000] {processor.py:826} INFO - Processing file /home/airflow/.local/lib/python3.7/site-packages/airflow/example_dags/example_task_group.py for tasks to queue
[2023-05-29T09:35:44.148+0000] {logging_mixin.py:149} INFO - [2023-05-29T09:35:44.148+0000] {dagbag.py:541} INFO - Filling up the DagBag from /home/airflow/.local/lib/python3.7/site-packages/airflow/example_dags/example_task_group.py
[2023-05-29T09:35:44.155+0000] {processor.py:836} INFO - DAG(s) dict_keys(['example_task_group']) retrieved from /home/airflow/.local/lib/python3.7/site-packages/airflow/example_dags/example_task_group.py
[2023-05-29T09:35:44.175+0000] {logging_mixin.py:149} INFO - [2023-05-29T09:35:44.175+0000] {dag.py:2726} INFO - Sync 1 DAGs
[2023-05-29T09:35:44.193+0000] {logging_mixin.py:149} INFO - [2023-05-29T09:35:44.193+0000] {dag.py:3490} INFO - Setting next_dagrun for example_task_group to 2023-05-28T09:35:44.193556+00:00, run_after=2023-05-29T09:35:44.193556+00:00
[2023-05-29T09:35:44.206+0000] {processor.py:179} INFO - Processing /home/airflow/.local/lib/python3.7/site-packages/airflow/example_dags/example_task_group.py took 0.066 seconds
[2023-05-29T09:36:14.498+0000] {processor.py:157} INFO - Started process (PID=518) to work on /home/airflow/.local/lib/python3.7/site-packages/airflow/example_dags/example_task_group.py
[2023-05-29T09:36:14.500+0000] {processor.py:826} INFO - Processing file /home/airflow/.local/lib/python3.7/site-packages/airflow/example_dags/example_task_group.py for tasks to queue
[2023-05-29T09:36:14.501+0000] {logging_mixin.py:149} INFO - [2023-05-29T09:36:14.501+0000] {dagbag.py:541} INFO - Filling up the DagBag from /home/airflow/.local/lib/python3.7/site-packages/airflow/example_dags/example_task_group.py
[2023-05-29T09:36:14.507+0000] {processor.py:836} INFO - DAG(s) dict_keys(['example_task_group']) retrieved from /home/airflow/.local/lib/python3.7/site-packages/airflow/example_dags/example_task_group.py
[2023-05-29T09:36:14.526+0000] {logging_mixin.py:149} INFO - [2023-05-29T09:36:14.526+0000] {dag.py:2726} INFO - Sync 1 DAGs
[2023-05-29T09:36:14.543+0000] {logging_mixin.py:149} INFO - [2023-05-29T09:36:14.543+0000] {dag.py:3490} INFO - Setting next_dagrun for example_task_group to 2023-05-28T09:36:14.542814+00:00, run_after=2023-05-29T09:36:14.542814+00:00
[2023-05-29T09:36:14.557+0000] {processor.py:179} INFO - Processing /home/airflow/.local/lib/python3.7/site-packages/airflow/example_dags/example_task_group.py took 0.062 seconds
[2023-05-29T09:36:44.996+0000] {processor.py:157} INFO - Started process (PID=574) to work on /home/airflow/.local/lib/python3.7/site-packages/airflow/example_dags/example_task_group.py
[2023-05-29T09:36:44.997+0000] {processor.py:826} INFO - Processing file /home/airflow/.local/lib/python3.7/site-packages/airflow/example_dags/example_task_group.py for tasks to queue
[2023-05-29T09:36:44.998+0000] {logging_mixin.py:149} INFO - [2023-05-29T09:36:44.998+0000] {dagbag.py:541} INFO - Filling up the DagBag from /home/airflow/.local/lib/python3.7/site-packages/airflow/example_dags/example_task_group.py
[2023-05-29T09:36:45.004+0000] {processor.py:836} INFO - DAG(s) dict_keys(['example_task_group']) retrieved from /home/airflow/.local/lib/python3.7/site-packages/airflow/example_dags/example_task_group.py
[2023-05-29T09:36:45.025+0000] {logging_mixin.py:149} INFO - [2023-05-29T09:36:45.025+0000] {dag.py:2726} INFO - Sync 1 DAGs
[2023-05-29T09:36:45.041+0000] {logging_mixin.py:149} INFO - [2023-05-29T09:36:45.041+0000] {dag.py:3490} INFO - Setting next_dagrun for example_task_group to 2023-05-28T09:36:45.041579+00:00, run_after=2023-05-29T09:36:45.041579+00:00
[2023-05-29T09:36:45.053+0000] {processor.py:179} INFO - Processing /home/airflow/.local/lib/python3.7/site-packages/airflow/example_dags/example_task_group.py took 0.060 seconds
[2023-05-29T09:37:15.424+0000] {processor.py:157} INFO - Started process (PID=630) to work on /home/airflow/.local/lib/python3.7/site-packages/airflow/example_dags/example_task_group.py
[2023-05-29T09:37:15.425+0000] {processor.py:826} INFO - Processing file /home/airflow/.local/lib/python3.7/site-packages/airflow/example_dags/example_task_group.py for tasks to queue
[2023-05-29T09:37:15.426+0000] {logging_mixin.py:149} INFO - [2023-05-29T09:37:15.426+0000] {dagbag.py:541} INFO - Filling up the DagBag from /home/airflow/.local/lib/python3.7/site-packages/airflow/example_dags/example_task_group.py
[2023-05-29T09:37:15.431+0000] {processor.py:836} INFO - DAG(s) dict_keys(['example_task_group']) retrieved from /home/airflow/.local/lib/python3.7/site-packages/airflow/example_dags/example_task_group.py
[2023-05-29T09:37:15.454+0000] {logging_mixin.py:149} INFO - [2023-05-29T09:37:15.454+0000] {dag.py:2726} INFO - Sync 1 DAGs
[2023-05-29T09:37:15.470+0000] {logging_mixin.py:149} INFO - [2023-05-29T09:37:15.470+0000] {dag.py:3490} INFO - Setting next_dagrun for example_task_group to 2023-05-28T09:37:15.470662+00:00, run_after=2023-05-29T09:37:15.470662+00:00
[2023-05-29T09:37:15.482+0000] {processor.py:179} INFO - Processing /home/airflow/.local/lib/python3.7/site-packages/airflow/example_dags/example_task_group.py took 0.061 seconds
[2023-05-29T09:37:45.665+0000] {processor.py:157} INFO - Started process (PID=686) to work on /home/airflow/.local/lib/python3.7/site-packages/airflow/example_dags/example_task_group.py
[2023-05-29T09:37:45.667+0000] {processor.py:826} INFO - Processing file /home/airflow/.local/lib/python3.7/site-packages/airflow/example_dags/example_task_group.py for tasks to queue
[2023-05-29T09:37:45.668+0000] {logging_mixin.py:149} INFO - [2023-05-29T09:37:45.667+0000] {dagbag.py:541} INFO - Filling up the DagBag from /home/airflow/.local/lib/python3.7/site-packages/airflow/example_dags/example_task_group.py
[2023-05-29T09:37:45.674+0000] {processor.py:836} INFO - DAG(s) dict_keys(['example_task_group']) retrieved from /home/airflow/.local/lib/python3.7/site-packages/airflow/example_dags/example_task_group.py
[2023-05-29T09:37:45.695+0000] {logging_mixin.py:149} INFO - [2023-05-29T09:37:45.694+0000] {dag.py:2726} INFO - Sync 1 DAGs
[2023-05-29T09:37:45.712+0000] {logging_mixin.py:149} INFO - [2023-05-29T09:37:45.712+0000] {dag.py:3490} INFO - Setting next_dagrun for example_task_group to 2023-05-28T09:37:45.711898+00:00, run_after=2023-05-29T09:37:45.711898+00:00
[2023-05-29T09:37:45.724+0000] {processor.py:179} INFO - Processing /home/airflow/.local/lib/python3.7/site-packages/airflow/example_dags/example_task_group.py took 0.062 seconds
[2023-05-29T09:38:16.128+0000] {processor.py:157} INFO - Started process (PID=743) to work on /home/airflow/.local/lib/python3.7/site-packages/airflow/example_dags/example_task_group.py
[2023-05-29T09:38:16.130+0000] {processor.py:826} INFO - Processing file /home/airflow/.local/lib/python3.7/site-packages/airflow/example_dags/example_task_group.py for tasks to queue
[2023-05-29T09:38:16.131+0000] {logging_mixin.py:149} INFO - [2023-05-29T09:38:16.131+0000] {dagbag.py:541} INFO - Filling up the DagBag from /home/airflow/.local/lib/python3.7/site-packages/airflow/example_dags/example_task_group.py
[2023-05-29T09:38:16.138+0000] {processor.py:836} INFO - DAG(s) dict_keys(['example_task_group']) retrieved from /home/airflow/.local/lib/python3.7/site-packages/airflow/example_dags/example_task_group.py
[2023-05-29T09:38:16.159+0000] {logging_mixin.py:149} INFO - [2023-05-29T09:38:16.158+0000] {dag.py:2726} INFO - Sync 1 DAGs
[2023-05-29T09:38:16.176+0000] {logging_mixin.py:149} INFO - [2023-05-29T09:38:16.176+0000] {dag.py:3490} INFO - Setting next_dagrun for example_task_group to 2023-05-28T09:38:16.175868+00:00, run_after=2023-05-29T09:38:16.175868+00:00
[2023-05-29T09:38:16.189+0000] {processor.py:179} INFO - Processing /home/airflow/.local/lib/python3.7/site-packages/airflow/example_dags/example_task_group.py took 0.064 seconds
[2023-05-29T09:38:46.475+0000] {processor.py:157} INFO - Started process (PID=799) to work on /home/airflow/.local/lib/python3.7/site-packages/airflow/example_dags/example_task_group.py
[2023-05-29T09:38:46.476+0000] {processor.py:826} INFO - Processing file /home/airflow/.local/lib/python3.7/site-packages/airflow/example_dags/example_task_group.py for tasks to queue
[2023-05-29T09:38:46.477+0000] {logging_mixin.py:149} INFO - [2023-05-29T09:38:46.477+0000] {dagbag.py:541} INFO - Filling up the DagBag from /home/airflow/.local/lib/python3.7/site-packages/airflow/example_dags/example_task_group.py
[2023-05-29T09:38:46.483+0000] {processor.py:836} INFO - DAG(s) dict_keys(['example_task_group']) retrieved from /home/airflow/.local/lib/python3.7/site-packages/airflow/example_dags/example_task_group.py
[2023-05-29T09:38:46.503+0000] {logging_mixin.py:149} INFO - [2023-05-29T09:38:46.503+0000] {dag.py:2726} INFO - Sync 1 DAGs
[2023-05-29T09:38:46.520+0000] {logging_mixin.py:149} INFO - [2023-05-29T09:38:46.520+0000] {dag.py:3490} INFO - Setting next_dagrun for example_task_group to 2023-05-28T09:38:46.520317+00:00, run_after=2023-05-29T09:38:46.520317+00:00
[2023-05-29T09:38:46.532+0000] {processor.py:179} INFO - Processing /home/airflow/.local/lib/python3.7/site-packages/airflow/example_dags/example_task_group.py took 0.060 seconds
[2023-05-29T09:39:16.623+0000] {processor.py:157} INFO - Started process (PID=855) to work on /home/airflow/.local/lib/python3.7/site-packages/airflow/example_dags/example_task_group.py
[2023-05-29T09:39:16.624+0000] {processor.py:826} INFO - Processing file /home/airflow/.local/lib/python3.7/site-packages/airflow/example_dags/example_task_group.py for tasks to queue
[2023-05-29T09:39:16.625+0000] {logging_mixin.py:149} INFO - [2023-05-29T09:39:16.625+0000] {dagbag.py:541} INFO - Filling up the DagBag from /home/airflow/.local/lib/python3.7/site-packages/airflow/example_dags/example_task_group.py
[2023-05-29T09:39:16.632+0000] {processor.py:836} INFO - DAG(s) dict_keys(['example_task_group']) retrieved from /home/airflow/.local/lib/python3.7/site-packages/airflow/example_dags/example_task_group.py
[2023-05-29T09:39:16.651+0000] {logging_mixin.py:149} INFO - [2023-05-29T09:39:16.651+0000] {dag.py:2726} INFO - Sync 1 DAGs
[2023-05-29T09:39:16.667+0000] {logging_mixin.py:149} INFO - [2023-05-29T09:39:16.667+0000] {dag.py:3490} INFO - Setting next_dagrun for example_task_group to 2023-05-28T09:39:16.667135+00:00, run_after=2023-05-29T09:39:16.667135+00:00
[2023-05-29T09:39:16.679+0000] {processor.py:179} INFO - Processing /home/airflow/.local/lib/python3.7/site-packages/airflow/example_dags/example_task_group.py took 0.059 seconds
[2023-05-29T09:39:47.277+0000] {processor.py:157} INFO - Started process (PID=911) to work on /home/airflow/.local/lib/python3.7/site-packages/airflow/example_dags/example_task_group.py
[2023-05-29T09:39:47.278+0000] {processor.py:826} INFO - Processing file /home/airflow/.local/lib/python3.7/site-packages/airflow/example_dags/example_task_group.py for tasks to queue
[2023-05-29T09:39:47.279+0000] {logging_mixin.py:149} INFO - [2023-05-29T09:39:47.279+0000] {dagbag.py:541} INFO - Filling up the DagBag from /home/airflow/.local/lib/python3.7/site-packages/airflow/example_dags/example_task_group.py
[2023-05-29T09:39:47.285+0000] {processor.py:836} INFO - DAG(s) dict_keys(['example_task_group']) retrieved from /home/airflow/.local/lib/python3.7/site-packages/airflow/example_dags/example_task_group.py
[2023-05-29T09:39:47.304+0000] {logging_mixin.py:149} INFO - [2023-05-29T09:39:47.304+0000] {dag.py:2726} INFO - Sync 1 DAGs
[2023-05-29T09:39:47.321+0000] {logging_mixin.py:149} INFO - [2023-05-29T09:39:47.320+0000] {dag.py:3490} INFO - Setting next_dagrun for example_task_group to 2023-05-28T09:39:47.320742+00:00, run_after=2023-05-29T09:39:47.320742+00:00
[2023-05-29T09:39:47.332+0000] {processor.py:179} INFO - Processing /home/airflow/.local/lib/python3.7/site-packages/airflow/example_dags/example_task_group.py took 0.058 seconds
[2023-05-29T09:40:17.568+0000] {processor.py:157} INFO - Started process (PID=967) to work on /home/airflow/.local/lib/python3.7/site-packages/airflow/example_dags/example_task_group.py
[2023-05-29T09:40:17.570+0000] {processor.py:826} INFO - Processing file /home/airflow/.local/lib/python3.7/site-packages/airflow/example_dags/example_task_group.py for tasks to queue
[2023-05-29T09:40:17.571+0000] {logging_mixin.py:149} INFO - [2023-05-29T09:40:17.571+0000] {dagbag.py:541} INFO - Filling up the DagBag from /home/airflow/.local/lib/python3.7/site-packages/airflow/example_dags/example_task_group.py
[2023-05-29T09:40:17.578+0000] {processor.py:836} INFO - DAG(s) dict_keys(['example_task_group']) retrieved from /home/airflow/.local/lib/python3.7/site-packages/airflow/example_dags/example_task_group.py
[2023-05-29T09:40:17.599+0000] {logging_mixin.py:149} INFO - [2023-05-29T09:40:17.598+0000] {dag.py:2726} INFO - Sync 1 DAGs
[2023-05-29T09:40:17.616+0000] {logging_mixin.py:149} INFO - [2023-05-29T09:40:17.616+0000] {dag.py:3490} INFO - Setting next_dagrun for example_task_group to 2023-05-28T09:40:17.616078+00:00, run_after=2023-05-29T09:40:17.616078+00:00
[2023-05-29T09:40:17.629+0000] {processor.py:179} INFO - Processing /home/airflow/.local/lib/python3.7/site-packages/airflow/example_dags/example_task_group.py took 0.064 seconds
[2023-05-29T09:40:48.002+0000] {processor.py:157} INFO - Started process (PID=1023) to work on /home/airflow/.local/lib/python3.7/site-packages/airflow/example_dags/example_task_group.py
[2023-05-29T09:40:48.003+0000] {processor.py:826} INFO - Processing file /home/airflow/.local/lib/python3.7/site-packages/airflow/example_dags/example_task_group.py for tasks to queue
[2023-05-29T09:40:48.004+0000] {logging_mixin.py:149} INFO - [2023-05-29T09:40:48.004+0000] {dagbag.py:541} INFO - Filling up the DagBag from /home/airflow/.local/lib/python3.7/site-packages/airflow/example_dags/example_task_group.py
[2023-05-29T09:40:48.009+0000] {processor.py:836} INFO - DAG(s) dict_keys(['example_task_group']) retrieved from /home/airflow/.local/lib/python3.7/site-packages/airflow/example_dags/example_task_group.py
[2023-05-29T09:40:48.028+0000] {logging_mixin.py:149} INFO - [2023-05-29T09:40:48.028+0000] {dag.py:2726} INFO - Sync 1 DAGs
[2023-05-29T09:40:48.043+0000] {logging_mixin.py:149} INFO - [2023-05-29T09:40:48.043+0000] {dag.py:3490} INFO - Setting next_dagrun for example_task_group to 2023-05-28T09:40:48.043112+00:00, run_after=2023-05-29T09:40:48.043112+00:00
[2023-05-29T09:40:48.053+0000] {processor.py:179} INFO - Processing /home/airflow/.local/lib/python3.7/site-packages/airflow/example_dags/example_task_group.py took 0.054 seconds
[2023-05-29T09:41:18.424+0000] {processor.py:157} INFO - Started process (PID=1079) to work on /home/airflow/.local/lib/python3.7/site-packages/airflow/example_dags/example_task_group.py
[2023-05-29T09:41:18.425+0000] {processor.py:826} INFO - Processing file /home/airflow/.local/lib/python3.7/site-packages/airflow/example_dags/example_task_group.py for tasks to queue
[2023-05-29T09:41:18.429+0000] {logging_mixin.py:149} INFO - [2023-05-29T09:41:18.429+0000] {dagbag.py:541} INFO - Filling up the DagBag from /home/airflow/.local/lib/python3.7/site-packages/airflow/example_dags/example_task_group.py
[2023-05-29T09:41:18.438+0000] {processor.py:836} INFO - DAG(s) dict_keys(['example_task_group']) retrieved from /home/airflow/.local/lib/python3.7/site-packages/airflow/example_dags/example_task_group.py
[2023-05-29T09:41:18.459+0000] {logging_mixin.py:149} INFO - [2023-05-29T09:41:18.459+0000] {dag.py:2726} INFO - Sync 1 DAGs
[2023-05-29T09:41:18.478+0000] {logging_mixin.py:149} INFO - [2023-05-29T09:41:18.478+0000] {dag.py:3490} INFO - Setting next_dagrun for example_task_group to 2023-05-28T09:41:18.478042+00:00, run_after=2023-05-29T09:41:18.478042+00:00
[2023-05-29T09:41:18.491+0000] {processor.py:179} INFO - Processing /home/airflow/.local/lib/python3.7/site-packages/airflow/example_dags/example_task_group.py took 0.070 seconds
[2023-05-29T09:41:49.067+0000] {processor.py:157} INFO - Started process (PID=1135) to work on /home/airflow/.local/lib/python3.7/site-packages/airflow/example_dags/example_task_group.py
[2023-05-29T09:41:49.069+0000] {processor.py:826} INFO - Processing file /home/airflow/.local/lib/python3.7/site-packages/airflow/example_dags/example_task_group.py for tasks to queue
[2023-05-29T09:41:49.069+0000] {logging_mixin.py:149} INFO - [2023-05-29T09:41:49.069+0000] {dagbag.py:541} INFO - Filling up the DagBag from /home/airflow/.local/lib/python3.7/site-packages/airflow/example_dags/example_task_group.py
[2023-05-29T09:41:49.076+0000] {processor.py:836} INFO - DAG(s) dict_keys(['example_task_group']) retrieved from /home/airflow/.local/lib/python3.7/site-packages/airflow/example_dags/example_task_group.py
[2023-05-29T09:41:49.097+0000] {logging_mixin.py:149} INFO - [2023-05-29T09:41:49.097+0000] {dag.py:2726} INFO - Sync 1 DAGs
[2023-05-29T09:41:49.114+0000] {logging_mixin.py:149} INFO - [2023-05-29T09:41:49.114+0000] {dag.py:3490} INFO - Setting next_dagrun for example_task_group to 2023-05-28T09:41:49.113943+00:00, run_after=2023-05-29T09:41:49.113943+00:00
[2023-05-29T09:41:49.127+0000] {processor.py:179} INFO - Processing /home/airflow/.local/lib/python3.7/site-packages/airflow/example_dags/example_task_group.py took 0.063 seconds
[2023-05-29T09:42:19.490+0000] {processor.py:157} INFO - Started process (PID=1192) to work on /home/airflow/.local/lib/python3.7/site-packages/airflow/example_dags/example_task_group.py
[2023-05-29T09:42:19.492+0000] {processor.py:826} INFO - Processing file /home/airflow/.local/lib/python3.7/site-packages/airflow/example_dags/example_task_group.py for tasks to queue
[2023-05-29T09:42:19.492+0000] {logging_mixin.py:149} INFO - [2023-05-29T09:42:19.492+0000] {dagbag.py:541} INFO - Filling up the DagBag from /home/airflow/.local/lib/python3.7/site-packages/airflow/example_dags/example_task_group.py
[2023-05-29T09:42:19.499+0000] {processor.py:836} INFO - DAG(s) dict_keys(['example_task_group']) retrieved from /home/airflow/.local/lib/python3.7/site-packages/airflow/example_dags/example_task_group.py
[2023-05-29T09:42:19.519+0000] {logging_mixin.py:149} INFO - [2023-05-29T09:42:19.519+0000] {dag.py:2726} INFO - Sync 1 DAGs
[2023-05-29T09:42:19.537+0000] {logging_mixin.py:149} INFO - [2023-05-29T09:42:19.537+0000] {dag.py:3490} INFO - Setting next_dagrun for example_task_group to 2023-05-28T09:42:19.537043+00:00, run_after=2023-05-29T09:42:19.537043+00:00
[2023-05-29T09:42:19.550+0000] {processor.py:179} INFO - Processing /home/airflow/.local/lib/python3.7/site-packages/airflow/example_dags/example_task_group.py took 0.063 seconds
