[2023-05-29T09:32:11.673+0000] {processor.py:157} INFO - Started process (PID=68) to work on /home/airflow/.local/lib/python3.7/site-packages/airflow/example_dags/example_branch_python_dop_operator_3.py
[2023-05-29T09:32:11.674+0000] {processor.py:826} INFO - Processing file /home/airflow/.local/lib/python3.7/site-packages/airflow/example_dags/example_branch_python_dop_operator_3.py for tasks to queue
[2023-05-29T09:32:11.675+0000] {logging_mixin.py:149} INFO - [2023-05-29T09:32:11.675+0000] {dagbag.py:541} INFO - Filling up the DagBag from /home/airflow/.local/lib/python3.7/site-packages/airflow/example_dags/example_branch_python_dop_operator_3.py
[2023-05-29T09:32:11.683+0000] {processor.py:836} INFO - DAG(s) dict_keys(['example_branch_dop_operator_v3']) retrieved from /home/airflow/.local/lib/python3.7/site-packages/airflow/example_dags/example_branch_python_dop_operator_3.py
[2023-05-29T09:32:11.707+0000] {logging_mixin.py:149} INFO - [2023-05-29T09:32:11.707+0000] {dag.py:2726} INFO - Sync 1 DAGs
[2023-05-29T09:32:11.737+0000] {logging_mixin.py:149} INFO - [2023-05-29T09:32:11.736+0000] {dag.py:3490} INFO - Setting next_dagrun for example_branch_dop_operator_v3 to 2023-05-29T09:31:00+00:00, run_after=2023-05-29T09:32:00+00:00
[2023-05-29T09:32:11.754+0000] {processor.py:179} INFO - Processing /home/airflow/.local/lib/python3.7/site-packages/airflow/example_dags/example_branch_python_dop_operator_3.py took 0.084 seconds
[2023-05-29T09:32:41.803+0000] {processor.py:157} INFO - Started process (PID=124) to work on /home/airflow/.local/lib/python3.7/site-packages/airflow/example_dags/example_branch_python_dop_operator_3.py
[2023-05-29T09:32:41.804+0000] {processor.py:826} INFO - Processing file /home/airflow/.local/lib/python3.7/site-packages/airflow/example_dags/example_branch_python_dop_operator_3.py for tasks to queue
[2023-05-29T09:32:41.805+0000] {logging_mixin.py:149} INFO - [2023-05-29T09:32:41.804+0000] {dagbag.py:541} INFO - Filling up the DagBag from /home/airflow/.local/lib/python3.7/site-packages/airflow/example_dags/example_branch_python_dop_operator_3.py
[2023-05-29T09:32:41.810+0000] {processor.py:836} INFO - DAG(s) dict_keys(['example_branch_dop_operator_v3']) retrieved from /home/airflow/.local/lib/python3.7/site-packages/airflow/example_dags/example_branch_python_dop_operator_3.py
[2023-05-29T09:32:41.828+0000] {logging_mixin.py:149} INFO - [2023-05-29T09:32:41.828+0000] {dag.py:2726} INFO - Sync 1 DAGs
[2023-05-29T09:32:41.845+0000] {logging_mixin.py:149} INFO - [2023-05-29T09:32:41.845+0000] {dag.py:3490} INFO - Setting next_dagrun for example_branch_dop_operator_v3 to 2023-05-29T09:31:00+00:00, run_after=2023-05-29T09:32:00+00:00
[2023-05-29T09:32:41.855+0000] {processor.py:179} INFO - Processing /home/airflow/.local/lib/python3.7/site-packages/airflow/example_dags/example_branch_python_dop_operator_3.py took 0.055 seconds
[2023-05-29T09:33:12.068+0000] {processor.py:157} INFO - Started process (PID=180) to work on /home/airflow/.local/lib/python3.7/site-packages/airflow/example_dags/example_branch_python_dop_operator_3.py
[2023-05-29T09:33:12.069+0000] {processor.py:826} INFO - Processing file /home/airflow/.local/lib/python3.7/site-packages/airflow/example_dags/example_branch_python_dop_operator_3.py for tasks to queue
[2023-05-29T09:33:12.070+0000] {logging_mixin.py:149} INFO - [2023-05-29T09:33:12.070+0000] {dagbag.py:541} INFO - Filling up the DagBag from /home/airflow/.local/lib/python3.7/site-packages/airflow/example_dags/example_branch_python_dop_operator_3.py
[2023-05-29T09:33:12.076+0000] {processor.py:836} INFO - DAG(s) dict_keys(['example_branch_dop_operator_v3']) retrieved from /home/airflow/.local/lib/python3.7/site-packages/airflow/example_dags/example_branch_python_dop_operator_3.py
[2023-05-29T09:33:12.097+0000] {logging_mixin.py:149} INFO - [2023-05-29T09:33:12.097+0000] {dag.py:2726} INFO - Sync 1 DAGs
[2023-05-29T09:33:12.116+0000] {logging_mixin.py:149} INFO - [2023-05-29T09:33:12.116+0000] {dag.py:3490} INFO - Setting next_dagrun for example_branch_dop_operator_v3 to 2023-05-29T09:32:00+00:00, run_after=2023-05-29T09:33:00+00:00
[2023-05-29T09:33:12.128+0000] {processor.py:179} INFO - Processing /home/airflow/.local/lib/python3.7/site-packages/airflow/example_dags/example_branch_python_dop_operator_3.py took 0.062 seconds
[2023-05-29T09:33:42.644+0000] {processor.py:157} INFO - Started process (PID=236) to work on /home/airflow/.local/lib/python3.7/site-packages/airflow/example_dags/example_branch_python_dop_operator_3.py
[2023-05-29T09:33:42.645+0000] {processor.py:826} INFO - Processing file /home/airflow/.local/lib/python3.7/site-packages/airflow/example_dags/example_branch_python_dop_operator_3.py for tasks to queue
[2023-05-29T09:33:42.646+0000] {logging_mixin.py:149} INFO - [2023-05-29T09:33:42.646+0000] {dagbag.py:541} INFO - Filling up the DagBag from /home/airflow/.local/lib/python3.7/site-packages/airflow/example_dags/example_branch_python_dop_operator_3.py
[2023-05-29T09:33:42.652+0000] {processor.py:836} INFO - DAG(s) dict_keys(['example_branch_dop_operator_v3']) retrieved from /home/airflow/.local/lib/python3.7/site-packages/airflow/example_dags/example_branch_python_dop_operator_3.py
[2023-05-29T09:33:42.672+0000] {logging_mixin.py:149} INFO - [2023-05-29T09:33:42.672+0000] {dag.py:2726} INFO - Sync 1 DAGs
[2023-05-29T09:33:42.690+0000] {logging_mixin.py:149} INFO - [2023-05-29T09:33:42.690+0000] {dag.py:3490} INFO - Setting next_dagrun for example_branch_dop_operator_v3 to 2023-05-29T09:32:00+00:00, run_after=2023-05-29T09:33:00+00:00
[2023-05-29T09:33:42.704+0000] {processor.py:179} INFO - Processing /home/airflow/.local/lib/python3.7/site-packages/airflow/example_dags/example_branch_python_dop_operator_3.py took 0.063 seconds
[2023-05-29T09:34:13.139+0000] {processor.py:157} INFO - Started process (PID=292) to work on /home/airflow/.local/lib/python3.7/site-packages/airflow/example_dags/example_branch_python_dop_operator_3.py
[2023-05-29T09:34:13.140+0000] {processor.py:826} INFO - Processing file /home/airflow/.local/lib/python3.7/site-packages/airflow/example_dags/example_branch_python_dop_operator_3.py for tasks to queue
[2023-05-29T09:34:13.141+0000] {logging_mixin.py:149} INFO - [2023-05-29T09:34:13.141+0000] {dagbag.py:541} INFO - Filling up the DagBag from /home/airflow/.local/lib/python3.7/site-packages/airflow/example_dags/example_branch_python_dop_operator_3.py
[2023-05-29T09:34:13.147+0000] {processor.py:836} INFO - DAG(s) dict_keys(['example_branch_dop_operator_v3']) retrieved from /home/airflow/.local/lib/python3.7/site-packages/airflow/example_dags/example_branch_python_dop_operator_3.py
[2023-05-29T09:34:13.169+0000] {logging_mixin.py:149} INFO - [2023-05-29T09:34:13.169+0000] {dag.py:2726} INFO - Sync 1 DAGs
[2023-05-29T09:34:13.189+0000] {logging_mixin.py:149} INFO - [2023-05-29T09:34:13.189+0000] {dag.py:3490} INFO - Setting next_dagrun for example_branch_dop_operator_v3 to 2023-05-29T09:33:00+00:00, run_after=2023-05-29T09:34:00+00:00
[2023-05-29T09:34:13.201+0000] {processor.py:179} INFO - Processing /home/airflow/.local/lib/python3.7/site-packages/airflow/example_dags/example_branch_python_dop_operator_3.py took 0.065 seconds
[2023-05-29T09:34:43.499+0000] {processor.py:157} INFO - Started process (PID=348) to work on /home/airflow/.local/lib/python3.7/site-packages/airflow/example_dags/example_branch_python_dop_operator_3.py
[2023-05-29T09:34:43.500+0000] {processor.py:826} INFO - Processing file /home/airflow/.local/lib/python3.7/site-packages/airflow/example_dags/example_branch_python_dop_operator_3.py for tasks to queue
[2023-05-29T09:34:43.501+0000] {logging_mixin.py:149} INFO - [2023-05-29T09:34:43.500+0000] {dagbag.py:541} INFO - Filling up the DagBag from /home/airflow/.local/lib/python3.7/site-packages/airflow/example_dags/example_branch_python_dop_operator_3.py
[2023-05-29T09:34:43.507+0000] {processor.py:836} INFO - DAG(s) dict_keys(['example_branch_dop_operator_v3']) retrieved from /home/airflow/.local/lib/python3.7/site-packages/airflow/example_dags/example_branch_python_dop_operator_3.py
[2023-05-29T09:34:43.527+0000] {logging_mixin.py:149} INFO - [2023-05-29T09:34:43.527+0000] {dag.py:2726} INFO - Sync 1 DAGs
[2023-05-29T09:34:43.546+0000] {logging_mixin.py:149} INFO - [2023-05-29T09:34:43.546+0000] {dag.py:3490} INFO - Setting next_dagrun for example_branch_dop_operator_v3 to 2023-05-29T09:33:00+00:00, run_after=2023-05-29T09:34:00+00:00
[2023-05-29T09:34:43.557+0000] {processor.py:179} INFO - Processing /home/airflow/.local/lib/python3.7/site-packages/airflow/example_dags/example_branch_python_dop_operator_3.py took 0.061 seconds
[2023-05-29T09:35:13.694+0000] {processor.py:157} INFO - Started process (PID=403) to work on /home/airflow/.local/lib/python3.7/site-packages/airflow/example_dags/example_branch_python_dop_operator_3.py
[2023-05-29T09:35:13.695+0000] {processor.py:826} INFO - Processing file /home/airflow/.local/lib/python3.7/site-packages/airflow/example_dags/example_branch_python_dop_operator_3.py for tasks to queue
[2023-05-29T09:35:13.696+0000] {logging_mixin.py:149} INFO - [2023-05-29T09:35:13.696+0000] {dagbag.py:541} INFO - Filling up the DagBag from /home/airflow/.local/lib/python3.7/site-packages/airflow/example_dags/example_branch_python_dop_operator_3.py
[2023-05-29T09:35:13.702+0000] {processor.py:836} INFO - DAG(s) dict_keys(['example_branch_dop_operator_v3']) retrieved from /home/airflow/.local/lib/python3.7/site-packages/airflow/example_dags/example_branch_python_dop_operator_3.py
[2023-05-29T09:35:13.721+0000] {logging_mixin.py:149} INFO - [2023-05-29T09:35:13.721+0000] {dag.py:2726} INFO - Sync 1 DAGs
[2023-05-29T09:35:13.739+0000] {logging_mixin.py:149} INFO - [2023-05-29T09:35:13.738+0000] {dag.py:3490} INFO - Setting next_dagrun for example_branch_dop_operator_v3 to 2023-05-29T09:34:00+00:00, run_after=2023-05-29T09:35:00+00:00
[2023-05-29T09:35:13.750+0000] {processor.py:179} INFO - Processing /home/airflow/.local/lib/python3.7/site-packages/airflow/example_dags/example_branch_python_dop_operator_3.py took 0.059 seconds
[2023-05-29T09:35:44.003+0000] {processor.py:157} INFO - Started process (PID=459) to work on /home/airflow/.local/lib/python3.7/site-packages/airflow/example_dags/example_branch_python_dop_operator_3.py
[2023-05-29T09:35:44.004+0000] {processor.py:826} INFO - Processing file /home/airflow/.local/lib/python3.7/site-packages/airflow/example_dags/example_branch_python_dop_operator_3.py for tasks to queue
[2023-05-29T09:35:44.005+0000] {logging_mixin.py:149} INFO - [2023-05-29T09:35:44.004+0000] {dagbag.py:541} INFO - Filling up the DagBag from /home/airflow/.local/lib/python3.7/site-packages/airflow/example_dags/example_branch_python_dop_operator_3.py
[2023-05-29T09:35:44.010+0000] {processor.py:836} INFO - DAG(s) dict_keys(['example_branch_dop_operator_v3']) retrieved from /home/airflow/.local/lib/python3.7/site-packages/airflow/example_dags/example_branch_python_dop_operator_3.py
[2023-05-29T09:35:44.029+0000] {logging_mixin.py:149} INFO - [2023-05-29T09:35:44.029+0000] {dag.py:2726} INFO - Sync 1 DAGs
[2023-05-29T09:35:44.050+0000] {logging_mixin.py:149} INFO - [2023-05-29T09:35:44.050+0000] {dag.py:3490} INFO - Setting next_dagrun for example_branch_dop_operator_v3 to 2023-05-29T09:34:00+00:00, run_after=2023-05-29T09:35:00+00:00
[2023-05-29T09:35:44.063+0000] {processor.py:179} INFO - Processing /home/airflow/.local/lib/python3.7/site-packages/airflow/example_dags/example_branch_python_dop_operator_3.py took 0.063 seconds
[2023-05-29T09:36:14.385+0000] {processor.py:157} INFO - Started process (PID=515) to work on /home/airflow/.local/lib/python3.7/site-packages/airflow/example_dags/example_branch_python_dop_operator_3.py
[2023-05-29T09:36:14.386+0000] {processor.py:826} INFO - Processing file /home/airflow/.local/lib/python3.7/site-packages/airflow/example_dags/example_branch_python_dop_operator_3.py for tasks to queue
[2023-05-29T09:36:14.387+0000] {logging_mixin.py:149} INFO - [2023-05-29T09:36:14.387+0000] {dagbag.py:541} INFO - Filling up the DagBag from /home/airflow/.local/lib/python3.7/site-packages/airflow/example_dags/example_branch_python_dop_operator_3.py
[2023-05-29T09:36:14.392+0000] {processor.py:836} INFO - DAG(s) dict_keys(['example_branch_dop_operator_v3']) retrieved from /home/airflow/.local/lib/python3.7/site-packages/airflow/example_dags/example_branch_python_dop_operator_3.py
[2023-05-29T09:36:14.411+0000] {logging_mixin.py:149} INFO - [2023-05-29T09:36:14.411+0000] {dag.py:2726} INFO - Sync 1 DAGs
[2023-05-29T09:36:14.431+0000] {logging_mixin.py:149} INFO - [2023-05-29T09:36:14.431+0000] {dag.py:3490} INFO - Setting next_dagrun for example_branch_dop_operator_v3 to 2023-05-29T09:35:00+00:00, run_after=2023-05-29T09:36:00+00:00
[2023-05-29T09:36:14.442+0000] {processor.py:179} INFO - Processing /home/airflow/.local/lib/python3.7/site-packages/airflow/example_dags/example_branch_python_dop_operator_3.py took 0.060 seconds
[2023-05-29T09:36:44.879+0000] {processor.py:157} INFO - Started process (PID=571) to work on /home/airflow/.local/lib/python3.7/site-packages/airflow/example_dags/example_branch_python_dop_operator_3.py
[2023-05-29T09:36:44.880+0000] {processor.py:826} INFO - Processing file /home/airflow/.local/lib/python3.7/site-packages/airflow/example_dags/example_branch_python_dop_operator_3.py for tasks to queue
[2023-05-29T09:36:44.881+0000] {logging_mixin.py:149} INFO - [2023-05-29T09:36:44.881+0000] {dagbag.py:541} INFO - Filling up the DagBag from /home/airflow/.local/lib/python3.7/site-packages/airflow/example_dags/example_branch_python_dop_operator_3.py
[2023-05-29T09:36:44.887+0000] {processor.py:836} INFO - DAG(s) dict_keys(['example_branch_dop_operator_v3']) retrieved from /home/airflow/.local/lib/python3.7/site-packages/airflow/example_dags/example_branch_python_dop_operator_3.py
[2023-05-29T09:36:44.906+0000] {logging_mixin.py:149} INFO - [2023-05-29T09:36:44.906+0000] {dag.py:2726} INFO - Sync 1 DAGs
[2023-05-29T09:36:44.926+0000] {logging_mixin.py:149} INFO - [2023-05-29T09:36:44.925+0000] {dag.py:3490} INFO - Setting next_dagrun for example_branch_dop_operator_v3 to 2023-05-29T09:35:00+00:00, run_after=2023-05-29T09:36:00+00:00
[2023-05-29T09:36:44.937+0000] {processor.py:179} INFO - Processing /home/airflow/.local/lib/python3.7/site-packages/airflow/example_dags/example_branch_python_dop_operator_3.py took 0.061 seconds
[2023-05-29T09:37:15.310+0000] {processor.py:157} INFO - Started process (PID=627) to work on /home/airflow/.local/lib/python3.7/site-packages/airflow/example_dags/example_branch_python_dop_operator_3.py
[2023-05-29T09:37:15.311+0000] {processor.py:826} INFO - Processing file /home/airflow/.local/lib/python3.7/site-packages/airflow/example_dags/example_branch_python_dop_operator_3.py for tasks to queue
[2023-05-29T09:37:15.312+0000] {logging_mixin.py:149} INFO - [2023-05-29T09:37:15.312+0000] {dagbag.py:541} INFO - Filling up the DagBag from /home/airflow/.local/lib/python3.7/site-packages/airflow/example_dags/example_branch_python_dop_operator_3.py
[2023-05-29T09:37:15.317+0000] {processor.py:836} INFO - DAG(s) dict_keys(['example_branch_dop_operator_v3']) retrieved from /home/airflow/.local/lib/python3.7/site-packages/airflow/example_dags/example_branch_python_dop_operator_3.py
[2023-05-29T09:37:15.335+0000] {logging_mixin.py:149} INFO - [2023-05-29T09:37:15.335+0000] {dag.py:2726} INFO - Sync 1 DAGs
[2023-05-29T09:37:15.352+0000] {logging_mixin.py:149} INFO - [2023-05-29T09:37:15.352+0000] {dag.py:3490} INFO - Setting next_dagrun for example_branch_dop_operator_v3 to 2023-05-29T09:36:00+00:00, run_after=2023-05-29T09:37:00+00:00
[2023-05-29T09:37:15.363+0000] {processor.py:179} INFO - Processing /home/airflow/.local/lib/python3.7/site-packages/airflow/example_dags/example_branch_python_dop_operator_3.py took 0.055 seconds
[2023-05-29T09:37:45.557+0000] {processor.py:157} INFO - Started process (PID=683) to work on /home/airflow/.local/lib/python3.7/site-packages/airflow/example_dags/example_branch_python_dop_operator_3.py
[2023-05-29T09:37:45.558+0000] {processor.py:826} INFO - Processing file /home/airflow/.local/lib/python3.7/site-packages/airflow/example_dags/example_branch_python_dop_operator_3.py for tasks to queue
[2023-05-29T09:37:45.559+0000] {logging_mixin.py:149} INFO - [2023-05-29T09:37:45.559+0000] {dagbag.py:541} INFO - Filling up the DagBag from /home/airflow/.local/lib/python3.7/site-packages/airflow/example_dags/example_branch_python_dop_operator_3.py
[2023-05-29T09:37:45.565+0000] {processor.py:836} INFO - DAG(s) dict_keys(['example_branch_dop_operator_v3']) retrieved from /home/airflow/.local/lib/python3.7/site-packages/airflow/example_dags/example_branch_python_dop_operator_3.py
[2023-05-29T09:37:45.589+0000] {logging_mixin.py:149} INFO - [2023-05-29T09:37:45.589+0000] {dag.py:2726} INFO - Sync 1 DAGs
[2023-05-29T09:37:45.608+0000] {logging_mixin.py:149} INFO - [2023-05-29T09:37:45.608+0000] {dag.py:3490} INFO - Setting next_dagrun for example_branch_dop_operator_v3 to 2023-05-29T09:36:00+00:00, run_after=2023-05-29T09:37:00+00:00
[2023-05-29T09:37:45.620+0000] {processor.py:179} INFO - Processing /home/airflow/.local/lib/python3.7/site-packages/airflow/example_dags/example_branch_python_dop_operator_3.py took 0.066 seconds
[2023-05-29T09:38:15.996+0000] {processor.py:157} INFO - Started process (PID=739) to work on /home/airflow/.local/lib/python3.7/site-packages/airflow/example_dags/example_branch_python_dop_operator_3.py
[2023-05-29T09:38:15.998+0000] {processor.py:826} INFO - Processing file /home/airflow/.local/lib/python3.7/site-packages/airflow/example_dags/example_branch_python_dop_operator_3.py for tasks to queue
[2023-05-29T09:38:15.999+0000] {logging_mixin.py:149} INFO - [2023-05-29T09:38:15.998+0000] {dagbag.py:541} INFO - Filling up the DagBag from /home/airflow/.local/lib/python3.7/site-packages/airflow/example_dags/example_branch_python_dop_operator_3.py
[2023-05-29T09:38:16.005+0000] {processor.py:836} INFO - DAG(s) dict_keys(['example_branch_dop_operator_v3']) retrieved from /home/airflow/.local/lib/python3.7/site-packages/airflow/example_dags/example_branch_python_dop_operator_3.py
[2023-05-29T09:38:16.028+0000] {logging_mixin.py:149} INFO - [2023-05-29T09:38:16.028+0000] {dag.py:2726} INFO - Sync 1 DAGs
[2023-05-29T09:38:16.048+0000] {logging_mixin.py:149} INFO - [2023-05-29T09:38:16.048+0000] {dag.py:3490} INFO - Setting next_dagrun for example_branch_dop_operator_v3 to 2023-05-29T09:37:00+00:00, run_after=2023-05-29T09:38:00+00:00
[2023-05-29T09:38:16.061+0000] {processor.py:179} INFO - Processing /home/airflow/.local/lib/python3.7/site-packages/airflow/example_dags/example_branch_python_dop_operator_3.py took 0.069 seconds
[2023-05-29T09:38:46.352+0000] {processor.py:157} INFO - Started process (PID=795) to work on /home/airflow/.local/lib/python3.7/site-packages/airflow/example_dags/example_branch_python_dop_operator_3.py
[2023-05-29T09:38:46.353+0000] {processor.py:826} INFO - Processing file /home/airflow/.local/lib/python3.7/site-packages/airflow/example_dags/example_branch_python_dop_operator_3.py for tasks to queue
[2023-05-29T09:38:46.354+0000] {logging_mixin.py:149} INFO - [2023-05-29T09:38:46.354+0000] {dagbag.py:541} INFO - Filling up the DagBag from /home/airflow/.local/lib/python3.7/site-packages/airflow/example_dags/example_branch_python_dop_operator_3.py
[2023-05-29T09:38:46.361+0000] {processor.py:836} INFO - DAG(s) dict_keys(['example_branch_dop_operator_v3']) retrieved from /home/airflow/.local/lib/python3.7/site-packages/airflow/example_dags/example_branch_python_dop_operator_3.py
[2023-05-29T09:38:46.382+0000] {logging_mixin.py:149} INFO - [2023-05-29T09:38:46.382+0000] {dag.py:2726} INFO - Sync 1 DAGs
[2023-05-29T09:38:46.401+0000] {logging_mixin.py:149} INFO - [2023-05-29T09:38:46.401+0000] {dag.py:3490} INFO - Setting next_dagrun for example_branch_dop_operator_v3 to 2023-05-29T09:37:00+00:00, run_after=2023-05-29T09:38:00+00:00
[2023-05-29T09:38:46.414+0000] {processor.py:179} INFO - Processing /home/airflow/.local/lib/python3.7/site-packages/airflow/example_dags/example_branch_python_dop_operator_3.py took 0.064 seconds
[2023-05-29T09:39:16.527+0000] {processor.py:157} INFO - Started process (PID=852) to work on /home/airflow/.local/lib/python3.7/site-packages/airflow/example_dags/example_branch_python_dop_operator_3.py
[2023-05-29T09:39:16.529+0000] {processor.py:826} INFO - Processing file /home/airflow/.local/lib/python3.7/site-packages/airflow/example_dags/example_branch_python_dop_operator_3.py for tasks to queue
[2023-05-29T09:39:16.529+0000] {logging_mixin.py:149} INFO - [2023-05-29T09:39:16.529+0000] {dagbag.py:541} INFO - Filling up the DagBag from /home/airflow/.local/lib/python3.7/site-packages/airflow/example_dags/example_branch_python_dop_operator_3.py
[2023-05-29T09:39:16.535+0000] {processor.py:836} INFO - DAG(s) dict_keys(['example_branch_dop_operator_v3']) retrieved from /home/airflow/.local/lib/python3.7/site-packages/airflow/example_dags/example_branch_python_dop_operator_3.py
[2023-05-29T09:39:16.554+0000] {logging_mixin.py:149} INFO - [2023-05-29T09:39:16.554+0000] {dag.py:2726} INFO - Sync 1 DAGs
[2023-05-29T09:39:16.572+0000] {logging_mixin.py:149} INFO - [2023-05-29T09:39:16.572+0000] {dag.py:3490} INFO - Setting next_dagrun for example_branch_dop_operator_v3 to 2023-05-29T09:38:00+00:00, run_after=2023-05-29T09:39:00+00:00
[2023-05-29T09:39:16.583+0000] {processor.py:179} INFO - Processing /home/airflow/.local/lib/python3.7/site-packages/airflow/example_dags/example_branch_python_dop_operator_3.py took 0.059 seconds
[2023-05-29T09:39:47.158+0000] {processor.py:157} INFO - Started process (PID=908) to work on /home/airflow/.local/lib/python3.7/site-packages/airflow/example_dags/example_branch_python_dop_operator_3.py
[2023-05-29T09:39:47.159+0000] {processor.py:826} INFO - Processing file /home/airflow/.local/lib/python3.7/site-packages/airflow/example_dags/example_branch_python_dop_operator_3.py for tasks to queue
[2023-05-29T09:39:47.160+0000] {logging_mixin.py:149} INFO - [2023-05-29T09:39:47.160+0000] {dagbag.py:541} INFO - Filling up the DagBag from /home/airflow/.local/lib/python3.7/site-packages/airflow/example_dags/example_branch_python_dop_operator_3.py
[2023-05-29T09:39:47.166+0000] {processor.py:836} INFO - DAG(s) dict_keys(['example_branch_dop_operator_v3']) retrieved from /home/airflow/.local/lib/python3.7/site-packages/airflow/example_dags/example_branch_python_dop_operator_3.py
[2023-05-29T09:39:47.187+0000] {logging_mixin.py:149} INFO - [2023-05-29T09:39:47.187+0000] {dag.py:2726} INFO - Sync 1 DAGs
[2023-05-29T09:39:47.207+0000] {logging_mixin.py:149} INFO - [2023-05-29T09:39:47.207+0000] {dag.py:3490} INFO - Setting next_dagrun for example_branch_dop_operator_v3 to 2023-05-29T09:38:00+00:00, run_after=2023-05-29T09:39:00+00:00
[2023-05-29T09:39:47.219+0000] {processor.py:179} INFO - Processing /home/airflow/.local/lib/python3.7/site-packages/airflow/example_dags/example_branch_python_dop_operator_3.py took 0.064 seconds
[2023-05-29T09:40:17.449+0000] {processor.py:157} INFO - Started process (PID=964) to work on /home/airflow/.local/lib/python3.7/site-packages/airflow/example_dags/example_branch_python_dop_operator_3.py
[2023-05-29T09:40:17.451+0000] {processor.py:826} INFO - Processing file /home/airflow/.local/lib/python3.7/site-packages/airflow/example_dags/example_branch_python_dop_operator_3.py for tasks to queue
[2023-05-29T09:40:17.452+0000] {logging_mixin.py:149} INFO - [2023-05-29T09:40:17.451+0000] {dagbag.py:541} INFO - Filling up the DagBag from /home/airflow/.local/lib/python3.7/site-packages/airflow/example_dags/example_branch_python_dop_operator_3.py
[2023-05-29T09:40:17.458+0000] {processor.py:836} INFO - DAG(s) dict_keys(['example_branch_dop_operator_v3']) retrieved from /home/airflow/.local/lib/python3.7/site-packages/airflow/example_dags/example_branch_python_dop_operator_3.py
[2023-05-29T09:40:17.478+0000] {logging_mixin.py:149} INFO - [2023-05-29T09:40:17.478+0000] {dag.py:2726} INFO - Sync 1 DAGs
[2023-05-29T09:40:17.496+0000] {logging_mixin.py:149} INFO - [2023-05-29T09:40:17.496+0000] {dag.py:3490} INFO - Setting next_dagrun for example_branch_dop_operator_v3 to 2023-05-29T09:39:00+00:00, run_after=2023-05-29T09:40:00+00:00
[2023-05-29T09:40:17.507+0000] {processor.py:179} INFO - Processing /home/airflow/.local/lib/python3.7/site-packages/airflow/example_dags/example_branch_python_dop_operator_3.py took 0.061 seconds
[2023-05-29T09:40:47.883+0000] {processor.py:157} INFO - Started process (PID=1020) to work on /home/airflow/.local/lib/python3.7/site-packages/airflow/example_dags/example_branch_python_dop_operator_3.py
[2023-05-29T09:40:47.885+0000] {processor.py:826} INFO - Processing file /home/airflow/.local/lib/python3.7/site-packages/airflow/example_dags/example_branch_python_dop_operator_3.py for tasks to queue
[2023-05-29T09:40:47.885+0000] {logging_mixin.py:149} INFO - [2023-05-29T09:40:47.885+0000] {dagbag.py:541} INFO - Filling up the DagBag from /home/airflow/.local/lib/python3.7/site-packages/airflow/example_dags/example_branch_python_dop_operator_3.py
[2023-05-29T09:40:47.891+0000] {processor.py:836} INFO - DAG(s) dict_keys(['example_branch_dop_operator_v3']) retrieved from /home/airflow/.local/lib/python3.7/site-packages/airflow/example_dags/example_branch_python_dop_operator_3.py
[2023-05-29T09:40:47.914+0000] {logging_mixin.py:149} INFO - [2023-05-29T09:40:47.914+0000] {dag.py:2726} INFO - Sync 1 DAGs
[2023-05-29T09:40:47.934+0000] {logging_mixin.py:149} INFO - [2023-05-29T09:40:47.934+0000] {dag.py:3490} INFO - Setting next_dagrun for example_branch_dop_operator_v3 to 2023-05-29T09:39:00+00:00, run_after=2023-05-29T09:40:00+00:00
[2023-05-29T09:40:47.945+0000] {processor.py:179} INFO - Processing /home/airflow/.local/lib/python3.7/site-packages/airflow/example_dags/example_branch_python_dop_operator_3.py took 0.065 seconds
[2023-05-29T09:41:18.313+0000] {processor.py:157} INFO - Started process (PID=1076) to work on /home/airflow/.local/lib/python3.7/site-packages/airflow/example_dags/example_branch_python_dop_operator_3.py
[2023-05-29T09:41:18.315+0000] {processor.py:826} INFO - Processing file /home/airflow/.local/lib/python3.7/site-packages/airflow/example_dags/example_branch_python_dop_operator_3.py for tasks to queue
[2023-05-29T09:41:18.316+0000] {logging_mixin.py:149} INFO - [2023-05-29T09:41:18.316+0000] {dagbag.py:541} INFO - Filling up the DagBag from /home/airflow/.local/lib/python3.7/site-packages/airflow/example_dags/example_branch_python_dop_operator_3.py
[2023-05-29T09:41:18.322+0000] {processor.py:836} INFO - DAG(s) dict_keys(['example_branch_dop_operator_v3']) retrieved from /home/airflow/.local/lib/python3.7/site-packages/airflow/example_dags/example_branch_python_dop_operator_3.py
[2023-05-29T09:41:18.344+0000] {logging_mixin.py:149} INFO - [2023-05-29T09:41:18.343+0000] {dag.py:2726} INFO - Sync 1 DAGs
[2023-05-29T09:41:18.363+0000] {logging_mixin.py:149} INFO - [2023-05-29T09:41:18.363+0000] {dag.py:3490} INFO - Setting next_dagrun for example_branch_dop_operator_v3 to 2023-05-29T09:40:00+00:00, run_after=2023-05-29T09:41:00+00:00
[2023-05-29T09:41:18.375+0000] {processor.py:179} INFO - Processing /home/airflow/.local/lib/python3.7/site-packages/airflow/example_dags/example_branch_python_dop_operator_3.py took 0.064 seconds
[2023-05-29T09:41:48.891+0000] {processor.py:157} INFO - Started process (PID=1132) to work on /home/airflow/.local/lib/python3.7/site-packages/airflow/example_dags/example_branch_python_dop_operator_3.py
[2023-05-29T09:41:48.894+0000] {processor.py:826} INFO - Processing file /home/airflow/.local/lib/python3.7/site-packages/airflow/example_dags/example_branch_python_dop_operator_3.py for tasks to queue
[2023-05-29T09:41:48.897+0000] {logging_mixin.py:149} INFO - [2023-05-29T09:41:48.897+0000] {dagbag.py:541} INFO - Filling up the DagBag from /home/airflow/.local/lib/python3.7/site-packages/airflow/example_dags/example_branch_python_dop_operator_3.py
[2023-05-29T09:41:48.907+0000] {processor.py:836} INFO - DAG(s) dict_keys(['example_branch_dop_operator_v3']) retrieved from /home/airflow/.local/lib/python3.7/site-packages/airflow/example_dags/example_branch_python_dop_operator_3.py
[2023-05-29T09:41:48.935+0000] {logging_mixin.py:149} INFO - [2023-05-29T09:41:48.934+0000] {dag.py:2726} INFO - Sync 1 DAGs
[2023-05-29T09:41:48.979+0000] {logging_mixin.py:149} INFO - [2023-05-29T09:41:48.979+0000] {dag.py:3490} INFO - Setting next_dagrun for example_branch_dop_operator_v3 to 2023-05-29T09:40:00+00:00, run_after=2023-05-29T09:41:00+00:00
[2023-05-29T09:41:49.004+0000] {processor.py:179} INFO - Processing /home/airflow/.local/lib/python3.7/site-packages/airflow/example_dags/example_branch_python_dop_operator_3.py took 0.116 seconds
[2023-05-29T09:42:19.383+0000] {processor.py:157} INFO - Started process (PID=1189) to work on /home/airflow/.local/lib/python3.7/site-packages/airflow/example_dags/example_branch_python_dop_operator_3.py
[2023-05-29T09:42:19.385+0000] {processor.py:826} INFO - Processing file /home/airflow/.local/lib/python3.7/site-packages/airflow/example_dags/example_branch_python_dop_operator_3.py for tasks to queue
[2023-05-29T09:42:19.386+0000] {logging_mixin.py:149} INFO - [2023-05-29T09:42:19.385+0000] {dagbag.py:541} INFO - Filling up the DagBag from /home/airflow/.local/lib/python3.7/site-packages/airflow/example_dags/example_branch_python_dop_operator_3.py
[2023-05-29T09:42:19.392+0000] {processor.py:836} INFO - DAG(s) dict_keys(['example_branch_dop_operator_v3']) retrieved from /home/airflow/.local/lib/python3.7/site-packages/airflow/example_dags/example_branch_python_dop_operator_3.py
[2023-05-29T09:42:19.413+0000] {logging_mixin.py:149} INFO - [2023-05-29T09:42:19.413+0000] {dag.py:2726} INFO - Sync 1 DAGs
[2023-05-29T09:42:19.432+0000] {logging_mixin.py:149} INFO - [2023-05-29T09:42:19.432+0000] {dag.py:3490} INFO - Setting next_dagrun for example_branch_dop_operator_v3 to 2023-05-29T09:41:00+00:00, run_after=2023-05-29T09:42:00+00:00
[2023-05-29T09:42:19.444+0000] {processor.py:179} INFO - Processing /home/airflow/.local/lib/python3.7/site-packages/airflow/example_dags/example_branch_python_dop_operator_3.py took 0.064 seconds
