[2023-05-29T09:32:10.289+0000] {processor.py:157} INFO - Started process (PID=50) to work on /home/airflow/.local/lib/python3.7/site-packages/airflow/example_dags/example_branch_operator.py
[2023-05-29T09:32:10.297+0000] {processor.py:826} INFO - Processing file /home/airflow/.local/lib/python3.7/site-packages/airflow/example_dags/example_branch_operator.py for tasks to queue
[2023-05-29T09:32:10.298+0000] {logging_mixin.py:149} INFO - [2023-05-29T09:32:10.298+0000] {dagbag.py:541} INFO - Filling up the DagBag from /home/airflow/.local/lib/python3.7/site-packages/airflow/example_dags/example_branch_operator.py
[2023-05-29T09:32:10.338+0000] {processor.py:836} INFO - DAG(s) dict_keys(['example_branch_operator']) retrieved from /home/airflow/.local/lib/python3.7/site-packages/airflow/example_dags/example_branch_operator.py
[2023-05-29T09:32:10.359+0000] {logging_mixin.py:149} INFO - [2023-05-29T09:32:10.359+0000] {dag.py:2726} INFO - Sync 1 DAGs
[2023-05-29T09:32:10.392+0000] {logging_mixin.py:149} INFO - [2023-05-29T09:32:10.392+0000] {dag.py:3490} INFO - Setting next_dagrun for example_branch_operator to 2023-05-28T00:00:00+00:00, run_after=2023-05-29T00:00:00+00:00
[2023-05-29T09:32:10.420+0000] {processor.py:179} INFO - Processing /home/airflow/.local/lib/python3.7/site-packages/airflow/example_dags/example_branch_operator.py took 0.136 seconds
[2023-05-29T09:32:40.974+0000] {processor.py:157} INFO - Started process (PID=106) to work on /home/airflow/.local/lib/python3.7/site-packages/airflow/example_dags/example_branch_operator.py
[2023-05-29T09:32:40.975+0000] {processor.py:826} INFO - Processing file /home/airflow/.local/lib/python3.7/site-packages/airflow/example_dags/example_branch_operator.py for tasks to queue
[2023-05-29T09:32:40.976+0000] {logging_mixin.py:149} INFO - [2023-05-29T09:32:40.976+0000] {dagbag.py:541} INFO - Filling up the DagBag from /home/airflow/.local/lib/python3.7/site-packages/airflow/example_dags/example_branch_operator.py
[2023-05-29T09:32:40.983+0000] {processor.py:836} INFO - DAG(s) dict_keys(['example_branch_operator']) retrieved from /home/airflow/.local/lib/python3.7/site-packages/airflow/example_dags/example_branch_operator.py
[2023-05-29T09:32:41.005+0000] {logging_mixin.py:149} INFO - [2023-05-29T09:32:41.005+0000] {dag.py:2726} INFO - Sync 1 DAGs
[2023-05-29T09:32:41.021+0000] {logging_mixin.py:149} INFO - [2023-05-29T09:32:41.021+0000] {dag.py:3490} INFO - Setting next_dagrun for example_branch_operator to 2023-05-28T00:00:00+00:00, run_after=2023-05-29T00:00:00+00:00
[2023-05-29T09:32:41.032+0000] {processor.py:179} INFO - Processing /home/airflow/.local/lib/python3.7/site-packages/airflow/example_dags/example_branch_operator.py took 0.061 seconds
[2023-05-29T09:33:11.309+0000] {processor.py:157} INFO - Started process (PID=162) to work on /home/airflow/.local/lib/python3.7/site-packages/airflow/example_dags/example_branch_operator.py
[2023-05-29T09:33:11.310+0000] {processor.py:826} INFO - Processing file /home/airflow/.local/lib/python3.7/site-packages/airflow/example_dags/example_branch_operator.py for tasks to queue
[2023-05-29T09:33:11.311+0000] {logging_mixin.py:149} INFO - [2023-05-29T09:33:11.311+0000] {dagbag.py:541} INFO - Filling up the DagBag from /home/airflow/.local/lib/python3.7/site-packages/airflow/example_dags/example_branch_operator.py
[2023-05-29T09:33:11.317+0000] {processor.py:836} INFO - DAG(s) dict_keys(['example_branch_operator']) retrieved from /home/airflow/.local/lib/python3.7/site-packages/airflow/example_dags/example_branch_operator.py
[2023-05-29T09:33:11.338+0000] {logging_mixin.py:149} INFO - [2023-05-29T09:33:11.338+0000] {dag.py:2726} INFO - Sync 1 DAGs
[2023-05-29T09:33:11.355+0000] {logging_mixin.py:149} INFO - [2023-05-29T09:33:11.355+0000] {dag.py:3490} INFO - Setting next_dagrun for example_branch_operator to 2023-05-28T00:00:00+00:00, run_after=2023-05-29T00:00:00+00:00
[2023-05-29T09:33:11.366+0000] {processor.py:179} INFO - Processing /home/airflow/.local/lib/python3.7/site-packages/airflow/example_dags/example_branch_operator.py took 0.060 seconds
[2023-05-29T09:33:41.759+0000] {processor.py:157} INFO - Started process (PID=218) to work on /home/airflow/.local/lib/python3.7/site-packages/airflow/example_dags/example_branch_operator.py
[2023-05-29T09:33:41.761+0000] {processor.py:826} INFO - Processing file /home/airflow/.local/lib/python3.7/site-packages/airflow/example_dags/example_branch_operator.py for tasks to queue
[2023-05-29T09:33:41.761+0000] {logging_mixin.py:149} INFO - [2023-05-29T09:33:41.761+0000] {dagbag.py:541} INFO - Filling up the DagBag from /home/airflow/.local/lib/python3.7/site-packages/airflow/example_dags/example_branch_operator.py
[2023-05-29T09:33:41.768+0000] {processor.py:836} INFO - DAG(s) dict_keys(['example_branch_operator']) retrieved from /home/airflow/.local/lib/python3.7/site-packages/airflow/example_dags/example_branch_operator.py
[2023-05-29T09:33:41.789+0000] {logging_mixin.py:149} INFO - [2023-05-29T09:33:41.789+0000] {dag.py:2726} INFO - Sync 1 DAGs
[2023-05-29T09:33:41.806+0000] {logging_mixin.py:149} INFO - [2023-05-29T09:33:41.806+0000] {dag.py:3490} INFO - Setting next_dagrun for example_branch_operator to 2023-05-28T00:00:00+00:00, run_after=2023-05-29T00:00:00+00:00
[2023-05-29T09:33:41.817+0000] {processor.py:179} INFO - Processing /home/airflow/.local/lib/python3.7/site-packages/airflow/example_dags/example_branch_operator.py took 0.061 seconds
[2023-05-29T09:34:12.262+0000] {processor.py:157} INFO - Started process (PID=274) to work on /home/airflow/.local/lib/python3.7/site-packages/airflow/example_dags/example_branch_operator.py
[2023-05-29T09:34:12.264+0000] {processor.py:826} INFO - Processing file /home/airflow/.local/lib/python3.7/site-packages/airflow/example_dags/example_branch_operator.py for tasks to queue
[2023-05-29T09:34:12.264+0000] {logging_mixin.py:149} INFO - [2023-05-29T09:34:12.264+0000] {dagbag.py:541} INFO - Filling up the DagBag from /home/airflow/.local/lib/python3.7/site-packages/airflow/example_dags/example_branch_operator.py
[2023-05-29T09:34:12.272+0000] {processor.py:836} INFO - DAG(s) dict_keys(['example_branch_operator']) retrieved from /home/airflow/.local/lib/python3.7/site-packages/airflow/example_dags/example_branch_operator.py
[2023-05-29T09:34:12.293+0000] {logging_mixin.py:149} INFO - [2023-05-29T09:34:12.293+0000] {dag.py:2726} INFO - Sync 1 DAGs
[2023-05-29T09:34:12.311+0000] {logging_mixin.py:149} INFO - [2023-05-29T09:34:12.311+0000] {dag.py:3490} INFO - Setting next_dagrun for example_branch_operator to 2023-05-28T00:00:00+00:00, run_after=2023-05-29T00:00:00+00:00
[2023-05-29T09:34:12.323+0000] {processor.py:179} INFO - Processing /home/airflow/.local/lib/python3.7/site-packages/airflow/example_dags/example_branch_operator.py took 0.064 seconds
[2023-05-29T09:34:42.677+0000] {processor.py:157} INFO - Started process (PID=330) to work on /home/airflow/.local/lib/python3.7/site-packages/airflow/example_dags/example_branch_operator.py
[2023-05-29T09:34:42.678+0000] {processor.py:826} INFO - Processing file /home/airflow/.local/lib/python3.7/site-packages/airflow/example_dags/example_branch_operator.py for tasks to queue
[2023-05-29T09:34:42.679+0000] {logging_mixin.py:149} INFO - [2023-05-29T09:34:42.679+0000] {dagbag.py:541} INFO - Filling up the DagBag from /home/airflow/.local/lib/python3.7/site-packages/airflow/example_dags/example_branch_operator.py
[2023-05-29T09:34:42.686+0000] {processor.py:836} INFO - DAG(s) dict_keys(['example_branch_operator']) retrieved from /home/airflow/.local/lib/python3.7/site-packages/airflow/example_dags/example_branch_operator.py
[2023-05-29T09:34:42.708+0000] {logging_mixin.py:149} INFO - [2023-05-29T09:34:42.708+0000] {dag.py:2726} INFO - Sync 1 DAGs
[2023-05-29T09:34:42.724+0000] {logging_mixin.py:149} INFO - [2023-05-29T09:34:42.724+0000] {dag.py:3490} INFO - Setting next_dagrun for example_branch_operator to 2023-05-28T00:00:00+00:00, run_after=2023-05-29T00:00:00+00:00
[2023-05-29T09:34:42.735+0000] {processor.py:179} INFO - Processing /home/airflow/.local/lib/python3.7/site-packages/airflow/example_dags/example_branch_operator.py took 0.061 seconds
[2023-05-29T09:35:12.917+0000] {processor.py:157} INFO - Started process (PID=385) to work on /home/airflow/.local/lib/python3.7/site-packages/airflow/example_dags/example_branch_operator.py
[2023-05-29T09:35:12.918+0000] {processor.py:826} INFO - Processing file /home/airflow/.local/lib/python3.7/site-packages/airflow/example_dags/example_branch_operator.py for tasks to queue
[2023-05-29T09:35:12.919+0000] {logging_mixin.py:149} INFO - [2023-05-29T09:35:12.918+0000] {dagbag.py:541} INFO - Filling up the DagBag from /home/airflow/.local/lib/python3.7/site-packages/airflow/example_dags/example_branch_operator.py
[2023-05-29T09:35:12.925+0000] {processor.py:836} INFO - DAG(s) dict_keys(['example_branch_operator']) retrieved from /home/airflow/.local/lib/python3.7/site-packages/airflow/example_dags/example_branch_operator.py
[2023-05-29T09:35:12.946+0000] {logging_mixin.py:149} INFO - [2023-05-29T09:35:12.946+0000] {dag.py:2726} INFO - Sync 1 DAGs
[2023-05-29T09:35:12.963+0000] {logging_mixin.py:149} INFO - [2023-05-29T09:35:12.963+0000] {dag.py:3490} INFO - Setting next_dagrun for example_branch_operator to 2023-05-28T00:00:00+00:00, run_after=2023-05-29T00:00:00+00:00
[2023-05-29T09:35:12.975+0000] {processor.py:179} INFO - Processing /home/airflow/.local/lib/python3.7/site-packages/airflow/example_dags/example_branch_operator.py took 0.061 seconds
[2023-05-29T09:35:43.198+0000] {processor.py:157} INFO - Started process (PID=441) to work on /home/airflow/.local/lib/python3.7/site-packages/airflow/example_dags/example_branch_operator.py
[2023-05-29T09:35:43.199+0000] {processor.py:826} INFO - Processing file /home/airflow/.local/lib/python3.7/site-packages/airflow/example_dags/example_branch_operator.py for tasks to queue
[2023-05-29T09:35:43.200+0000] {logging_mixin.py:149} INFO - [2023-05-29T09:35:43.200+0000] {dagbag.py:541} INFO - Filling up the DagBag from /home/airflow/.local/lib/python3.7/site-packages/airflow/example_dags/example_branch_operator.py
[2023-05-29T09:35:43.207+0000] {processor.py:836} INFO - DAG(s) dict_keys(['example_branch_operator']) retrieved from /home/airflow/.local/lib/python3.7/site-packages/airflow/example_dags/example_branch_operator.py
[2023-05-29T09:35:43.227+0000] {logging_mixin.py:149} INFO - [2023-05-29T09:35:43.227+0000] {dag.py:2726} INFO - Sync 1 DAGs
[2023-05-29T09:35:43.243+0000] {logging_mixin.py:149} INFO - [2023-05-29T09:35:43.242+0000] {dag.py:3490} INFO - Setting next_dagrun for example_branch_operator to 2023-05-28T00:00:00+00:00, run_after=2023-05-29T00:00:00+00:00
[2023-05-29T09:35:43.254+0000] {processor.py:179} INFO - Processing /home/airflow/.local/lib/python3.7/site-packages/airflow/example_dags/example_branch_operator.py took 0.059 seconds
[2023-05-29T09:36:13.574+0000] {processor.py:157} INFO - Started process (PID=497) to work on /home/airflow/.local/lib/python3.7/site-packages/airflow/example_dags/example_branch_operator.py
[2023-05-29T09:36:13.576+0000] {processor.py:826} INFO - Processing file /home/airflow/.local/lib/python3.7/site-packages/airflow/example_dags/example_branch_operator.py for tasks to queue
[2023-05-29T09:36:13.576+0000] {logging_mixin.py:149} INFO - [2023-05-29T09:36:13.576+0000] {dagbag.py:541} INFO - Filling up the DagBag from /home/airflow/.local/lib/python3.7/site-packages/airflow/example_dags/example_branch_operator.py
[2023-05-29T09:36:13.583+0000] {processor.py:836} INFO - DAG(s) dict_keys(['example_branch_operator']) retrieved from /home/airflow/.local/lib/python3.7/site-packages/airflow/example_dags/example_branch_operator.py
[2023-05-29T09:36:13.604+0000] {logging_mixin.py:149} INFO - [2023-05-29T09:36:13.604+0000] {dag.py:2726} INFO - Sync 1 DAGs
[2023-05-29T09:36:13.621+0000] {logging_mixin.py:149} INFO - [2023-05-29T09:36:13.621+0000] {dag.py:3490} INFO - Setting next_dagrun for example_branch_operator to 2023-05-28T00:00:00+00:00, run_after=2023-05-29T00:00:00+00:00
[2023-05-29T09:36:13.632+0000] {processor.py:179} INFO - Processing /home/airflow/.local/lib/python3.7/site-packages/airflow/example_dags/example_branch_operator.py took 0.060 seconds
[2023-05-29T09:36:44.056+0000] {processor.py:157} INFO - Started process (PID=553) to work on /home/airflow/.local/lib/python3.7/site-packages/airflow/example_dags/example_branch_operator.py
[2023-05-29T09:36:44.058+0000] {processor.py:826} INFO - Processing file /home/airflow/.local/lib/python3.7/site-packages/airflow/example_dags/example_branch_operator.py for tasks to queue
[2023-05-29T09:36:44.058+0000] {logging_mixin.py:149} INFO - [2023-05-29T09:36:44.058+0000] {dagbag.py:541} INFO - Filling up the DagBag from /home/airflow/.local/lib/python3.7/site-packages/airflow/example_dags/example_branch_operator.py
[2023-05-29T09:36:44.065+0000] {processor.py:836} INFO - DAG(s) dict_keys(['example_branch_operator']) retrieved from /home/airflow/.local/lib/python3.7/site-packages/airflow/example_dags/example_branch_operator.py
[2023-05-29T09:36:44.086+0000] {logging_mixin.py:149} INFO - [2023-05-29T09:36:44.086+0000] {dag.py:2726} INFO - Sync 1 DAGs
[2023-05-29T09:36:44.103+0000] {logging_mixin.py:149} INFO - [2023-05-29T09:36:44.103+0000] {dag.py:3490} INFO - Setting next_dagrun for example_branch_operator to 2023-05-28T00:00:00+00:00, run_after=2023-05-29T00:00:00+00:00
[2023-05-29T09:36:44.114+0000] {processor.py:179} INFO - Processing /home/airflow/.local/lib/python3.7/site-packages/airflow/example_dags/example_branch_operator.py took 0.061 seconds
[2023-05-29T09:37:14.315+0000] {processor.py:157} INFO - Started process (PID=609) to work on /home/airflow/.local/lib/python3.7/site-packages/airflow/example_dags/example_branch_operator.py
[2023-05-29T09:37:14.316+0000] {processor.py:826} INFO - Processing file /home/airflow/.local/lib/python3.7/site-packages/airflow/example_dags/example_branch_operator.py for tasks to queue
[2023-05-29T09:37:14.317+0000] {logging_mixin.py:149} INFO - [2023-05-29T09:37:14.317+0000] {dagbag.py:541} INFO - Filling up the DagBag from /home/airflow/.local/lib/python3.7/site-packages/airflow/example_dags/example_branch_operator.py
[2023-05-29T09:37:14.324+0000] {processor.py:836} INFO - DAG(s) dict_keys(['example_branch_operator']) retrieved from /home/airflow/.local/lib/python3.7/site-packages/airflow/example_dags/example_branch_operator.py
[2023-05-29T09:37:14.348+0000] {logging_mixin.py:149} INFO - [2023-05-29T09:37:14.348+0000] {dag.py:2726} INFO - Sync 1 DAGs
[2023-05-29T09:37:14.366+0000] {logging_mixin.py:149} INFO - [2023-05-29T09:37:14.365+0000] {dag.py:3490} INFO - Setting next_dagrun for example_branch_operator to 2023-05-28T00:00:00+00:00, run_after=2023-05-29T00:00:00+00:00
[2023-05-29T09:37:14.377+0000] {processor.py:179} INFO - Processing /home/airflow/.local/lib/python3.7/site-packages/airflow/example_dags/example_branch_operator.py took 0.064 seconds
[2023-05-29T09:37:44.715+0000] {processor.py:157} INFO - Started process (PID=665) to work on /home/airflow/.local/lib/python3.7/site-packages/airflow/example_dags/example_branch_operator.py
[2023-05-29T09:37:44.716+0000] {processor.py:826} INFO - Processing file /home/airflow/.local/lib/python3.7/site-packages/airflow/example_dags/example_branch_operator.py for tasks to queue
[2023-05-29T09:37:44.717+0000] {logging_mixin.py:149} INFO - [2023-05-29T09:37:44.717+0000] {dagbag.py:541} INFO - Filling up the DagBag from /home/airflow/.local/lib/python3.7/site-packages/airflow/example_dags/example_branch_operator.py
[2023-05-29T09:37:44.724+0000] {processor.py:836} INFO - DAG(s) dict_keys(['example_branch_operator']) retrieved from /home/airflow/.local/lib/python3.7/site-packages/airflow/example_dags/example_branch_operator.py
[2023-05-29T09:37:44.745+0000] {logging_mixin.py:149} INFO - [2023-05-29T09:37:44.745+0000] {dag.py:2726} INFO - Sync 1 DAGs
[2023-05-29T09:37:44.761+0000] {logging_mixin.py:149} INFO - [2023-05-29T09:37:44.761+0000] {dag.py:3490} INFO - Setting next_dagrun for example_branch_operator to 2023-05-28T00:00:00+00:00, run_after=2023-05-29T00:00:00+00:00
[2023-05-29T09:37:44.772+0000] {processor.py:179} INFO - Processing /home/airflow/.local/lib/python3.7/site-packages/airflow/example_dags/example_branch_operator.py took 0.060 seconds
[2023-05-29T09:38:15.112+0000] {processor.py:157} INFO - Started process (PID=721) to work on /home/airflow/.local/lib/python3.7/site-packages/airflow/example_dags/example_branch_operator.py
[2023-05-29T09:38:15.114+0000] {processor.py:826} INFO - Processing file /home/airflow/.local/lib/python3.7/site-packages/airflow/example_dags/example_branch_operator.py for tasks to queue
[2023-05-29T09:38:15.120+0000] {logging_mixin.py:149} INFO - [2023-05-29T09:38:15.120+0000] {dagbag.py:541} INFO - Filling up the DagBag from /home/airflow/.local/lib/python3.7/site-packages/airflow/example_dags/example_branch_operator.py
[2023-05-29T09:38:15.133+0000] {processor.py:836} INFO - DAG(s) dict_keys(['example_branch_operator']) retrieved from /home/airflow/.local/lib/python3.7/site-packages/airflow/example_dags/example_branch_operator.py
[2023-05-29T09:38:15.156+0000] {logging_mixin.py:149} INFO - [2023-05-29T09:38:15.156+0000] {dag.py:2726} INFO - Sync 1 DAGs
[2023-05-29T09:38:15.174+0000] {logging_mixin.py:149} INFO - [2023-05-29T09:38:15.174+0000] {dag.py:3490} INFO - Setting next_dagrun for example_branch_operator to 2023-05-28T00:00:00+00:00, run_after=2023-05-29T00:00:00+00:00
[2023-05-29T09:38:15.185+0000] {processor.py:179} INFO - Processing /home/airflow/.local/lib/python3.7/site-packages/airflow/example_dags/example_branch_operator.py took 0.076 seconds
[2023-05-29T09:38:45.515+0000] {processor.py:157} INFO - Started process (PID=777) to work on /home/airflow/.local/lib/python3.7/site-packages/airflow/example_dags/example_branch_operator.py
[2023-05-29T09:38:45.516+0000] {processor.py:826} INFO - Processing file /home/airflow/.local/lib/python3.7/site-packages/airflow/example_dags/example_branch_operator.py for tasks to queue
[2023-05-29T09:38:45.517+0000] {logging_mixin.py:149} INFO - [2023-05-29T09:38:45.517+0000] {dagbag.py:541} INFO - Filling up the DagBag from /home/airflow/.local/lib/python3.7/site-packages/airflow/example_dags/example_branch_operator.py
[2023-05-29T09:38:45.524+0000] {processor.py:836} INFO - DAG(s) dict_keys(['example_branch_operator']) retrieved from /home/airflow/.local/lib/python3.7/site-packages/airflow/example_dags/example_branch_operator.py
[2023-05-29T09:38:45.544+0000] {logging_mixin.py:149} INFO - [2023-05-29T09:38:45.544+0000] {dag.py:2726} INFO - Sync 1 DAGs
[2023-05-29T09:38:45.560+0000] {logging_mixin.py:149} INFO - [2023-05-29T09:38:45.560+0000] {dag.py:3490} INFO - Setting next_dagrun for example_branch_operator to 2023-05-28T00:00:00+00:00, run_after=2023-05-29T00:00:00+00:00
[2023-05-29T09:38:45.572+0000] {processor.py:179} INFO - Processing /home/airflow/.local/lib/python3.7/site-packages/airflow/example_dags/example_branch_operator.py took 0.059 seconds
[2023-05-29T09:39:15.754+0000] {processor.py:157} INFO - Started process (PID=834) to work on /home/airflow/.local/lib/python3.7/site-packages/airflow/example_dags/example_branch_operator.py
[2023-05-29T09:39:15.756+0000] {processor.py:826} INFO - Processing file /home/airflow/.local/lib/python3.7/site-packages/airflow/example_dags/example_branch_operator.py for tasks to queue
[2023-05-29T09:39:15.757+0000] {logging_mixin.py:149} INFO - [2023-05-29T09:39:15.756+0000] {dagbag.py:541} INFO - Filling up the DagBag from /home/airflow/.local/lib/python3.7/site-packages/airflow/example_dags/example_branch_operator.py
[2023-05-29T09:39:15.763+0000] {processor.py:836} INFO - DAG(s) dict_keys(['example_branch_operator']) retrieved from /home/airflow/.local/lib/python3.7/site-packages/airflow/example_dags/example_branch_operator.py
[2023-05-29T09:39:15.784+0000] {logging_mixin.py:149} INFO - [2023-05-29T09:39:15.784+0000] {dag.py:2726} INFO - Sync 1 DAGs
[2023-05-29T09:39:15.801+0000] {logging_mixin.py:149} INFO - [2023-05-29T09:39:15.801+0000] {dag.py:3490} INFO - Setting next_dagrun for example_branch_operator to 2023-05-28T00:00:00+00:00, run_after=2023-05-29T00:00:00+00:00
[2023-05-29T09:39:15.812+0000] {processor.py:179} INFO - Processing /home/airflow/.local/lib/python3.7/site-packages/airflow/example_dags/example_branch_operator.py took 0.060 seconds
[2023-05-29T09:39:46.319+0000] {processor.py:157} INFO - Started process (PID=890) to work on /home/airflow/.local/lib/python3.7/site-packages/airflow/example_dags/example_branch_operator.py
[2023-05-29T09:39:46.320+0000] {processor.py:826} INFO - Processing file /home/airflow/.local/lib/python3.7/site-packages/airflow/example_dags/example_branch_operator.py for tasks to queue
[2023-05-29T09:39:46.321+0000] {logging_mixin.py:149} INFO - [2023-05-29T09:39:46.321+0000] {dagbag.py:541} INFO - Filling up the DagBag from /home/airflow/.local/lib/python3.7/site-packages/airflow/example_dags/example_branch_operator.py
[2023-05-29T09:39:46.328+0000] {processor.py:836} INFO - DAG(s) dict_keys(['example_branch_operator']) retrieved from /home/airflow/.local/lib/python3.7/site-packages/airflow/example_dags/example_branch_operator.py
[2023-05-29T09:39:46.351+0000] {logging_mixin.py:149} INFO - [2023-05-29T09:39:46.351+0000] {dag.py:2726} INFO - Sync 1 DAGs
[2023-05-29T09:39:46.368+0000] {logging_mixin.py:149} INFO - [2023-05-29T09:39:46.368+0000] {dag.py:3490} INFO - Setting next_dagrun for example_branch_operator to 2023-05-28T00:00:00+00:00, run_after=2023-05-29T00:00:00+00:00
[2023-05-29T09:39:46.383+0000] {processor.py:179} INFO - Processing /home/airflow/.local/lib/python3.7/site-packages/airflow/example_dags/example_branch_operator.py took 0.068 seconds
[2023-05-29T09:40:16.670+0000] {processor.py:157} INFO - Started process (PID=946) to work on /home/airflow/.local/lib/python3.7/site-packages/airflow/example_dags/example_branch_operator.py
[2023-05-29T09:40:16.671+0000] {processor.py:826} INFO - Processing file /home/airflow/.local/lib/python3.7/site-packages/airflow/example_dags/example_branch_operator.py for tasks to queue
[2023-05-29T09:40:16.672+0000] {logging_mixin.py:149} INFO - [2023-05-29T09:40:16.672+0000] {dagbag.py:541} INFO - Filling up the DagBag from /home/airflow/.local/lib/python3.7/site-packages/airflow/example_dags/example_branch_operator.py
[2023-05-29T09:40:16.680+0000] {processor.py:836} INFO - DAG(s) dict_keys(['example_branch_operator']) retrieved from /home/airflow/.local/lib/python3.7/site-packages/airflow/example_dags/example_branch_operator.py
[2023-05-29T09:40:16.704+0000] {logging_mixin.py:149} INFO - [2023-05-29T09:40:16.703+0000] {dag.py:2726} INFO - Sync 1 DAGs
[2023-05-29T09:40:16.724+0000] {logging_mixin.py:149} INFO - [2023-05-29T09:40:16.724+0000] {dag.py:3490} INFO - Setting next_dagrun for example_branch_operator to 2023-05-28T00:00:00+00:00, run_after=2023-05-29T00:00:00+00:00
[2023-05-29T09:40:16.735+0000] {processor.py:179} INFO - Processing /home/airflow/.local/lib/python3.7/site-packages/airflow/example_dags/example_branch_operator.py took 0.069 seconds
[2023-05-29T09:40:47.019+0000] {processor.py:157} INFO - Started process (PID=1002) to work on /home/airflow/.local/lib/python3.7/site-packages/airflow/example_dags/example_branch_operator.py
[2023-05-29T09:40:47.021+0000] {processor.py:826} INFO - Processing file /home/airflow/.local/lib/python3.7/site-packages/airflow/example_dags/example_branch_operator.py for tasks to queue
[2023-05-29T09:40:47.022+0000] {logging_mixin.py:149} INFO - [2023-05-29T09:40:47.022+0000] {dagbag.py:541} INFO - Filling up the DagBag from /home/airflow/.local/lib/python3.7/site-packages/airflow/example_dags/example_branch_operator.py
[2023-05-29T09:40:47.030+0000] {processor.py:836} INFO - DAG(s) dict_keys(['example_branch_operator']) retrieved from /home/airflow/.local/lib/python3.7/site-packages/airflow/example_dags/example_branch_operator.py
[2023-05-29T09:40:47.055+0000] {logging_mixin.py:149} INFO - [2023-05-29T09:40:47.055+0000] {dag.py:2726} INFO - Sync 1 DAGs
[2023-05-29T09:40:47.072+0000] {logging_mixin.py:149} INFO - [2023-05-29T09:40:47.072+0000] {dag.py:3490} INFO - Setting next_dagrun for example_branch_operator to 2023-05-28T00:00:00+00:00, run_after=2023-05-29T00:00:00+00:00
[2023-05-29T09:40:47.085+0000] {processor.py:179} INFO - Processing /home/airflow/.local/lib/python3.7/site-packages/airflow/example_dags/example_branch_operator.py took 0.070 seconds
[2023-05-29T09:41:17.447+0000] {processor.py:157} INFO - Started process (PID=1058) to work on /home/airflow/.local/lib/python3.7/site-packages/airflow/example_dags/example_branch_operator.py
[2023-05-29T09:41:17.448+0000] {processor.py:826} INFO - Processing file /home/airflow/.local/lib/python3.7/site-packages/airflow/example_dags/example_branch_operator.py for tasks to queue
[2023-05-29T09:41:17.449+0000] {logging_mixin.py:149} INFO - [2023-05-29T09:41:17.449+0000] {dagbag.py:541} INFO - Filling up the DagBag from /home/airflow/.local/lib/python3.7/site-packages/airflow/example_dags/example_branch_operator.py
[2023-05-29T09:41:17.455+0000] {processor.py:836} INFO - DAG(s) dict_keys(['example_branch_operator']) retrieved from /home/airflow/.local/lib/python3.7/site-packages/airflow/example_dags/example_branch_operator.py
[2023-05-29T09:41:17.474+0000] {logging_mixin.py:149} INFO - [2023-05-29T09:41:17.474+0000] {dag.py:2726} INFO - Sync 1 DAGs
[2023-05-29T09:41:17.490+0000] {logging_mixin.py:149} INFO - [2023-05-29T09:41:17.490+0000] {dag.py:3490} INFO - Setting next_dagrun for example_branch_operator to 2023-05-28T00:00:00+00:00, run_after=2023-05-29T00:00:00+00:00
[2023-05-29T09:41:17.500+0000] {processor.py:179} INFO - Processing /home/airflow/.local/lib/python3.7/site-packages/airflow/example_dags/example_branch_operator.py took 0.055 seconds
[2023-05-29T09:41:47.955+0000] {processor.py:157} INFO - Started process (PID=1114) to work on /home/airflow/.local/lib/python3.7/site-packages/airflow/example_dags/example_branch_operator.py
[2023-05-29T09:41:47.956+0000] {processor.py:826} INFO - Processing file /home/airflow/.local/lib/python3.7/site-packages/airflow/example_dags/example_branch_operator.py for tasks to queue
[2023-05-29T09:41:47.957+0000] {logging_mixin.py:149} INFO - [2023-05-29T09:41:47.957+0000] {dagbag.py:541} INFO - Filling up the DagBag from /home/airflow/.local/lib/python3.7/site-packages/airflow/example_dags/example_branch_operator.py
[2023-05-29T09:41:47.965+0000] {processor.py:836} INFO - DAG(s) dict_keys(['example_branch_operator']) retrieved from /home/airflow/.local/lib/python3.7/site-packages/airflow/example_dags/example_branch_operator.py
[2023-05-29T09:41:47.991+0000] {logging_mixin.py:149} INFO - [2023-05-29T09:41:47.991+0000] {dag.py:2726} INFO - Sync 1 DAGs
[2023-05-29T09:41:48.010+0000] {logging_mixin.py:149} INFO - [2023-05-29T09:41:48.010+0000] {dag.py:3490} INFO - Setting next_dagrun for example_branch_operator to 2023-05-28T00:00:00+00:00, run_after=2023-05-29T00:00:00+00:00
[2023-05-29T09:41:48.023+0000] {processor.py:179} INFO - Processing /home/airflow/.local/lib/python3.7/site-packages/airflow/example_dags/example_branch_operator.py took 0.071 seconds
[2023-05-29T09:42:18.559+0000] {processor.py:157} INFO - Started process (PID=1171) to work on /home/airflow/.local/lib/python3.7/site-packages/airflow/example_dags/example_branch_operator.py
[2023-05-29T09:42:18.560+0000] {processor.py:826} INFO - Processing file /home/airflow/.local/lib/python3.7/site-packages/airflow/example_dags/example_branch_operator.py for tasks to queue
[2023-05-29T09:42:18.561+0000] {logging_mixin.py:149} INFO - [2023-05-29T09:42:18.561+0000] {dagbag.py:541} INFO - Filling up the DagBag from /home/airflow/.local/lib/python3.7/site-packages/airflow/example_dags/example_branch_operator.py
[2023-05-29T09:42:18.568+0000] {processor.py:836} INFO - DAG(s) dict_keys(['example_branch_operator']) retrieved from /home/airflow/.local/lib/python3.7/site-packages/airflow/example_dags/example_branch_operator.py
[2023-05-29T09:42:18.590+0000] {logging_mixin.py:149} INFO - [2023-05-29T09:42:18.590+0000] {dag.py:2726} INFO - Sync 1 DAGs
[2023-05-29T09:42:18.607+0000] {logging_mixin.py:149} INFO - [2023-05-29T09:42:18.607+0000] {dag.py:3490} INFO - Setting next_dagrun for example_branch_operator to 2023-05-28T00:00:00+00:00, run_after=2023-05-29T00:00:00+00:00
[2023-05-29T09:42:18.619+0000] {processor.py:179} INFO - Processing /home/airflow/.local/lib/python3.7/site-packages/airflow/example_dags/example_branch_operator.py took 0.063 seconds
[2023-05-29T09:42:49.304+0000] {processor.py:157} INFO - Started process (PID=1227) to work on /home/airflow/.local/lib/python3.7/site-packages/airflow/example_dags/example_branch_operator.py
[2023-05-29T09:42:49.306+0000] {processor.py:826} INFO - Processing file /home/airflow/.local/lib/python3.7/site-packages/airflow/example_dags/example_branch_operator.py for tasks to queue
[2023-05-29T09:42:49.307+0000] {logging_mixin.py:149} INFO - [2023-05-29T09:42:49.307+0000] {dagbag.py:541} INFO - Filling up the DagBag from /home/airflow/.local/lib/python3.7/site-packages/airflow/example_dags/example_branch_operator.py
[2023-05-29T09:42:49.318+0000] {processor.py:836} INFO - DAG(s) dict_keys(['example_branch_operator']) retrieved from /home/airflow/.local/lib/python3.7/site-packages/airflow/example_dags/example_branch_operator.py
[2023-05-29T09:42:49.350+0000] {logging_mixin.py:149} INFO - [2023-05-29T09:42:49.350+0000] {dag.py:2726} INFO - Sync 1 DAGs
[2023-05-29T09:42:49.375+0000] {logging_mixin.py:149} INFO - [2023-05-29T09:42:49.375+0000] {dag.py:3490} INFO - Setting next_dagrun for example_branch_operator to 2023-05-28T00:00:00+00:00, run_after=2023-05-29T00:00:00+00:00
[2023-05-29T09:42:49.402+0000] {processor.py:179} INFO - Processing /home/airflow/.local/lib/python3.7/site-packages/airflow/example_dags/example_branch_operator.py took 0.102 seconds
