[2023-05-29T09:32:11.245+0000] {processor.py:157} INFO - Started process (PID=61) to work on /home/airflow/.local/lib/python3.7/site-packages/airflow/example_dags/example_sensors.py
[2023-05-29T09:32:11.247+0000] {processor.py:826} INFO - Processing file /home/airflow/.local/lib/python3.7/site-packages/airflow/example_dags/example_sensors.py for tasks to queue
[2023-05-29T09:32:11.248+0000] {logging_mixin.py:149} INFO - [2023-05-29T09:32:11.248+0000] {dagbag.py:541} INFO - Filling up the DagBag from /home/airflow/.local/lib/python3.7/site-packages/airflow/example_dags/example_sensors.py
[2023-05-29T09:32:11.263+0000] {processor.py:836} INFO - DAG(s) dict_keys(['example_sensors']) retrieved from /home/airflow/.local/lib/python3.7/site-packages/airflow/example_dags/example_sensors.py
[2023-05-29T09:32:11.295+0000] {logging_mixin.py:149} INFO - [2023-05-29T09:32:11.295+0000] {dag.py:2726} INFO - Sync 1 DAGs
[2023-05-29T09:32:11.357+0000] {logging_mixin.py:149} INFO - [2023-05-29T09:32:11.357+0000] {dag.py:3490} INFO - Setting next_dagrun for example_sensors to None, run_after=None
[2023-05-29T09:32:11.389+0000] {processor.py:179} INFO - Processing /home/airflow/.local/lib/python3.7/site-packages/airflow/example_dags/example_sensors.py took 0.149 seconds
[2023-05-29T09:32:41.503+0000] {processor.py:157} INFO - Started process (PID=117) to work on /home/airflow/.local/lib/python3.7/site-packages/airflow/example_dags/example_sensors.py
[2023-05-29T09:32:41.505+0000] {processor.py:826} INFO - Processing file /home/airflow/.local/lib/python3.7/site-packages/airflow/example_dags/example_sensors.py for tasks to queue
[2023-05-29T09:32:41.506+0000] {logging_mixin.py:149} INFO - [2023-05-29T09:32:41.505+0000] {dagbag.py:541} INFO - Filling up the DagBag from /home/airflow/.local/lib/python3.7/site-packages/airflow/example_dags/example_sensors.py
[2023-05-29T09:32:41.513+0000] {processor.py:836} INFO - DAG(s) dict_keys(['example_sensors']) retrieved from /home/airflow/.local/lib/python3.7/site-packages/airflow/example_dags/example_sensors.py
[2023-05-29T09:32:41.534+0000] {logging_mixin.py:149} INFO - [2023-05-29T09:32:41.534+0000] {dag.py:2726} INFO - Sync 1 DAGs
[2023-05-29T09:32:41.549+0000] {logging_mixin.py:149} INFO - [2023-05-29T09:32:41.549+0000] {dag.py:3490} INFO - Setting next_dagrun for example_sensors to None, run_after=None
[2023-05-29T09:32:41.560+0000] {processor.py:179} INFO - Processing /home/airflow/.local/lib/python3.7/site-packages/airflow/example_dags/example_sensors.py took 0.059 seconds
[2023-05-29T09:33:11.774+0000] {processor.py:157} INFO - Started process (PID=173) to work on /home/airflow/.local/lib/python3.7/site-packages/airflow/example_dags/example_sensors.py
[2023-05-29T09:33:11.775+0000] {processor.py:826} INFO - Processing file /home/airflow/.local/lib/python3.7/site-packages/airflow/example_dags/example_sensors.py for tasks to queue
[2023-05-29T09:33:11.776+0000] {logging_mixin.py:149} INFO - [2023-05-29T09:33:11.776+0000] {dagbag.py:541} INFO - Filling up the DagBag from /home/airflow/.local/lib/python3.7/site-packages/airflow/example_dags/example_sensors.py
[2023-05-29T09:33:11.783+0000] {processor.py:836} INFO - DAG(s) dict_keys(['example_sensors']) retrieved from /home/airflow/.local/lib/python3.7/site-packages/airflow/example_dags/example_sensors.py
[2023-05-29T09:33:11.803+0000] {logging_mixin.py:149} INFO - [2023-05-29T09:33:11.803+0000] {dag.py:2726} INFO - Sync 1 DAGs
[2023-05-29T09:33:11.819+0000] {logging_mixin.py:149} INFO - [2023-05-29T09:33:11.818+0000] {dag.py:3490} INFO - Setting next_dagrun for example_sensors to None, run_after=None
[2023-05-29T09:33:11.830+0000] {processor.py:179} INFO - Processing /home/airflow/.local/lib/python3.7/site-packages/airflow/example_dags/example_sensors.py took 0.059 seconds
[2023-05-29T09:33:42.313+0000] {processor.py:157} INFO - Started process (PID=229) to work on /home/airflow/.local/lib/python3.7/site-packages/airflow/example_dags/example_sensors.py
[2023-05-29T09:33:42.315+0000] {processor.py:826} INFO - Processing file /home/airflow/.local/lib/python3.7/site-packages/airflow/example_dags/example_sensors.py for tasks to queue
[2023-05-29T09:33:42.316+0000] {logging_mixin.py:149} INFO - [2023-05-29T09:33:42.316+0000] {dagbag.py:541} INFO - Filling up the DagBag from /home/airflow/.local/lib/python3.7/site-packages/airflow/example_dags/example_sensors.py
[2023-05-29T09:33:42.323+0000] {processor.py:836} INFO - DAG(s) dict_keys(['example_sensors']) retrieved from /home/airflow/.local/lib/python3.7/site-packages/airflow/example_dags/example_sensors.py
[2023-05-29T09:33:42.344+0000] {logging_mixin.py:149} INFO - [2023-05-29T09:33:42.344+0000] {dag.py:2726} INFO - Sync 1 DAGs
[2023-05-29T09:33:42.364+0000] {logging_mixin.py:149} INFO - [2023-05-29T09:33:42.364+0000] {dag.py:3490} INFO - Setting next_dagrun for example_sensors to None, run_after=None
[2023-05-29T09:33:42.378+0000] {processor.py:179} INFO - Processing /home/airflow/.local/lib/python3.7/site-packages/airflow/example_dags/example_sensors.py took 0.067 seconds
[2023-05-29T09:34:12.827+0000] {processor.py:157} INFO - Started process (PID=285) to work on /home/airflow/.local/lib/python3.7/site-packages/airflow/example_dags/example_sensors.py
[2023-05-29T09:34:12.828+0000] {processor.py:826} INFO - Processing file /home/airflow/.local/lib/python3.7/site-packages/airflow/example_dags/example_sensors.py for tasks to queue
[2023-05-29T09:34:12.829+0000] {logging_mixin.py:149} INFO - [2023-05-29T09:34:12.829+0000] {dagbag.py:541} INFO - Filling up the DagBag from /home/airflow/.local/lib/python3.7/site-packages/airflow/example_dags/example_sensors.py
[2023-05-29T09:34:12.836+0000] {processor.py:836} INFO - DAG(s) dict_keys(['example_sensors']) retrieved from /home/airflow/.local/lib/python3.7/site-packages/airflow/example_dags/example_sensors.py
[2023-05-29T09:34:12.864+0000] {logging_mixin.py:149} INFO - [2023-05-29T09:34:12.864+0000] {dag.py:2726} INFO - Sync 1 DAGs
[2023-05-29T09:34:12.883+0000] {logging_mixin.py:149} INFO - [2023-05-29T09:34:12.883+0000] {dag.py:3490} INFO - Setting next_dagrun for example_sensors to None, run_after=None
[2023-05-29T09:34:12.895+0000] {processor.py:179} INFO - Processing /home/airflow/.local/lib/python3.7/site-packages/airflow/example_dags/example_sensors.py took 0.071 seconds
[2023-05-29T09:34:43.227+0000] {processor.py:157} INFO - Started process (PID=341) to work on /home/airflow/.local/lib/python3.7/site-packages/airflow/example_dags/example_sensors.py
[2023-05-29T09:34:43.229+0000] {processor.py:826} INFO - Processing file /home/airflow/.local/lib/python3.7/site-packages/airflow/example_dags/example_sensors.py for tasks to queue
[2023-05-29T09:34:43.230+0000] {logging_mixin.py:149} INFO - [2023-05-29T09:34:43.229+0000] {dagbag.py:541} INFO - Filling up the DagBag from /home/airflow/.local/lib/python3.7/site-packages/airflow/example_dags/example_sensors.py
[2023-05-29T09:34:43.237+0000] {processor.py:836} INFO - DAG(s) dict_keys(['example_sensors']) retrieved from /home/airflow/.local/lib/python3.7/site-packages/airflow/example_dags/example_sensors.py
[2023-05-29T09:34:43.258+0000] {logging_mixin.py:149} INFO - [2023-05-29T09:34:43.258+0000] {dag.py:2726} INFO - Sync 1 DAGs
[2023-05-29T09:34:43.274+0000] {logging_mixin.py:149} INFO - [2023-05-29T09:34:43.274+0000] {dag.py:3490} INFO - Setting next_dagrun for example_sensors to None, run_after=None
[2023-05-29T09:34:43.286+0000] {processor.py:179} INFO - Processing /home/airflow/.local/lib/python3.7/site-packages/airflow/example_dags/example_sensors.py took 0.061 seconds
[2023-05-29T09:35:13.392+0000] {processor.py:157} INFO - Started process (PID=396) to work on /home/airflow/.local/lib/python3.7/site-packages/airflow/example_dags/example_sensors.py
[2023-05-29T09:35:13.393+0000] {processor.py:826} INFO - Processing file /home/airflow/.local/lib/python3.7/site-packages/airflow/example_dags/example_sensors.py for tasks to queue
[2023-05-29T09:35:13.394+0000] {logging_mixin.py:149} INFO - [2023-05-29T09:35:13.394+0000] {dagbag.py:541} INFO - Filling up the DagBag from /home/airflow/.local/lib/python3.7/site-packages/airflow/example_dags/example_sensors.py
[2023-05-29T09:35:13.401+0000] {processor.py:836} INFO - DAG(s) dict_keys(['example_sensors']) retrieved from /home/airflow/.local/lib/python3.7/site-packages/airflow/example_dags/example_sensors.py
[2023-05-29T09:35:13.422+0000] {logging_mixin.py:149} INFO - [2023-05-29T09:35:13.421+0000] {dag.py:2726} INFO - Sync 1 DAGs
[2023-05-29T09:35:13.437+0000] {logging_mixin.py:149} INFO - [2023-05-29T09:35:13.437+0000] {dag.py:3490} INFO - Setting next_dagrun for example_sensors to None, run_after=None
[2023-05-29T09:35:13.449+0000] {processor.py:179} INFO - Processing /home/airflow/.local/lib/python3.7/site-packages/airflow/example_dags/example_sensors.py took 0.060 seconds
[2023-05-29T09:35:43.754+0000] {processor.py:157} INFO - Started process (PID=452) to work on /home/airflow/.local/lib/python3.7/site-packages/airflow/example_dags/example_sensors.py
[2023-05-29T09:35:43.756+0000] {processor.py:826} INFO - Processing file /home/airflow/.local/lib/python3.7/site-packages/airflow/example_dags/example_sensors.py for tasks to queue
[2023-05-29T09:35:43.756+0000] {logging_mixin.py:149} INFO - [2023-05-29T09:35:43.756+0000] {dagbag.py:541} INFO - Filling up the DagBag from /home/airflow/.local/lib/python3.7/site-packages/airflow/example_dags/example_sensors.py
[2023-05-29T09:35:43.764+0000] {processor.py:836} INFO - DAG(s) dict_keys(['example_sensors']) retrieved from /home/airflow/.local/lib/python3.7/site-packages/airflow/example_dags/example_sensors.py
[2023-05-29T09:35:43.785+0000] {logging_mixin.py:149} INFO - [2023-05-29T09:35:43.785+0000] {dag.py:2726} INFO - Sync 1 DAGs
[2023-05-29T09:35:43.800+0000] {logging_mixin.py:149} INFO - [2023-05-29T09:35:43.800+0000] {dag.py:3490} INFO - Setting next_dagrun for example_sensors to None, run_after=None
[2023-05-29T09:35:43.811+0000] {processor.py:179} INFO - Processing /home/airflow/.local/lib/python3.7/site-packages/airflow/example_dags/example_sensors.py took 0.059 seconds
[2023-05-29T09:36:14.106+0000] {processor.py:157} INFO - Started process (PID=508) to work on /home/airflow/.local/lib/python3.7/site-packages/airflow/example_dags/example_sensors.py
[2023-05-29T09:36:14.107+0000] {processor.py:826} INFO - Processing file /home/airflow/.local/lib/python3.7/site-packages/airflow/example_dags/example_sensors.py for tasks to queue
[2023-05-29T09:36:14.108+0000] {logging_mixin.py:149} INFO - [2023-05-29T09:36:14.108+0000] {dagbag.py:541} INFO - Filling up the DagBag from /home/airflow/.local/lib/python3.7/site-packages/airflow/example_dags/example_sensors.py
[2023-05-29T09:36:14.115+0000] {processor.py:836} INFO - DAG(s) dict_keys(['example_sensors']) retrieved from /home/airflow/.local/lib/python3.7/site-packages/airflow/example_dags/example_sensors.py
[2023-05-29T09:36:14.137+0000] {logging_mixin.py:149} INFO - [2023-05-29T09:36:14.137+0000] {dag.py:2726} INFO - Sync 1 DAGs
[2023-05-29T09:36:14.152+0000] {logging_mixin.py:149} INFO - [2023-05-29T09:36:14.151+0000] {dag.py:3490} INFO - Setting next_dagrun for example_sensors to None, run_after=None
[2023-05-29T09:36:14.162+0000] {processor.py:179} INFO - Processing /home/airflow/.local/lib/python3.7/site-packages/airflow/example_dags/example_sensors.py took 0.060 seconds
[2023-05-29T09:36:44.552+0000] {processor.py:157} INFO - Started process (PID=564) to work on /home/airflow/.local/lib/python3.7/site-packages/airflow/example_dags/example_sensors.py
[2023-05-29T09:36:44.553+0000] {processor.py:826} INFO - Processing file /home/airflow/.local/lib/python3.7/site-packages/airflow/example_dags/example_sensors.py for tasks to queue
[2023-05-29T09:36:44.554+0000] {logging_mixin.py:149} INFO - [2023-05-29T09:36:44.554+0000] {dagbag.py:541} INFO - Filling up the DagBag from /home/airflow/.local/lib/python3.7/site-packages/airflow/example_dags/example_sensors.py
[2023-05-29T09:36:44.561+0000] {processor.py:836} INFO - DAG(s) dict_keys(['example_sensors']) retrieved from /home/airflow/.local/lib/python3.7/site-packages/airflow/example_dags/example_sensors.py
[2023-05-29T09:36:44.581+0000] {logging_mixin.py:149} INFO - [2023-05-29T09:36:44.581+0000] {dag.py:2726} INFO - Sync 1 DAGs
[2023-05-29T09:36:44.597+0000] {logging_mixin.py:149} INFO - [2023-05-29T09:36:44.596+0000] {dag.py:3490} INFO - Setting next_dagrun for example_sensors to None, run_after=None
[2023-05-29T09:36:44.607+0000] {processor.py:179} INFO - Processing /home/airflow/.local/lib/python3.7/site-packages/airflow/example_dags/example_sensors.py took 0.058 seconds
[2023-05-29T09:37:14.937+0000] {processor.py:157} INFO - Started process (PID=620) to work on /home/airflow/.local/lib/python3.7/site-packages/airflow/example_dags/example_sensors.py
[2023-05-29T09:37:14.938+0000] {processor.py:826} INFO - Processing file /home/airflow/.local/lib/python3.7/site-packages/airflow/example_dags/example_sensors.py for tasks to queue
[2023-05-29T09:37:14.939+0000] {logging_mixin.py:149} INFO - [2023-05-29T09:37:14.939+0000] {dagbag.py:541} INFO - Filling up the DagBag from /home/airflow/.local/lib/python3.7/site-packages/airflow/example_dags/example_sensors.py
[2023-05-29T09:37:14.946+0000] {processor.py:836} INFO - DAG(s) dict_keys(['example_sensors']) retrieved from /home/airflow/.local/lib/python3.7/site-packages/airflow/example_dags/example_sensors.py
[2023-05-29T09:37:14.967+0000] {logging_mixin.py:149} INFO - [2023-05-29T09:37:14.966+0000] {dag.py:2726} INFO - Sync 1 DAGs
[2023-05-29T09:37:14.982+0000] {logging_mixin.py:149} INFO - [2023-05-29T09:37:14.982+0000] {dag.py:3490} INFO - Setting next_dagrun for example_sensors to None, run_after=None
[2023-05-29T09:37:14.993+0000] {processor.py:179} INFO - Processing /home/airflow/.local/lib/python3.7/site-packages/airflow/example_dags/example_sensors.py took 0.059 seconds
[2023-05-29T09:37:45.231+0000] {processor.py:157} INFO - Started process (PID=676) to work on /home/airflow/.local/lib/python3.7/site-packages/airflow/example_dags/example_sensors.py
[2023-05-29T09:37:45.232+0000] {processor.py:826} INFO - Processing file /home/airflow/.local/lib/python3.7/site-packages/airflow/example_dags/example_sensors.py for tasks to queue
[2023-05-29T09:37:45.233+0000] {logging_mixin.py:149} INFO - [2023-05-29T09:37:45.233+0000] {dagbag.py:541} INFO - Filling up the DagBag from /home/airflow/.local/lib/python3.7/site-packages/airflow/example_dags/example_sensors.py
[2023-05-29T09:37:45.240+0000] {processor.py:836} INFO - DAG(s) dict_keys(['example_sensors']) retrieved from /home/airflow/.local/lib/python3.7/site-packages/airflow/example_dags/example_sensors.py
[2023-05-29T09:37:45.263+0000] {logging_mixin.py:149} INFO - [2023-05-29T09:37:45.263+0000] {dag.py:2726} INFO - Sync 1 DAGs
[2023-05-29T09:37:45.280+0000] {logging_mixin.py:149} INFO - [2023-05-29T09:37:45.280+0000] {dag.py:3490} INFO - Setting next_dagrun for example_sensors to None, run_after=None
[2023-05-29T09:37:45.292+0000] {processor.py:179} INFO - Processing /home/airflow/.local/lib/python3.7/site-packages/airflow/example_dags/example_sensors.py took 0.064 seconds
[2023-05-29T09:38:15.634+0000] {processor.py:157} INFO - Started process (PID=732) to work on /home/airflow/.local/lib/python3.7/site-packages/airflow/example_dags/example_sensors.py
[2023-05-29T09:38:15.636+0000] {processor.py:826} INFO - Processing file /home/airflow/.local/lib/python3.7/site-packages/airflow/example_dags/example_sensors.py for tasks to queue
[2023-05-29T09:38:15.637+0000] {logging_mixin.py:149} INFO - [2023-05-29T09:38:15.637+0000] {dagbag.py:541} INFO - Filling up the DagBag from /home/airflow/.local/lib/python3.7/site-packages/airflow/example_dags/example_sensors.py
[2023-05-29T09:38:15.646+0000] {processor.py:836} INFO - DAG(s) dict_keys(['example_sensors']) retrieved from /home/airflow/.local/lib/python3.7/site-packages/airflow/example_dags/example_sensors.py
[2023-05-29T09:38:15.677+0000] {logging_mixin.py:149} INFO - [2023-05-29T09:38:15.676+0000] {dag.py:2726} INFO - Sync 1 DAGs
[2023-05-29T09:38:15.698+0000] {logging_mixin.py:149} INFO - [2023-05-29T09:38:15.698+0000] {dag.py:3490} INFO - Setting next_dagrun for example_sensors to None, run_after=None
[2023-05-29T09:38:15.712+0000] {processor.py:179} INFO - Processing /home/airflow/.local/lib/python3.7/site-packages/airflow/example_dags/example_sensors.py took 0.081 seconds
[2023-05-29T09:38:46.035+0000] {processor.py:157} INFO - Started process (PID=788) to work on /home/airflow/.local/lib/python3.7/site-packages/airflow/example_dags/example_sensors.py
[2023-05-29T09:38:46.036+0000] {processor.py:826} INFO - Processing file /home/airflow/.local/lib/python3.7/site-packages/airflow/example_dags/example_sensors.py for tasks to queue
[2023-05-29T09:38:46.037+0000] {logging_mixin.py:149} INFO - [2023-05-29T09:38:46.037+0000] {dagbag.py:541} INFO - Filling up the DagBag from /home/airflow/.local/lib/python3.7/site-packages/airflow/example_dags/example_sensors.py
[2023-05-29T09:38:46.044+0000] {processor.py:836} INFO - DAG(s) dict_keys(['example_sensors']) retrieved from /home/airflow/.local/lib/python3.7/site-packages/airflow/example_dags/example_sensors.py
[2023-05-29T09:38:46.067+0000] {logging_mixin.py:149} INFO - [2023-05-29T09:38:46.067+0000] {dag.py:2726} INFO - Sync 1 DAGs
[2023-05-29T09:38:46.086+0000] {logging_mixin.py:149} INFO - [2023-05-29T09:38:46.086+0000] {dag.py:3490} INFO - Setting next_dagrun for example_sensors to None, run_after=None
[2023-05-29T09:38:46.099+0000] {processor.py:179} INFO - Processing /home/airflow/.local/lib/python3.7/site-packages/airflow/example_dags/example_sensors.py took 0.067 seconds
[2023-05-29T09:39:16.227+0000] {processor.py:157} INFO - Started process (PID=845) to work on /home/airflow/.local/lib/python3.7/site-packages/airflow/example_dags/example_sensors.py
[2023-05-29T09:39:16.228+0000] {processor.py:826} INFO - Processing file /home/airflow/.local/lib/python3.7/site-packages/airflow/example_dags/example_sensors.py for tasks to queue
[2023-05-29T09:39:16.229+0000] {logging_mixin.py:149} INFO - [2023-05-29T09:39:16.229+0000] {dagbag.py:541} INFO - Filling up the DagBag from /home/airflow/.local/lib/python3.7/site-packages/airflow/example_dags/example_sensors.py
[2023-05-29T09:39:16.236+0000] {processor.py:836} INFO - DAG(s) dict_keys(['example_sensors']) retrieved from /home/airflow/.local/lib/python3.7/site-packages/airflow/example_dags/example_sensors.py
[2023-05-29T09:39:16.257+0000] {logging_mixin.py:149} INFO - [2023-05-29T09:39:16.257+0000] {dag.py:2726} INFO - Sync 1 DAGs
[2023-05-29T09:39:16.273+0000] {logging_mixin.py:149} INFO - [2023-05-29T09:39:16.273+0000] {dag.py:3490} INFO - Setting next_dagrun for example_sensors to None, run_after=None
[2023-05-29T09:39:16.285+0000] {processor.py:179} INFO - Processing /home/airflow/.local/lib/python3.7/site-packages/airflow/example_dags/example_sensors.py took 0.060 seconds
[2023-05-29T09:39:46.884+0000] {processor.py:157} INFO - Started process (PID=901) to work on /home/airflow/.local/lib/python3.7/site-packages/airflow/example_dags/example_sensors.py
[2023-05-29T09:39:46.886+0000] {processor.py:826} INFO - Processing file /home/airflow/.local/lib/python3.7/site-packages/airflow/example_dags/example_sensors.py for tasks to queue
[2023-05-29T09:39:46.886+0000] {logging_mixin.py:149} INFO - [2023-05-29T09:39:46.886+0000] {dagbag.py:541} INFO - Filling up the DagBag from /home/airflow/.local/lib/python3.7/site-packages/airflow/example_dags/example_sensors.py
[2023-05-29T09:39:46.894+0000] {processor.py:836} INFO - DAG(s) dict_keys(['example_sensors']) retrieved from /home/airflow/.local/lib/python3.7/site-packages/airflow/example_dags/example_sensors.py
[2023-05-29T09:39:46.915+0000] {logging_mixin.py:149} INFO - [2023-05-29T09:39:46.915+0000] {dag.py:2726} INFO - Sync 1 DAGs
[2023-05-29T09:39:46.930+0000] {logging_mixin.py:149} INFO - [2023-05-29T09:39:46.930+0000] {dag.py:3490} INFO - Setting next_dagrun for example_sensors to None, run_after=None
[2023-05-29T09:39:46.941+0000] {processor.py:179} INFO - Processing /home/airflow/.local/lib/python3.7/site-packages/airflow/example_dags/example_sensors.py took 0.060 seconds
[2023-05-29T09:40:17.148+0000] {processor.py:157} INFO - Started process (PID=957) to work on /home/airflow/.local/lib/python3.7/site-packages/airflow/example_dags/example_sensors.py
[2023-05-29T09:40:17.150+0000] {processor.py:826} INFO - Processing file /home/airflow/.local/lib/python3.7/site-packages/airflow/example_dags/example_sensors.py for tasks to queue
[2023-05-29T09:40:17.150+0000] {logging_mixin.py:149} INFO - [2023-05-29T09:40:17.150+0000] {dagbag.py:541} INFO - Filling up the DagBag from /home/airflow/.local/lib/python3.7/site-packages/airflow/example_dags/example_sensors.py
[2023-05-29T09:40:17.157+0000] {processor.py:836} INFO - DAG(s) dict_keys(['example_sensors']) retrieved from /home/airflow/.local/lib/python3.7/site-packages/airflow/example_dags/example_sensors.py
[2023-05-29T09:40:17.178+0000] {logging_mixin.py:149} INFO - [2023-05-29T09:40:17.178+0000] {dag.py:2726} INFO - Sync 1 DAGs
[2023-05-29T09:40:17.194+0000] {logging_mixin.py:149} INFO - [2023-05-29T09:40:17.194+0000] {dag.py:3490} INFO - Setting next_dagrun for example_sensors to None, run_after=None
[2023-05-29T09:40:17.206+0000] {processor.py:179} INFO - Processing /home/airflow/.local/lib/python3.7/site-packages/airflow/example_dags/example_sensors.py took 0.061 seconds
[2023-05-29T09:40:47.576+0000] {processor.py:157} INFO - Started process (PID=1013) to work on /home/airflow/.local/lib/python3.7/site-packages/airflow/example_dags/example_sensors.py
[2023-05-29T09:40:47.577+0000] {processor.py:826} INFO - Processing file /home/airflow/.local/lib/python3.7/site-packages/airflow/example_dags/example_sensors.py for tasks to queue
[2023-05-29T09:40:47.578+0000] {logging_mixin.py:149} INFO - [2023-05-29T09:40:47.578+0000] {dagbag.py:541} INFO - Filling up the DagBag from /home/airflow/.local/lib/python3.7/site-packages/airflow/example_dags/example_sensors.py
[2023-05-29T09:40:47.589+0000] {processor.py:836} INFO - DAG(s) dict_keys(['example_sensors']) retrieved from /home/airflow/.local/lib/python3.7/site-packages/airflow/example_dags/example_sensors.py
[2023-05-29T09:40:47.615+0000] {logging_mixin.py:149} INFO - [2023-05-29T09:40:47.615+0000] {dag.py:2726} INFO - Sync 1 DAGs
[2023-05-29T09:40:47.636+0000] {logging_mixin.py:149} INFO - [2023-05-29T09:40:47.635+0000] {dag.py:3490} INFO - Setting next_dagrun for example_sensors to None, run_after=None
[2023-05-29T09:40:47.650+0000] {processor.py:179} INFO - Processing /home/airflow/.local/lib/python3.7/site-packages/airflow/example_dags/example_sensors.py took 0.077 seconds
[2023-05-29T09:41:17.960+0000] {processor.py:157} INFO - Started process (PID=1069) to work on /home/airflow/.local/lib/python3.7/site-packages/airflow/example_dags/example_sensors.py
[2023-05-29T09:41:17.961+0000] {processor.py:826} INFO - Processing file /home/airflow/.local/lib/python3.7/site-packages/airflow/example_dags/example_sensors.py for tasks to queue
[2023-05-29T09:41:17.962+0000] {logging_mixin.py:149} INFO - [2023-05-29T09:41:17.962+0000] {dagbag.py:541} INFO - Filling up the DagBag from /home/airflow/.local/lib/python3.7/site-packages/airflow/example_dags/example_sensors.py
[2023-05-29T09:41:17.971+0000] {processor.py:836} INFO - DAG(s) dict_keys(['example_sensors']) retrieved from /home/airflow/.local/lib/python3.7/site-packages/airflow/example_dags/example_sensors.py
[2023-05-29T09:41:17.998+0000] {logging_mixin.py:149} INFO - [2023-05-29T09:41:17.997+0000] {dag.py:2726} INFO - Sync 1 DAGs
[2023-05-29T09:41:18.021+0000] {logging_mixin.py:149} INFO - [2023-05-29T09:41:18.021+0000] {dag.py:3490} INFO - Setting next_dagrun for example_sensors to None, run_after=None
[2023-05-29T09:41:18.041+0000] {processor.py:179} INFO - Processing /home/airflow/.local/lib/python3.7/site-packages/airflow/example_dags/example_sensors.py took 0.085 seconds
[2023-05-29T09:41:48.590+0000] {processor.py:157} INFO - Started process (PID=1125) to work on /home/airflow/.local/lib/python3.7/site-packages/airflow/example_dags/example_sensors.py
[2023-05-29T09:41:48.591+0000] {processor.py:826} INFO - Processing file /home/airflow/.local/lib/python3.7/site-packages/airflow/example_dags/example_sensors.py for tasks to queue
[2023-05-29T09:41:48.592+0000] {logging_mixin.py:149} INFO - [2023-05-29T09:41:48.592+0000] {dagbag.py:541} INFO - Filling up the DagBag from /home/airflow/.local/lib/python3.7/site-packages/airflow/example_dags/example_sensors.py
[2023-05-29T09:41:48.599+0000] {processor.py:836} INFO - DAG(s) dict_keys(['example_sensors']) retrieved from /home/airflow/.local/lib/python3.7/site-packages/airflow/example_dags/example_sensors.py
[2023-05-29T09:41:48.621+0000] {logging_mixin.py:149} INFO - [2023-05-29T09:41:48.621+0000] {dag.py:2726} INFO - Sync 1 DAGs
[2023-05-29T09:41:48.637+0000] {logging_mixin.py:149} INFO - [2023-05-29T09:41:48.637+0000] {dag.py:3490} INFO - Setting next_dagrun for example_sensors to None, run_after=None
[2023-05-29T09:41:48.648+0000] {processor.py:179} INFO - Processing /home/airflow/.local/lib/python3.7/site-packages/airflow/example_dags/example_sensors.py took 0.062 seconds
[2023-05-29T09:42:19.034+0000] {processor.py:157} INFO - Started process (PID=1182) to work on /home/airflow/.local/lib/python3.7/site-packages/airflow/example_dags/example_sensors.py
[2023-05-29T09:42:19.035+0000] {processor.py:826} INFO - Processing file /home/airflow/.local/lib/python3.7/site-packages/airflow/example_dags/example_sensors.py for tasks to queue
[2023-05-29T09:42:19.036+0000] {logging_mixin.py:149} INFO - [2023-05-29T09:42:19.036+0000] {dagbag.py:541} INFO - Filling up the DagBag from /home/airflow/.local/lib/python3.7/site-packages/airflow/example_dags/example_sensors.py
[2023-05-29T09:42:19.043+0000] {processor.py:836} INFO - DAG(s) dict_keys(['example_sensors']) retrieved from /home/airflow/.local/lib/python3.7/site-packages/airflow/example_dags/example_sensors.py
[2023-05-29T09:42:19.064+0000] {logging_mixin.py:149} INFO - [2023-05-29T09:42:19.064+0000] {dag.py:2726} INFO - Sync 1 DAGs
[2023-05-29T09:42:19.081+0000] {logging_mixin.py:149} INFO - [2023-05-29T09:42:19.081+0000] {dag.py:3490} INFO - Setting next_dagrun for example_sensors to None, run_after=None
[2023-05-29T09:42:19.094+0000] {processor.py:179} INFO - Processing /home/airflow/.local/lib/python3.7/site-packages/airflow/example_dags/example_sensors.py took 0.062 seconds
