[2023-05-29T09:32:10.080+0000] {processor.py:157} INFO - Started process (PID=47) to work on /home/airflow/.local/lib/python3.7/site-packages/airflow/example_dags/example_xcomargs.py
[2023-05-29T09:32:10.082+0000] {processor.py:826} INFO - Processing file /home/airflow/.local/lib/python3.7/site-packages/airflow/example_dags/example_xcomargs.py for tasks to queue
[2023-05-29T09:32:10.085+0000] {logging_mixin.py:149} INFO - [2023-05-29T09:32:10.084+0000] {dagbag.py:541} INFO - Filling up the DagBag from /home/airflow/.local/lib/python3.7/site-packages/airflow/example_dags/example_xcomargs.py
[2023-05-29T09:32:10.095+0000] {processor.py:836} INFO - DAG(s) dict_keys(['example_xcom_args', 'example_xcom_args_with_operators']) retrieved from /home/airflow/.local/lib/python3.7/site-packages/airflow/example_dags/example_xcomargs.py
[2023-05-29T09:32:10.121+0000] {logging_mixin.py:149} INFO - [2023-05-29T09:32:10.121+0000] {dag.py:2726} INFO - Sync 2 DAGs
[2023-05-29T09:32:10.177+0000] {logging_mixin.py:149} INFO - [2023-05-29T09:32:10.177+0000] {dag.py:3490} INFO - Setting next_dagrun for example_xcom_args to None, run_after=None
[2023-05-29T09:32:10.181+0000] {logging_mixin.py:149} INFO - [2023-05-29T09:32:10.181+0000] {dag.py:3490} INFO - Setting next_dagrun for example_xcom_args_with_operators to None, run_after=None
[2023-05-29T09:32:10.207+0000] {processor.py:179} INFO - Processing /home/airflow/.local/lib/python3.7/site-packages/airflow/example_dags/example_xcomargs.py took 0.130 seconds
[2023-05-29T09:32:40.841+0000] {processor.py:157} INFO - Started process (PID=103) to work on /home/airflow/.local/lib/python3.7/site-packages/airflow/example_dags/example_xcomargs.py
[2023-05-29T09:32:40.842+0000] {processor.py:826} INFO - Processing file /home/airflow/.local/lib/python3.7/site-packages/airflow/example_dags/example_xcomargs.py for tasks to queue
[2023-05-29T09:32:40.843+0000] {logging_mixin.py:149} INFO - [2023-05-29T09:32:40.842+0000] {dagbag.py:541} INFO - Filling up the DagBag from /home/airflow/.local/lib/python3.7/site-packages/airflow/example_dags/example_xcomargs.py
[2023-05-29T09:32:40.848+0000] {processor.py:836} INFO - DAG(s) dict_keys(['example_xcom_args_with_operators', 'example_xcom_args']) retrieved from /home/airflow/.local/lib/python3.7/site-packages/airflow/example_dags/example_xcomargs.py
[2023-05-29T09:32:40.868+0000] {logging_mixin.py:149} INFO - [2023-05-29T09:32:40.868+0000] {dag.py:2726} INFO - Sync 2 DAGs
[2023-05-29T09:32:40.885+0000] {logging_mixin.py:149} INFO - [2023-05-29T09:32:40.885+0000] {dag.py:3490} INFO - Setting next_dagrun for example_xcom_args to None, run_after=None
[2023-05-29T09:32:40.888+0000] {logging_mixin.py:149} INFO - [2023-05-29T09:32:40.888+0000] {dag.py:3490} INFO - Setting next_dagrun for example_xcom_args_with_operators to None, run_after=None
[2023-05-29T09:32:40.898+0000] {processor.py:179} INFO - Processing /home/airflow/.local/lib/python3.7/site-packages/airflow/example_dags/example_xcomargs.py took 0.060 seconds
[2023-05-29T09:33:11.185+0000] {processor.py:157} INFO - Started process (PID=159) to work on /home/airflow/.local/lib/python3.7/site-packages/airflow/example_dags/example_xcomargs.py
[2023-05-29T09:33:11.186+0000] {processor.py:826} INFO - Processing file /home/airflow/.local/lib/python3.7/site-packages/airflow/example_dags/example_xcomargs.py for tasks to queue
[2023-05-29T09:33:11.187+0000] {logging_mixin.py:149} INFO - [2023-05-29T09:33:11.187+0000] {dagbag.py:541} INFO - Filling up the DagBag from /home/airflow/.local/lib/python3.7/site-packages/airflow/example_dags/example_xcomargs.py
[2023-05-29T09:33:11.193+0000] {processor.py:836} INFO - DAG(s) dict_keys(['example_xcom_args', 'example_xcom_args_with_operators']) retrieved from /home/airflow/.local/lib/python3.7/site-packages/airflow/example_dags/example_xcomargs.py
[2023-05-29T09:33:11.213+0000] {logging_mixin.py:149} INFO - [2023-05-29T09:33:11.213+0000] {dag.py:2726} INFO - Sync 2 DAGs
[2023-05-29T09:33:11.230+0000] {logging_mixin.py:149} INFO - [2023-05-29T09:33:11.229+0000] {dag.py:3490} INFO - Setting next_dagrun for example_xcom_args to None, run_after=None
[2023-05-29T09:33:11.233+0000] {logging_mixin.py:149} INFO - [2023-05-29T09:33:11.233+0000] {dag.py:3490} INFO - Setting next_dagrun for example_xcom_args_with_operators to None, run_after=None
[2023-05-29T09:33:11.242+0000] {processor.py:179} INFO - Processing /home/airflow/.local/lib/python3.7/site-packages/airflow/example_dags/example_xcomargs.py took 0.060 seconds
[2023-05-29T09:33:41.633+0000] {processor.py:157} INFO - Started process (PID=215) to work on /home/airflow/.local/lib/python3.7/site-packages/airflow/example_dags/example_xcomargs.py
[2023-05-29T09:33:41.635+0000] {processor.py:826} INFO - Processing file /home/airflow/.local/lib/python3.7/site-packages/airflow/example_dags/example_xcomargs.py for tasks to queue
[2023-05-29T09:33:41.635+0000] {logging_mixin.py:149} INFO - [2023-05-29T09:33:41.635+0000] {dagbag.py:541} INFO - Filling up the DagBag from /home/airflow/.local/lib/python3.7/site-packages/airflow/example_dags/example_xcomargs.py
[2023-05-29T09:33:41.641+0000] {processor.py:836} INFO - DAG(s) dict_keys(['example_xcom_args', 'example_xcom_args_with_operators']) retrieved from /home/airflow/.local/lib/python3.7/site-packages/airflow/example_dags/example_xcomargs.py
[2023-05-29T09:33:41.663+0000] {logging_mixin.py:149} INFO - [2023-05-29T09:33:41.662+0000] {dag.py:2726} INFO - Sync 2 DAGs
[2023-05-29T09:33:41.681+0000] {logging_mixin.py:149} INFO - [2023-05-29T09:33:41.681+0000] {dag.py:3490} INFO - Setting next_dagrun for example_xcom_args to None, run_after=None
[2023-05-29T09:33:41.684+0000] {logging_mixin.py:149} INFO - [2023-05-29T09:33:41.684+0000] {dag.py:3490} INFO - Setting next_dagrun for example_xcom_args_with_operators to None, run_after=None
[2023-05-29T09:33:41.693+0000] {processor.py:179} INFO - Processing /home/airflow/.local/lib/python3.7/site-packages/airflow/example_dags/example_xcomargs.py took 0.063 seconds
[2023-05-29T09:34:12.116+0000] {processor.py:157} INFO - Started process (PID=271) to work on /home/airflow/.local/lib/python3.7/site-packages/airflow/example_dags/example_xcomargs.py
[2023-05-29T09:34:12.117+0000] {processor.py:826} INFO - Processing file /home/airflow/.local/lib/python3.7/site-packages/airflow/example_dags/example_xcomargs.py for tasks to queue
[2023-05-29T09:34:12.118+0000] {logging_mixin.py:149} INFO - [2023-05-29T09:34:12.118+0000] {dagbag.py:541} INFO - Filling up the DagBag from /home/airflow/.local/lib/python3.7/site-packages/airflow/example_dags/example_xcomargs.py
[2023-05-29T09:34:12.124+0000] {processor.py:836} INFO - DAG(s) dict_keys(['example_xcom_args', 'example_xcom_args_with_operators']) retrieved from /home/airflow/.local/lib/python3.7/site-packages/airflow/example_dags/example_xcomargs.py
[2023-05-29T09:34:12.146+0000] {logging_mixin.py:149} INFO - [2023-05-29T09:34:12.146+0000] {dag.py:2726} INFO - Sync 2 DAGs
[2023-05-29T09:34:12.164+0000] {logging_mixin.py:149} INFO - [2023-05-29T09:34:12.164+0000] {dag.py:3490} INFO - Setting next_dagrun for example_xcom_args to None, run_after=None
[2023-05-29T09:34:12.167+0000] {logging_mixin.py:149} INFO - [2023-05-29T09:34:12.167+0000] {dag.py:3490} INFO - Setting next_dagrun for example_xcom_args_with_operators to None, run_after=None
[2023-05-29T09:34:12.177+0000] {processor.py:179} INFO - Processing /home/airflow/.local/lib/python3.7/site-packages/airflow/example_dags/example_xcomargs.py took 0.064 seconds
[2023-05-29T09:34:42.540+0000] {processor.py:157} INFO - Started process (PID=327) to work on /home/airflow/.local/lib/python3.7/site-packages/airflow/example_dags/example_xcomargs.py
[2023-05-29T09:34:42.541+0000] {processor.py:826} INFO - Processing file /home/airflow/.local/lib/python3.7/site-packages/airflow/example_dags/example_xcomargs.py for tasks to queue
[2023-05-29T09:34:42.542+0000] {logging_mixin.py:149} INFO - [2023-05-29T09:34:42.542+0000] {dagbag.py:541} INFO - Filling up the DagBag from /home/airflow/.local/lib/python3.7/site-packages/airflow/example_dags/example_xcomargs.py
[2023-05-29T09:34:42.548+0000] {processor.py:836} INFO - DAG(s) dict_keys(['example_xcom_args', 'example_xcom_args_with_operators']) retrieved from /home/airflow/.local/lib/python3.7/site-packages/airflow/example_dags/example_xcomargs.py
[2023-05-29T09:34:42.569+0000] {logging_mixin.py:149} INFO - [2023-05-29T09:34:42.568+0000] {dag.py:2726} INFO - Sync 2 DAGs
[2023-05-29T09:34:42.584+0000] {logging_mixin.py:149} INFO - [2023-05-29T09:34:42.584+0000] {dag.py:3490} INFO - Setting next_dagrun for example_xcom_args to None, run_after=None
[2023-05-29T09:34:42.588+0000] {logging_mixin.py:149} INFO - [2023-05-29T09:34:42.588+0000] {dag.py:3490} INFO - Setting next_dagrun for example_xcom_args_with_operators to None, run_after=None
[2023-05-29T09:34:42.598+0000] {processor.py:179} INFO - Processing /home/airflow/.local/lib/python3.7/site-packages/airflow/example_dags/example_xcomargs.py took 0.061 seconds
[2023-05-29T09:35:12.799+0000] {processor.py:157} INFO - Started process (PID=382) to work on /home/airflow/.local/lib/python3.7/site-packages/airflow/example_dags/example_xcomargs.py
[2023-05-29T09:35:12.801+0000] {processor.py:826} INFO - Processing file /home/airflow/.local/lib/python3.7/site-packages/airflow/example_dags/example_xcomargs.py for tasks to queue
[2023-05-29T09:35:12.802+0000] {logging_mixin.py:149} INFO - [2023-05-29T09:35:12.801+0000] {dagbag.py:541} INFO - Filling up the DagBag from /home/airflow/.local/lib/python3.7/site-packages/airflow/example_dags/example_xcomargs.py
[2023-05-29T09:35:12.807+0000] {processor.py:836} INFO - DAG(s) dict_keys(['example_xcom_args', 'example_xcom_args_with_operators']) retrieved from /home/airflow/.local/lib/python3.7/site-packages/airflow/example_dags/example_xcomargs.py
[2023-05-29T09:35:12.828+0000] {logging_mixin.py:149} INFO - [2023-05-29T09:35:12.828+0000] {dag.py:2726} INFO - Sync 2 DAGs
[2023-05-29T09:35:12.845+0000] {logging_mixin.py:149} INFO - [2023-05-29T09:35:12.845+0000] {dag.py:3490} INFO - Setting next_dagrun for example_xcom_args to None, run_after=None
[2023-05-29T09:35:12.847+0000] {logging_mixin.py:149} INFO - [2023-05-29T09:35:12.847+0000] {dag.py:3490} INFO - Setting next_dagrun for example_xcom_args_with_operators to None, run_after=None
[2023-05-29T09:35:12.857+0000] {processor.py:179} INFO - Processing /home/airflow/.local/lib/python3.7/site-packages/airflow/example_dags/example_xcomargs.py took 0.060 seconds
[2023-05-29T09:35:43.106+0000] {processor.py:157} INFO - Started process (PID=438) to work on /home/airflow/.local/lib/python3.7/site-packages/airflow/example_dags/example_xcomargs.py
[2023-05-29T09:35:43.107+0000] {processor.py:826} INFO - Processing file /home/airflow/.local/lib/python3.7/site-packages/airflow/example_dags/example_xcomargs.py for tasks to queue
[2023-05-29T09:35:43.108+0000] {logging_mixin.py:149} INFO - [2023-05-29T09:35:43.108+0000] {dagbag.py:541} INFO - Filling up the DagBag from /home/airflow/.local/lib/python3.7/site-packages/airflow/example_dags/example_xcomargs.py
[2023-05-29T09:35:43.114+0000] {processor.py:836} INFO - DAG(s) dict_keys(['example_xcom_args', 'example_xcom_args_with_operators']) retrieved from /home/airflow/.local/lib/python3.7/site-packages/airflow/example_dags/example_xcomargs.py
[2023-05-29T09:35:43.135+0000] {logging_mixin.py:149} INFO - [2023-05-29T09:35:43.135+0000] {dag.py:2726} INFO - Sync 2 DAGs
[2023-05-29T09:35:43.151+0000] {logging_mixin.py:149} INFO - [2023-05-29T09:35:43.151+0000] {dag.py:3490} INFO - Setting next_dagrun for example_xcom_args to None, run_after=None
[2023-05-29T09:35:43.154+0000] {logging_mixin.py:149} INFO - [2023-05-29T09:35:43.154+0000] {dag.py:3490} INFO - Setting next_dagrun for example_xcom_args_with_operators to None, run_after=None
[2023-05-29T09:35:43.164+0000] {processor.py:179} INFO - Processing /home/airflow/.local/lib/python3.7/site-packages/airflow/example_dags/example_xcomargs.py took 0.060 seconds
[2023-05-29T09:36:13.445+0000] {processor.py:157} INFO - Started process (PID=494) to work on /home/airflow/.local/lib/python3.7/site-packages/airflow/example_dags/example_xcomargs.py
[2023-05-29T09:36:13.446+0000] {processor.py:826} INFO - Processing file /home/airflow/.local/lib/python3.7/site-packages/airflow/example_dags/example_xcomargs.py for tasks to queue
[2023-05-29T09:36:13.447+0000] {logging_mixin.py:149} INFO - [2023-05-29T09:36:13.447+0000] {dagbag.py:541} INFO - Filling up the DagBag from /home/airflow/.local/lib/python3.7/site-packages/airflow/example_dags/example_xcomargs.py
[2023-05-29T09:36:13.453+0000] {processor.py:836} INFO - DAG(s) dict_keys(['example_xcom_args_with_operators', 'example_xcom_args']) retrieved from /home/airflow/.local/lib/python3.7/site-packages/airflow/example_dags/example_xcomargs.py
[2023-05-29T09:36:13.473+0000] {logging_mixin.py:149} INFO - [2023-05-29T09:36:13.473+0000] {dag.py:2726} INFO - Sync 2 DAGs
[2023-05-29T09:36:13.490+0000] {logging_mixin.py:149} INFO - [2023-05-29T09:36:13.490+0000] {dag.py:3490} INFO - Setting next_dagrun for example_xcom_args to None, run_after=None
[2023-05-29T09:36:13.493+0000] {logging_mixin.py:149} INFO - [2023-05-29T09:36:13.493+0000] {dag.py:3490} INFO - Setting next_dagrun for example_xcom_args_with_operators to None, run_after=None
[2023-05-29T09:36:13.503+0000] {processor.py:179} INFO - Processing /home/airflow/.local/lib/python3.7/site-packages/airflow/example_dags/example_xcomargs.py took 0.061 seconds
[2023-05-29T09:36:43.932+0000] {processor.py:157} INFO - Started process (PID=550) to work on /home/airflow/.local/lib/python3.7/site-packages/airflow/example_dags/example_xcomargs.py
[2023-05-29T09:36:43.933+0000] {processor.py:826} INFO - Processing file /home/airflow/.local/lib/python3.7/site-packages/airflow/example_dags/example_xcomargs.py for tasks to queue
[2023-05-29T09:36:43.934+0000] {logging_mixin.py:149} INFO - [2023-05-29T09:36:43.934+0000] {dagbag.py:541} INFO - Filling up the DagBag from /home/airflow/.local/lib/python3.7/site-packages/airflow/example_dags/example_xcomargs.py
[2023-05-29T09:36:43.940+0000] {processor.py:836} INFO - DAG(s) dict_keys(['example_xcom_args_with_operators', 'example_xcom_args']) retrieved from /home/airflow/.local/lib/python3.7/site-packages/airflow/example_dags/example_xcomargs.py
[2023-05-29T09:36:43.961+0000] {logging_mixin.py:149} INFO - [2023-05-29T09:36:43.961+0000] {dag.py:2726} INFO - Sync 2 DAGs
[2023-05-29T09:36:43.978+0000] {logging_mixin.py:149} INFO - [2023-05-29T09:36:43.978+0000] {dag.py:3490} INFO - Setting next_dagrun for example_xcom_args to None, run_after=None
[2023-05-29T09:36:43.981+0000] {logging_mixin.py:149} INFO - [2023-05-29T09:36:43.980+0000] {dag.py:3490} INFO - Setting next_dagrun for example_xcom_args_with_operators to None, run_after=None
[2023-05-29T09:36:43.990+0000] {processor.py:179} INFO - Processing /home/airflow/.local/lib/python3.7/site-packages/airflow/example_dags/example_xcomargs.py took 0.061 seconds
[2023-05-29T09:37:14.176+0000] {processor.py:157} INFO - Started process (PID=606) to work on /home/airflow/.local/lib/python3.7/site-packages/airflow/example_dags/example_xcomargs.py
[2023-05-29T09:37:14.177+0000] {processor.py:826} INFO - Processing file /home/airflow/.local/lib/python3.7/site-packages/airflow/example_dags/example_xcomargs.py for tasks to queue
[2023-05-29T09:37:14.178+0000] {logging_mixin.py:149} INFO - [2023-05-29T09:37:14.178+0000] {dagbag.py:541} INFO - Filling up the DagBag from /home/airflow/.local/lib/python3.7/site-packages/airflow/example_dags/example_xcomargs.py
[2023-05-29T09:37:14.184+0000] {processor.py:836} INFO - DAG(s) dict_keys(['example_xcom_args_with_operators', 'example_xcom_args']) retrieved from /home/airflow/.local/lib/python3.7/site-packages/airflow/example_dags/example_xcomargs.py
[2023-05-29T09:37:14.205+0000] {logging_mixin.py:149} INFO - [2023-05-29T09:37:14.205+0000] {dag.py:2726} INFO - Sync 2 DAGs
[2023-05-29T09:37:14.223+0000] {logging_mixin.py:149} INFO - [2023-05-29T09:37:14.223+0000] {dag.py:3490} INFO - Setting next_dagrun for example_xcom_args to None, run_after=None
[2023-05-29T09:37:14.225+0000] {logging_mixin.py:149} INFO - [2023-05-29T09:37:14.225+0000] {dag.py:3490} INFO - Setting next_dagrun for example_xcom_args_with_operators to None, run_after=None
[2023-05-29T09:37:14.237+0000] {processor.py:179} INFO - Processing /home/airflow/.local/lib/python3.7/site-packages/airflow/example_dags/example_xcomargs.py took 0.065 seconds
[2023-05-29T09:37:44.578+0000] {processor.py:157} INFO - Started process (PID=662) to work on /home/airflow/.local/lib/python3.7/site-packages/airflow/example_dags/example_xcomargs.py
[2023-05-29T09:37:44.580+0000] {processor.py:826} INFO - Processing file /home/airflow/.local/lib/python3.7/site-packages/airflow/example_dags/example_xcomargs.py for tasks to queue
[2023-05-29T09:37:44.580+0000] {logging_mixin.py:149} INFO - [2023-05-29T09:37:44.580+0000] {dagbag.py:541} INFO - Filling up the DagBag from /home/airflow/.local/lib/python3.7/site-packages/airflow/example_dags/example_xcomargs.py
[2023-05-29T09:37:44.586+0000] {processor.py:836} INFO - DAG(s) dict_keys(['example_xcom_args_with_operators', 'example_xcom_args']) retrieved from /home/airflow/.local/lib/python3.7/site-packages/airflow/example_dags/example_xcomargs.py
[2023-05-29T09:37:44.607+0000] {logging_mixin.py:149} INFO - [2023-05-29T09:37:44.607+0000] {dag.py:2726} INFO - Sync 2 DAGs
[2023-05-29T09:37:44.623+0000] {logging_mixin.py:149} INFO - [2023-05-29T09:37:44.623+0000] {dag.py:3490} INFO - Setting next_dagrun for example_xcom_args to None, run_after=None
[2023-05-29T09:37:44.627+0000] {logging_mixin.py:149} INFO - [2023-05-29T09:37:44.627+0000] {dag.py:3490} INFO - Setting next_dagrun for example_xcom_args_with_operators to None, run_after=None
[2023-05-29T09:37:44.637+0000] {processor.py:179} INFO - Processing /home/airflow/.local/lib/python3.7/site-packages/airflow/example_dags/example_xcomargs.py took 0.062 seconds
[2023-05-29T09:38:14.915+0000] {processor.py:157} INFO - Started process (PID=718) to work on /home/airflow/.local/lib/python3.7/site-packages/airflow/example_dags/example_xcomargs.py
[2023-05-29T09:38:14.916+0000] {processor.py:826} INFO - Processing file /home/airflow/.local/lib/python3.7/site-packages/airflow/example_dags/example_xcomargs.py for tasks to queue
[2023-05-29T09:38:14.917+0000] {logging_mixin.py:149} INFO - [2023-05-29T09:38:14.917+0000] {dagbag.py:541} INFO - Filling up the DagBag from /home/airflow/.local/lib/python3.7/site-packages/airflow/example_dags/example_xcomargs.py
[2023-05-29T09:38:14.923+0000] {processor.py:836} INFO - DAG(s) dict_keys(['example_xcom_args', 'example_xcom_args_with_operators']) retrieved from /home/airflow/.local/lib/python3.7/site-packages/airflow/example_dags/example_xcomargs.py
[2023-05-29T09:38:14.943+0000] {logging_mixin.py:149} INFO - [2023-05-29T09:38:14.943+0000] {dag.py:2726} INFO - Sync 2 DAGs
[2023-05-29T09:38:14.960+0000] {logging_mixin.py:149} INFO - [2023-05-29T09:38:14.960+0000] {dag.py:3490} INFO - Setting next_dagrun for example_xcom_args to None, run_after=None
[2023-05-29T09:38:14.963+0000] {logging_mixin.py:149} INFO - [2023-05-29T09:38:14.963+0000] {dag.py:3490} INFO - Setting next_dagrun for example_xcom_args_with_operators to None, run_after=None
[2023-05-29T09:38:14.974+0000] {processor.py:179} INFO - Processing /home/airflow/.local/lib/python3.7/site-packages/airflow/example_dags/example_xcomargs.py took 0.062 seconds
[2023-05-29T09:38:45.363+0000] {processor.py:157} INFO - Started process (PID=774) to work on /home/airflow/.local/lib/python3.7/site-packages/airflow/example_dags/example_xcomargs.py
[2023-05-29T09:38:45.364+0000] {processor.py:826} INFO - Processing file /home/airflow/.local/lib/python3.7/site-packages/airflow/example_dags/example_xcomargs.py for tasks to queue
[2023-05-29T09:38:45.365+0000] {logging_mixin.py:149} INFO - [2023-05-29T09:38:45.365+0000] {dagbag.py:541} INFO - Filling up the DagBag from /home/airflow/.local/lib/python3.7/site-packages/airflow/example_dags/example_xcomargs.py
[2023-05-29T09:38:45.371+0000] {processor.py:836} INFO - DAG(s) dict_keys(['example_xcom_args', 'example_xcom_args_with_operators']) retrieved from /home/airflow/.local/lib/python3.7/site-packages/airflow/example_dags/example_xcomargs.py
[2023-05-29T09:38:45.393+0000] {logging_mixin.py:149} INFO - [2023-05-29T09:38:45.393+0000] {dag.py:2726} INFO - Sync 2 DAGs
[2023-05-29T09:38:45.409+0000] {logging_mixin.py:149} INFO - [2023-05-29T09:38:45.409+0000] {dag.py:3490} INFO - Setting next_dagrun for example_xcom_args to None, run_after=None
[2023-05-29T09:38:45.411+0000] {logging_mixin.py:149} INFO - [2023-05-29T09:38:45.411+0000] {dag.py:3490} INFO - Setting next_dagrun for example_xcom_args_with_operators to None, run_after=None
[2023-05-29T09:38:45.421+0000] {processor.py:179} INFO - Processing /home/airflow/.local/lib/python3.7/site-packages/airflow/example_dags/example_xcomargs.py took 0.061 seconds
[2023-05-29T09:39:15.632+0000] {processor.py:157} INFO - Started process (PID=831) to work on /home/airflow/.local/lib/python3.7/site-packages/airflow/example_dags/example_xcomargs.py
[2023-05-29T09:39:15.633+0000] {processor.py:826} INFO - Processing file /home/airflow/.local/lib/python3.7/site-packages/airflow/example_dags/example_xcomargs.py for tasks to queue
[2023-05-29T09:39:15.634+0000] {logging_mixin.py:149} INFO - [2023-05-29T09:39:15.634+0000] {dagbag.py:541} INFO - Filling up the DagBag from /home/airflow/.local/lib/python3.7/site-packages/airflow/example_dags/example_xcomargs.py
[2023-05-29T09:39:15.640+0000] {processor.py:836} INFO - DAG(s) dict_keys(['example_xcom_args_with_operators', 'example_xcom_args']) retrieved from /home/airflow/.local/lib/python3.7/site-packages/airflow/example_dags/example_xcomargs.py
[2023-05-29T09:39:15.661+0000] {logging_mixin.py:149} INFO - [2023-05-29T09:39:15.661+0000] {dag.py:2726} INFO - Sync 2 DAGs
[2023-05-29T09:39:15.678+0000] {logging_mixin.py:149} INFO - [2023-05-29T09:39:15.678+0000] {dag.py:3490} INFO - Setting next_dagrun for example_xcom_args to None, run_after=None
[2023-05-29T09:39:15.680+0000] {logging_mixin.py:149} INFO - [2023-05-29T09:39:15.680+0000] {dag.py:3490} INFO - Setting next_dagrun for example_xcom_args_with_operators to None, run_after=None
[2023-05-29T09:39:15.690+0000] {processor.py:179} INFO - Processing /home/airflow/.local/lib/python3.7/site-packages/airflow/example_dags/example_xcomargs.py took 0.061 seconds
[2023-05-29T09:39:46.149+0000] {processor.py:157} INFO - Started process (PID=887) to work on /home/airflow/.local/lib/python3.7/site-packages/airflow/example_dags/example_xcomargs.py
[2023-05-29T09:39:46.151+0000] {processor.py:826} INFO - Processing file /home/airflow/.local/lib/python3.7/site-packages/airflow/example_dags/example_xcomargs.py for tasks to queue
[2023-05-29T09:39:46.152+0000] {logging_mixin.py:149} INFO - [2023-05-29T09:39:46.151+0000] {dagbag.py:541} INFO - Filling up the DagBag from /home/airflow/.local/lib/python3.7/site-packages/airflow/example_dags/example_xcomargs.py
[2023-05-29T09:39:46.158+0000] {processor.py:836} INFO - DAG(s) dict_keys(['example_xcom_args', 'example_xcom_args_with_operators']) retrieved from /home/airflow/.local/lib/python3.7/site-packages/airflow/example_dags/example_xcomargs.py
[2023-05-29T09:39:46.184+0000] {logging_mixin.py:149} INFO - [2023-05-29T09:39:46.184+0000] {dag.py:2726} INFO - Sync 2 DAGs
[2023-05-29T09:39:46.207+0000] {logging_mixin.py:149} INFO - [2023-05-29T09:39:46.207+0000] {dag.py:3490} INFO - Setting next_dagrun for example_xcom_args to None, run_after=None
[2023-05-29T09:39:46.212+0000] {logging_mixin.py:149} INFO - [2023-05-29T09:39:46.212+0000] {dag.py:3490} INFO - Setting next_dagrun for example_xcom_args_with_operators to None, run_after=None
[2023-05-29T09:39:46.230+0000] {processor.py:179} INFO - Processing /home/airflow/.local/lib/python3.7/site-packages/airflow/example_dags/example_xcomargs.py took 0.084 seconds
[2023-05-29T09:40:16.516+0000] {processor.py:157} INFO - Started process (PID=943) to work on /home/airflow/.local/lib/python3.7/site-packages/airflow/example_dags/example_xcomargs.py
[2023-05-29T09:40:16.517+0000] {processor.py:826} INFO - Processing file /home/airflow/.local/lib/python3.7/site-packages/airflow/example_dags/example_xcomargs.py for tasks to queue
[2023-05-29T09:40:16.518+0000] {logging_mixin.py:149} INFO - [2023-05-29T09:40:16.518+0000] {dagbag.py:541} INFO - Filling up the DagBag from /home/airflow/.local/lib/python3.7/site-packages/airflow/example_dags/example_xcomargs.py
[2023-05-29T09:40:16.525+0000] {processor.py:836} INFO - DAG(s) dict_keys(['example_xcom_args', 'example_xcom_args_with_operators']) retrieved from /home/airflow/.local/lib/python3.7/site-packages/airflow/example_dags/example_xcomargs.py
[2023-05-29T09:40:16.546+0000] {logging_mixin.py:149} INFO - [2023-05-29T09:40:16.546+0000] {dag.py:2726} INFO - Sync 2 DAGs
[2023-05-29T09:40:16.564+0000] {logging_mixin.py:149} INFO - [2023-05-29T09:40:16.564+0000] {dag.py:3490} INFO - Setting next_dagrun for example_xcom_args to None, run_after=None
[2023-05-29T09:40:16.567+0000] {logging_mixin.py:149} INFO - [2023-05-29T09:40:16.567+0000] {dag.py:3490} INFO - Setting next_dagrun for example_xcom_args_with_operators to None, run_after=None
[2023-05-29T09:40:16.577+0000] {processor.py:179} INFO - Processing /home/airflow/.local/lib/python3.7/site-packages/airflow/example_dags/example_xcomargs.py took 0.063 seconds
[2023-05-29T09:40:46.867+0000] {processor.py:157} INFO - Started process (PID=999) to work on /home/airflow/.local/lib/python3.7/site-packages/airflow/example_dags/example_xcomargs.py
[2023-05-29T09:40:46.868+0000] {processor.py:826} INFO - Processing file /home/airflow/.local/lib/python3.7/site-packages/airflow/example_dags/example_xcomargs.py for tasks to queue
[2023-05-29T09:40:46.869+0000] {logging_mixin.py:149} INFO - [2023-05-29T09:40:46.869+0000] {dagbag.py:541} INFO - Filling up the DagBag from /home/airflow/.local/lib/python3.7/site-packages/airflow/example_dags/example_xcomargs.py
[2023-05-29T09:40:46.875+0000] {processor.py:836} INFO - DAG(s) dict_keys(['example_xcom_args_with_operators', 'example_xcom_args']) retrieved from /home/airflow/.local/lib/python3.7/site-packages/airflow/example_dags/example_xcomargs.py
[2023-05-29T09:40:46.898+0000] {logging_mixin.py:149} INFO - [2023-05-29T09:40:46.898+0000] {dag.py:2726} INFO - Sync 2 DAGs
[2023-05-29T09:40:46.914+0000] {logging_mixin.py:149} INFO - [2023-05-29T09:40:46.914+0000] {dag.py:3490} INFO - Setting next_dagrun for example_xcom_args to None, run_after=None
[2023-05-29T09:40:46.917+0000] {logging_mixin.py:149} INFO - [2023-05-29T09:40:46.917+0000] {dag.py:3490} INFO - Setting next_dagrun for example_xcom_args_with_operators to None, run_after=None
[2023-05-29T09:40:46.928+0000] {processor.py:179} INFO - Processing /home/airflow/.local/lib/python3.7/site-packages/airflow/example_dags/example_xcomargs.py took 0.065 seconds
[2023-05-29T09:41:17.293+0000] {processor.py:157} INFO - Started process (PID=1055) to work on /home/airflow/.local/lib/python3.7/site-packages/airflow/example_dags/example_xcomargs.py
[2023-05-29T09:41:17.294+0000] {processor.py:826} INFO - Processing file /home/airflow/.local/lib/python3.7/site-packages/airflow/example_dags/example_xcomargs.py for tasks to queue
[2023-05-29T09:41:17.294+0000] {logging_mixin.py:149} INFO - [2023-05-29T09:41:17.294+0000] {dagbag.py:541} INFO - Filling up the DagBag from /home/airflow/.local/lib/python3.7/site-packages/airflow/example_dags/example_xcomargs.py
[2023-05-29T09:41:17.300+0000] {processor.py:836} INFO - DAG(s) dict_keys(['example_xcom_args', 'example_xcom_args_with_operators']) retrieved from /home/airflow/.local/lib/python3.7/site-packages/airflow/example_dags/example_xcomargs.py
[2023-05-29T09:41:17.320+0000] {logging_mixin.py:149} INFO - [2023-05-29T09:41:17.320+0000] {dag.py:2726} INFO - Sync 2 DAGs
[2023-05-29T09:41:17.334+0000] {logging_mixin.py:149} INFO - [2023-05-29T09:41:17.334+0000] {dag.py:3490} INFO - Setting next_dagrun for example_xcom_args to None, run_after=None
[2023-05-29T09:41:17.337+0000] {logging_mixin.py:149} INFO - [2023-05-29T09:41:17.337+0000] {dag.py:3490} INFO - Setting next_dagrun for example_xcom_args_with_operators to None, run_after=None
[2023-05-29T09:41:17.346+0000] {processor.py:179} INFO - Processing /home/airflow/.local/lib/python3.7/site-packages/airflow/example_dags/example_xcomargs.py took 0.055 seconds
[2023-05-29T09:41:47.745+0000] {processor.py:157} INFO - Started process (PID=1111) to work on /home/airflow/.local/lib/python3.7/site-packages/airflow/example_dags/example_xcomargs.py
[2023-05-29T09:41:47.747+0000] {processor.py:826} INFO - Processing file /home/airflow/.local/lib/python3.7/site-packages/airflow/example_dags/example_xcomargs.py for tasks to queue
[2023-05-29T09:41:47.748+0000] {logging_mixin.py:149} INFO - [2023-05-29T09:41:47.748+0000] {dagbag.py:541} INFO - Filling up the DagBag from /home/airflow/.local/lib/python3.7/site-packages/airflow/example_dags/example_xcomargs.py
[2023-05-29T09:41:47.755+0000] {processor.py:836} INFO - DAG(s) dict_keys(['example_xcom_args', 'example_xcom_args_with_operators']) retrieved from /home/airflow/.local/lib/python3.7/site-packages/airflow/example_dags/example_xcomargs.py
[2023-05-29T09:41:47.786+0000] {logging_mixin.py:149} INFO - [2023-05-29T09:41:47.786+0000] {dag.py:2726} INFO - Sync 2 DAGs
[2023-05-29T09:41:47.817+0000] {logging_mixin.py:149} INFO - [2023-05-29T09:41:47.817+0000] {dag.py:3490} INFO - Setting next_dagrun for example_xcom_args to None, run_after=None
[2023-05-29T09:41:47.821+0000] {logging_mixin.py:149} INFO - [2023-05-29T09:41:47.821+0000] {dag.py:3490} INFO - Setting next_dagrun for example_xcom_args_with_operators to None, run_after=None
[2023-05-29T09:41:47.833+0000] {processor.py:179} INFO - Processing /home/airflow/.local/lib/python3.7/site-packages/airflow/example_dags/example_xcomargs.py took 0.091 seconds
[2023-05-29T09:42:18.394+0000] {processor.py:157} INFO - Started process (PID=1168) to work on /home/airflow/.local/lib/python3.7/site-packages/airflow/example_dags/example_xcomargs.py
[2023-05-29T09:42:18.395+0000] {processor.py:826} INFO - Processing file /home/airflow/.local/lib/python3.7/site-packages/airflow/example_dags/example_xcomargs.py for tasks to queue
[2023-05-29T09:42:18.396+0000] {logging_mixin.py:149} INFO - [2023-05-29T09:42:18.396+0000] {dagbag.py:541} INFO - Filling up the DagBag from /home/airflow/.local/lib/python3.7/site-packages/airflow/example_dags/example_xcomargs.py
[2023-05-29T09:42:18.403+0000] {processor.py:836} INFO - DAG(s) dict_keys(['example_xcom_args', 'example_xcom_args_with_operators']) retrieved from /home/airflow/.local/lib/python3.7/site-packages/airflow/example_dags/example_xcomargs.py
[2023-05-29T09:42:18.426+0000] {logging_mixin.py:149} INFO - [2023-05-29T09:42:18.426+0000] {dag.py:2726} INFO - Sync 2 DAGs
[2023-05-29T09:42:18.443+0000] {logging_mixin.py:149} INFO - [2023-05-29T09:42:18.443+0000] {dag.py:3490} INFO - Setting next_dagrun for example_xcom_args to None, run_after=None
[2023-05-29T09:42:18.446+0000] {logging_mixin.py:149} INFO - [2023-05-29T09:42:18.446+0000] {dag.py:3490} INFO - Setting next_dagrun for example_xcom_args_with_operators to None, run_after=None
[2023-05-29T09:42:18.466+0000] {processor.py:179} INFO - Processing /home/airflow/.local/lib/python3.7/site-packages/airflow/example_dags/example_xcomargs.py took 0.075 seconds
[2023-05-29T09:42:48.984+0000] {processor.py:157} INFO - Started process (PID=1224) to work on /home/airflow/.local/lib/python3.7/site-packages/airflow/example_dags/example_xcomargs.py
[2023-05-29T09:42:48.988+0000] {processor.py:826} INFO - Processing file /home/airflow/.local/lib/python3.7/site-packages/airflow/example_dags/example_xcomargs.py for tasks to queue
[2023-05-29T09:42:48.990+0000] {logging_mixin.py:149} INFO - [2023-05-29T09:42:48.990+0000] {dagbag.py:541} INFO - Filling up the DagBag from /home/airflow/.local/lib/python3.7/site-packages/airflow/example_dags/example_xcomargs.py
[2023-05-29T09:42:49.001+0000] {processor.py:836} INFO - DAG(s) dict_keys(['example_xcom_args', 'example_xcom_args_with_operators']) retrieved from /home/airflow/.local/lib/python3.7/site-packages/airflow/example_dags/example_xcomargs.py
[2023-05-29T09:42:49.046+0000] {logging_mixin.py:149} INFO - [2023-05-29T09:42:49.046+0000] {dag.py:2726} INFO - Sync 2 DAGs
[2023-05-29T09:42:49.073+0000] {logging_mixin.py:149} INFO - [2023-05-29T09:42:49.072+0000] {dag.py:3490} INFO - Setting next_dagrun for example_xcom_args to None, run_after=None
[2023-05-29T09:42:49.078+0000] {logging_mixin.py:149} INFO - [2023-05-29T09:42:49.078+0000] {dag.py:3490} INFO - Setting next_dagrun for example_xcom_args_with_operators to None, run_after=None
[2023-05-29T09:42:49.112+0000] {processor.py:179} INFO - Processing /home/airflow/.local/lib/python3.7/site-packages/airflow/example_dags/example_xcomargs.py took 0.135 seconds
