[2023-05-29T09:32:09.421+0000] {processor.py:157} INFO - Started process (PID=40) to work on /home/airflow/.local/lib/python3.7/site-packages/airflow/example_dags/example_datasets.py
[2023-05-29T09:32:09.426+0000] {processor.py:826} INFO - Processing file /home/airflow/.local/lib/python3.7/site-packages/airflow/example_dags/example_datasets.py for tasks to queue
[2023-05-29T09:32:09.428+0000] {logging_mixin.py:149} INFO - [2023-05-29T09:32:09.428+0000] {dagbag.py:541} INFO - Filling up the DagBag from /home/airflow/.local/lib/python3.7/site-packages/airflow/example_dags/example_datasets.py
[2023-05-29T09:32:09.444+0000] {processor.py:836} INFO - DAG(s) dict_keys(['dataset_produces_2', 'dataset_consumes_unknown_never_scheduled', 'dataset_produces_1', 'dataset_consumes_1', 'dataset_consumes_1_and_2', 'dataset_consumes_1_never_scheduled']) retrieved from /home/airflow/.local/lib/python3.7/site-packages/airflow/example_dags/example_datasets.py
[2023-05-29T09:32:09.507+0000] {logging_mixin.py:149} INFO - [2023-05-29T09:32:09.507+0000] {dag.py:2726} INFO - Sync 6 DAGs
[2023-05-29T09:32:09.549+0000] {logging_mixin.py:149} INFO - [2023-05-29T09:32:09.549+0000] {dag.py:3490} INFO - Setting next_dagrun for dataset_consumes_1 to None, run_after=None
[2023-05-29T09:32:09.553+0000] {logging_mixin.py:149} INFO - [2023-05-29T09:32:09.553+0000] {dag.py:3490} INFO - Setting next_dagrun for dataset_consumes_1_and_2 to None, run_after=None
[2023-05-29T09:32:09.555+0000] {logging_mixin.py:149} INFO - [2023-05-29T09:32:09.555+0000] {dag.py:3490} INFO - Setting next_dagrun for dataset_consumes_1_never_scheduled to None, run_after=None
[2023-05-29T09:32:09.557+0000] {logging_mixin.py:149} INFO - [2023-05-29T09:32:09.556+0000] {dag.py:3490} INFO - Setting next_dagrun for dataset_consumes_unknown_never_scheduled to None, run_after=None
[2023-05-29T09:32:09.560+0000] {logging_mixin.py:149} INFO - [2023-05-29T09:32:09.560+0000] {dag.py:3490} INFO - Setting next_dagrun for dataset_produces_1 to 2023-05-28T00:00:00+00:00, run_after=2023-05-29T00:00:00+00:00
[2023-05-29T09:32:09.562+0000] {logging_mixin.py:149} INFO - [2023-05-29T09:32:09.562+0000] {dag.py:3490} INFO - Setting next_dagrun for dataset_produces_2 to None, run_after=None
[2023-05-29T09:32:09.588+0000] {processor.py:179} INFO - Processing /home/airflow/.local/lib/python3.7/site-packages/airflow/example_dags/example_datasets.py took 0.171 seconds
[2023-05-29T09:32:40.568+0000] {processor.py:157} INFO - Started process (PID=96) to work on /home/airflow/.local/lib/python3.7/site-packages/airflow/example_dags/example_datasets.py
[2023-05-29T09:32:40.570+0000] {processor.py:826} INFO - Processing file /home/airflow/.local/lib/python3.7/site-packages/airflow/example_dags/example_datasets.py for tasks to queue
[2023-05-29T09:32:40.572+0000] {logging_mixin.py:149} INFO - [2023-05-29T09:32:40.572+0000] {dagbag.py:541} INFO - Filling up the DagBag from /home/airflow/.local/lib/python3.7/site-packages/airflow/example_dags/example_datasets.py
[2023-05-29T09:32:40.584+0000] {processor.py:836} INFO - DAG(s) dict_keys(['dataset_consumes_1_and_2', 'dataset_consumes_1_never_scheduled', 'dataset_produces_2', 'dataset_consumes_1', 'dataset_produces_1', 'dataset_consumes_unknown_never_scheduled']) retrieved from /home/airflow/.local/lib/python3.7/site-packages/airflow/example_dags/example_datasets.py
[2023-05-29T09:32:40.647+0000] {logging_mixin.py:149} INFO - [2023-05-29T09:32:40.647+0000] {dag.py:2726} INFO - Sync 6 DAGs
[2023-05-29T09:32:40.663+0000] {logging_mixin.py:149} INFO - [2023-05-29T09:32:40.663+0000] {dag.py:3490} INFO - Setting next_dagrun for dataset_consumes_1 to None, run_after=None
[2023-05-29T09:32:40.665+0000] {logging_mixin.py:149} INFO - [2023-05-29T09:32:40.665+0000] {dag.py:3490} INFO - Setting next_dagrun for dataset_consumes_1_and_2 to None, run_after=None
[2023-05-29T09:32:40.666+0000] {logging_mixin.py:149} INFO - [2023-05-29T09:32:40.666+0000] {dag.py:3490} INFO - Setting next_dagrun for dataset_consumes_1_never_scheduled to None, run_after=None
[2023-05-29T09:32:40.667+0000] {logging_mixin.py:149} INFO - [2023-05-29T09:32:40.667+0000] {dag.py:3490} INFO - Setting next_dagrun for dataset_consumes_unknown_never_scheduled to None, run_after=None
[2023-05-29T09:32:40.669+0000] {logging_mixin.py:149} INFO - [2023-05-29T09:32:40.669+0000] {dag.py:3490} INFO - Setting next_dagrun for dataset_produces_1 to 2023-05-28T00:00:00+00:00, run_after=2023-05-29T00:00:00+00:00
[2023-05-29T09:32:40.670+0000] {logging_mixin.py:149} INFO - [2023-05-29T09:32:40.670+0000] {dag.py:3490} INFO - Setting next_dagrun for dataset_produces_2 to None, run_after=None
[2023-05-29T09:32:40.691+0000] {processor.py:179} INFO - Processing /home/airflow/.local/lib/python3.7/site-packages/airflow/example_dags/example_datasets.py took 0.130 seconds
[2023-05-29T09:33:10.934+0000] {processor.py:157} INFO - Started process (PID=152) to work on /home/airflow/.local/lib/python3.7/site-packages/airflow/example_dags/example_datasets.py
[2023-05-29T09:33:10.936+0000] {processor.py:826} INFO - Processing file /home/airflow/.local/lib/python3.7/site-packages/airflow/example_dags/example_datasets.py for tasks to queue
[2023-05-29T09:33:10.937+0000] {logging_mixin.py:149} INFO - [2023-05-29T09:33:10.937+0000] {dagbag.py:541} INFO - Filling up the DagBag from /home/airflow/.local/lib/python3.7/site-packages/airflow/example_dags/example_datasets.py
[2023-05-29T09:33:10.948+0000] {processor.py:836} INFO - DAG(s) dict_keys(['dataset_produces_1', 'dataset_produces_2', 'dataset_consumes_1', 'dataset_consumes_1_and_2', 'dataset_consumes_unknown_never_scheduled', 'dataset_consumes_1_never_scheduled']) retrieved from /home/airflow/.local/lib/python3.7/site-packages/airflow/example_dags/example_datasets.py
[2023-05-29T09:33:10.980+0000] {logging_mixin.py:149} INFO - [2023-05-29T09:33:10.980+0000] {dag.py:2726} INFO - Sync 6 DAGs
[2023-05-29T09:33:10.996+0000] {logging_mixin.py:149} INFO - [2023-05-29T09:33:10.996+0000] {dag.py:3490} INFO - Setting next_dagrun for dataset_consumes_1 to None, run_after=None
[2023-05-29T09:33:10.998+0000] {logging_mixin.py:149} INFO - [2023-05-29T09:33:10.998+0000] {dag.py:3490} INFO - Setting next_dagrun for dataset_consumes_1_and_2 to None, run_after=None
[2023-05-29T09:33:11.000+0000] {logging_mixin.py:149} INFO - [2023-05-29T09:33:11.000+0000] {dag.py:3490} INFO - Setting next_dagrun for dataset_consumes_1_never_scheduled to None, run_after=None
[2023-05-29T09:33:11.001+0000] {logging_mixin.py:149} INFO - [2023-05-29T09:33:11.001+0000] {dag.py:3490} INFO - Setting next_dagrun for dataset_consumes_unknown_never_scheduled to None, run_after=None
[2023-05-29T09:33:11.003+0000] {logging_mixin.py:149} INFO - [2023-05-29T09:33:11.003+0000] {dag.py:3490} INFO - Setting next_dagrun for dataset_produces_1 to 2023-05-28T00:00:00+00:00, run_after=2023-05-29T00:00:00+00:00
[2023-05-29T09:33:11.004+0000] {logging_mixin.py:149} INFO - [2023-05-29T09:33:11.004+0000] {dag.py:3490} INFO - Setting next_dagrun for dataset_produces_2 to None, run_after=None
[2023-05-29T09:33:11.024+0000] {processor.py:179} INFO - Processing /home/airflow/.local/lib/python3.7/site-packages/airflow/example_dags/example_datasets.py took 0.096 seconds
[2023-05-29T09:33:41.325+0000] {processor.py:157} INFO - Started process (PID=208) to work on /home/airflow/.local/lib/python3.7/site-packages/airflow/example_dags/example_datasets.py
[2023-05-29T09:33:41.326+0000] {processor.py:826} INFO - Processing file /home/airflow/.local/lib/python3.7/site-packages/airflow/example_dags/example_datasets.py for tasks to queue
[2023-05-29T09:33:41.327+0000] {logging_mixin.py:149} INFO - [2023-05-29T09:33:41.327+0000] {dagbag.py:541} INFO - Filling up the DagBag from /home/airflow/.local/lib/python3.7/site-packages/airflow/example_dags/example_datasets.py
[2023-05-29T09:33:41.333+0000] {processor.py:836} INFO - DAG(s) dict_keys(['dataset_consumes_1', 'dataset_consumes_1_and_2', 'dataset_consumes_unknown_never_scheduled', 'dataset_produces_1', 'dataset_produces_2', 'dataset_consumes_1_never_scheduled']) retrieved from /home/airflow/.local/lib/python3.7/site-packages/airflow/example_dags/example_datasets.py
[2023-05-29T09:33:41.366+0000] {logging_mixin.py:149} INFO - [2023-05-29T09:33:41.366+0000] {dag.py:2726} INFO - Sync 6 DAGs
[2023-05-29T09:33:41.383+0000] {logging_mixin.py:149} INFO - [2023-05-29T09:33:41.383+0000] {dag.py:3490} INFO - Setting next_dagrun for dataset_consumes_1 to None, run_after=None
[2023-05-29T09:33:41.386+0000] {logging_mixin.py:149} INFO - [2023-05-29T09:33:41.386+0000] {dag.py:3490} INFO - Setting next_dagrun for dataset_consumes_1_and_2 to None, run_after=None
[2023-05-29T09:33:41.387+0000] {logging_mixin.py:149} INFO - [2023-05-29T09:33:41.387+0000] {dag.py:3490} INFO - Setting next_dagrun for dataset_consumes_1_never_scheduled to None, run_after=None
[2023-05-29T09:33:41.389+0000] {logging_mixin.py:149} INFO - [2023-05-29T09:33:41.389+0000] {dag.py:3490} INFO - Setting next_dagrun for dataset_consumes_unknown_never_scheduled to None, run_after=None
[2023-05-29T09:33:41.391+0000] {logging_mixin.py:149} INFO - [2023-05-29T09:33:41.391+0000] {dag.py:3490} INFO - Setting next_dagrun for dataset_produces_1 to 2023-05-28T00:00:00+00:00, run_after=2023-05-29T00:00:00+00:00
[2023-05-29T09:33:41.392+0000] {logging_mixin.py:149} INFO - [2023-05-29T09:33:41.392+0000] {dag.py:3490} INFO - Setting next_dagrun for dataset_produces_2 to None, run_after=None
[2023-05-29T09:33:41.414+0000] {processor.py:179} INFO - Processing /home/airflow/.local/lib/python3.7/site-packages/airflow/example_dags/example_datasets.py took 0.092 seconds
[2023-05-29T09:34:11.806+0000] {processor.py:157} INFO - Started process (PID=264) to work on /home/airflow/.local/lib/python3.7/site-packages/airflow/example_dags/example_datasets.py
[2023-05-29T09:34:11.807+0000] {processor.py:826} INFO - Processing file /home/airflow/.local/lib/python3.7/site-packages/airflow/example_dags/example_datasets.py for tasks to queue
[2023-05-29T09:34:11.808+0000] {logging_mixin.py:149} INFO - [2023-05-29T09:34:11.808+0000] {dagbag.py:541} INFO - Filling up the DagBag from /home/airflow/.local/lib/python3.7/site-packages/airflow/example_dags/example_datasets.py
[2023-05-29T09:34:11.816+0000] {processor.py:836} INFO - DAG(s) dict_keys(['dataset_consumes_unknown_never_scheduled', 'dataset_produces_1', 'dataset_consumes_1_never_scheduled', 'dataset_produces_2', 'dataset_consumes_1_and_2', 'dataset_consumes_1']) retrieved from /home/airflow/.local/lib/python3.7/site-packages/airflow/example_dags/example_datasets.py
[2023-05-29T09:34:11.847+0000] {logging_mixin.py:149} INFO - [2023-05-29T09:34:11.847+0000] {dag.py:2726} INFO - Sync 6 DAGs
[2023-05-29T09:34:11.867+0000] {logging_mixin.py:149} INFO - [2023-05-29T09:34:11.867+0000] {dag.py:3490} INFO - Setting next_dagrun for dataset_consumes_1 to None, run_after=None
[2023-05-29T09:34:11.869+0000] {logging_mixin.py:149} INFO - [2023-05-29T09:34:11.869+0000] {dag.py:3490} INFO - Setting next_dagrun for dataset_consumes_1_and_2 to None, run_after=None
[2023-05-29T09:34:11.870+0000] {logging_mixin.py:149} INFO - [2023-05-29T09:34:11.870+0000] {dag.py:3490} INFO - Setting next_dagrun for dataset_consumes_1_never_scheduled to None, run_after=None
[2023-05-29T09:34:11.871+0000] {logging_mixin.py:149} INFO - [2023-05-29T09:34:11.871+0000] {dag.py:3490} INFO - Setting next_dagrun for dataset_consumes_unknown_never_scheduled to None, run_after=None
[2023-05-29T09:34:11.873+0000] {logging_mixin.py:149} INFO - [2023-05-29T09:34:11.873+0000] {dag.py:3490} INFO - Setting next_dagrun for dataset_produces_1 to 2023-05-28T00:00:00+00:00, run_after=2023-05-29T00:00:00+00:00
[2023-05-29T09:34:11.874+0000] {logging_mixin.py:149} INFO - [2023-05-29T09:34:11.874+0000] {dag.py:3490} INFO - Setting next_dagrun for dataset_produces_2 to None, run_after=None
[2023-05-29T09:34:11.905+0000] {processor.py:179} INFO - Processing /home/airflow/.local/lib/python3.7/site-packages/airflow/example_dags/example_datasets.py took 0.102 seconds
[2023-05-29T09:34:42.268+0000] {processor.py:157} INFO - Started process (PID=320) to work on /home/airflow/.local/lib/python3.7/site-packages/airflow/example_dags/example_datasets.py
[2023-05-29T09:34:42.269+0000] {processor.py:826} INFO - Processing file /home/airflow/.local/lib/python3.7/site-packages/airflow/example_dags/example_datasets.py for tasks to queue
[2023-05-29T09:34:42.270+0000] {logging_mixin.py:149} INFO - [2023-05-29T09:34:42.270+0000] {dagbag.py:541} INFO - Filling up the DagBag from /home/airflow/.local/lib/python3.7/site-packages/airflow/example_dags/example_datasets.py
[2023-05-29T09:34:42.277+0000] {processor.py:836} INFO - DAG(s) dict_keys(['dataset_consumes_unknown_never_scheduled', 'dataset_consumes_1', 'dataset_produces_1', 'dataset_produces_2', 'dataset_consumes_1_and_2', 'dataset_consumes_1_never_scheduled']) retrieved from /home/airflow/.local/lib/python3.7/site-packages/airflow/example_dags/example_datasets.py
[2023-05-29T09:34:42.302+0000] {logging_mixin.py:149} INFO - [2023-05-29T09:34:42.302+0000] {dag.py:2726} INFO - Sync 6 DAGs
[2023-05-29T09:34:42.319+0000] {logging_mixin.py:149} INFO - [2023-05-29T09:34:42.319+0000] {dag.py:3490} INFO - Setting next_dagrun for dataset_consumes_1 to None, run_after=None
[2023-05-29T09:34:42.321+0000] {logging_mixin.py:149} INFO - [2023-05-29T09:34:42.321+0000] {dag.py:3490} INFO - Setting next_dagrun for dataset_consumes_1_and_2 to None, run_after=None
[2023-05-29T09:34:42.323+0000] {logging_mixin.py:149} INFO - [2023-05-29T09:34:42.323+0000] {dag.py:3490} INFO - Setting next_dagrun for dataset_consumes_1_never_scheduled to None, run_after=None
[2023-05-29T09:34:42.324+0000] {logging_mixin.py:149} INFO - [2023-05-29T09:34:42.324+0000] {dag.py:3490} INFO - Setting next_dagrun for dataset_consumes_unknown_never_scheduled to None, run_after=None
[2023-05-29T09:34:42.325+0000] {logging_mixin.py:149} INFO - [2023-05-29T09:34:42.325+0000] {dag.py:3490} INFO - Setting next_dagrun for dataset_produces_1 to 2023-05-28T00:00:00+00:00, run_after=2023-05-29T00:00:00+00:00
[2023-05-29T09:34:42.326+0000] {logging_mixin.py:149} INFO - [2023-05-29T09:34:42.326+0000] {dag.py:3490} INFO - Setting next_dagrun for dataset_produces_2 to None, run_after=None
[2023-05-29T09:34:42.345+0000] {processor.py:179} INFO - Processing /home/airflow/.local/lib/python3.7/site-packages/airflow/example_dags/example_datasets.py took 0.080 seconds
[2023-05-29T09:35:12.552+0000] {processor.py:157} INFO - Started process (PID=375) to work on /home/airflow/.local/lib/python3.7/site-packages/airflow/example_dags/example_datasets.py
[2023-05-29T09:35:12.553+0000] {processor.py:826} INFO - Processing file /home/airflow/.local/lib/python3.7/site-packages/airflow/example_dags/example_datasets.py for tasks to queue
[2023-05-29T09:35:12.554+0000] {logging_mixin.py:149} INFO - [2023-05-29T09:35:12.554+0000] {dagbag.py:541} INFO - Filling up the DagBag from /home/airflow/.local/lib/python3.7/site-packages/airflow/example_dags/example_datasets.py
[2023-05-29T09:35:12.561+0000] {processor.py:836} INFO - DAG(s) dict_keys(['dataset_produces_2', 'dataset_produces_1', 'dataset_consumes_1_never_scheduled', 'dataset_consumes_1_and_2', 'dataset_consumes_unknown_never_scheduled', 'dataset_consumes_1']) retrieved from /home/airflow/.local/lib/python3.7/site-packages/airflow/example_dags/example_datasets.py
[2023-05-29T09:35:12.587+0000] {logging_mixin.py:149} INFO - [2023-05-29T09:35:12.587+0000] {dag.py:2726} INFO - Sync 6 DAGs
[2023-05-29T09:35:12.604+0000] {logging_mixin.py:149} INFO - [2023-05-29T09:35:12.604+0000] {dag.py:3490} INFO - Setting next_dagrun for dataset_consumes_1 to None, run_after=None
[2023-05-29T09:35:12.606+0000] {logging_mixin.py:149} INFO - [2023-05-29T09:35:12.606+0000] {dag.py:3490} INFO - Setting next_dagrun for dataset_consumes_1_and_2 to None, run_after=None
[2023-05-29T09:35:12.607+0000] {logging_mixin.py:149} INFO - [2023-05-29T09:35:12.607+0000] {dag.py:3490} INFO - Setting next_dagrun for dataset_consumes_1_never_scheduled to None, run_after=None
[2023-05-29T09:35:12.608+0000] {logging_mixin.py:149} INFO - [2023-05-29T09:35:12.608+0000] {dag.py:3490} INFO - Setting next_dagrun for dataset_consumes_unknown_never_scheduled to None, run_after=None
[2023-05-29T09:35:12.611+0000] {logging_mixin.py:149} INFO - [2023-05-29T09:35:12.611+0000] {dag.py:3490} INFO - Setting next_dagrun for dataset_produces_1 to 2023-05-28T00:00:00+00:00, run_after=2023-05-29T00:00:00+00:00
[2023-05-29T09:35:12.612+0000] {logging_mixin.py:149} INFO - [2023-05-29T09:35:12.612+0000] {dag.py:3490} INFO - Setting next_dagrun for dataset_produces_2 to None, run_after=None
[2023-05-29T09:35:12.630+0000] {processor.py:179} INFO - Processing /home/airflow/.local/lib/python3.7/site-packages/airflow/example_dags/example_datasets.py took 0.081 seconds
[2023-05-29T09:35:42.755+0000] {processor.py:157} INFO - Started process (PID=431) to work on /home/airflow/.local/lib/python3.7/site-packages/airflow/example_dags/example_datasets.py
[2023-05-29T09:35:42.757+0000] {processor.py:826} INFO - Processing file /home/airflow/.local/lib/python3.7/site-packages/airflow/example_dags/example_datasets.py for tasks to queue
[2023-05-29T09:35:42.757+0000] {logging_mixin.py:149} INFO - [2023-05-29T09:35:42.757+0000] {dagbag.py:541} INFO - Filling up the DagBag from /home/airflow/.local/lib/python3.7/site-packages/airflow/example_dags/example_datasets.py
[2023-05-29T09:35:42.764+0000] {processor.py:836} INFO - DAG(s) dict_keys(['dataset_consumes_1_and_2', 'dataset_produces_1', 'dataset_consumes_1_never_scheduled', 'dataset_consumes_unknown_never_scheduled', 'dataset_produces_2', 'dataset_consumes_1']) retrieved from /home/airflow/.local/lib/python3.7/site-packages/airflow/example_dags/example_datasets.py
[2023-05-29T09:35:42.790+0000] {logging_mixin.py:149} INFO - [2023-05-29T09:35:42.790+0000] {dag.py:2726} INFO - Sync 6 DAGs
[2023-05-29T09:35:42.806+0000] {logging_mixin.py:149} INFO - [2023-05-29T09:35:42.806+0000] {dag.py:3490} INFO - Setting next_dagrun for dataset_consumes_1 to None, run_after=None
[2023-05-29T09:35:42.809+0000] {logging_mixin.py:149} INFO - [2023-05-29T09:35:42.809+0000] {dag.py:3490} INFO - Setting next_dagrun for dataset_consumes_1_and_2 to None, run_after=None
[2023-05-29T09:35:42.829+0000] {logging_mixin.py:149} INFO - [2023-05-29T09:35:42.828+0000] {dag.py:3490} INFO - Setting next_dagrun for dataset_consumes_1_never_scheduled to None, run_after=None
[2023-05-29T09:35:42.834+0000] {logging_mixin.py:149} INFO - [2023-05-29T09:35:42.833+0000] {dag.py:3490} INFO - Setting next_dagrun for dataset_consumes_unknown_never_scheduled to None, run_after=None
[2023-05-29T09:35:42.837+0000] {logging_mixin.py:149} INFO - [2023-05-29T09:35:42.837+0000] {dag.py:3490} INFO - Setting next_dagrun for dataset_produces_1 to 2023-05-28T00:00:00+00:00, run_after=2023-05-29T00:00:00+00:00
[2023-05-29T09:35:42.839+0000] {logging_mixin.py:149} INFO - [2023-05-29T09:35:42.839+0000] {dag.py:3490} INFO - Setting next_dagrun for dataset_produces_2 to None, run_after=None
[2023-05-29T09:35:42.858+0000] {processor.py:179} INFO - Processing /home/airflow/.local/lib/python3.7/site-packages/airflow/example_dags/example_datasets.py took 0.105 seconds
[2023-05-29T09:36:13.204+0000] {processor.py:157} INFO - Started process (PID=487) to work on /home/airflow/.local/lib/python3.7/site-packages/airflow/example_dags/example_datasets.py
[2023-05-29T09:36:13.206+0000] {processor.py:826} INFO - Processing file /home/airflow/.local/lib/python3.7/site-packages/airflow/example_dags/example_datasets.py for tasks to queue
[2023-05-29T09:36:13.206+0000] {logging_mixin.py:149} INFO - [2023-05-29T09:36:13.206+0000] {dagbag.py:541} INFO - Filling up the DagBag from /home/airflow/.local/lib/python3.7/site-packages/airflow/example_dags/example_datasets.py
[2023-05-29T09:36:13.213+0000] {processor.py:836} INFO - DAG(s) dict_keys(['dataset_produces_1', 'dataset_produces_2', 'dataset_consumes_1_never_scheduled', 'dataset_consumes_unknown_never_scheduled', 'dataset_consumes_1', 'dataset_consumes_1_and_2']) retrieved from /home/airflow/.local/lib/python3.7/site-packages/airflow/example_dags/example_datasets.py
[2023-05-29T09:36:13.239+0000] {logging_mixin.py:149} INFO - [2023-05-29T09:36:13.239+0000] {dag.py:2726} INFO - Sync 6 DAGs
[2023-05-29T09:36:13.254+0000] {logging_mixin.py:149} INFO - [2023-05-29T09:36:13.254+0000] {dag.py:3490} INFO - Setting next_dagrun for dataset_consumes_1 to None, run_after=None
[2023-05-29T09:36:13.257+0000] {logging_mixin.py:149} INFO - [2023-05-29T09:36:13.257+0000] {dag.py:3490} INFO - Setting next_dagrun for dataset_consumes_1_and_2 to None, run_after=None
[2023-05-29T09:36:13.258+0000] {logging_mixin.py:149} INFO - [2023-05-29T09:36:13.258+0000] {dag.py:3490} INFO - Setting next_dagrun for dataset_consumes_1_never_scheduled to None, run_after=None
[2023-05-29T09:36:13.259+0000] {logging_mixin.py:149} INFO - [2023-05-29T09:36:13.259+0000] {dag.py:3490} INFO - Setting next_dagrun for dataset_consumes_unknown_never_scheduled to None, run_after=None
[2023-05-29T09:36:13.261+0000] {logging_mixin.py:149} INFO - [2023-05-29T09:36:13.261+0000] {dag.py:3490} INFO - Setting next_dagrun for dataset_produces_1 to 2023-05-28T00:00:00+00:00, run_after=2023-05-29T00:00:00+00:00
[2023-05-29T09:36:13.262+0000] {logging_mixin.py:149} INFO - [2023-05-29T09:36:13.262+0000] {dag.py:3490} INFO - Setting next_dagrun for dataset_produces_2 to None, run_after=None
[2023-05-29T09:36:13.281+0000] {processor.py:179} INFO - Processing /home/airflow/.local/lib/python3.7/site-packages/airflow/example_dags/example_datasets.py took 0.079 seconds
[2023-05-29T09:36:43.686+0000] {processor.py:157} INFO - Started process (PID=543) to work on /home/airflow/.local/lib/python3.7/site-packages/airflow/example_dags/example_datasets.py
[2023-05-29T09:36:43.687+0000] {processor.py:826} INFO - Processing file /home/airflow/.local/lib/python3.7/site-packages/airflow/example_dags/example_datasets.py for tasks to queue
[2023-05-29T09:36:43.688+0000] {logging_mixin.py:149} INFO - [2023-05-29T09:36:43.688+0000] {dagbag.py:541} INFO - Filling up the DagBag from /home/airflow/.local/lib/python3.7/site-packages/airflow/example_dags/example_datasets.py
[2023-05-29T09:36:43.695+0000] {processor.py:836} INFO - DAG(s) dict_keys(['dataset_produces_2', 'dataset_consumes_1_and_2', 'dataset_consumes_1_never_scheduled', 'dataset_consumes_1', 'dataset_consumes_unknown_never_scheduled', 'dataset_produces_1']) retrieved from /home/airflow/.local/lib/python3.7/site-packages/airflow/example_dags/example_datasets.py
[2023-05-29T09:36:43.722+0000] {logging_mixin.py:149} INFO - [2023-05-29T09:36:43.722+0000] {dag.py:2726} INFO - Sync 6 DAGs
[2023-05-29T09:36:43.738+0000] {logging_mixin.py:149} INFO - [2023-05-29T09:36:43.738+0000] {dag.py:3490} INFO - Setting next_dagrun for dataset_consumes_1 to None, run_after=None
[2023-05-29T09:36:43.740+0000] {logging_mixin.py:149} INFO - [2023-05-29T09:36:43.740+0000] {dag.py:3490} INFO - Setting next_dagrun for dataset_consumes_1_and_2 to None, run_after=None
[2023-05-29T09:36:43.741+0000] {logging_mixin.py:149} INFO - [2023-05-29T09:36:43.741+0000] {dag.py:3490} INFO - Setting next_dagrun for dataset_consumes_1_never_scheduled to None, run_after=None
[2023-05-29T09:36:43.742+0000] {logging_mixin.py:149} INFO - [2023-05-29T09:36:43.742+0000] {dag.py:3490} INFO - Setting next_dagrun for dataset_consumes_unknown_never_scheduled to None, run_after=None
[2023-05-29T09:36:43.744+0000] {logging_mixin.py:149} INFO - [2023-05-29T09:36:43.744+0000] {dag.py:3490} INFO - Setting next_dagrun for dataset_produces_1 to 2023-05-28T00:00:00+00:00, run_after=2023-05-29T00:00:00+00:00
[2023-05-29T09:36:43.745+0000] {logging_mixin.py:149} INFO - [2023-05-29T09:36:43.745+0000] {dag.py:3490} INFO - Setting next_dagrun for dataset_produces_2 to None, run_after=None
[2023-05-29T09:36:43.764+0000] {processor.py:179} INFO - Processing /home/airflow/.local/lib/python3.7/site-packages/airflow/example_dags/example_datasets.py took 0.080 seconds
[2023-05-29T09:37:13.891+0000] {processor.py:157} INFO - Started process (PID=599) to work on /home/airflow/.local/lib/python3.7/site-packages/airflow/example_dags/example_datasets.py
[2023-05-29T09:37:13.892+0000] {processor.py:826} INFO - Processing file /home/airflow/.local/lib/python3.7/site-packages/airflow/example_dags/example_datasets.py for tasks to queue
[2023-05-29T09:37:13.893+0000] {logging_mixin.py:149} INFO - [2023-05-29T09:37:13.893+0000] {dagbag.py:541} INFO - Filling up the DagBag from /home/airflow/.local/lib/python3.7/site-packages/airflow/example_dags/example_datasets.py
[2023-05-29T09:37:13.900+0000] {processor.py:836} INFO - DAG(s) dict_keys(['dataset_produces_2', 'dataset_produces_1', 'dataset_consumes_1_and_2', 'dataset_consumes_1', 'dataset_consumes_1_never_scheduled', 'dataset_consumes_unknown_never_scheduled']) retrieved from /home/airflow/.local/lib/python3.7/site-packages/airflow/example_dags/example_datasets.py
[2023-05-29T09:37:13.928+0000] {logging_mixin.py:149} INFO - [2023-05-29T09:37:13.928+0000] {dag.py:2726} INFO - Sync 6 DAGs
[2023-05-29T09:37:13.947+0000] {logging_mixin.py:149} INFO - [2023-05-29T09:37:13.947+0000] {dag.py:3490} INFO - Setting next_dagrun for dataset_consumes_1 to None, run_after=None
[2023-05-29T09:37:13.950+0000] {logging_mixin.py:149} INFO - [2023-05-29T09:37:13.950+0000] {dag.py:3490} INFO - Setting next_dagrun for dataset_consumes_1_and_2 to None, run_after=None
[2023-05-29T09:37:13.951+0000] {logging_mixin.py:149} INFO - [2023-05-29T09:37:13.951+0000] {dag.py:3490} INFO - Setting next_dagrun for dataset_consumes_1_never_scheduled to None, run_after=None
[2023-05-29T09:37:13.953+0000] {logging_mixin.py:149} INFO - [2023-05-29T09:37:13.953+0000] {dag.py:3490} INFO - Setting next_dagrun for dataset_consumes_unknown_never_scheduled to None, run_after=None
[2023-05-29T09:37:13.955+0000] {logging_mixin.py:149} INFO - [2023-05-29T09:37:13.955+0000] {dag.py:3490} INFO - Setting next_dagrun for dataset_produces_1 to 2023-05-28T00:00:00+00:00, run_after=2023-05-29T00:00:00+00:00
[2023-05-29T09:37:13.956+0000] {logging_mixin.py:149} INFO - [2023-05-29T09:37:13.956+0000] {dag.py:3490} INFO - Setting next_dagrun for dataset_produces_2 to None, run_after=None
[2023-05-29T09:37:13.974+0000] {processor.py:179} INFO - Processing /home/airflow/.local/lib/python3.7/site-packages/airflow/example_dags/example_datasets.py took 0.087 seconds
[2023-05-29T09:37:44.303+0000] {processor.py:157} INFO - Started process (PID=655) to work on /home/airflow/.local/lib/python3.7/site-packages/airflow/example_dags/example_datasets.py
[2023-05-29T09:37:44.304+0000] {processor.py:826} INFO - Processing file /home/airflow/.local/lib/python3.7/site-packages/airflow/example_dags/example_datasets.py for tasks to queue
[2023-05-29T09:37:44.305+0000] {logging_mixin.py:149} INFO - [2023-05-29T09:37:44.305+0000] {dagbag.py:541} INFO - Filling up the DagBag from /home/airflow/.local/lib/python3.7/site-packages/airflow/example_dags/example_datasets.py
[2023-05-29T09:37:44.311+0000] {processor.py:836} INFO - DAG(s) dict_keys(['dataset_produces_1', 'dataset_consumes_1_and_2', 'dataset_consumes_1_never_scheduled', 'dataset_consumes_unknown_never_scheduled', 'dataset_consumes_1', 'dataset_produces_2']) retrieved from /home/airflow/.local/lib/python3.7/site-packages/airflow/example_dags/example_datasets.py
[2023-05-29T09:37:44.338+0000] {logging_mixin.py:149} INFO - [2023-05-29T09:37:44.337+0000] {dag.py:2726} INFO - Sync 6 DAGs
[2023-05-29T09:37:44.354+0000] {logging_mixin.py:149} INFO - [2023-05-29T09:37:44.354+0000] {dag.py:3490} INFO - Setting next_dagrun for dataset_consumes_1 to None, run_after=None
[2023-05-29T09:37:44.356+0000] {logging_mixin.py:149} INFO - [2023-05-29T09:37:44.356+0000] {dag.py:3490} INFO - Setting next_dagrun for dataset_consumes_1_and_2 to None, run_after=None
[2023-05-29T09:37:44.357+0000] {logging_mixin.py:149} INFO - [2023-05-29T09:37:44.357+0000] {dag.py:3490} INFO - Setting next_dagrun for dataset_consumes_1_never_scheduled to None, run_after=None
[2023-05-29T09:37:44.358+0000] {logging_mixin.py:149} INFO - [2023-05-29T09:37:44.358+0000] {dag.py:3490} INFO - Setting next_dagrun for dataset_consumes_unknown_never_scheduled to None, run_after=None
[2023-05-29T09:37:44.360+0000] {logging_mixin.py:149} INFO - [2023-05-29T09:37:44.360+0000] {dag.py:3490} INFO - Setting next_dagrun for dataset_produces_1 to 2023-05-28T00:00:00+00:00, run_after=2023-05-29T00:00:00+00:00
[2023-05-29T09:37:44.364+0000] {logging_mixin.py:149} INFO - [2023-05-29T09:37:44.364+0000] {dag.py:3490} INFO - Setting next_dagrun for dataset_produces_2 to None, run_after=None
[2023-05-29T09:37:44.385+0000] {processor.py:179} INFO - Processing /home/airflow/.local/lib/python3.7/site-packages/airflow/example_dags/example_datasets.py took 0.085 seconds
[2023-05-29T09:38:14.632+0000] {processor.py:157} INFO - Started process (PID=711) to work on /home/airflow/.local/lib/python3.7/site-packages/airflow/example_dags/example_datasets.py
[2023-05-29T09:38:14.633+0000] {processor.py:826} INFO - Processing file /home/airflow/.local/lib/python3.7/site-packages/airflow/example_dags/example_datasets.py for tasks to queue
[2023-05-29T09:38:14.634+0000] {logging_mixin.py:149} INFO - [2023-05-29T09:38:14.634+0000] {dagbag.py:541} INFO - Filling up the DagBag from /home/airflow/.local/lib/python3.7/site-packages/airflow/example_dags/example_datasets.py
[2023-05-29T09:38:14.641+0000] {processor.py:836} INFO - DAG(s) dict_keys(['dataset_consumes_1_never_scheduled', 'dataset_consumes_unknown_never_scheduled', 'dataset_consumes_1_and_2', 'dataset_produces_1', 'dataset_consumes_1', 'dataset_produces_2']) retrieved from /home/airflow/.local/lib/python3.7/site-packages/airflow/example_dags/example_datasets.py
[2023-05-29T09:38:14.666+0000] {logging_mixin.py:149} INFO - [2023-05-29T09:38:14.666+0000] {dag.py:2726} INFO - Sync 6 DAGs
[2023-05-29T09:38:14.682+0000] {logging_mixin.py:149} INFO - [2023-05-29T09:38:14.682+0000] {dag.py:3490} INFO - Setting next_dagrun for dataset_consumes_1 to None, run_after=None
[2023-05-29T09:38:14.685+0000] {logging_mixin.py:149} INFO - [2023-05-29T09:38:14.685+0000] {dag.py:3490} INFO - Setting next_dagrun for dataset_consumes_1_and_2 to None, run_after=None
[2023-05-29T09:38:14.686+0000] {logging_mixin.py:149} INFO - [2023-05-29T09:38:14.686+0000] {dag.py:3490} INFO - Setting next_dagrun for dataset_consumes_1_never_scheduled to None, run_after=None
[2023-05-29T09:38:14.687+0000] {logging_mixin.py:149} INFO - [2023-05-29T09:38:14.687+0000] {dag.py:3490} INFO - Setting next_dagrun for dataset_consumes_unknown_never_scheduled to None, run_after=None
[2023-05-29T09:38:14.689+0000] {logging_mixin.py:149} INFO - [2023-05-29T09:38:14.689+0000] {dag.py:3490} INFO - Setting next_dagrun for dataset_produces_1 to 2023-05-28T00:00:00+00:00, run_after=2023-05-29T00:00:00+00:00
[2023-05-29T09:38:14.691+0000] {logging_mixin.py:149} INFO - [2023-05-29T09:38:14.691+0000] {dag.py:3490} INFO - Setting next_dagrun for dataset_produces_2 to None, run_after=None
[2023-05-29T09:38:14.714+0000] {processor.py:179} INFO - Processing /home/airflow/.local/lib/python3.7/site-packages/airflow/example_dags/example_datasets.py took 0.085 seconds
[2023-05-29T09:38:44.996+0000] {processor.py:157} INFO - Started process (PID=767) to work on /home/airflow/.local/lib/python3.7/site-packages/airflow/example_dags/example_datasets.py
[2023-05-29T09:38:44.998+0000] {processor.py:826} INFO - Processing file /home/airflow/.local/lib/python3.7/site-packages/airflow/example_dags/example_datasets.py for tasks to queue
[2023-05-29T09:38:44.998+0000] {logging_mixin.py:149} INFO - [2023-05-29T09:38:44.998+0000] {dagbag.py:541} INFO - Filling up the DagBag from /home/airflow/.local/lib/python3.7/site-packages/airflow/example_dags/example_datasets.py
[2023-05-29T09:38:45.005+0000] {processor.py:836} INFO - DAG(s) dict_keys(['dataset_consumes_1', 'dataset_consumes_unknown_never_scheduled', 'dataset_consumes_1_and_2', 'dataset_produces_1', 'dataset_consumes_1_never_scheduled', 'dataset_produces_2']) retrieved from /home/airflow/.local/lib/python3.7/site-packages/airflow/example_dags/example_datasets.py
[2023-05-29T09:38:45.031+0000] {logging_mixin.py:149} INFO - [2023-05-29T09:38:45.031+0000] {dag.py:2726} INFO - Sync 6 DAGs
[2023-05-29T09:38:45.048+0000] {logging_mixin.py:149} INFO - [2023-05-29T09:38:45.047+0000] {dag.py:3490} INFO - Setting next_dagrun for dataset_consumes_1 to None, run_after=None
[2023-05-29T09:38:45.050+0000] {logging_mixin.py:149} INFO - [2023-05-29T09:38:45.050+0000] {dag.py:3490} INFO - Setting next_dagrun for dataset_consumes_1_and_2 to None, run_after=None
[2023-05-29T09:38:45.051+0000] {logging_mixin.py:149} INFO - [2023-05-29T09:38:45.051+0000] {dag.py:3490} INFO - Setting next_dagrun for dataset_consumes_1_never_scheduled to None, run_after=None
[2023-05-29T09:38:45.052+0000] {logging_mixin.py:149} INFO - [2023-05-29T09:38:45.052+0000] {dag.py:3490} INFO - Setting next_dagrun for dataset_consumes_unknown_never_scheduled to None, run_after=None
[2023-05-29T09:38:45.054+0000] {logging_mixin.py:149} INFO - [2023-05-29T09:38:45.054+0000] {dag.py:3490} INFO - Setting next_dagrun for dataset_produces_1 to 2023-05-28T00:00:00+00:00, run_after=2023-05-29T00:00:00+00:00
[2023-05-29T09:38:45.055+0000] {logging_mixin.py:149} INFO - [2023-05-29T09:38:45.055+0000] {dag.py:3490} INFO - Setting next_dagrun for dataset_produces_2 to None, run_after=None
[2023-05-29T09:38:45.073+0000] {processor.py:179} INFO - Processing /home/airflow/.local/lib/python3.7/site-packages/airflow/example_dags/example_datasets.py took 0.080 seconds
[2023-05-29T09:39:15.331+0000] {processor.py:157} INFO - Started process (PID=824) to work on /home/airflow/.local/lib/python3.7/site-packages/airflow/example_dags/example_datasets.py
[2023-05-29T09:39:15.332+0000] {processor.py:826} INFO - Processing file /home/airflow/.local/lib/python3.7/site-packages/airflow/example_dags/example_datasets.py for tasks to queue
[2023-05-29T09:39:15.333+0000] {logging_mixin.py:149} INFO - [2023-05-29T09:39:15.333+0000] {dagbag.py:541} INFO - Filling up the DagBag from /home/airflow/.local/lib/python3.7/site-packages/airflow/example_dags/example_datasets.py
[2023-05-29T09:39:15.340+0000] {processor.py:836} INFO - DAG(s) dict_keys(['dataset_produces_2', 'dataset_consumes_1_never_scheduled', 'dataset_produces_1', 'dataset_consumes_unknown_never_scheduled', 'dataset_consumes_1', 'dataset_consumes_1_and_2']) retrieved from /home/airflow/.local/lib/python3.7/site-packages/airflow/example_dags/example_datasets.py
[2023-05-29T09:39:15.366+0000] {logging_mixin.py:149} INFO - [2023-05-29T09:39:15.366+0000] {dag.py:2726} INFO - Sync 6 DAGs
[2023-05-29T09:39:15.383+0000] {logging_mixin.py:149} INFO - [2023-05-29T09:39:15.383+0000] {dag.py:3490} INFO - Setting next_dagrun for dataset_consumes_1 to None, run_after=None
[2023-05-29T09:39:15.385+0000] {logging_mixin.py:149} INFO - [2023-05-29T09:39:15.385+0000] {dag.py:3490} INFO - Setting next_dagrun for dataset_consumes_1_and_2 to None, run_after=None
[2023-05-29T09:39:15.386+0000] {logging_mixin.py:149} INFO - [2023-05-29T09:39:15.386+0000] {dag.py:3490} INFO - Setting next_dagrun for dataset_consumes_1_never_scheduled to None, run_after=None
[2023-05-29T09:39:15.387+0000] {logging_mixin.py:149} INFO - [2023-05-29T09:39:15.387+0000] {dag.py:3490} INFO - Setting next_dagrun for dataset_consumes_unknown_never_scheduled to None, run_after=None
[2023-05-29T09:39:15.389+0000] {logging_mixin.py:149} INFO - [2023-05-29T09:39:15.389+0000] {dag.py:3490} INFO - Setting next_dagrun for dataset_produces_1 to 2023-05-28T00:00:00+00:00, run_after=2023-05-29T00:00:00+00:00
[2023-05-29T09:39:15.390+0000] {logging_mixin.py:149} INFO - [2023-05-29T09:39:15.390+0000] {dag.py:3490} INFO - Setting next_dagrun for dataset_produces_2 to None, run_after=None
[2023-05-29T09:39:15.408+0000] {processor.py:179} INFO - Processing /home/airflow/.local/lib/python3.7/site-packages/airflow/example_dags/example_datasets.py took 0.080 seconds
[2023-05-29T09:39:45.882+0000] {processor.py:157} INFO - Started process (PID=880) to work on /home/airflow/.local/lib/python3.7/site-packages/airflow/example_dags/example_datasets.py
[2023-05-29T09:39:45.884+0000] {processor.py:826} INFO - Processing file /home/airflow/.local/lib/python3.7/site-packages/airflow/example_dags/example_datasets.py for tasks to queue
[2023-05-29T09:39:45.885+0000] {logging_mixin.py:149} INFO - [2023-05-29T09:39:45.884+0000] {dagbag.py:541} INFO - Filling up the DagBag from /home/airflow/.local/lib/python3.7/site-packages/airflow/example_dags/example_datasets.py
[2023-05-29T09:39:45.893+0000] {processor.py:836} INFO - DAG(s) dict_keys(['dataset_consumes_1_and_2', 'dataset_consumes_1_never_scheduled', 'dataset_produces_2', 'dataset_produces_1', 'dataset_consumes_1', 'dataset_consumes_unknown_never_scheduled']) retrieved from /home/airflow/.local/lib/python3.7/site-packages/airflow/example_dags/example_datasets.py
[2023-05-29T09:39:45.923+0000] {logging_mixin.py:149} INFO - [2023-05-29T09:39:45.923+0000] {dag.py:2726} INFO - Sync 6 DAGs
[2023-05-29T09:39:45.943+0000] {logging_mixin.py:149} INFO - [2023-05-29T09:39:45.943+0000] {dag.py:3490} INFO - Setting next_dagrun for dataset_consumes_1 to None, run_after=None
[2023-05-29T09:39:45.946+0000] {logging_mixin.py:149} INFO - [2023-05-29T09:39:45.946+0000] {dag.py:3490} INFO - Setting next_dagrun for dataset_consumes_1_and_2 to None, run_after=None
[2023-05-29T09:39:45.947+0000] {logging_mixin.py:149} INFO - [2023-05-29T09:39:45.947+0000] {dag.py:3490} INFO - Setting next_dagrun for dataset_consumes_1_never_scheduled to None, run_after=None
[2023-05-29T09:39:45.948+0000] {logging_mixin.py:149} INFO - [2023-05-29T09:39:45.948+0000] {dag.py:3490} INFO - Setting next_dagrun for dataset_consumes_unknown_never_scheduled to None, run_after=None
[2023-05-29T09:39:45.950+0000] {logging_mixin.py:149} INFO - [2023-05-29T09:39:45.950+0000] {dag.py:3490} INFO - Setting next_dagrun for dataset_produces_1 to 2023-05-28T00:00:00+00:00, run_after=2023-05-29T00:00:00+00:00
[2023-05-29T09:39:45.951+0000] {logging_mixin.py:149} INFO - [2023-05-29T09:39:45.951+0000] {dag.py:3490} INFO - Setting next_dagrun for dataset_produces_2 to None, run_after=None
[2023-05-29T09:39:45.972+0000] {processor.py:179} INFO - Processing /home/airflow/.local/lib/python3.7/site-packages/airflow/example_dags/example_datasets.py took 0.094 seconds
[2023-05-29T09:40:16.221+0000] {processor.py:157} INFO - Started process (PID=936) to work on /home/airflow/.local/lib/python3.7/site-packages/airflow/example_dags/example_datasets.py
[2023-05-29T09:40:16.222+0000] {processor.py:826} INFO - Processing file /home/airflow/.local/lib/python3.7/site-packages/airflow/example_dags/example_datasets.py for tasks to queue
[2023-05-29T09:40:16.223+0000] {logging_mixin.py:149} INFO - [2023-05-29T09:40:16.223+0000] {dagbag.py:541} INFO - Filling up the DagBag from /home/airflow/.local/lib/python3.7/site-packages/airflow/example_dags/example_datasets.py
[2023-05-29T09:40:16.230+0000] {processor.py:836} INFO - DAG(s) dict_keys(['dataset_produces_2', 'dataset_produces_1', 'dataset_consumes_1', 'dataset_consumes_unknown_never_scheduled', 'dataset_consumes_1_never_scheduled', 'dataset_consumes_1_and_2']) retrieved from /home/airflow/.local/lib/python3.7/site-packages/airflow/example_dags/example_datasets.py
[2023-05-29T09:40:16.258+0000] {logging_mixin.py:149} INFO - [2023-05-29T09:40:16.258+0000] {dag.py:2726} INFO - Sync 6 DAGs
[2023-05-29T09:40:16.274+0000] {logging_mixin.py:149} INFO - [2023-05-29T09:40:16.274+0000] {dag.py:3490} INFO - Setting next_dagrun for dataset_consumes_1 to None, run_after=None
[2023-05-29T09:40:16.277+0000] {logging_mixin.py:149} INFO - [2023-05-29T09:40:16.276+0000] {dag.py:3490} INFO - Setting next_dagrun for dataset_consumes_1_and_2 to None, run_after=None
[2023-05-29T09:40:16.278+0000] {logging_mixin.py:149} INFO - [2023-05-29T09:40:16.278+0000] {dag.py:3490} INFO - Setting next_dagrun for dataset_consumes_1_never_scheduled to None, run_after=None
[2023-05-29T09:40:16.279+0000] {logging_mixin.py:149} INFO - [2023-05-29T09:40:16.279+0000] {dag.py:3490} INFO - Setting next_dagrun for dataset_consumes_unknown_never_scheduled to None, run_after=None
[2023-05-29T09:40:16.280+0000] {logging_mixin.py:149} INFO - [2023-05-29T09:40:16.280+0000] {dag.py:3490} INFO - Setting next_dagrun for dataset_produces_1 to 2023-05-28T00:00:00+00:00, run_after=2023-05-29T00:00:00+00:00
[2023-05-29T09:40:16.281+0000] {logging_mixin.py:149} INFO - [2023-05-29T09:40:16.281+0000] {dag.py:3490} INFO - Setting next_dagrun for dataset_produces_2 to None, run_after=None
[2023-05-29T09:40:16.301+0000] {processor.py:179} INFO - Processing /home/airflow/.local/lib/python3.7/site-packages/airflow/example_dags/example_datasets.py took 0.083 seconds
[2023-05-29T09:40:46.570+0000] {processor.py:157} INFO - Started process (PID=992) to work on /home/airflow/.local/lib/python3.7/site-packages/airflow/example_dags/example_datasets.py
[2023-05-29T09:40:46.571+0000] {processor.py:826} INFO - Processing file /home/airflow/.local/lib/python3.7/site-packages/airflow/example_dags/example_datasets.py for tasks to queue
[2023-05-29T09:40:46.572+0000] {logging_mixin.py:149} INFO - [2023-05-29T09:40:46.572+0000] {dagbag.py:541} INFO - Filling up the DagBag from /home/airflow/.local/lib/python3.7/site-packages/airflow/example_dags/example_datasets.py
[2023-05-29T09:40:46.579+0000] {processor.py:836} INFO - DAG(s) dict_keys(['dataset_produces_1', 'dataset_consumes_1_never_scheduled', 'dataset_produces_2', 'dataset_consumes_1_and_2', 'dataset_consumes_unknown_never_scheduled', 'dataset_consumes_1']) retrieved from /home/airflow/.local/lib/python3.7/site-packages/airflow/example_dags/example_datasets.py
[2023-05-29T09:40:46.605+0000] {logging_mixin.py:149} INFO - [2023-05-29T09:40:46.605+0000] {dag.py:2726} INFO - Sync 6 DAGs
[2023-05-29T09:40:46.621+0000] {logging_mixin.py:149} INFO - [2023-05-29T09:40:46.621+0000] {dag.py:3490} INFO - Setting next_dagrun for dataset_consumes_1 to None, run_after=None
[2023-05-29T09:40:46.623+0000] {logging_mixin.py:149} INFO - [2023-05-29T09:40:46.623+0000] {dag.py:3490} INFO - Setting next_dagrun for dataset_consumes_1_and_2 to None, run_after=None
[2023-05-29T09:40:46.625+0000] {logging_mixin.py:149} INFO - [2023-05-29T09:40:46.625+0000] {dag.py:3490} INFO - Setting next_dagrun for dataset_consumes_1_never_scheduled to None, run_after=None
[2023-05-29T09:40:46.626+0000] {logging_mixin.py:149} INFO - [2023-05-29T09:40:46.626+0000] {dag.py:3490} INFO - Setting next_dagrun for dataset_consumes_unknown_never_scheduled to None, run_after=None
[2023-05-29T09:40:46.628+0000] {logging_mixin.py:149} INFO - [2023-05-29T09:40:46.628+0000] {dag.py:3490} INFO - Setting next_dagrun for dataset_produces_1 to 2023-05-28T00:00:00+00:00, run_after=2023-05-29T00:00:00+00:00
[2023-05-29T09:40:46.629+0000] {logging_mixin.py:149} INFO - [2023-05-29T09:40:46.629+0000] {dag.py:3490} INFO - Setting next_dagrun for dataset_produces_2 to None, run_after=None
[2023-05-29T09:40:46.649+0000] {processor.py:179} INFO - Processing /home/airflow/.local/lib/python3.7/site-packages/airflow/example_dags/example_datasets.py took 0.082 seconds
[2023-05-29T09:41:16.964+0000] {processor.py:157} INFO - Started process (PID=1048) to work on /home/airflow/.local/lib/python3.7/site-packages/airflow/example_dags/example_datasets.py
[2023-05-29T09:41:16.965+0000] {processor.py:826} INFO - Processing file /home/airflow/.local/lib/python3.7/site-packages/airflow/example_dags/example_datasets.py for tasks to queue
[2023-05-29T09:41:16.966+0000] {logging_mixin.py:149} INFO - [2023-05-29T09:41:16.966+0000] {dagbag.py:541} INFO - Filling up the DagBag from /home/airflow/.local/lib/python3.7/site-packages/airflow/example_dags/example_datasets.py
[2023-05-29T09:41:16.973+0000] {processor.py:836} INFO - DAG(s) dict_keys(['dataset_consumes_1_never_scheduled', 'dataset_consumes_1_and_2', 'dataset_consumes_unknown_never_scheduled', 'dataset_produces_1', 'dataset_produces_2', 'dataset_consumes_1']) retrieved from /home/airflow/.local/lib/python3.7/site-packages/airflow/example_dags/example_datasets.py
[2023-05-29T09:41:17.000+0000] {logging_mixin.py:149} INFO - [2023-05-29T09:41:16.999+0000] {dag.py:2726} INFO - Sync 6 DAGs
[2023-05-29T09:41:17.016+0000] {logging_mixin.py:149} INFO - [2023-05-29T09:41:17.016+0000] {dag.py:3490} INFO - Setting next_dagrun for dataset_consumes_1 to None, run_after=None
[2023-05-29T09:41:17.019+0000] {logging_mixin.py:149} INFO - [2023-05-29T09:41:17.019+0000] {dag.py:3490} INFO - Setting next_dagrun for dataset_consumes_1_and_2 to None, run_after=None
[2023-05-29T09:41:17.021+0000] {logging_mixin.py:149} INFO - [2023-05-29T09:41:17.020+0000] {dag.py:3490} INFO - Setting next_dagrun for dataset_consumes_1_never_scheduled to None, run_after=None
[2023-05-29T09:41:17.022+0000] {logging_mixin.py:149} INFO - [2023-05-29T09:41:17.021+0000] {dag.py:3490} INFO - Setting next_dagrun for dataset_consumes_unknown_never_scheduled to None, run_after=None
[2023-05-29T09:41:17.023+0000] {logging_mixin.py:149} INFO - [2023-05-29T09:41:17.023+0000] {dag.py:3490} INFO - Setting next_dagrun for dataset_produces_1 to 2023-05-28T00:00:00+00:00, run_after=2023-05-29T00:00:00+00:00
[2023-05-29T09:41:17.024+0000] {logging_mixin.py:149} INFO - [2023-05-29T09:41:17.024+0000] {dag.py:3490} INFO - Setting next_dagrun for dataset_produces_2 to None, run_after=None
[2023-05-29T09:41:17.043+0000] {processor.py:179} INFO - Processing /home/airflow/.local/lib/python3.7/site-packages/airflow/example_dags/example_datasets.py took 0.081 seconds
[2023-05-29T09:41:47.473+0000] {processor.py:157} INFO - Started process (PID=1104) to work on /home/airflow/.local/lib/python3.7/site-packages/airflow/example_dags/example_datasets.py
[2023-05-29T09:41:47.474+0000] {processor.py:826} INFO - Processing file /home/airflow/.local/lib/python3.7/site-packages/airflow/example_dags/example_datasets.py for tasks to queue
[2023-05-29T09:41:47.475+0000] {logging_mixin.py:149} INFO - [2023-05-29T09:41:47.474+0000] {dagbag.py:541} INFO - Filling up the DagBag from /home/airflow/.local/lib/python3.7/site-packages/airflow/example_dags/example_datasets.py
[2023-05-29T09:41:47.482+0000] {processor.py:836} INFO - DAG(s) dict_keys(['dataset_produces_2', 'dataset_consumes_unknown_never_scheduled', 'dataset_produces_1', 'dataset_consumes_1', 'dataset_consumes_1_never_scheduled', 'dataset_consumes_1_and_2']) retrieved from /home/airflow/.local/lib/python3.7/site-packages/airflow/example_dags/example_datasets.py
[2023-05-29T09:41:47.509+0000] {logging_mixin.py:149} INFO - [2023-05-29T09:41:47.509+0000] {dag.py:2726} INFO - Sync 6 DAGs
[2023-05-29T09:41:47.525+0000] {logging_mixin.py:149} INFO - [2023-05-29T09:41:47.525+0000] {dag.py:3490} INFO - Setting next_dagrun for dataset_consumes_1 to None, run_after=None
[2023-05-29T09:41:47.527+0000] {logging_mixin.py:149} INFO - [2023-05-29T09:41:47.527+0000] {dag.py:3490} INFO - Setting next_dagrun for dataset_consumes_1_and_2 to None, run_after=None
[2023-05-29T09:41:47.529+0000] {logging_mixin.py:149} INFO - [2023-05-29T09:41:47.528+0000] {dag.py:3490} INFO - Setting next_dagrun for dataset_consumes_1_never_scheduled to None, run_after=None
[2023-05-29T09:41:47.530+0000] {logging_mixin.py:149} INFO - [2023-05-29T09:41:47.529+0000] {dag.py:3490} INFO - Setting next_dagrun for dataset_consumes_unknown_never_scheduled to None, run_after=None
[2023-05-29T09:41:47.531+0000] {logging_mixin.py:149} INFO - [2023-05-29T09:41:47.531+0000] {dag.py:3490} INFO - Setting next_dagrun for dataset_produces_1 to 2023-05-28T00:00:00+00:00, run_after=2023-05-29T00:00:00+00:00
[2023-05-29T09:41:47.533+0000] {logging_mixin.py:149} INFO - [2023-05-29T09:41:47.533+0000] {dag.py:3490} INFO - Setting next_dagrun for dataset_produces_2 to None, run_after=None
[2023-05-29T09:41:47.554+0000] {processor.py:179} INFO - Processing /home/airflow/.local/lib/python3.7/site-packages/airflow/example_dags/example_datasets.py took 0.084 seconds
[2023-05-29T09:42:18.099+0000] {processor.py:157} INFO - Started process (PID=1161) to work on /home/airflow/.local/lib/python3.7/site-packages/airflow/example_dags/example_datasets.py
[2023-05-29T09:42:18.100+0000] {processor.py:826} INFO - Processing file /home/airflow/.local/lib/python3.7/site-packages/airflow/example_dags/example_datasets.py for tasks to queue
[2023-05-29T09:42:18.101+0000] {logging_mixin.py:149} INFO - [2023-05-29T09:42:18.101+0000] {dagbag.py:541} INFO - Filling up the DagBag from /home/airflow/.local/lib/python3.7/site-packages/airflow/example_dags/example_datasets.py
[2023-05-29T09:42:18.108+0000] {processor.py:836} INFO - DAG(s) dict_keys(['dataset_produces_1', 'dataset_consumes_1_never_scheduled', 'dataset_produces_2', 'dataset_consumes_unknown_never_scheduled', 'dataset_consumes_1_and_2', 'dataset_consumes_1']) retrieved from /home/airflow/.local/lib/python3.7/site-packages/airflow/example_dags/example_datasets.py
[2023-05-29T09:42:18.134+0000] {logging_mixin.py:149} INFO - [2023-05-29T09:42:18.134+0000] {dag.py:2726} INFO - Sync 6 DAGs
[2023-05-29T09:42:18.150+0000] {logging_mixin.py:149} INFO - [2023-05-29T09:42:18.150+0000] {dag.py:3490} INFO - Setting next_dagrun for dataset_consumes_1 to None, run_after=None
[2023-05-29T09:42:18.153+0000] {logging_mixin.py:149} INFO - [2023-05-29T09:42:18.153+0000] {dag.py:3490} INFO - Setting next_dagrun for dataset_consumes_1_and_2 to None, run_after=None
[2023-05-29T09:42:18.154+0000] {logging_mixin.py:149} INFO - [2023-05-29T09:42:18.154+0000] {dag.py:3490} INFO - Setting next_dagrun for dataset_consumes_1_never_scheduled to None, run_after=None
[2023-05-29T09:42:18.155+0000] {logging_mixin.py:149} INFO - [2023-05-29T09:42:18.155+0000] {dag.py:3490} INFO - Setting next_dagrun for dataset_consumes_unknown_never_scheduled to None, run_after=None
[2023-05-29T09:42:18.156+0000] {logging_mixin.py:149} INFO - [2023-05-29T09:42:18.156+0000] {dag.py:3490} INFO - Setting next_dagrun for dataset_produces_1 to 2023-05-28T00:00:00+00:00, run_after=2023-05-29T00:00:00+00:00
[2023-05-29T09:42:18.157+0000] {logging_mixin.py:149} INFO - [2023-05-29T09:42:18.157+0000] {dag.py:3490} INFO - Setting next_dagrun for dataset_produces_2 to None, run_after=None
[2023-05-29T09:42:18.177+0000] {processor.py:179} INFO - Processing /home/airflow/.local/lib/python3.7/site-packages/airflow/example_dags/example_datasets.py took 0.081 seconds
[2023-05-29T09:42:48.437+0000] {processor.py:157} INFO - Started process (PID=1217) to work on /home/airflow/.local/lib/python3.7/site-packages/airflow/example_dags/example_datasets.py
[2023-05-29T09:42:48.438+0000] {processor.py:826} INFO - Processing file /home/airflow/.local/lib/python3.7/site-packages/airflow/example_dags/example_datasets.py for tasks to queue
[2023-05-29T09:42:48.439+0000] {logging_mixin.py:149} INFO - [2023-05-29T09:42:48.439+0000] {dagbag.py:541} INFO - Filling up the DagBag from /home/airflow/.local/lib/python3.7/site-packages/airflow/example_dags/example_datasets.py
[2023-05-29T09:42:48.445+0000] {processor.py:836} INFO - DAG(s) dict_keys(['dataset_consumes_1', 'dataset_produces_1', 'dataset_consumes_1_and_2', 'dataset_consumes_unknown_never_scheduled', 'dataset_produces_2', 'dataset_consumes_1_never_scheduled']) retrieved from /home/airflow/.local/lib/python3.7/site-packages/airflow/example_dags/example_datasets.py
[2023-05-29T09:42:48.471+0000] {logging_mixin.py:149} INFO - [2023-05-29T09:42:48.471+0000] {dag.py:2726} INFO - Sync 6 DAGs
[2023-05-29T09:42:48.487+0000] {logging_mixin.py:149} INFO - [2023-05-29T09:42:48.487+0000] {dag.py:3490} INFO - Setting next_dagrun for dataset_consumes_1 to None, run_after=None
[2023-05-29T09:42:48.489+0000] {logging_mixin.py:149} INFO - [2023-05-29T09:42:48.489+0000] {dag.py:3490} INFO - Setting next_dagrun for dataset_consumes_1_and_2 to None, run_after=None
[2023-05-29T09:42:48.490+0000] {logging_mixin.py:149} INFO - [2023-05-29T09:42:48.490+0000] {dag.py:3490} INFO - Setting next_dagrun for dataset_consumes_1_never_scheduled to None, run_after=None
[2023-05-29T09:42:48.491+0000] {logging_mixin.py:149} INFO - [2023-05-29T09:42:48.491+0000] {dag.py:3490} INFO - Setting next_dagrun for dataset_consumes_unknown_never_scheduled to None, run_after=None
[2023-05-29T09:42:48.493+0000] {logging_mixin.py:149} INFO - [2023-05-29T09:42:48.493+0000] {dag.py:3490} INFO - Setting next_dagrun for dataset_produces_1 to 2023-05-28T00:00:00+00:00, run_after=2023-05-29T00:00:00+00:00
[2023-05-29T09:42:48.494+0000] {logging_mixin.py:149} INFO - [2023-05-29T09:42:48.494+0000] {dag.py:3490} INFO - Setting next_dagrun for dataset_produces_2 to None, run_after=None
[2023-05-29T09:42:48.514+0000] {processor.py:179} INFO - Processing /home/airflow/.local/lib/python3.7/site-packages/airflow/example_dags/example_datasets.py took 0.079 seconds
