[2023-05-29T09:32:11.329+0000] {processor.py:157} INFO - Started process (PID=62) to work on /home/airflow/.local/lib/python3.7/site-packages/airflow/example_dags/example_complex.py
[2023-05-29T09:32:11.334+0000] {processor.py:826} INFO - Processing file /home/airflow/.local/lib/python3.7/site-packages/airflow/example_dags/example_complex.py for tasks to queue
[2023-05-29T09:32:11.337+0000] {logging_mixin.py:149} INFO - [2023-05-29T09:32:11.336+0000] {dagbag.py:541} INFO - Filling up the DagBag from /home/airflow/.local/lib/python3.7/site-packages/airflow/example_dags/example_complex.py
[2023-05-29T09:32:11.355+0000] {logging_mixin.py:149} INFO - [2023-05-29T09:32:11.354+0000] {taskmixin.py:211} WARNING - Dependency <Task(BashOperator): create_entry_group>, delete_entry_group already registered for DAG: example_complex
[2023-05-29T09:32:11.356+0000] {logging_mixin.py:149} INFO - [2023-05-29T09:32:11.355+0000] {taskmixin.py:211} WARNING - Dependency <Task(BashOperator): delete_entry_group>, create_entry_group already registered for DAG: example_complex
[2023-05-29T09:32:11.356+0000] {logging_mixin.py:149} INFO - [2023-05-29T09:32:11.356+0000] {taskmixin.py:211} WARNING - Dependency <Task(BashOperator): create_entry_gcs>, delete_entry already registered for DAG: example_complex
[2023-05-29T09:32:11.357+0000] {logging_mixin.py:149} INFO - [2023-05-29T09:32:11.357+0000] {taskmixin.py:211} WARNING - Dependency <Task(BashOperator): delete_entry>, create_entry_gcs already registered for DAG: example_complex
[2023-05-29T09:32:11.358+0000] {logging_mixin.py:149} INFO - [2023-05-29T09:32:11.358+0000] {taskmixin.py:211} WARNING - Dependency <Task(BashOperator): create_tag>, delete_tag already registered for DAG: example_complex
[2023-05-29T09:32:11.359+0000] {logging_mixin.py:149} INFO - [2023-05-29T09:32:11.359+0000] {taskmixin.py:211} WARNING - Dependency <Task(BashOperator): delete_tag>, create_tag already registered for DAG: example_complex
[2023-05-29T09:32:11.361+0000] {processor.py:836} INFO - DAG(s) dict_keys(['example_complex']) retrieved from /home/airflow/.local/lib/python3.7/site-packages/airflow/example_dags/example_complex.py
[2023-05-29T09:32:11.388+0000] {logging_mixin.py:149} INFO - [2023-05-29T09:32:11.388+0000] {dag.py:2726} INFO - Sync 1 DAGs
[2023-05-29T09:32:11.413+0000] {logging_mixin.py:149} INFO - [2023-05-29T09:32:11.413+0000] {dag.py:3490} INFO - Setting next_dagrun for example_complex to None, run_after=None
[2023-05-29T09:32:11.432+0000] {processor.py:179} INFO - Processing /home/airflow/.local/lib/python3.7/site-packages/airflow/example_dags/example_complex.py took 0.115 seconds
[2023-05-29T09:32:41.520+0000] {processor.py:157} INFO - Started process (PID=118) to work on /home/airflow/.local/lib/python3.7/site-packages/airflow/example_dags/example_complex.py
[2023-05-29T09:32:41.521+0000] {processor.py:826} INFO - Processing file /home/airflow/.local/lib/python3.7/site-packages/airflow/example_dags/example_complex.py for tasks to queue
[2023-05-29T09:32:41.522+0000] {logging_mixin.py:149} INFO - [2023-05-29T09:32:41.522+0000] {dagbag.py:541} INFO - Filling up the DagBag from /home/airflow/.local/lib/python3.7/site-packages/airflow/example_dags/example_complex.py
[2023-05-29T09:32:41.528+0000] {logging_mixin.py:149} INFO - [2023-05-29T09:32:41.528+0000] {taskmixin.py:211} WARNING - Dependency <Task(BashOperator): create_entry_group>, delete_entry_group already registered for DAG: example_complex
[2023-05-29T09:32:41.529+0000] {logging_mixin.py:149} INFO - [2023-05-29T09:32:41.529+0000] {taskmixin.py:211} WARNING - Dependency <Task(BashOperator): delete_entry_group>, create_entry_group already registered for DAG: example_complex
[2023-05-29T09:32:41.530+0000] {logging_mixin.py:149} INFO - [2023-05-29T09:32:41.530+0000] {taskmixin.py:211} WARNING - Dependency <Task(BashOperator): create_entry_gcs>, delete_entry already registered for DAG: example_complex
[2023-05-29T09:32:41.530+0000] {logging_mixin.py:149} INFO - [2023-05-29T09:32:41.530+0000] {taskmixin.py:211} WARNING - Dependency <Task(BashOperator): delete_entry>, create_entry_gcs already registered for DAG: example_complex
[2023-05-29T09:32:41.531+0000] {logging_mixin.py:149} INFO - [2023-05-29T09:32:41.531+0000] {taskmixin.py:211} WARNING - Dependency <Task(BashOperator): create_tag>, delete_tag already registered for DAG: example_complex
[2023-05-29T09:32:41.531+0000] {logging_mixin.py:149} INFO - [2023-05-29T09:32:41.531+0000] {taskmixin.py:211} WARNING - Dependency <Task(BashOperator): delete_tag>, create_tag already registered for DAG: example_complex
[2023-05-29T09:32:41.533+0000] {processor.py:836} INFO - DAG(s) dict_keys(['example_complex']) retrieved from /home/airflow/.local/lib/python3.7/site-packages/airflow/example_dags/example_complex.py
[2023-05-29T09:32:41.557+0000] {logging_mixin.py:149} INFO - [2023-05-29T09:32:41.557+0000] {dag.py:2726} INFO - Sync 1 DAGs
[2023-05-29T09:32:41.573+0000] {logging_mixin.py:149} INFO - [2023-05-29T09:32:41.573+0000] {dag.py:3490} INFO - Setting next_dagrun for example_complex to None, run_after=None
[2023-05-29T09:32:41.585+0000] {processor.py:179} INFO - Processing /home/airflow/.local/lib/python3.7/site-packages/airflow/example_dags/example_complex.py took 0.067 seconds
[2023-05-29T09:33:11.835+0000] {processor.py:157} INFO - Started process (PID=174) to work on /home/airflow/.local/lib/python3.7/site-packages/airflow/example_dags/example_complex.py
[2023-05-29T09:33:11.837+0000] {processor.py:826} INFO - Processing file /home/airflow/.local/lib/python3.7/site-packages/airflow/example_dags/example_complex.py for tasks to queue
[2023-05-29T09:33:11.838+0000] {logging_mixin.py:149} INFO - [2023-05-29T09:33:11.838+0000] {dagbag.py:541} INFO - Filling up the DagBag from /home/airflow/.local/lib/python3.7/site-packages/airflow/example_dags/example_complex.py
[2023-05-29T09:33:11.845+0000] {logging_mixin.py:149} INFO - [2023-05-29T09:33:11.844+0000] {taskmixin.py:211} WARNING - Dependency <Task(BashOperator): create_entry_group>, delete_entry_group already registered for DAG: example_complex
[2023-05-29T09:33:11.845+0000] {logging_mixin.py:149} INFO - [2023-05-29T09:33:11.845+0000] {taskmixin.py:211} WARNING - Dependency <Task(BashOperator): delete_entry_group>, create_entry_group already registered for DAG: example_complex
[2023-05-29T09:33:11.846+0000] {logging_mixin.py:149} INFO - [2023-05-29T09:33:11.846+0000] {taskmixin.py:211} WARNING - Dependency <Task(BashOperator): create_entry_gcs>, delete_entry already registered for DAG: example_complex
[2023-05-29T09:33:11.846+0000] {logging_mixin.py:149} INFO - [2023-05-29T09:33:11.846+0000] {taskmixin.py:211} WARNING - Dependency <Task(BashOperator): delete_entry>, create_entry_gcs already registered for DAG: example_complex
[2023-05-29T09:33:11.847+0000] {logging_mixin.py:149} INFO - [2023-05-29T09:33:11.847+0000] {taskmixin.py:211} WARNING - Dependency <Task(BashOperator): create_tag>, delete_tag already registered for DAG: example_complex
[2023-05-29T09:33:11.847+0000] {logging_mixin.py:149} INFO - [2023-05-29T09:33:11.847+0000] {taskmixin.py:211} WARNING - Dependency <Task(BashOperator): delete_tag>, create_tag already registered for DAG: example_complex
[2023-05-29T09:33:11.848+0000] {processor.py:836} INFO - DAG(s) dict_keys(['example_complex']) retrieved from /home/airflow/.local/lib/python3.7/site-packages/airflow/example_dags/example_complex.py
[2023-05-29T09:33:11.871+0000] {logging_mixin.py:149} INFO - [2023-05-29T09:33:11.871+0000] {dag.py:2726} INFO - Sync 1 DAGs
[2023-05-29T09:33:11.887+0000] {logging_mixin.py:149} INFO - [2023-05-29T09:33:11.887+0000] {dag.py:3490} INFO - Setting next_dagrun for example_complex to None, run_after=None
[2023-05-29T09:33:11.898+0000] {processor.py:179} INFO - Processing /home/airflow/.local/lib/python3.7/site-packages/airflow/example_dags/example_complex.py took 0.065 seconds
[2023-05-29T09:33:42.380+0000] {processor.py:157} INFO - Started process (PID=230) to work on /home/airflow/.local/lib/python3.7/site-packages/airflow/example_dags/example_complex.py
[2023-05-29T09:33:42.382+0000] {processor.py:826} INFO - Processing file /home/airflow/.local/lib/python3.7/site-packages/airflow/example_dags/example_complex.py for tasks to queue
[2023-05-29T09:33:42.383+0000] {logging_mixin.py:149} INFO - [2023-05-29T09:33:42.383+0000] {dagbag.py:541} INFO - Filling up the DagBag from /home/airflow/.local/lib/python3.7/site-packages/airflow/example_dags/example_complex.py
[2023-05-29T09:33:42.390+0000] {logging_mixin.py:149} INFO - [2023-05-29T09:33:42.390+0000] {taskmixin.py:211} WARNING - Dependency <Task(BashOperator): create_entry_group>, delete_entry_group already registered for DAG: example_complex
[2023-05-29T09:33:42.391+0000] {logging_mixin.py:149} INFO - [2023-05-29T09:33:42.391+0000] {taskmixin.py:211} WARNING - Dependency <Task(BashOperator): delete_entry_group>, create_entry_group already registered for DAG: example_complex
[2023-05-29T09:33:42.392+0000] {logging_mixin.py:149} INFO - [2023-05-29T09:33:42.392+0000] {taskmixin.py:211} WARNING - Dependency <Task(BashOperator): create_entry_gcs>, delete_entry already registered for DAG: example_complex
[2023-05-29T09:33:42.392+0000] {logging_mixin.py:149} INFO - [2023-05-29T09:33:42.392+0000] {taskmixin.py:211} WARNING - Dependency <Task(BashOperator): delete_entry>, create_entry_gcs already registered for DAG: example_complex
[2023-05-29T09:33:42.393+0000] {logging_mixin.py:149} INFO - [2023-05-29T09:33:42.393+0000] {taskmixin.py:211} WARNING - Dependency <Task(BashOperator): create_tag>, delete_tag already registered for DAG: example_complex
[2023-05-29T09:33:42.395+0000] {logging_mixin.py:149} INFO - [2023-05-29T09:33:42.394+0000] {taskmixin.py:211} WARNING - Dependency <Task(BashOperator): delete_tag>, create_tag already registered for DAG: example_complex
[2023-05-29T09:33:42.396+0000] {processor.py:836} INFO - DAG(s) dict_keys(['example_complex']) retrieved from /home/airflow/.local/lib/python3.7/site-packages/airflow/example_dags/example_complex.py
[2023-05-29T09:33:42.422+0000] {logging_mixin.py:149} INFO - [2023-05-29T09:33:42.422+0000] {dag.py:2726} INFO - Sync 1 DAGs
[2023-05-29T09:33:42.438+0000] {logging_mixin.py:149} INFO - [2023-05-29T09:33:42.438+0000] {dag.py:3490} INFO - Setting next_dagrun for example_complex to None, run_after=None
[2023-05-29T09:33:42.450+0000] {processor.py:179} INFO - Processing /home/airflow/.local/lib/python3.7/site-packages/airflow/example_dags/example_complex.py took 0.072 seconds
[2023-05-29T09:34:12.841+0000] {processor.py:157} INFO - Started process (PID=286) to work on /home/airflow/.local/lib/python3.7/site-packages/airflow/example_dags/example_complex.py
[2023-05-29T09:34:12.842+0000] {processor.py:826} INFO - Processing file /home/airflow/.local/lib/python3.7/site-packages/airflow/example_dags/example_complex.py for tasks to queue
[2023-05-29T09:34:12.843+0000] {logging_mixin.py:149} INFO - [2023-05-29T09:34:12.843+0000] {dagbag.py:541} INFO - Filling up the DagBag from /home/airflow/.local/lib/python3.7/site-packages/airflow/example_dags/example_complex.py
[2023-05-29T09:34:12.851+0000] {logging_mixin.py:149} INFO - [2023-05-29T09:34:12.851+0000] {taskmixin.py:211} WARNING - Dependency <Task(BashOperator): create_entry_group>, delete_entry_group already registered for DAG: example_complex
[2023-05-29T09:34:12.855+0000] {logging_mixin.py:149} INFO - [2023-05-29T09:34:12.853+0000] {taskmixin.py:211} WARNING - Dependency <Task(BashOperator): delete_entry_group>, create_entry_group already registered for DAG: example_complex
[2023-05-29T09:34:12.857+0000] {logging_mixin.py:149} INFO - [2023-05-29T09:34:12.857+0000] {taskmixin.py:211} WARNING - Dependency <Task(BashOperator): create_entry_gcs>, delete_entry already registered for DAG: example_complex
[2023-05-29T09:34:12.859+0000] {logging_mixin.py:149} INFO - [2023-05-29T09:34:12.859+0000] {taskmixin.py:211} WARNING - Dependency <Task(BashOperator): delete_entry>, create_entry_gcs already registered for DAG: example_complex
[2023-05-29T09:34:12.860+0000] {logging_mixin.py:149} INFO - [2023-05-29T09:34:12.860+0000] {taskmixin.py:211} WARNING - Dependency <Task(BashOperator): create_tag>, delete_tag already registered for DAG: example_complex
[2023-05-29T09:34:12.862+0000] {logging_mixin.py:149} INFO - [2023-05-29T09:34:12.862+0000] {taskmixin.py:211} WARNING - Dependency <Task(BashOperator): delete_tag>, create_tag already registered for DAG: example_complex
[2023-05-29T09:34:12.864+0000] {processor.py:836} INFO - DAG(s) dict_keys(['example_complex']) retrieved from /home/airflow/.local/lib/python3.7/site-packages/airflow/example_dags/example_complex.py
[2023-05-29T09:34:12.892+0000] {logging_mixin.py:149} INFO - [2023-05-29T09:34:12.892+0000] {dag.py:2726} INFO - Sync 1 DAGs
[2023-05-29T09:34:12.909+0000] {logging_mixin.py:149} INFO - [2023-05-29T09:34:12.909+0000] {dag.py:3490} INFO - Setting next_dagrun for example_complex to None, run_after=None
[2023-05-29T09:34:12.921+0000] {processor.py:179} INFO - Processing /home/airflow/.local/lib/python3.7/site-packages/airflow/example_dags/example_complex.py took 0.083 seconds
[2023-05-29T09:34:43.247+0000] {processor.py:157} INFO - Started process (PID=342) to work on /home/airflow/.local/lib/python3.7/site-packages/airflow/example_dags/example_complex.py
[2023-05-29T09:34:43.248+0000] {processor.py:826} INFO - Processing file /home/airflow/.local/lib/python3.7/site-packages/airflow/example_dags/example_complex.py for tasks to queue
[2023-05-29T09:34:43.249+0000] {logging_mixin.py:149} INFO - [2023-05-29T09:34:43.249+0000] {dagbag.py:541} INFO - Filling up the DagBag from /home/airflow/.local/lib/python3.7/site-packages/airflow/example_dags/example_complex.py
[2023-05-29T09:34:43.256+0000] {logging_mixin.py:149} INFO - [2023-05-29T09:34:43.256+0000] {taskmixin.py:211} WARNING - Dependency <Task(BashOperator): create_entry_group>, delete_entry_group already registered for DAG: example_complex
[2023-05-29T09:34:43.257+0000] {logging_mixin.py:149} INFO - [2023-05-29T09:34:43.256+0000] {taskmixin.py:211} WARNING - Dependency <Task(BashOperator): delete_entry_group>, create_entry_group already registered for DAG: example_complex
[2023-05-29T09:34:43.257+0000] {logging_mixin.py:149} INFO - [2023-05-29T09:34:43.257+0000] {taskmixin.py:211} WARNING - Dependency <Task(BashOperator): create_entry_gcs>, delete_entry already registered for DAG: example_complex
[2023-05-29T09:34:43.257+0000] {logging_mixin.py:149} INFO - [2023-05-29T09:34:43.257+0000] {taskmixin.py:211} WARNING - Dependency <Task(BashOperator): delete_entry>, create_entry_gcs already registered for DAG: example_complex
[2023-05-29T09:34:43.258+0000] {logging_mixin.py:149} INFO - [2023-05-29T09:34:43.258+0000] {taskmixin.py:211} WARNING - Dependency <Task(BashOperator): create_tag>, delete_tag already registered for DAG: example_complex
[2023-05-29T09:34:43.258+0000] {logging_mixin.py:149} INFO - [2023-05-29T09:34:43.258+0000] {taskmixin.py:211} WARNING - Dependency <Task(BashOperator): delete_tag>, create_tag already registered for DAG: example_complex
[2023-05-29T09:34:43.259+0000] {processor.py:836} INFO - DAG(s) dict_keys(['example_complex']) retrieved from /home/airflow/.local/lib/python3.7/site-packages/airflow/example_dags/example_complex.py
[2023-05-29T09:34:43.283+0000] {logging_mixin.py:149} INFO - [2023-05-29T09:34:43.283+0000] {dag.py:2726} INFO - Sync 1 DAGs
[2023-05-29T09:34:43.302+0000] {logging_mixin.py:149} INFO - [2023-05-29T09:34:43.302+0000] {dag.py:3490} INFO - Setting next_dagrun for example_complex to None, run_after=None
[2023-05-29T09:34:43.314+0000] {processor.py:179} INFO - Processing /home/airflow/.local/lib/python3.7/site-packages/airflow/example_dags/example_complex.py took 0.070 seconds
[2023-05-29T09:35:13.454+0000] {processor.py:157} INFO - Started process (PID=397) to work on /home/airflow/.local/lib/python3.7/site-packages/airflow/example_dags/example_complex.py
[2023-05-29T09:35:13.456+0000] {processor.py:826} INFO - Processing file /home/airflow/.local/lib/python3.7/site-packages/airflow/example_dags/example_complex.py for tasks to queue
[2023-05-29T09:35:13.456+0000] {logging_mixin.py:149} INFO - [2023-05-29T09:35:13.456+0000] {dagbag.py:541} INFO - Filling up the DagBag from /home/airflow/.local/lib/python3.7/site-packages/airflow/example_dags/example_complex.py
[2023-05-29T09:35:13.463+0000] {logging_mixin.py:149} INFO - [2023-05-29T09:35:13.463+0000] {taskmixin.py:211} WARNING - Dependency <Task(BashOperator): create_entry_group>, delete_entry_group already registered for DAG: example_complex
[2023-05-29T09:35:13.464+0000] {logging_mixin.py:149} INFO - [2023-05-29T09:35:13.464+0000] {taskmixin.py:211} WARNING - Dependency <Task(BashOperator): delete_entry_group>, create_entry_group already registered for DAG: example_complex
[2023-05-29T09:35:13.464+0000] {logging_mixin.py:149} INFO - [2023-05-29T09:35:13.464+0000] {taskmixin.py:211} WARNING - Dependency <Task(BashOperator): create_entry_gcs>, delete_entry already registered for DAG: example_complex
[2023-05-29T09:35:13.465+0000] {logging_mixin.py:149} INFO - [2023-05-29T09:35:13.465+0000] {taskmixin.py:211} WARNING - Dependency <Task(BashOperator): delete_entry>, create_entry_gcs already registered for DAG: example_complex
[2023-05-29T09:35:13.465+0000] {logging_mixin.py:149} INFO - [2023-05-29T09:35:13.465+0000] {taskmixin.py:211} WARNING - Dependency <Task(BashOperator): create_tag>, delete_tag already registered for DAG: example_complex
[2023-05-29T09:35:13.466+0000] {logging_mixin.py:149} INFO - [2023-05-29T09:35:13.466+0000] {taskmixin.py:211} WARNING - Dependency <Task(BashOperator): delete_tag>, create_tag already registered for DAG: example_complex
[2023-05-29T09:35:13.467+0000] {processor.py:836} INFO - DAG(s) dict_keys(['example_complex']) retrieved from /home/airflow/.local/lib/python3.7/site-packages/airflow/example_dags/example_complex.py
[2023-05-29T09:35:13.491+0000] {logging_mixin.py:149} INFO - [2023-05-29T09:35:13.491+0000] {dag.py:2726} INFO - Sync 1 DAGs
[2023-05-29T09:35:13.506+0000] {logging_mixin.py:149} INFO - [2023-05-29T09:35:13.506+0000] {dag.py:3490} INFO - Setting next_dagrun for example_complex to None, run_after=None
[2023-05-29T09:35:13.517+0000] {processor.py:179} INFO - Processing /home/airflow/.local/lib/python3.7/site-packages/airflow/example_dags/example_complex.py took 0.066 seconds
[2023-05-29T09:35:43.759+0000] {processor.py:157} INFO - Started process (PID=453) to work on /home/airflow/.local/lib/python3.7/site-packages/airflow/example_dags/example_complex.py
[2023-05-29T09:35:43.760+0000] {processor.py:826} INFO - Processing file /home/airflow/.local/lib/python3.7/site-packages/airflow/example_dags/example_complex.py for tasks to queue
[2023-05-29T09:35:43.761+0000] {logging_mixin.py:149} INFO - [2023-05-29T09:35:43.761+0000] {dagbag.py:541} INFO - Filling up the DagBag from /home/airflow/.local/lib/python3.7/site-packages/airflow/example_dags/example_complex.py
[2023-05-29T09:35:43.768+0000] {logging_mixin.py:149} INFO - [2023-05-29T09:35:43.768+0000] {taskmixin.py:211} WARNING - Dependency <Task(BashOperator): create_entry_group>, delete_entry_group already registered for DAG: example_complex
[2023-05-29T09:35:43.769+0000] {logging_mixin.py:149} INFO - [2023-05-29T09:35:43.769+0000] {taskmixin.py:211} WARNING - Dependency <Task(BashOperator): delete_entry_group>, create_entry_group already registered for DAG: example_complex
[2023-05-29T09:35:43.769+0000] {logging_mixin.py:149} INFO - [2023-05-29T09:35:43.769+0000] {taskmixin.py:211} WARNING - Dependency <Task(BashOperator): create_entry_gcs>, delete_entry already registered for DAG: example_complex
[2023-05-29T09:35:43.770+0000] {logging_mixin.py:149} INFO - [2023-05-29T09:35:43.770+0000] {taskmixin.py:211} WARNING - Dependency <Task(BashOperator): delete_entry>, create_entry_gcs already registered for DAG: example_complex
[2023-05-29T09:35:43.770+0000] {logging_mixin.py:149} INFO - [2023-05-29T09:35:43.770+0000] {taskmixin.py:211} WARNING - Dependency <Task(BashOperator): create_tag>, delete_tag already registered for DAG: example_complex
[2023-05-29T09:35:43.770+0000] {logging_mixin.py:149} INFO - [2023-05-29T09:35:43.770+0000] {taskmixin.py:211} WARNING - Dependency <Task(BashOperator): delete_tag>, create_tag already registered for DAG: example_complex
[2023-05-29T09:35:43.772+0000] {processor.py:836} INFO - DAG(s) dict_keys(['example_complex']) retrieved from /home/airflow/.local/lib/python3.7/site-packages/airflow/example_dags/example_complex.py
[2023-05-29T09:35:43.796+0000] {logging_mixin.py:149} INFO - [2023-05-29T09:35:43.796+0000] {dag.py:2726} INFO - Sync 1 DAGs
[2023-05-29T09:35:43.811+0000] {logging_mixin.py:149} INFO - [2023-05-29T09:35:43.810+0000] {dag.py:3490} INFO - Setting next_dagrun for example_complex to None, run_after=None
[2023-05-29T09:35:43.823+0000] {processor.py:179} INFO - Processing /home/airflow/.local/lib/python3.7/site-packages/airflow/example_dags/example_complex.py took 0.066 seconds
[2023-05-29T09:36:14.125+0000] {processor.py:157} INFO - Started process (PID=509) to work on /home/airflow/.local/lib/python3.7/site-packages/airflow/example_dags/example_complex.py
[2023-05-29T09:36:14.126+0000] {processor.py:826} INFO - Processing file /home/airflow/.local/lib/python3.7/site-packages/airflow/example_dags/example_complex.py for tasks to queue
[2023-05-29T09:36:14.127+0000] {logging_mixin.py:149} INFO - [2023-05-29T09:36:14.127+0000] {dagbag.py:541} INFO - Filling up the DagBag from /home/airflow/.local/lib/python3.7/site-packages/airflow/example_dags/example_complex.py
[2023-05-29T09:36:14.133+0000] {logging_mixin.py:149} INFO - [2023-05-29T09:36:14.133+0000] {taskmixin.py:211} WARNING - Dependency <Task(BashOperator): create_entry_group>, delete_entry_group already registered for DAG: example_complex
[2023-05-29T09:36:14.134+0000] {logging_mixin.py:149} INFO - [2023-05-29T09:36:14.134+0000] {taskmixin.py:211} WARNING - Dependency <Task(BashOperator): delete_entry_group>, create_entry_group already registered for DAG: example_complex
[2023-05-29T09:36:14.134+0000] {logging_mixin.py:149} INFO - [2023-05-29T09:36:14.134+0000] {taskmixin.py:211} WARNING - Dependency <Task(BashOperator): create_entry_gcs>, delete_entry already registered for DAG: example_complex
[2023-05-29T09:36:14.134+0000] {logging_mixin.py:149} INFO - [2023-05-29T09:36:14.134+0000] {taskmixin.py:211} WARNING - Dependency <Task(BashOperator): delete_entry>, create_entry_gcs already registered for DAG: example_complex
[2023-05-29T09:36:14.135+0000] {logging_mixin.py:149} INFO - [2023-05-29T09:36:14.135+0000] {taskmixin.py:211} WARNING - Dependency <Task(BashOperator): create_tag>, delete_tag already registered for DAG: example_complex
[2023-05-29T09:36:14.135+0000] {logging_mixin.py:149} INFO - [2023-05-29T09:36:14.135+0000] {taskmixin.py:211} WARNING - Dependency <Task(BashOperator): delete_tag>, create_tag already registered for DAG: example_complex
[2023-05-29T09:36:14.136+0000] {processor.py:836} INFO - DAG(s) dict_keys(['example_complex']) retrieved from /home/airflow/.local/lib/python3.7/site-packages/airflow/example_dags/example_complex.py
[2023-05-29T09:36:14.161+0000] {logging_mixin.py:149} INFO - [2023-05-29T09:36:14.161+0000] {dag.py:2726} INFO - Sync 1 DAGs
[2023-05-29T09:36:14.177+0000] {logging_mixin.py:149} INFO - [2023-05-29T09:36:14.177+0000] {dag.py:3490} INFO - Setting next_dagrun for example_complex to None, run_after=None
[2023-05-29T09:36:14.189+0000] {processor.py:179} INFO - Processing /home/airflow/.local/lib/python3.7/site-packages/airflow/example_dags/example_complex.py took 0.067 seconds
[2023-05-29T09:36:44.629+0000] {processor.py:157} INFO - Started process (PID=565) to work on /home/airflow/.local/lib/python3.7/site-packages/airflow/example_dags/example_complex.py
[2023-05-29T09:36:44.630+0000] {processor.py:826} INFO - Processing file /home/airflow/.local/lib/python3.7/site-packages/airflow/example_dags/example_complex.py for tasks to queue
[2023-05-29T09:36:44.631+0000] {logging_mixin.py:149} INFO - [2023-05-29T09:36:44.631+0000] {dagbag.py:541} INFO - Filling up the DagBag from /home/airflow/.local/lib/python3.7/site-packages/airflow/example_dags/example_complex.py
[2023-05-29T09:36:44.637+0000] {logging_mixin.py:149} INFO - [2023-05-29T09:36:44.637+0000] {taskmixin.py:211} WARNING - Dependency <Task(BashOperator): create_entry_group>, delete_entry_group already registered for DAG: example_complex
[2023-05-29T09:36:44.638+0000] {logging_mixin.py:149} INFO - [2023-05-29T09:36:44.638+0000] {taskmixin.py:211} WARNING - Dependency <Task(BashOperator): delete_entry_group>, create_entry_group already registered for DAG: example_complex
[2023-05-29T09:36:44.638+0000] {logging_mixin.py:149} INFO - [2023-05-29T09:36:44.638+0000] {taskmixin.py:211} WARNING - Dependency <Task(BashOperator): create_entry_gcs>, delete_entry already registered for DAG: example_complex
[2023-05-29T09:36:44.639+0000] {logging_mixin.py:149} INFO - [2023-05-29T09:36:44.638+0000] {taskmixin.py:211} WARNING - Dependency <Task(BashOperator): delete_entry>, create_entry_gcs already registered for DAG: example_complex
[2023-05-29T09:36:44.639+0000] {logging_mixin.py:149} INFO - [2023-05-29T09:36:44.639+0000] {taskmixin.py:211} WARNING - Dependency <Task(BashOperator): create_tag>, delete_tag already registered for DAG: example_complex
[2023-05-29T09:36:44.639+0000] {logging_mixin.py:149} INFO - [2023-05-29T09:36:44.639+0000] {taskmixin.py:211} WARNING - Dependency <Task(BashOperator): delete_tag>, create_tag already registered for DAG: example_complex
[2023-05-29T09:36:44.640+0000] {processor.py:836} INFO - DAG(s) dict_keys(['example_complex']) retrieved from /home/airflow/.local/lib/python3.7/site-packages/airflow/example_dags/example_complex.py
[2023-05-29T09:36:44.664+0000] {logging_mixin.py:149} INFO - [2023-05-29T09:36:44.664+0000] {dag.py:2726} INFO - Sync 1 DAGs
[2023-05-29T09:36:44.679+0000] {logging_mixin.py:149} INFO - [2023-05-29T09:36:44.679+0000] {dag.py:3490} INFO - Setting next_dagrun for example_complex to None, run_after=None
[2023-05-29T09:36:44.689+0000] {processor.py:179} INFO - Processing /home/airflow/.local/lib/python3.7/site-packages/airflow/example_dags/example_complex.py took 0.063 seconds
[2023-05-29T09:37:15.010+0000] {processor.py:157} INFO - Started process (PID=621) to work on /home/airflow/.local/lib/python3.7/site-packages/airflow/example_dags/example_complex.py
[2023-05-29T09:37:15.011+0000] {processor.py:826} INFO - Processing file /home/airflow/.local/lib/python3.7/site-packages/airflow/example_dags/example_complex.py for tasks to queue
[2023-05-29T09:37:15.012+0000] {logging_mixin.py:149} INFO - [2023-05-29T09:37:15.012+0000] {dagbag.py:541} INFO - Filling up the DagBag from /home/airflow/.local/lib/python3.7/site-packages/airflow/example_dags/example_complex.py
[2023-05-29T09:37:15.018+0000] {logging_mixin.py:149} INFO - [2023-05-29T09:37:15.018+0000] {taskmixin.py:211} WARNING - Dependency <Task(BashOperator): create_entry_group>, delete_entry_group already registered for DAG: example_complex
[2023-05-29T09:37:15.019+0000] {logging_mixin.py:149} INFO - [2023-05-29T09:37:15.019+0000] {taskmixin.py:211} WARNING - Dependency <Task(BashOperator): delete_entry_group>, create_entry_group already registered for DAG: example_complex
[2023-05-29T09:37:15.019+0000] {logging_mixin.py:149} INFO - [2023-05-29T09:37:15.019+0000] {taskmixin.py:211} WARNING - Dependency <Task(BashOperator): create_entry_gcs>, delete_entry already registered for DAG: example_complex
[2023-05-29T09:37:15.019+0000] {logging_mixin.py:149} INFO - [2023-05-29T09:37:15.019+0000] {taskmixin.py:211} WARNING - Dependency <Task(BashOperator): delete_entry>, create_entry_gcs already registered for DAG: example_complex
[2023-05-29T09:37:15.020+0000] {logging_mixin.py:149} INFO - [2023-05-29T09:37:15.020+0000] {taskmixin.py:211} WARNING - Dependency <Task(BashOperator): create_tag>, delete_tag already registered for DAG: example_complex
[2023-05-29T09:37:15.020+0000] {logging_mixin.py:149} INFO - [2023-05-29T09:37:15.020+0000] {taskmixin.py:211} WARNING - Dependency <Task(BashOperator): delete_tag>, create_tag already registered for DAG: example_complex
[2023-05-29T09:37:15.021+0000] {processor.py:836} INFO - DAG(s) dict_keys(['example_complex']) retrieved from /home/airflow/.local/lib/python3.7/site-packages/airflow/example_dags/example_complex.py
[2023-05-29T09:37:15.044+0000] {logging_mixin.py:149} INFO - [2023-05-29T09:37:15.044+0000] {dag.py:2726} INFO - Sync 1 DAGs
[2023-05-29T09:37:15.059+0000] {logging_mixin.py:149} INFO - [2023-05-29T09:37:15.059+0000] {dag.py:3490} INFO - Setting next_dagrun for example_complex to None, run_after=None
[2023-05-29T09:37:15.070+0000] {processor.py:179} INFO - Processing /home/airflow/.local/lib/python3.7/site-packages/airflow/example_dags/example_complex.py took 0.062 seconds
[2023-05-29T09:37:45.295+0000] {processor.py:157} INFO - Started process (PID=677) to work on /home/airflow/.local/lib/python3.7/site-packages/airflow/example_dags/example_complex.py
[2023-05-29T09:37:45.297+0000] {processor.py:826} INFO - Processing file /home/airflow/.local/lib/python3.7/site-packages/airflow/example_dags/example_complex.py for tasks to queue
[2023-05-29T09:37:45.298+0000] {logging_mixin.py:149} INFO - [2023-05-29T09:37:45.297+0000] {dagbag.py:541} INFO - Filling up the DagBag from /home/airflow/.local/lib/python3.7/site-packages/airflow/example_dags/example_complex.py
[2023-05-29T09:37:45.305+0000] {logging_mixin.py:149} INFO - [2023-05-29T09:37:45.305+0000] {taskmixin.py:211} WARNING - Dependency <Task(BashOperator): create_entry_group>, delete_entry_group already registered for DAG: example_complex
[2023-05-29T09:37:45.306+0000] {logging_mixin.py:149} INFO - [2023-05-29T09:37:45.305+0000] {taskmixin.py:211} WARNING - Dependency <Task(BashOperator): delete_entry_group>, create_entry_group already registered for DAG: example_complex
[2023-05-29T09:37:45.306+0000] {logging_mixin.py:149} INFO - [2023-05-29T09:37:45.306+0000] {taskmixin.py:211} WARNING - Dependency <Task(BashOperator): create_entry_gcs>, delete_entry already registered for DAG: example_complex
[2023-05-29T09:37:45.306+0000] {logging_mixin.py:149} INFO - [2023-05-29T09:37:45.306+0000] {taskmixin.py:211} WARNING - Dependency <Task(BashOperator): delete_entry>, create_entry_gcs already registered for DAG: example_complex
[2023-05-29T09:37:45.307+0000] {logging_mixin.py:149} INFO - [2023-05-29T09:37:45.307+0000] {taskmixin.py:211} WARNING - Dependency <Task(BashOperator): create_tag>, delete_tag already registered for DAG: example_complex
[2023-05-29T09:37:45.307+0000] {logging_mixin.py:149} INFO - [2023-05-29T09:37:45.307+0000] {taskmixin.py:211} WARNING - Dependency <Task(BashOperator): delete_tag>, create_tag already registered for DAG: example_complex
[2023-05-29T09:37:45.308+0000] {processor.py:836} INFO - DAG(s) dict_keys(['example_complex']) retrieved from /home/airflow/.local/lib/python3.7/site-packages/airflow/example_dags/example_complex.py
[2023-05-29T09:37:45.333+0000] {logging_mixin.py:149} INFO - [2023-05-29T09:37:45.333+0000] {dag.py:2726} INFO - Sync 1 DAGs
[2023-05-29T09:37:45.349+0000] {logging_mixin.py:149} INFO - [2023-05-29T09:37:45.349+0000] {dag.py:3490} INFO - Setting next_dagrun for example_complex to None, run_after=None
[2023-05-29T09:37:45.361+0000] {processor.py:179} INFO - Processing /home/airflow/.local/lib/python3.7/site-packages/airflow/example_dags/example_complex.py took 0.068 seconds
[2023-05-29T09:38:15.697+0000] {processor.py:157} INFO - Started process (PID=733) to work on /home/airflow/.local/lib/python3.7/site-packages/airflow/example_dags/example_complex.py
[2023-05-29T09:38:15.699+0000] {processor.py:826} INFO - Processing file /home/airflow/.local/lib/python3.7/site-packages/airflow/example_dags/example_complex.py for tasks to queue
[2023-05-29T09:38:15.700+0000] {logging_mixin.py:149} INFO - [2023-05-29T09:38:15.700+0000] {dagbag.py:541} INFO - Filling up the DagBag from /home/airflow/.local/lib/python3.7/site-packages/airflow/example_dags/example_complex.py
[2023-05-29T09:38:15.707+0000] {logging_mixin.py:149} INFO - [2023-05-29T09:38:15.707+0000] {taskmixin.py:211} WARNING - Dependency <Task(BashOperator): create_entry_group>, delete_entry_group already registered for DAG: example_complex
[2023-05-29T09:38:15.707+0000] {logging_mixin.py:149} INFO - [2023-05-29T09:38:15.707+0000] {taskmixin.py:211} WARNING - Dependency <Task(BashOperator): delete_entry_group>, create_entry_group already registered for DAG: example_complex
[2023-05-29T09:38:15.708+0000] {logging_mixin.py:149} INFO - [2023-05-29T09:38:15.708+0000] {taskmixin.py:211} WARNING - Dependency <Task(BashOperator): create_entry_gcs>, delete_entry already registered for DAG: example_complex
[2023-05-29T09:38:15.708+0000] {logging_mixin.py:149} INFO - [2023-05-29T09:38:15.708+0000] {taskmixin.py:211} WARNING - Dependency <Task(BashOperator): delete_entry>, create_entry_gcs already registered for DAG: example_complex
[2023-05-29T09:38:15.709+0000] {logging_mixin.py:149} INFO - [2023-05-29T09:38:15.709+0000] {taskmixin.py:211} WARNING - Dependency <Task(BashOperator): create_tag>, delete_tag already registered for DAG: example_complex
[2023-05-29T09:38:15.709+0000] {logging_mixin.py:149} INFO - [2023-05-29T09:38:15.709+0000] {taskmixin.py:211} WARNING - Dependency <Task(BashOperator): delete_tag>, create_tag already registered for DAG: example_complex
[2023-05-29T09:38:15.710+0000] {processor.py:836} INFO - DAG(s) dict_keys(['example_complex']) retrieved from /home/airflow/.local/lib/python3.7/site-packages/airflow/example_dags/example_complex.py
[2023-05-29T09:38:15.739+0000] {logging_mixin.py:149} INFO - [2023-05-29T09:38:15.739+0000] {dag.py:2726} INFO - Sync 1 DAGs
[2023-05-29T09:38:15.757+0000] {logging_mixin.py:149} INFO - [2023-05-29T09:38:15.757+0000] {dag.py:3490} INFO - Setting next_dagrun for example_complex to None, run_after=None
[2023-05-29T09:38:15.772+0000] {processor.py:179} INFO - Processing /home/airflow/.local/lib/python3.7/site-packages/airflow/example_dags/example_complex.py took 0.078 seconds
[2023-05-29T09:38:46.081+0000] {processor.py:157} INFO - Started process (PID=789) to work on /home/airflow/.local/lib/python3.7/site-packages/airflow/example_dags/example_complex.py
[2023-05-29T09:38:46.083+0000] {processor.py:826} INFO - Processing file /home/airflow/.local/lib/python3.7/site-packages/airflow/example_dags/example_complex.py for tasks to queue
[2023-05-29T09:38:46.084+0000] {logging_mixin.py:149} INFO - [2023-05-29T09:38:46.083+0000] {dagbag.py:541} INFO - Filling up the DagBag from /home/airflow/.local/lib/python3.7/site-packages/airflow/example_dags/example_complex.py
[2023-05-29T09:38:46.090+0000] {logging_mixin.py:149} INFO - [2023-05-29T09:38:46.090+0000] {taskmixin.py:211} WARNING - Dependency <Task(BashOperator): create_entry_group>, delete_entry_group already registered for DAG: example_complex
[2023-05-29T09:38:46.091+0000] {logging_mixin.py:149} INFO - [2023-05-29T09:38:46.091+0000] {taskmixin.py:211} WARNING - Dependency <Task(BashOperator): delete_entry_group>, create_entry_group already registered for DAG: example_complex
[2023-05-29T09:38:46.091+0000] {logging_mixin.py:149} INFO - [2023-05-29T09:38:46.091+0000] {taskmixin.py:211} WARNING - Dependency <Task(BashOperator): create_entry_gcs>, delete_entry already registered for DAG: example_complex
[2023-05-29T09:38:46.092+0000] {logging_mixin.py:149} INFO - [2023-05-29T09:38:46.092+0000] {taskmixin.py:211} WARNING - Dependency <Task(BashOperator): delete_entry>, create_entry_gcs already registered for DAG: example_complex
[2023-05-29T09:38:46.092+0000] {logging_mixin.py:149} INFO - [2023-05-29T09:38:46.092+0000] {taskmixin.py:211} WARNING - Dependency <Task(BashOperator): create_tag>, delete_tag already registered for DAG: example_complex
[2023-05-29T09:38:46.093+0000] {logging_mixin.py:149} INFO - [2023-05-29T09:38:46.092+0000] {taskmixin.py:211} WARNING - Dependency <Task(BashOperator): delete_tag>, create_tag already registered for DAG: example_complex
[2023-05-29T09:38:46.094+0000] {processor.py:836} INFO - DAG(s) dict_keys(['example_complex']) retrieved from /home/airflow/.local/lib/python3.7/site-packages/airflow/example_dags/example_complex.py
[2023-05-29T09:38:46.120+0000] {logging_mixin.py:149} INFO - [2023-05-29T09:38:46.120+0000] {dag.py:2726} INFO - Sync 1 DAGs
[2023-05-29T09:38:46.141+0000] {logging_mixin.py:149} INFO - [2023-05-29T09:38:46.141+0000] {dag.py:3490} INFO - Setting next_dagrun for example_complex to None, run_after=None
[2023-05-29T09:38:46.155+0000] {processor.py:179} INFO - Processing /home/airflow/.local/lib/python3.7/site-packages/airflow/example_dags/example_complex.py took 0.078 seconds
[2023-05-29T09:39:16.287+0000] {processor.py:157} INFO - Started process (PID=846) to work on /home/airflow/.local/lib/python3.7/site-packages/airflow/example_dags/example_complex.py
[2023-05-29T09:39:16.288+0000] {processor.py:826} INFO - Processing file /home/airflow/.local/lib/python3.7/site-packages/airflow/example_dags/example_complex.py for tasks to queue
[2023-05-29T09:39:16.289+0000] {logging_mixin.py:149} INFO - [2023-05-29T09:39:16.289+0000] {dagbag.py:541} INFO - Filling up the DagBag from /home/airflow/.local/lib/python3.7/site-packages/airflow/example_dags/example_complex.py
[2023-05-29T09:39:16.296+0000] {logging_mixin.py:149} INFO - [2023-05-29T09:39:16.296+0000] {taskmixin.py:211} WARNING - Dependency <Task(BashOperator): create_entry_group>, delete_entry_group already registered for DAG: example_complex
[2023-05-29T09:39:16.297+0000] {logging_mixin.py:149} INFO - [2023-05-29T09:39:16.297+0000] {taskmixin.py:211} WARNING - Dependency <Task(BashOperator): delete_entry_group>, create_entry_group already registered for DAG: example_complex
[2023-05-29T09:39:16.297+0000] {logging_mixin.py:149} INFO - [2023-05-29T09:39:16.297+0000] {taskmixin.py:211} WARNING - Dependency <Task(BashOperator): create_entry_gcs>, delete_entry already registered for DAG: example_complex
[2023-05-29T09:39:16.298+0000] {logging_mixin.py:149} INFO - [2023-05-29T09:39:16.298+0000] {taskmixin.py:211} WARNING - Dependency <Task(BashOperator): delete_entry>, create_entry_gcs already registered for DAG: example_complex
[2023-05-29T09:39:16.298+0000] {logging_mixin.py:149} INFO - [2023-05-29T09:39:16.298+0000] {taskmixin.py:211} WARNING - Dependency <Task(BashOperator): create_tag>, delete_tag already registered for DAG: example_complex
[2023-05-29T09:39:16.299+0000] {logging_mixin.py:149} INFO - [2023-05-29T09:39:16.299+0000] {taskmixin.py:211} WARNING - Dependency <Task(BashOperator): delete_tag>, create_tag already registered for DAG: example_complex
[2023-05-29T09:39:16.300+0000] {processor.py:836} INFO - DAG(s) dict_keys(['example_complex']) retrieved from /home/airflow/.local/lib/python3.7/site-packages/airflow/example_dags/example_complex.py
[2023-05-29T09:39:16.324+0000] {logging_mixin.py:149} INFO - [2023-05-29T09:39:16.324+0000] {dag.py:2726} INFO - Sync 1 DAGs
[2023-05-29T09:39:16.339+0000] {logging_mixin.py:149} INFO - [2023-05-29T09:39:16.339+0000] {dag.py:3490} INFO - Setting next_dagrun for example_complex to None, run_after=None
[2023-05-29T09:39:16.350+0000] {processor.py:179} INFO - Processing /home/airflow/.local/lib/python3.7/site-packages/airflow/example_dags/example_complex.py took 0.066 seconds
[2023-05-29T09:39:46.902+0000] {processor.py:157} INFO - Started process (PID=902) to work on /home/airflow/.local/lib/python3.7/site-packages/airflow/example_dags/example_complex.py
[2023-05-29T09:39:46.903+0000] {processor.py:826} INFO - Processing file /home/airflow/.local/lib/python3.7/site-packages/airflow/example_dags/example_complex.py for tasks to queue
[2023-05-29T09:39:46.904+0000] {logging_mixin.py:149} INFO - [2023-05-29T09:39:46.904+0000] {dagbag.py:541} INFO - Filling up the DagBag from /home/airflow/.local/lib/python3.7/site-packages/airflow/example_dags/example_complex.py
[2023-05-29T09:39:46.911+0000] {logging_mixin.py:149} INFO - [2023-05-29T09:39:46.910+0000] {taskmixin.py:211} WARNING - Dependency <Task(BashOperator): create_entry_group>, delete_entry_group already registered for DAG: example_complex
[2023-05-29T09:39:46.911+0000] {logging_mixin.py:149} INFO - [2023-05-29T09:39:46.911+0000] {taskmixin.py:211} WARNING - Dependency <Task(BashOperator): delete_entry_group>, create_entry_group already registered for DAG: example_complex
[2023-05-29T09:39:46.912+0000] {logging_mixin.py:149} INFO - [2023-05-29T09:39:46.912+0000] {taskmixin.py:211} WARNING - Dependency <Task(BashOperator): create_entry_gcs>, delete_entry already registered for DAG: example_complex
[2023-05-29T09:39:46.912+0000] {logging_mixin.py:149} INFO - [2023-05-29T09:39:46.912+0000] {taskmixin.py:211} WARNING - Dependency <Task(BashOperator): delete_entry>, create_entry_gcs already registered for DAG: example_complex
[2023-05-29T09:39:46.913+0000] {logging_mixin.py:149} INFO - [2023-05-29T09:39:46.913+0000] {taskmixin.py:211} WARNING - Dependency <Task(BashOperator): create_tag>, delete_tag already registered for DAG: example_complex
[2023-05-29T09:39:46.913+0000] {logging_mixin.py:149} INFO - [2023-05-29T09:39:46.913+0000] {taskmixin.py:211} WARNING - Dependency <Task(BashOperator): delete_tag>, create_tag already registered for DAG: example_complex
[2023-05-29T09:39:46.914+0000] {processor.py:836} INFO - DAG(s) dict_keys(['example_complex']) retrieved from /home/airflow/.local/lib/python3.7/site-packages/airflow/example_dags/example_complex.py
[2023-05-29T09:39:46.939+0000] {logging_mixin.py:149} INFO - [2023-05-29T09:39:46.939+0000] {dag.py:2726} INFO - Sync 1 DAGs
[2023-05-29T09:39:46.955+0000] {logging_mixin.py:149} INFO - [2023-05-29T09:39:46.955+0000] {dag.py:3490} INFO - Setting next_dagrun for example_complex to None, run_after=None
[2023-05-29T09:39:46.967+0000] {processor.py:179} INFO - Processing /home/airflow/.local/lib/python3.7/site-packages/airflow/example_dags/example_complex.py took 0.068 seconds
[2023-05-29T09:40:17.205+0000] {processor.py:157} INFO - Started process (PID=958) to work on /home/airflow/.local/lib/python3.7/site-packages/airflow/example_dags/example_complex.py
[2023-05-29T09:40:17.206+0000] {processor.py:826} INFO - Processing file /home/airflow/.local/lib/python3.7/site-packages/airflow/example_dags/example_complex.py for tasks to queue
[2023-05-29T09:40:17.207+0000] {logging_mixin.py:149} INFO - [2023-05-29T09:40:17.207+0000] {dagbag.py:541} INFO - Filling up the DagBag from /home/airflow/.local/lib/python3.7/site-packages/airflow/example_dags/example_complex.py
[2023-05-29T09:40:17.214+0000] {logging_mixin.py:149} INFO - [2023-05-29T09:40:17.214+0000] {taskmixin.py:211} WARNING - Dependency <Task(BashOperator): create_entry_group>, delete_entry_group already registered for DAG: example_complex
[2023-05-29T09:40:17.215+0000] {logging_mixin.py:149} INFO - [2023-05-29T09:40:17.215+0000] {taskmixin.py:211} WARNING - Dependency <Task(BashOperator): delete_entry_group>, create_entry_group already registered for DAG: example_complex
[2023-05-29T09:40:17.215+0000] {logging_mixin.py:149} INFO - [2023-05-29T09:40:17.215+0000] {taskmixin.py:211} WARNING - Dependency <Task(BashOperator): create_entry_gcs>, delete_entry already registered for DAG: example_complex
[2023-05-29T09:40:17.216+0000] {logging_mixin.py:149} INFO - [2023-05-29T09:40:17.216+0000] {taskmixin.py:211} WARNING - Dependency <Task(BashOperator): delete_entry>, create_entry_gcs already registered for DAG: example_complex
[2023-05-29T09:40:17.216+0000] {logging_mixin.py:149} INFO - [2023-05-29T09:40:17.216+0000] {taskmixin.py:211} WARNING - Dependency <Task(BashOperator): create_tag>, delete_tag already registered for DAG: example_complex
[2023-05-29T09:40:17.216+0000] {logging_mixin.py:149} INFO - [2023-05-29T09:40:17.216+0000] {taskmixin.py:211} WARNING - Dependency <Task(BashOperator): delete_tag>, create_tag already registered for DAG: example_complex
[2023-05-29T09:40:17.218+0000] {processor.py:836} INFO - DAG(s) dict_keys(['example_complex']) retrieved from /home/airflow/.local/lib/python3.7/site-packages/airflow/example_dags/example_complex.py
[2023-05-29T09:40:17.243+0000] {logging_mixin.py:149} INFO - [2023-05-29T09:40:17.243+0000] {dag.py:2726} INFO - Sync 1 DAGs
[2023-05-29T09:40:17.259+0000] {logging_mixin.py:149} INFO - [2023-05-29T09:40:17.259+0000] {dag.py:3490} INFO - Setting next_dagrun for example_complex to None, run_after=None
[2023-05-29T09:40:17.269+0000] {processor.py:179} INFO - Processing /home/airflow/.local/lib/python3.7/site-packages/airflow/example_dags/example_complex.py took 0.067 seconds
[2023-05-29T09:40:47.615+0000] {processor.py:157} INFO - Started process (PID=1014) to work on /home/airflow/.local/lib/python3.7/site-packages/airflow/example_dags/example_complex.py
[2023-05-29T09:40:47.617+0000] {processor.py:826} INFO - Processing file /home/airflow/.local/lib/python3.7/site-packages/airflow/example_dags/example_complex.py for tasks to queue
[2023-05-29T09:40:47.618+0000] {logging_mixin.py:149} INFO - [2023-05-29T09:40:47.618+0000] {dagbag.py:541} INFO - Filling up the DagBag from /home/airflow/.local/lib/python3.7/site-packages/airflow/example_dags/example_complex.py
[2023-05-29T09:40:47.627+0000] {logging_mixin.py:149} INFO - [2023-05-29T09:40:47.627+0000] {taskmixin.py:211} WARNING - Dependency <Task(BashOperator): create_entry_group>, delete_entry_group already registered for DAG: example_complex
[2023-05-29T09:40:47.628+0000] {logging_mixin.py:149} INFO - [2023-05-29T09:40:47.628+0000] {taskmixin.py:211} WARNING - Dependency <Task(BashOperator): delete_entry_group>, create_entry_group already registered for DAG: example_complex
[2023-05-29T09:40:47.628+0000] {logging_mixin.py:149} INFO - [2023-05-29T09:40:47.628+0000] {taskmixin.py:211} WARNING - Dependency <Task(BashOperator): create_entry_gcs>, delete_entry already registered for DAG: example_complex
[2023-05-29T09:40:47.629+0000] {logging_mixin.py:149} INFO - [2023-05-29T09:40:47.629+0000] {taskmixin.py:211} WARNING - Dependency <Task(BashOperator): delete_entry>, create_entry_gcs already registered for DAG: example_complex
[2023-05-29T09:40:47.629+0000] {logging_mixin.py:149} INFO - [2023-05-29T09:40:47.629+0000] {taskmixin.py:211} WARNING - Dependency <Task(BashOperator): create_tag>, delete_tag already registered for DAG: example_complex
[2023-05-29T09:40:47.630+0000] {logging_mixin.py:149} INFO - [2023-05-29T09:40:47.630+0000] {taskmixin.py:211} WARNING - Dependency <Task(BashOperator): delete_tag>, create_tag already registered for DAG: example_complex
[2023-05-29T09:40:47.631+0000] {processor.py:836} INFO - DAG(s) dict_keys(['example_complex']) retrieved from /home/airflow/.local/lib/python3.7/site-packages/airflow/example_dags/example_complex.py
[2023-05-29T09:40:47.660+0000] {logging_mixin.py:149} INFO - [2023-05-29T09:40:47.660+0000] {dag.py:2726} INFO - Sync 1 DAGs
[2023-05-29T09:40:47.679+0000] {logging_mixin.py:149} INFO - [2023-05-29T09:40:47.679+0000] {dag.py:3490} INFO - Setting next_dagrun for example_complex to None, run_after=None
[2023-05-29T09:40:47.693+0000] {processor.py:179} INFO - Processing /home/airflow/.local/lib/python3.7/site-packages/airflow/example_dags/example_complex.py took 0.082 seconds
[2023-05-29T09:41:18.037+0000] {processor.py:157} INFO - Started process (PID=1070) to work on /home/airflow/.local/lib/python3.7/site-packages/airflow/example_dags/example_complex.py
[2023-05-29T09:41:18.039+0000] {processor.py:826} INFO - Processing file /home/airflow/.local/lib/python3.7/site-packages/airflow/example_dags/example_complex.py for tasks to queue
[2023-05-29T09:41:18.042+0000] {logging_mixin.py:149} INFO - [2023-05-29T09:41:18.041+0000] {dagbag.py:541} INFO - Filling up the DagBag from /home/airflow/.local/lib/python3.7/site-packages/airflow/example_dags/example_complex.py
[2023-05-29T09:41:18.052+0000] {logging_mixin.py:149} INFO - [2023-05-29T09:41:18.052+0000] {taskmixin.py:211} WARNING - Dependency <Task(BashOperator): create_entry_group>, delete_entry_group already registered for DAG: example_complex
[2023-05-29T09:41:18.053+0000] {logging_mixin.py:149} INFO - [2023-05-29T09:41:18.053+0000] {taskmixin.py:211} WARNING - Dependency <Task(BashOperator): delete_entry_group>, create_entry_group already registered for DAG: example_complex
[2023-05-29T09:41:18.053+0000] {logging_mixin.py:149} INFO - [2023-05-29T09:41:18.053+0000] {taskmixin.py:211} WARNING - Dependency <Task(BashOperator): create_entry_gcs>, delete_entry already registered for DAG: example_complex
[2023-05-29T09:41:18.054+0000] {logging_mixin.py:149} INFO - [2023-05-29T09:41:18.054+0000] {taskmixin.py:211} WARNING - Dependency <Task(BashOperator): delete_entry>, create_entry_gcs already registered for DAG: example_complex
[2023-05-29T09:41:18.055+0000] {logging_mixin.py:149} INFO - [2023-05-29T09:41:18.055+0000] {taskmixin.py:211} WARNING - Dependency <Task(BashOperator): create_tag>, delete_tag already registered for DAG: example_complex
[2023-05-29T09:41:18.055+0000] {logging_mixin.py:149} INFO - [2023-05-29T09:41:18.055+0000] {taskmixin.py:211} WARNING - Dependency <Task(BashOperator): delete_tag>, create_tag already registered for DAG: example_complex
[2023-05-29T09:41:18.057+0000] {processor.py:836} INFO - DAG(s) dict_keys(['example_complex']) retrieved from /home/airflow/.local/lib/python3.7/site-packages/airflow/example_dags/example_complex.py
[2023-05-29T09:41:18.083+0000] {logging_mixin.py:149} INFO - [2023-05-29T09:41:18.083+0000] {dag.py:2726} INFO - Sync 1 DAGs
[2023-05-29T09:41:18.100+0000] {logging_mixin.py:149} INFO - [2023-05-29T09:41:18.100+0000] {dag.py:3490} INFO - Setting next_dagrun for example_complex to None, run_after=None
[2023-05-29T09:41:18.111+0000] {processor.py:179} INFO - Processing /home/airflow/.local/lib/python3.7/site-packages/airflow/example_dags/example_complex.py took 0.078 seconds
[2023-05-29T09:41:48.608+0000] {processor.py:157} INFO - Started process (PID=1126) to work on /home/airflow/.local/lib/python3.7/site-packages/airflow/example_dags/example_complex.py
[2023-05-29T09:41:48.609+0000] {processor.py:826} INFO - Processing file /home/airflow/.local/lib/python3.7/site-packages/airflow/example_dags/example_complex.py for tasks to queue
[2023-05-29T09:41:48.610+0000] {logging_mixin.py:149} INFO - [2023-05-29T09:41:48.610+0000] {dagbag.py:541} INFO - Filling up the DagBag from /home/airflow/.local/lib/python3.7/site-packages/airflow/example_dags/example_complex.py
[2023-05-29T09:41:48.617+0000] {logging_mixin.py:149} INFO - [2023-05-29T09:41:48.617+0000] {taskmixin.py:211} WARNING - Dependency <Task(BashOperator): create_entry_group>, delete_entry_group already registered for DAG: example_complex
[2023-05-29T09:41:48.618+0000] {logging_mixin.py:149} INFO - [2023-05-29T09:41:48.618+0000] {taskmixin.py:211} WARNING - Dependency <Task(BashOperator): delete_entry_group>, create_entry_group already registered for DAG: example_complex
[2023-05-29T09:41:48.618+0000] {logging_mixin.py:149} INFO - [2023-05-29T09:41:48.618+0000] {taskmixin.py:211} WARNING - Dependency <Task(BashOperator): create_entry_gcs>, delete_entry already registered for DAG: example_complex
[2023-05-29T09:41:48.619+0000] {logging_mixin.py:149} INFO - [2023-05-29T09:41:48.619+0000] {taskmixin.py:211} WARNING - Dependency <Task(BashOperator): delete_entry>, create_entry_gcs already registered for DAG: example_complex
[2023-05-29T09:41:48.619+0000] {logging_mixin.py:149} INFO - [2023-05-29T09:41:48.619+0000] {taskmixin.py:211} WARNING - Dependency <Task(BashOperator): create_tag>, delete_tag already registered for DAG: example_complex
[2023-05-29T09:41:48.620+0000] {logging_mixin.py:149} INFO - [2023-05-29T09:41:48.619+0000] {taskmixin.py:211} WARNING - Dependency <Task(BashOperator): delete_tag>, create_tag already registered for DAG: example_complex
[2023-05-29T09:41:48.621+0000] {processor.py:836} INFO - DAG(s) dict_keys(['example_complex']) retrieved from /home/airflow/.local/lib/python3.7/site-packages/airflow/example_dags/example_complex.py
[2023-05-29T09:41:48.646+0000] {logging_mixin.py:149} INFO - [2023-05-29T09:41:48.646+0000] {dag.py:2726} INFO - Sync 1 DAGs
[2023-05-29T09:41:48.664+0000] {logging_mixin.py:149} INFO - [2023-05-29T09:41:48.664+0000] {dag.py:3490} INFO - Setting next_dagrun for example_complex to None, run_after=None
[2023-05-29T09:41:48.678+0000] {processor.py:179} INFO - Processing /home/airflow/.local/lib/python3.7/site-packages/airflow/example_dags/example_complex.py took 0.073 seconds
[2023-05-29T09:42:19.088+0000] {processor.py:157} INFO - Started process (PID=1183) to work on /home/airflow/.local/lib/python3.7/site-packages/airflow/example_dags/example_complex.py
[2023-05-29T09:42:19.089+0000] {processor.py:826} INFO - Processing file /home/airflow/.local/lib/python3.7/site-packages/airflow/example_dags/example_complex.py for tasks to queue
[2023-05-29T09:42:19.091+0000] {logging_mixin.py:149} INFO - [2023-05-29T09:42:19.091+0000] {dagbag.py:541} INFO - Filling up the DagBag from /home/airflow/.local/lib/python3.7/site-packages/airflow/example_dags/example_complex.py
[2023-05-29T09:42:19.098+0000] {logging_mixin.py:149} INFO - [2023-05-29T09:42:19.098+0000] {taskmixin.py:211} WARNING - Dependency <Task(BashOperator): create_entry_group>, delete_entry_group already registered for DAG: example_complex
[2023-05-29T09:42:19.099+0000] {logging_mixin.py:149} INFO - [2023-05-29T09:42:19.099+0000] {taskmixin.py:211} WARNING - Dependency <Task(BashOperator): delete_entry_group>, create_entry_group already registered for DAG: example_complex
[2023-05-29T09:42:19.100+0000] {logging_mixin.py:149} INFO - [2023-05-29T09:42:19.100+0000] {taskmixin.py:211} WARNING - Dependency <Task(BashOperator): create_entry_gcs>, delete_entry already registered for DAG: example_complex
[2023-05-29T09:42:19.100+0000] {logging_mixin.py:149} INFO - [2023-05-29T09:42:19.100+0000] {taskmixin.py:211} WARNING - Dependency <Task(BashOperator): delete_entry>, create_entry_gcs already registered for DAG: example_complex
[2023-05-29T09:42:19.101+0000] {logging_mixin.py:149} INFO - [2023-05-29T09:42:19.101+0000] {taskmixin.py:211} WARNING - Dependency <Task(BashOperator): create_tag>, delete_tag already registered for DAG: example_complex
[2023-05-29T09:42:19.101+0000] {logging_mixin.py:149} INFO - [2023-05-29T09:42:19.101+0000] {taskmixin.py:211} WARNING - Dependency <Task(BashOperator): delete_tag>, create_tag already registered for DAG: example_complex
[2023-05-29T09:42:19.102+0000] {processor.py:836} INFO - DAG(s) dict_keys(['example_complex']) retrieved from /home/airflow/.local/lib/python3.7/site-packages/airflow/example_dags/example_complex.py
[2023-05-29T09:42:19.127+0000] {logging_mixin.py:149} INFO - [2023-05-29T09:42:19.127+0000] {dag.py:2726} INFO - Sync 1 DAGs
[2023-05-29T09:42:19.142+0000] {logging_mixin.py:149} INFO - [2023-05-29T09:42:19.142+0000] {dag.py:3490} INFO - Setting next_dagrun for example_complex to None, run_after=None
[2023-05-29T09:42:19.155+0000] {processor.py:179} INFO - Processing /home/airflow/.local/lib/python3.7/site-packages/airflow/example_dags/example_complex.py took 0.069 seconds
