[2023-05-29T09:32:10.458+0000] {processor.py:157} INFO - Started process (PID=52) to work on /home/airflow/.local/lib/python3.7/site-packages/airflow/example_dags/example_nested_branch_dag.py
[2023-05-29T09:32:10.460+0000] {processor.py:826} INFO - Processing file /home/airflow/.local/lib/python3.7/site-packages/airflow/example_dags/example_nested_branch_dag.py for tasks to queue
[2023-05-29T09:32:10.461+0000] {logging_mixin.py:149} INFO - [2023-05-29T09:32:10.461+0000] {dagbag.py:541} INFO - Filling up the DagBag from /home/airflow/.local/lib/python3.7/site-packages/airflow/example_dags/example_nested_branch_dag.py
[2023-05-29T09:32:10.477+0000] {processor.py:836} INFO - DAG(s) dict_keys(['example_nested_branch_dag']) retrieved from /home/airflow/.local/lib/python3.7/site-packages/airflow/example_dags/example_nested_branch_dag.py
[2023-05-29T09:32:10.498+0000] {logging_mixin.py:149} INFO - [2023-05-29T09:32:10.498+0000] {dag.py:2726} INFO - Sync 1 DAGs
[2023-05-29T09:32:10.543+0000] {logging_mixin.py:149} INFO - [2023-05-29T09:32:10.543+0000] {dag.py:3490} INFO - Setting next_dagrun for example_nested_branch_dag to 2023-05-28T00:00:00+00:00, run_after=2023-05-29T00:00:00+00:00
[2023-05-29T09:32:10.557+0000] {processor.py:179} INFO - Processing /home/airflow/.local/lib/python3.7/site-packages/airflow/example_dags/example_nested_branch_dag.py took 0.102 seconds
[2023-05-29T09:32:41.053+0000] {processor.py:157} INFO - Started process (PID=108) to work on /home/airflow/.local/lib/python3.7/site-packages/airflow/example_dags/example_nested_branch_dag.py
[2023-05-29T09:32:41.054+0000] {processor.py:826} INFO - Processing file /home/airflow/.local/lib/python3.7/site-packages/airflow/example_dags/example_nested_branch_dag.py for tasks to queue
[2023-05-29T09:32:41.055+0000] {logging_mixin.py:149} INFO - [2023-05-29T09:32:41.055+0000] {dagbag.py:541} INFO - Filling up the DagBag from /home/airflow/.local/lib/python3.7/site-packages/airflow/example_dags/example_nested_branch_dag.py
[2023-05-29T09:32:41.063+0000] {processor.py:836} INFO - DAG(s) dict_keys(['example_nested_branch_dag']) retrieved from /home/airflow/.local/lib/python3.7/site-packages/airflow/example_dags/example_nested_branch_dag.py
[2023-05-29T09:32:41.082+0000] {logging_mixin.py:149} INFO - [2023-05-29T09:32:41.082+0000] {dag.py:2726} INFO - Sync 1 DAGs
[2023-05-29T09:32:41.098+0000] {logging_mixin.py:149} INFO - [2023-05-29T09:32:41.098+0000] {dag.py:3490} INFO - Setting next_dagrun for example_nested_branch_dag to 2023-05-28T00:00:00+00:00, run_after=2023-05-29T00:00:00+00:00
[2023-05-29T09:32:41.109+0000] {processor.py:179} INFO - Processing /home/airflow/.local/lib/python3.7/site-packages/airflow/example_dags/example_nested_branch_dag.py took 0.058 seconds
[2023-05-29T09:33:11.388+0000] {processor.py:157} INFO - Started process (PID=164) to work on /home/airflow/.local/lib/python3.7/site-packages/airflow/example_dags/example_nested_branch_dag.py
[2023-05-29T09:33:11.389+0000] {processor.py:826} INFO - Processing file /home/airflow/.local/lib/python3.7/site-packages/airflow/example_dags/example_nested_branch_dag.py for tasks to queue
[2023-05-29T09:33:11.390+0000] {logging_mixin.py:149} INFO - [2023-05-29T09:33:11.390+0000] {dagbag.py:541} INFO - Filling up the DagBag from /home/airflow/.local/lib/python3.7/site-packages/airflow/example_dags/example_nested_branch_dag.py
[2023-05-29T09:33:11.397+0000] {processor.py:836} INFO - DAG(s) dict_keys(['example_nested_branch_dag']) retrieved from /home/airflow/.local/lib/python3.7/site-packages/airflow/example_dags/example_nested_branch_dag.py
[2023-05-29T09:33:11.417+0000] {logging_mixin.py:149} INFO - [2023-05-29T09:33:11.417+0000] {dag.py:2726} INFO - Sync 1 DAGs
[2023-05-29T09:33:11.433+0000] {logging_mixin.py:149} INFO - [2023-05-29T09:33:11.433+0000] {dag.py:3490} INFO - Setting next_dagrun for example_nested_branch_dag to 2023-05-28T00:00:00+00:00, run_after=2023-05-29T00:00:00+00:00
[2023-05-29T09:33:11.445+0000] {processor.py:179} INFO - Processing /home/airflow/.local/lib/python3.7/site-packages/airflow/example_dags/example_nested_branch_dag.py took 0.059 seconds
[2023-05-29T09:33:41.839+0000] {processor.py:157} INFO - Started process (PID=220) to work on /home/airflow/.local/lib/python3.7/site-packages/airflow/example_dags/example_nested_branch_dag.py
[2023-05-29T09:33:41.841+0000] {processor.py:826} INFO - Processing file /home/airflow/.local/lib/python3.7/site-packages/airflow/example_dags/example_nested_branch_dag.py for tasks to queue
[2023-05-29T09:33:41.843+0000] {logging_mixin.py:149} INFO - [2023-05-29T09:33:41.842+0000] {dagbag.py:541} INFO - Filling up the DagBag from /home/airflow/.local/lib/python3.7/site-packages/airflow/example_dags/example_nested_branch_dag.py
[2023-05-29T09:33:41.850+0000] {processor.py:836} INFO - DAG(s) dict_keys(['example_nested_branch_dag']) retrieved from /home/airflow/.local/lib/python3.7/site-packages/airflow/example_dags/example_nested_branch_dag.py
[2023-05-29T09:33:41.870+0000] {logging_mixin.py:149} INFO - [2023-05-29T09:33:41.870+0000] {dag.py:2726} INFO - Sync 1 DAGs
[2023-05-29T09:33:41.887+0000] {logging_mixin.py:149} INFO - [2023-05-29T09:33:41.887+0000] {dag.py:3490} INFO - Setting next_dagrun for example_nested_branch_dag to 2023-05-28T00:00:00+00:00, run_after=2023-05-29T00:00:00+00:00
[2023-05-29T09:33:41.898+0000] {processor.py:179} INFO - Processing /home/airflow/.local/lib/python3.7/site-packages/airflow/example_dags/example_nested_branch_dag.py took 0.061 seconds
[2023-05-29T09:34:12.348+0000] {processor.py:157} INFO - Started process (PID=276) to work on /home/airflow/.local/lib/python3.7/site-packages/airflow/example_dags/example_nested_branch_dag.py
[2023-05-29T09:34:12.349+0000] {processor.py:826} INFO - Processing file /home/airflow/.local/lib/python3.7/site-packages/airflow/example_dags/example_nested_branch_dag.py for tasks to queue
[2023-05-29T09:34:12.350+0000] {logging_mixin.py:149} INFO - [2023-05-29T09:34:12.350+0000] {dagbag.py:541} INFO - Filling up the DagBag from /home/airflow/.local/lib/python3.7/site-packages/airflow/example_dags/example_nested_branch_dag.py
[2023-05-29T09:34:12.357+0000] {processor.py:836} INFO - DAG(s) dict_keys(['example_nested_branch_dag']) retrieved from /home/airflow/.local/lib/python3.7/site-packages/airflow/example_dags/example_nested_branch_dag.py
[2023-05-29T09:34:12.377+0000] {logging_mixin.py:149} INFO - [2023-05-29T09:34:12.377+0000] {dag.py:2726} INFO - Sync 1 DAGs
[2023-05-29T09:34:12.393+0000] {logging_mixin.py:149} INFO - [2023-05-29T09:34:12.393+0000] {dag.py:3490} INFO - Setting next_dagrun for example_nested_branch_dag to 2023-05-28T00:00:00+00:00, run_after=2023-05-29T00:00:00+00:00
[2023-05-29T09:34:12.404+0000] {processor.py:179} INFO - Processing /home/airflow/.local/lib/python3.7/site-packages/airflow/example_dags/example_nested_branch_dag.py took 0.060 seconds
[2023-05-29T09:34:42.757+0000] {processor.py:157} INFO - Started process (PID=332) to work on /home/airflow/.local/lib/python3.7/site-packages/airflow/example_dags/example_nested_branch_dag.py
[2023-05-29T09:34:42.759+0000] {processor.py:826} INFO - Processing file /home/airflow/.local/lib/python3.7/site-packages/airflow/example_dags/example_nested_branch_dag.py for tasks to queue
[2023-05-29T09:34:42.760+0000] {logging_mixin.py:149} INFO - [2023-05-29T09:34:42.760+0000] {dagbag.py:541} INFO - Filling up the DagBag from /home/airflow/.local/lib/python3.7/site-packages/airflow/example_dags/example_nested_branch_dag.py
[2023-05-29T09:34:42.767+0000] {processor.py:836} INFO - DAG(s) dict_keys(['example_nested_branch_dag']) retrieved from /home/airflow/.local/lib/python3.7/site-packages/airflow/example_dags/example_nested_branch_dag.py
[2023-05-29T09:34:42.787+0000] {logging_mixin.py:149} INFO - [2023-05-29T09:34:42.787+0000] {dag.py:2726} INFO - Sync 1 DAGs
[2023-05-29T09:34:42.812+0000] {logging_mixin.py:149} INFO - [2023-05-29T09:34:42.812+0000] {dag.py:3490} INFO - Setting next_dagrun for example_nested_branch_dag to 2023-05-28T00:00:00+00:00, run_after=2023-05-29T00:00:00+00:00
[2023-05-29T09:34:42.827+0000] {processor.py:179} INFO - Processing /home/airflow/.local/lib/python3.7/site-packages/airflow/example_dags/example_nested_branch_dag.py took 0.073 seconds
[2023-05-29T09:35:12.996+0000] {processor.py:157} INFO - Started process (PID=387) to work on /home/airflow/.local/lib/python3.7/site-packages/airflow/example_dags/example_nested_branch_dag.py
[2023-05-29T09:35:12.997+0000] {processor.py:826} INFO - Processing file /home/airflow/.local/lib/python3.7/site-packages/airflow/example_dags/example_nested_branch_dag.py for tasks to queue
[2023-05-29T09:35:12.998+0000] {logging_mixin.py:149} INFO - [2023-05-29T09:35:12.998+0000] {dagbag.py:541} INFO - Filling up the DagBag from /home/airflow/.local/lib/python3.7/site-packages/airflow/example_dags/example_nested_branch_dag.py
[2023-05-29T09:35:13.005+0000] {processor.py:836} INFO - DAG(s) dict_keys(['example_nested_branch_dag']) retrieved from /home/airflow/.local/lib/python3.7/site-packages/airflow/example_dags/example_nested_branch_dag.py
[2023-05-29T09:35:13.026+0000] {logging_mixin.py:149} INFO - [2023-05-29T09:35:13.026+0000] {dag.py:2726} INFO - Sync 1 DAGs
[2023-05-29T09:35:13.044+0000] {logging_mixin.py:149} INFO - [2023-05-29T09:35:13.044+0000] {dag.py:3490} INFO - Setting next_dagrun for example_nested_branch_dag to 2023-05-28T00:00:00+00:00, run_after=2023-05-29T00:00:00+00:00
[2023-05-29T09:35:13.055+0000] {processor.py:179} INFO - Processing /home/airflow/.local/lib/python3.7/site-packages/airflow/example_dags/example_nested_branch_dag.py took 0.061 seconds
[2023-05-29T09:35:43.278+0000] {processor.py:157} INFO - Started process (PID=443) to work on /home/airflow/.local/lib/python3.7/site-packages/airflow/example_dags/example_nested_branch_dag.py
[2023-05-29T09:35:43.280+0000] {processor.py:826} INFO - Processing file /home/airflow/.local/lib/python3.7/site-packages/airflow/example_dags/example_nested_branch_dag.py for tasks to queue
[2023-05-29T09:35:43.281+0000] {logging_mixin.py:149} INFO - [2023-05-29T09:35:43.280+0000] {dagbag.py:541} INFO - Filling up the DagBag from /home/airflow/.local/lib/python3.7/site-packages/airflow/example_dags/example_nested_branch_dag.py
[2023-05-29T09:35:43.288+0000] {processor.py:836} INFO - DAG(s) dict_keys(['example_nested_branch_dag']) retrieved from /home/airflow/.local/lib/python3.7/site-packages/airflow/example_dags/example_nested_branch_dag.py
[2023-05-29T09:35:43.307+0000] {logging_mixin.py:149} INFO - [2023-05-29T09:35:43.307+0000] {dag.py:2726} INFO - Sync 1 DAGs
[2023-05-29T09:35:43.325+0000] {logging_mixin.py:149} INFO - [2023-05-29T09:35:43.325+0000] {dag.py:3490} INFO - Setting next_dagrun for example_nested_branch_dag to 2023-05-28T00:00:00+00:00, run_after=2023-05-29T00:00:00+00:00
[2023-05-29T09:35:43.337+0000] {processor.py:179} INFO - Processing /home/airflow/.local/lib/python3.7/site-packages/airflow/example_dags/example_nested_branch_dag.py took 0.061 seconds
[2023-05-29T09:36:13.655+0000] {processor.py:157} INFO - Started process (PID=499) to work on /home/airflow/.local/lib/python3.7/site-packages/airflow/example_dags/example_nested_branch_dag.py
[2023-05-29T09:36:13.656+0000] {processor.py:826} INFO - Processing file /home/airflow/.local/lib/python3.7/site-packages/airflow/example_dags/example_nested_branch_dag.py for tasks to queue
[2023-05-29T09:36:13.657+0000] {logging_mixin.py:149} INFO - [2023-05-29T09:36:13.657+0000] {dagbag.py:541} INFO - Filling up the DagBag from /home/airflow/.local/lib/python3.7/site-packages/airflow/example_dags/example_nested_branch_dag.py
[2023-05-29T09:36:13.665+0000] {processor.py:836} INFO - DAG(s) dict_keys(['example_nested_branch_dag']) retrieved from /home/airflow/.local/lib/python3.7/site-packages/airflow/example_dags/example_nested_branch_dag.py
[2023-05-29T09:36:13.684+0000] {logging_mixin.py:149} INFO - [2023-05-29T09:36:13.683+0000] {dag.py:2726} INFO - Sync 1 DAGs
[2023-05-29T09:36:13.700+0000] {logging_mixin.py:149} INFO - [2023-05-29T09:36:13.700+0000] {dag.py:3490} INFO - Setting next_dagrun for example_nested_branch_dag to 2023-05-28T00:00:00+00:00, run_after=2023-05-29T00:00:00+00:00
[2023-05-29T09:36:13.710+0000] {processor.py:179} INFO - Processing /home/airflow/.local/lib/python3.7/site-packages/airflow/example_dags/example_nested_branch_dag.py took 0.058 seconds
[2023-05-29T09:36:44.137+0000] {processor.py:157} INFO - Started process (PID=555) to work on /home/airflow/.local/lib/python3.7/site-packages/airflow/example_dags/example_nested_branch_dag.py
[2023-05-29T09:36:44.138+0000] {processor.py:826} INFO - Processing file /home/airflow/.local/lib/python3.7/site-packages/airflow/example_dags/example_nested_branch_dag.py for tasks to queue
[2023-05-29T09:36:44.138+0000] {logging_mixin.py:149} INFO - [2023-05-29T09:36:44.138+0000] {dagbag.py:541} INFO - Filling up the DagBag from /home/airflow/.local/lib/python3.7/site-packages/airflow/example_dags/example_nested_branch_dag.py
[2023-05-29T09:36:44.146+0000] {processor.py:836} INFO - DAG(s) dict_keys(['example_nested_branch_dag']) retrieved from /home/airflow/.local/lib/python3.7/site-packages/airflow/example_dags/example_nested_branch_dag.py
[2023-05-29T09:36:44.166+0000] {logging_mixin.py:149} INFO - [2023-05-29T09:36:44.166+0000] {dag.py:2726} INFO - Sync 1 DAGs
[2023-05-29T09:36:44.182+0000] {logging_mixin.py:149} INFO - [2023-05-29T09:36:44.182+0000] {dag.py:3490} INFO - Setting next_dagrun for example_nested_branch_dag to 2023-05-28T00:00:00+00:00, run_after=2023-05-29T00:00:00+00:00
[2023-05-29T09:36:44.193+0000] {processor.py:179} INFO - Processing /home/airflow/.local/lib/python3.7/site-packages/airflow/example_dags/example_nested_branch_dag.py took 0.060 seconds
[2023-05-29T09:37:14.407+0000] {processor.py:157} INFO - Started process (PID=611) to work on /home/airflow/.local/lib/python3.7/site-packages/airflow/example_dags/example_nested_branch_dag.py
[2023-05-29T09:37:14.408+0000] {processor.py:826} INFO - Processing file /home/airflow/.local/lib/python3.7/site-packages/airflow/example_dags/example_nested_branch_dag.py for tasks to queue
[2023-05-29T09:37:14.409+0000] {logging_mixin.py:149} INFO - [2023-05-29T09:37:14.409+0000] {dagbag.py:541} INFO - Filling up the DagBag from /home/airflow/.local/lib/python3.7/site-packages/airflow/example_dags/example_nested_branch_dag.py
[2023-05-29T09:37:14.421+0000] {processor.py:836} INFO - DAG(s) dict_keys(['example_nested_branch_dag']) retrieved from /home/airflow/.local/lib/python3.7/site-packages/airflow/example_dags/example_nested_branch_dag.py
[2023-05-29T09:37:14.444+0000] {logging_mixin.py:149} INFO - [2023-05-29T09:37:14.444+0000] {dag.py:2726} INFO - Sync 1 DAGs
[2023-05-29T09:37:14.461+0000] {logging_mixin.py:149} INFO - [2023-05-29T09:37:14.461+0000] {dag.py:3490} INFO - Setting next_dagrun for example_nested_branch_dag to 2023-05-28T00:00:00+00:00, run_after=2023-05-29T00:00:00+00:00
[2023-05-29T09:37:14.473+0000] {processor.py:179} INFO - Processing /home/airflow/.local/lib/python3.7/site-packages/airflow/example_dags/example_nested_branch_dag.py took 0.070 seconds
[2023-05-29T09:37:44.794+0000] {processor.py:157} INFO - Started process (PID=667) to work on /home/airflow/.local/lib/python3.7/site-packages/airflow/example_dags/example_nested_branch_dag.py
[2023-05-29T09:37:44.796+0000] {processor.py:826} INFO - Processing file /home/airflow/.local/lib/python3.7/site-packages/airflow/example_dags/example_nested_branch_dag.py for tasks to queue
[2023-05-29T09:37:44.796+0000] {logging_mixin.py:149} INFO - [2023-05-29T09:37:44.796+0000] {dagbag.py:541} INFO - Filling up the DagBag from /home/airflow/.local/lib/python3.7/site-packages/airflow/example_dags/example_nested_branch_dag.py
[2023-05-29T09:37:44.807+0000] {processor.py:836} INFO - DAG(s) dict_keys(['example_nested_branch_dag']) retrieved from /home/airflow/.local/lib/python3.7/site-packages/airflow/example_dags/example_nested_branch_dag.py
[2023-05-29T09:37:44.829+0000] {logging_mixin.py:149} INFO - [2023-05-29T09:37:44.829+0000] {dag.py:2726} INFO - Sync 1 DAGs
[2023-05-29T09:37:44.854+0000] {logging_mixin.py:149} INFO - [2023-05-29T09:37:44.854+0000] {dag.py:3490} INFO - Setting next_dagrun for example_nested_branch_dag to 2023-05-28T00:00:00+00:00, run_after=2023-05-29T00:00:00+00:00
[2023-05-29T09:37:44.866+0000] {processor.py:179} INFO - Processing /home/airflow/.local/lib/python3.7/site-packages/airflow/example_dags/example_nested_branch_dag.py took 0.075 seconds
[2023-05-29T09:38:15.208+0000] {processor.py:157} INFO - Started process (PID=723) to work on /home/airflow/.local/lib/python3.7/site-packages/airflow/example_dags/example_nested_branch_dag.py
[2023-05-29T09:38:15.209+0000] {processor.py:826} INFO - Processing file /home/airflow/.local/lib/python3.7/site-packages/airflow/example_dags/example_nested_branch_dag.py for tasks to queue
[2023-05-29T09:38:15.210+0000] {logging_mixin.py:149} INFO - [2023-05-29T09:38:15.210+0000] {dagbag.py:541} INFO - Filling up the DagBag from /home/airflow/.local/lib/python3.7/site-packages/airflow/example_dags/example_nested_branch_dag.py
[2023-05-29T09:38:15.218+0000] {processor.py:836} INFO - DAG(s) dict_keys(['example_nested_branch_dag']) retrieved from /home/airflow/.local/lib/python3.7/site-packages/airflow/example_dags/example_nested_branch_dag.py
[2023-05-29T09:38:15.238+0000] {logging_mixin.py:149} INFO - [2023-05-29T09:38:15.238+0000] {dag.py:2726} INFO - Sync 1 DAGs
[2023-05-29T09:38:15.255+0000] {logging_mixin.py:149} INFO - [2023-05-29T09:38:15.255+0000] {dag.py:3490} INFO - Setting next_dagrun for example_nested_branch_dag to 2023-05-28T00:00:00+00:00, run_after=2023-05-29T00:00:00+00:00
[2023-05-29T09:38:15.266+0000] {processor.py:179} INFO - Processing /home/airflow/.local/lib/python3.7/site-packages/airflow/example_dags/example_nested_branch_dag.py took 0.061 seconds
[2023-05-29T09:38:45.593+0000] {processor.py:157} INFO - Started process (PID=779) to work on /home/airflow/.local/lib/python3.7/site-packages/airflow/example_dags/example_nested_branch_dag.py
[2023-05-29T09:38:45.594+0000] {processor.py:826} INFO - Processing file /home/airflow/.local/lib/python3.7/site-packages/airflow/example_dags/example_nested_branch_dag.py for tasks to queue
[2023-05-29T09:38:45.595+0000] {logging_mixin.py:149} INFO - [2023-05-29T09:38:45.595+0000] {dagbag.py:541} INFO - Filling up the DagBag from /home/airflow/.local/lib/python3.7/site-packages/airflow/example_dags/example_nested_branch_dag.py
[2023-05-29T09:38:45.603+0000] {processor.py:836} INFO - DAG(s) dict_keys(['example_nested_branch_dag']) retrieved from /home/airflow/.local/lib/python3.7/site-packages/airflow/example_dags/example_nested_branch_dag.py
[2023-05-29T09:38:45.623+0000] {logging_mixin.py:149} INFO - [2023-05-29T09:38:45.622+0000] {dag.py:2726} INFO - Sync 1 DAGs
[2023-05-29T09:38:45.639+0000] {logging_mixin.py:149} INFO - [2023-05-29T09:38:45.639+0000] {dag.py:3490} INFO - Setting next_dagrun for example_nested_branch_dag to 2023-05-28T00:00:00+00:00, run_after=2023-05-29T00:00:00+00:00
[2023-05-29T09:38:45.650+0000] {processor.py:179} INFO - Processing /home/airflow/.local/lib/python3.7/site-packages/airflow/example_dags/example_nested_branch_dag.py took 0.059 seconds
[2023-05-29T09:39:15.835+0000] {processor.py:157} INFO - Started process (PID=836) to work on /home/airflow/.local/lib/python3.7/site-packages/airflow/example_dags/example_nested_branch_dag.py
[2023-05-29T09:39:15.836+0000] {processor.py:826} INFO - Processing file /home/airflow/.local/lib/python3.7/site-packages/airflow/example_dags/example_nested_branch_dag.py for tasks to queue
[2023-05-29T09:39:15.836+0000] {logging_mixin.py:149} INFO - [2023-05-29T09:39:15.836+0000] {dagbag.py:541} INFO - Filling up the DagBag from /home/airflow/.local/lib/python3.7/site-packages/airflow/example_dags/example_nested_branch_dag.py
[2023-05-29T09:39:15.843+0000] {processor.py:836} INFO - DAG(s) dict_keys(['example_nested_branch_dag']) retrieved from /home/airflow/.local/lib/python3.7/site-packages/airflow/example_dags/example_nested_branch_dag.py
[2023-05-29T09:39:15.865+0000] {logging_mixin.py:149} INFO - [2023-05-29T09:39:15.865+0000] {dag.py:2726} INFO - Sync 1 DAGs
[2023-05-29T09:39:15.882+0000] {logging_mixin.py:149} INFO - [2023-05-29T09:39:15.882+0000] {dag.py:3490} INFO - Setting next_dagrun for example_nested_branch_dag to 2023-05-28T00:00:00+00:00, run_after=2023-05-29T00:00:00+00:00
[2023-05-29T09:39:15.893+0000] {processor.py:179} INFO - Processing /home/airflow/.local/lib/python3.7/site-packages/airflow/example_dags/example_nested_branch_dag.py took 0.061 seconds
[2023-05-29T09:39:46.413+0000] {processor.py:157} INFO - Started process (PID=892) to work on /home/airflow/.local/lib/python3.7/site-packages/airflow/example_dags/example_nested_branch_dag.py
[2023-05-29T09:39:46.414+0000] {processor.py:826} INFO - Processing file /home/airflow/.local/lib/python3.7/site-packages/airflow/example_dags/example_nested_branch_dag.py for tasks to queue
[2023-05-29T09:39:46.415+0000] {logging_mixin.py:149} INFO - [2023-05-29T09:39:46.415+0000] {dagbag.py:541} INFO - Filling up the DagBag from /home/airflow/.local/lib/python3.7/site-packages/airflow/example_dags/example_nested_branch_dag.py
[2023-05-29T09:39:46.424+0000] {processor.py:836} INFO - DAG(s) dict_keys(['example_nested_branch_dag']) retrieved from /home/airflow/.local/lib/python3.7/site-packages/airflow/example_dags/example_nested_branch_dag.py
[2023-05-29T09:39:46.446+0000] {logging_mixin.py:149} INFO - [2023-05-29T09:39:46.446+0000] {dag.py:2726} INFO - Sync 1 DAGs
[2023-05-29T09:39:46.465+0000] {logging_mixin.py:149} INFO - [2023-05-29T09:39:46.464+0000] {dag.py:3490} INFO - Setting next_dagrun for example_nested_branch_dag to 2023-05-28T00:00:00+00:00, run_after=2023-05-29T00:00:00+00:00
[2023-05-29T09:39:46.481+0000] {processor.py:179} INFO - Processing /home/airflow/.local/lib/python3.7/site-packages/airflow/example_dags/example_nested_branch_dag.py took 0.071 seconds
[2023-05-29T09:40:16.757+0000] {processor.py:157} INFO - Started process (PID=948) to work on /home/airflow/.local/lib/python3.7/site-packages/airflow/example_dags/example_nested_branch_dag.py
[2023-05-29T09:40:16.758+0000] {processor.py:826} INFO - Processing file /home/airflow/.local/lib/python3.7/site-packages/airflow/example_dags/example_nested_branch_dag.py for tasks to queue
[2023-05-29T09:40:16.759+0000] {logging_mixin.py:149} INFO - [2023-05-29T09:40:16.758+0000] {dagbag.py:541} INFO - Filling up the DagBag from /home/airflow/.local/lib/python3.7/site-packages/airflow/example_dags/example_nested_branch_dag.py
[2023-05-29T09:40:16.766+0000] {processor.py:836} INFO - DAG(s) dict_keys(['example_nested_branch_dag']) retrieved from /home/airflow/.local/lib/python3.7/site-packages/airflow/example_dags/example_nested_branch_dag.py
[2023-05-29T09:40:16.787+0000] {logging_mixin.py:149} INFO - [2023-05-29T09:40:16.787+0000] {dag.py:2726} INFO - Sync 1 DAGs
[2023-05-29T09:40:16.804+0000] {logging_mixin.py:149} INFO - [2023-05-29T09:40:16.804+0000] {dag.py:3490} INFO - Setting next_dagrun for example_nested_branch_dag to 2023-05-28T00:00:00+00:00, run_after=2023-05-29T00:00:00+00:00
[2023-05-29T09:40:16.815+0000] {processor.py:179} INFO - Processing /home/airflow/.local/lib/python3.7/site-packages/airflow/example_dags/example_nested_branch_dag.py took 0.061 seconds
[2023-05-29T09:40:47.111+0000] {processor.py:157} INFO - Started process (PID=1004) to work on /home/airflow/.local/lib/python3.7/site-packages/airflow/example_dags/example_nested_branch_dag.py
[2023-05-29T09:40:47.112+0000] {processor.py:826} INFO - Processing file /home/airflow/.local/lib/python3.7/site-packages/airflow/example_dags/example_nested_branch_dag.py for tasks to queue
[2023-05-29T09:40:47.113+0000] {logging_mixin.py:149} INFO - [2023-05-29T09:40:47.112+0000] {dagbag.py:541} INFO - Filling up the DagBag from /home/airflow/.local/lib/python3.7/site-packages/airflow/example_dags/example_nested_branch_dag.py
[2023-05-29T09:40:47.120+0000] {processor.py:836} INFO - DAG(s) dict_keys(['example_nested_branch_dag']) retrieved from /home/airflow/.local/lib/python3.7/site-packages/airflow/example_dags/example_nested_branch_dag.py
[2023-05-29T09:40:47.140+0000] {logging_mixin.py:149} INFO - [2023-05-29T09:40:47.140+0000] {dag.py:2726} INFO - Sync 1 DAGs
[2023-05-29T09:40:47.157+0000] {logging_mixin.py:149} INFO - [2023-05-29T09:40:47.157+0000] {dag.py:3490} INFO - Setting next_dagrun for example_nested_branch_dag to 2023-05-28T00:00:00+00:00, run_after=2023-05-29T00:00:00+00:00
[2023-05-29T09:40:47.169+0000] {processor.py:179} INFO - Processing /home/airflow/.local/lib/python3.7/site-packages/airflow/example_dags/example_nested_branch_dag.py took 0.061 seconds
[2023-05-29T09:41:17.524+0000] {processor.py:157} INFO - Started process (PID=1060) to work on /home/airflow/.local/lib/python3.7/site-packages/airflow/example_dags/example_nested_branch_dag.py
[2023-05-29T09:41:17.525+0000] {processor.py:826} INFO - Processing file /home/airflow/.local/lib/python3.7/site-packages/airflow/example_dags/example_nested_branch_dag.py for tasks to queue
[2023-05-29T09:41:17.526+0000] {logging_mixin.py:149} INFO - [2023-05-29T09:41:17.526+0000] {dagbag.py:541} INFO - Filling up the DagBag from /home/airflow/.local/lib/python3.7/site-packages/airflow/example_dags/example_nested_branch_dag.py
[2023-05-29T09:41:17.533+0000] {processor.py:836} INFO - DAG(s) dict_keys(['example_nested_branch_dag']) retrieved from /home/airflow/.local/lib/python3.7/site-packages/airflow/example_dags/example_nested_branch_dag.py
[2023-05-29T09:41:17.553+0000] {logging_mixin.py:149} INFO - [2023-05-29T09:41:17.553+0000] {dag.py:2726} INFO - Sync 1 DAGs
[2023-05-29T09:41:17.569+0000] {logging_mixin.py:149} INFO - [2023-05-29T09:41:17.569+0000] {dag.py:3490} INFO - Setting next_dagrun for example_nested_branch_dag to 2023-05-28T00:00:00+00:00, run_after=2023-05-29T00:00:00+00:00
[2023-05-29T09:41:17.583+0000] {processor.py:179} INFO - Processing /home/airflow/.local/lib/python3.7/site-packages/airflow/example_dags/example_nested_branch_dag.py took 0.062 seconds
[2023-05-29T09:41:48.049+0000] {processor.py:157} INFO - Started process (PID=1116) to work on /home/airflow/.local/lib/python3.7/site-packages/airflow/example_dags/example_nested_branch_dag.py
[2023-05-29T09:41:48.050+0000] {processor.py:826} INFO - Processing file /home/airflow/.local/lib/python3.7/site-packages/airflow/example_dags/example_nested_branch_dag.py for tasks to queue
[2023-05-29T09:41:48.051+0000] {logging_mixin.py:149} INFO - [2023-05-29T09:41:48.051+0000] {dagbag.py:541} INFO - Filling up the DagBag from /home/airflow/.local/lib/python3.7/site-packages/airflow/example_dags/example_nested_branch_dag.py
[2023-05-29T09:41:48.058+0000] {processor.py:836} INFO - DAG(s) dict_keys(['example_nested_branch_dag']) retrieved from /home/airflow/.local/lib/python3.7/site-packages/airflow/example_dags/example_nested_branch_dag.py
[2023-05-29T09:41:48.083+0000] {logging_mixin.py:149} INFO - [2023-05-29T09:41:48.083+0000] {dag.py:2726} INFO - Sync 1 DAGs
[2023-05-29T09:41:48.103+0000] {logging_mixin.py:149} INFO - [2023-05-29T09:41:48.103+0000] {dag.py:3490} INFO - Setting next_dagrun for example_nested_branch_dag to 2023-05-28T00:00:00+00:00, run_after=2023-05-29T00:00:00+00:00
[2023-05-29T09:41:48.123+0000] {processor.py:179} INFO - Processing /home/airflow/.local/lib/python3.7/site-packages/airflow/example_dags/example_nested_branch_dag.py took 0.078 seconds
[2023-05-29T09:42:18.642+0000] {processor.py:157} INFO - Started process (PID=1173) to work on /home/airflow/.local/lib/python3.7/site-packages/airflow/example_dags/example_nested_branch_dag.py
[2023-05-29T09:42:18.644+0000] {processor.py:826} INFO - Processing file /home/airflow/.local/lib/python3.7/site-packages/airflow/example_dags/example_nested_branch_dag.py for tasks to queue
[2023-05-29T09:42:18.644+0000] {logging_mixin.py:149} INFO - [2023-05-29T09:42:18.644+0000] {dagbag.py:541} INFO - Filling up the DagBag from /home/airflow/.local/lib/python3.7/site-packages/airflow/example_dags/example_nested_branch_dag.py
[2023-05-29T09:42:18.652+0000] {processor.py:836} INFO - DAG(s) dict_keys(['example_nested_branch_dag']) retrieved from /home/airflow/.local/lib/python3.7/site-packages/airflow/example_dags/example_nested_branch_dag.py
[2023-05-29T09:42:18.672+0000] {logging_mixin.py:149} INFO - [2023-05-29T09:42:18.672+0000] {dag.py:2726} INFO - Sync 1 DAGs
[2023-05-29T09:42:18.689+0000] {logging_mixin.py:149} INFO - [2023-05-29T09:42:18.689+0000] {dag.py:3490} INFO - Setting next_dagrun for example_nested_branch_dag to 2023-05-28T00:00:00+00:00, run_after=2023-05-29T00:00:00+00:00
[2023-05-29T09:42:18.701+0000] {processor.py:179} INFO - Processing /home/airflow/.local/lib/python3.7/site-packages/airflow/example_dags/example_nested_branch_dag.py took 0.061 seconds
[2023-05-29T09:42:49.438+0000] {processor.py:157} INFO - Started process (PID=1229) to work on /home/airflow/.local/lib/python3.7/site-packages/airflow/example_dags/example_nested_branch_dag.py
[2023-05-29T09:42:49.439+0000] {processor.py:826} INFO - Processing file /home/airflow/.local/lib/python3.7/site-packages/airflow/example_dags/example_nested_branch_dag.py for tasks to queue
[2023-05-29T09:42:49.440+0000] {logging_mixin.py:149} INFO - [2023-05-29T09:42:49.440+0000] {dagbag.py:541} INFO - Filling up the DagBag from /home/airflow/.local/lib/python3.7/site-packages/airflow/example_dags/example_nested_branch_dag.py
[2023-05-29T09:42:49.450+0000] {processor.py:836} INFO - DAG(s) dict_keys(['example_nested_branch_dag']) retrieved from /home/airflow/.local/lib/python3.7/site-packages/airflow/example_dags/example_nested_branch_dag.py
[2023-05-29T09:42:49.479+0000] {logging_mixin.py:149} INFO - [2023-05-29T09:42:49.478+0000] {dag.py:2726} INFO - Sync 1 DAGs
[2023-05-29T09:42:49.501+0000] {logging_mixin.py:149} INFO - [2023-05-29T09:42:49.501+0000] {dag.py:3490} INFO - Setting next_dagrun for example_nested_branch_dag to 2023-05-28T00:00:00+00:00, run_after=2023-05-29T00:00:00+00:00
[2023-05-29T09:42:49.533+0000] {processor.py:179} INFO - Processing /home/airflow/.local/lib/python3.7/site-packages/airflow/example_dags/example_nested_branch_dag.py took 0.099 seconds
