[2023-05-29T09:32:10.869+0000] {processor.py:157} INFO - Started process (PID=57) to work on /home/airflow/.local/lib/python3.7/site-packages/airflow/example_dags/tutorial_dag.py
[2023-05-29T09:32:10.871+0000] {processor.py:826} INFO - Processing file /home/airflow/.local/lib/python3.7/site-packages/airflow/example_dags/tutorial_dag.py for tasks to queue
[2023-05-29T09:32:10.872+0000] {logging_mixin.py:149} INFO - [2023-05-29T09:32:10.872+0000] {dagbag.py:541} INFO - Filling up the DagBag from /home/airflow/.local/lib/python3.7/site-packages/airflow/example_dags/tutorial_dag.py
[2023-05-29T09:32:10.883+0000] {processor.py:836} INFO - DAG(s) dict_keys(['tutorial_dag']) retrieved from /home/airflow/.local/lib/python3.7/site-packages/airflow/example_dags/tutorial_dag.py
[2023-05-29T09:32:10.920+0000] {logging_mixin.py:149} INFO - [2023-05-29T09:32:10.919+0000] {dag.py:2726} INFO - Sync 1 DAGs
[2023-05-29T09:32:10.960+0000] {logging_mixin.py:149} INFO - [2023-05-29T09:32:10.960+0000] {dag.py:3490} INFO - Setting next_dagrun for tutorial_dag to None, run_after=None
[2023-05-29T09:32:10.999+0000] {processor.py:179} INFO - Processing /home/airflow/.local/lib/python3.7/site-packages/airflow/example_dags/tutorial_dag.py took 0.136 seconds
[2023-05-29T09:32:41.317+0000] {processor.py:157} INFO - Started process (PID=113) to work on /home/airflow/.local/lib/python3.7/site-packages/airflow/example_dags/tutorial_dag.py
[2023-05-29T09:32:41.321+0000] {processor.py:826} INFO - Processing file /home/airflow/.local/lib/python3.7/site-packages/airflow/example_dags/tutorial_dag.py for tasks to queue
[2023-05-29T09:32:41.322+0000] {logging_mixin.py:149} INFO - [2023-05-29T09:32:41.322+0000] {dagbag.py:541} INFO - Filling up the DagBag from /home/airflow/.local/lib/python3.7/site-packages/airflow/example_dags/tutorial_dag.py
[2023-05-29T09:32:41.326+0000] {processor.py:836} INFO - DAG(s) dict_keys(['tutorial_dag']) retrieved from /home/airflow/.local/lib/python3.7/site-packages/airflow/example_dags/tutorial_dag.py
[2023-05-29T09:32:41.345+0000] {logging_mixin.py:149} INFO - [2023-05-29T09:32:41.345+0000] {dag.py:2726} INFO - Sync 1 DAGs
[2023-05-29T09:32:41.361+0000] {logging_mixin.py:149} INFO - [2023-05-29T09:32:41.361+0000] {dag.py:3490} INFO - Setting next_dagrun for tutorial_dag to None, run_after=None
[2023-05-29T09:32:41.372+0000] {processor.py:179} INFO - Processing /home/airflow/.local/lib/python3.7/site-packages/airflow/example_dags/tutorial_dag.py took 0.058 seconds
[2023-05-29T09:33:11.568+0000] {processor.py:157} INFO - Started process (PID=169) to work on /home/airflow/.local/lib/python3.7/site-packages/airflow/example_dags/tutorial_dag.py
[2023-05-29T09:33:11.569+0000] {processor.py:826} INFO - Processing file /home/airflow/.local/lib/python3.7/site-packages/airflow/example_dags/tutorial_dag.py for tasks to queue
[2023-05-29T09:33:11.570+0000] {logging_mixin.py:149} INFO - [2023-05-29T09:33:11.570+0000] {dagbag.py:541} INFO - Filling up the DagBag from /home/airflow/.local/lib/python3.7/site-packages/airflow/example_dags/tutorial_dag.py
[2023-05-29T09:33:11.574+0000] {processor.py:836} INFO - DAG(s) dict_keys(['tutorial_dag']) retrieved from /home/airflow/.local/lib/python3.7/site-packages/airflow/example_dags/tutorial_dag.py
[2023-05-29T09:33:11.592+0000] {logging_mixin.py:149} INFO - [2023-05-29T09:33:11.592+0000] {dag.py:2726} INFO - Sync 1 DAGs
[2023-05-29T09:33:11.607+0000] {logging_mixin.py:149} INFO - [2023-05-29T09:33:11.607+0000] {dag.py:3490} INFO - Setting next_dagrun for tutorial_dag to None, run_after=None
[2023-05-29T09:33:11.618+0000] {processor.py:179} INFO - Processing /home/airflow/.local/lib/python3.7/site-packages/airflow/example_dags/tutorial_dag.py took 0.053 seconds
[2023-05-29T09:33:42.036+0000] {processor.py:157} INFO - Started process (PID=225) to work on /home/airflow/.local/lib/python3.7/site-packages/airflow/example_dags/tutorial_dag.py
[2023-05-29T09:33:42.037+0000] {processor.py:826} INFO - Processing file /home/airflow/.local/lib/python3.7/site-packages/airflow/example_dags/tutorial_dag.py for tasks to queue
[2023-05-29T09:33:42.038+0000] {logging_mixin.py:149} INFO - [2023-05-29T09:33:42.038+0000] {dagbag.py:541} INFO - Filling up the DagBag from /home/airflow/.local/lib/python3.7/site-packages/airflow/example_dags/tutorial_dag.py
[2023-05-29T09:33:42.043+0000] {processor.py:836} INFO - DAG(s) dict_keys(['tutorial_dag']) retrieved from /home/airflow/.local/lib/python3.7/site-packages/airflow/example_dags/tutorial_dag.py
[2023-05-29T09:33:42.062+0000] {logging_mixin.py:149} INFO - [2023-05-29T09:33:42.062+0000] {dag.py:2726} INFO - Sync 1 DAGs
[2023-05-29T09:33:42.078+0000] {logging_mixin.py:149} INFO - [2023-05-29T09:33:42.078+0000] {dag.py:3490} INFO - Setting next_dagrun for tutorial_dag to None, run_after=None
[2023-05-29T09:33:42.090+0000] {processor.py:179} INFO - Processing /home/airflow/.local/lib/python3.7/site-packages/airflow/example_dags/tutorial_dag.py took 0.057 seconds
[2023-05-29T09:34:12.626+0000] {processor.py:157} INFO - Started process (PID=281) to work on /home/airflow/.local/lib/python3.7/site-packages/airflow/example_dags/tutorial_dag.py
[2023-05-29T09:34:12.627+0000] {processor.py:826} INFO - Processing file /home/airflow/.local/lib/python3.7/site-packages/airflow/example_dags/tutorial_dag.py for tasks to queue
[2023-05-29T09:34:12.628+0000] {logging_mixin.py:149} INFO - [2023-05-29T09:34:12.628+0000] {dagbag.py:541} INFO - Filling up the DagBag from /home/airflow/.local/lib/python3.7/site-packages/airflow/example_dags/tutorial_dag.py
[2023-05-29T09:34:12.632+0000] {processor.py:836} INFO - DAG(s) dict_keys(['tutorial_dag']) retrieved from /home/airflow/.local/lib/python3.7/site-packages/airflow/example_dags/tutorial_dag.py
[2023-05-29T09:34:12.652+0000] {logging_mixin.py:149} INFO - [2023-05-29T09:34:12.652+0000] {dag.py:2726} INFO - Sync 1 DAGs
[2023-05-29T09:34:12.669+0000] {logging_mixin.py:149} INFO - [2023-05-29T09:34:12.669+0000] {dag.py:3490} INFO - Setting next_dagrun for tutorial_dag to None, run_after=None
[2023-05-29T09:34:12.680+0000] {processor.py:179} INFO - Processing /home/airflow/.local/lib/python3.7/site-packages/airflow/example_dags/tutorial_dag.py took 0.058 seconds
[2023-05-29T09:34:43.041+0000] {processor.py:157} INFO - Started process (PID=337) to work on /home/airflow/.local/lib/python3.7/site-packages/airflow/example_dags/tutorial_dag.py
[2023-05-29T09:34:43.043+0000] {processor.py:826} INFO - Processing file /home/airflow/.local/lib/python3.7/site-packages/airflow/example_dags/tutorial_dag.py for tasks to queue
[2023-05-29T09:34:43.044+0000] {logging_mixin.py:149} INFO - [2023-05-29T09:34:43.044+0000] {dagbag.py:541} INFO - Filling up the DagBag from /home/airflow/.local/lib/python3.7/site-packages/airflow/example_dags/tutorial_dag.py
[2023-05-29T09:34:43.049+0000] {processor.py:836} INFO - DAG(s) dict_keys(['tutorial_dag']) retrieved from /home/airflow/.local/lib/python3.7/site-packages/airflow/example_dags/tutorial_dag.py
[2023-05-29T09:34:43.068+0000] {logging_mixin.py:149} INFO - [2023-05-29T09:34:43.068+0000] {dag.py:2726} INFO - Sync 1 DAGs
[2023-05-29T09:34:43.084+0000] {logging_mixin.py:149} INFO - [2023-05-29T09:34:43.084+0000] {dag.py:3490} INFO - Setting next_dagrun for tutorial_dag to None, run_after=None
[2023-05-29T09:34:43.095+0000] {processor.py:179} INFO - Processing /home/airflow/.local/lib/python3.7/site-packages/airflow/example_dags/tutorial_dag.py took 0.057 seconds
[2023-05-29T09:35:13.183+0000] {processor.py:157} INFO - Started process (PID=392) to work on /home/airflow/.local/lib/python3.7/site-packages/airflow/example_dags/tutorial_dag.py
[2023-05-29T09:35:13.184+0000] {processor.py:826} INFO - Processing file /home/airflow/.local/lib/python3.7/site-packages/airflow/example_dags/tutorial_dag.py for tasks to queue
[2023-05-29T09:35:13.184+0000] {logging_mixin.py:149} INFO - [2023-05-29T09:35:13.184+0000] {dagbag.py:541} INFO - Filling up the DagBag from /home/airflow/.local/lib/python3.7/site-packages/airflow/example_dags/tutorial_dag.py
[2023-05-29T09:35:13.188+0000] {processor.py:836} INFO - DAG(s) dict_keys(['tutorial_dag']) retrieved from /home/airflow/.local/lib/python3.7/site-packages/airflow/example_dags/tutorial_dag.py
[2023-05-29T09:35:13.207+0000] {logging_mixin.py:149} INFO - [2023-05-29T09:35:13.207+0000] {dag.py:2726} INFO - Sync 1 DAGs
[2023-05-29T09:35:13.222+0000] {logging_mixin.py:149} INFO - [2023-05-29T09:35:13.222+0000] {dag.py:3490} INFO - Setting next_dagrun for tutorial_dag to None, run_after=None
[2023-05-29T09:35:13.233+0000] {processor.py:179} INFO - Processing /home/airflow/.local/lib/python3.7/site-packages/airflow/example_dags/tutorial_dag.py took 0.053 seconds
[2023-05-29T09:35:43.488+0000] {processor.py:157} INFO - Started process (PID=448) to work on /home/airflow/.local/lib/python3.7/site-packages/airflow/example_dags/tutorial_dag.py
[2023-05-29T09:35:43.490+0000] {processor.py:826} INFO - Processing file /home/airflow/.local/lib/python3.7/site-packages/airflow/example_dags/tutorial_dag.py for tasks to queue
[2023-05-29T09:35:43.491+0000] {logging_mixin.py:149} INFO - [2023-05-29T09:35:43.491+0000] {dagbag.py:541} INFO - Filling up the DagBag from /home/airflow/.local/lib/python3.7/site-packages/airflow/example_dags/tutorial_dag.py
[2023-05-29T09:35:43.495+0000] {processor.py:836} INFO - DAG(s) dict_keys(['tutorial_dag']) retrieved from /home/airflow/.local/lib/python3.7/site-packages/airflow/example_dags/tutorial_dag.py
[2023-05-29T09:35:43.515+0000] {logging_mixin.py:149} INFO - [2023-05-29T09:35:43.515+0000] {dag.py:2726} INFO - Sync 1 DAGs
[2023-05-29T09:35:43.530+0000] {logging_mixin.py:149} INFO - [2023-05-29T09:35:43.530+0000] {dag.py:3490} INFO - Setting next_dagrun for tutorial_dag to None, run_after=None
[2023-05-29T09:35:43.541+0000] {processor.py:179} INFO - Processing /home/airflow/.local/lib/python3.7/site-packages/airflow/example_dags/tutorial_dag.py took 0.055 seconds
[2023-05-29T09:36:13.923+0000] {processor.py:157} INFO - Started process (PID=504) to work on /home/airflow/.local/lib/python3.7/site-packages/airflow/example_dags/tutorial_dag.py
[2023-05-29T09:36:13.924+0000] {processor.py:826} INFO - Processing file /home/airflow/.local/lib/python3.7/site-packages/airflow/example_dags/tutorial_dag.py for tasks to queue
[2023-05-29T09:36:13.925+0000] {logging_mixin.py:149} INFO - [2023-05-29T09:36:13.925+0000] {dagbag.py:541} INFO - Filling up the DagBag from /home/airflow/.local/lib/python3.7/site-packages/airflow/example_dags/tutorial_dag.py
[2023-05-29T09:36:13.929+0000] {processor.py:836} INFO - DAG(s) dict_keys(['tutorial_dag']) retrieved from /home/airflow/.local/lib/python3.7/site-packages/airflow/example_dags/tutorial_dag.py
[2023-05-29T09:36:13.949+0000] {logging_mixin.py:149} INFO - [2023-05-29T09:36:13.948+0000] {dag.py:2726} INFO - Sync 1 DAGs
[2023-05-29T09:36:13.965+0000] {logging_mixin.py:149} INFO - [2023-05-29T09:36:13.965+0000] {dag.py:3490} INFO - Setting next_dagrun for tutorial_dag to None, run_after=None
[2023-05-29T09:36:13.975+0000] {processor.py:179} INFO - Processing /home/airflow/.local/lib/python3.7/site-packages/airflow/example_dags/tutorial_dag.py took 0.055 seconds
[2023-05-29T09:36:44.333+0000] {processor.py:157} INFO - Started process (PID=560) to work on /home/airflow/.local/lib/python3.7/site-packages/airflow/example_dags/tutorial_dag.py
[2023-05-29T09:36:44.334+0000] {processor.py:826} INFO - Processing file /home/airflow/.local/lib/python3.7/site-packages/airflow/example_dags/tutorial_dag.py for tasks to queue
[2023-05-29T09:36:44.335+0000] {logging_mixin.py:149} INFO - [2023-05-29T09:36:44.335+0000] {dagbag.py:541} INFO - Filling up the DagBag from /home/airflow/.local/lib/python3.7/site-packages/airflow/example_dags/tutorial_dag.py
[2023-05-29T09:36:44.339+0000] {processor.py:836} INFO - DAG(s) dict_keys(['tutorial_dag']) retrieved from /home/airflow/.local/lib/python3.7/site-packages/airflow/example_dags/tutorial_dag.py
[2023-05-29T09:36:44.359+0000] {logging_mixin.py:149} INFO - [2023-05-29T09:36:44.359+0000] {dag.py:2726} INFO - Sync 1 DAGs
[2023-05-29T09:36:44.374+0000] {logging_mixin.py:149} INFO - [2023-05-29T09:36:44.374+0000] {dag.py:3490} INFO - Setting next_dagrun for tutorial_dag to None, run_after=None
[2023-05-29T09:36:44.386+0000] {processor.py:179} INFO - Processing /home/airflow/.local/lib/python3.7/site-packages/airflow/example_dags/tutorial_dag.py took 0.056 seconds
[2023-05-29T09:37:14.728+0000] {processor.py:157} INFO - Started process (PID=616) to work on /home/airflow/.local/lib/python3.7/site-packages/airflow/example_dags/tutorial_dag.py
[2023-05-29T09:37:14.730+0000] {processor.py:826} INFO - Processing file /home/airflow/.local/lib/python3.7/site-packages/airflow/example_dags/tutorial_dag.py for tasks to queue
[2023-05-29T09:37:14.731+0000] {logging_mixin.py:149} INFO - [2023-05-29T09:37:14.731+0000] {dagbag.py:541} INFO - Filling up the DagBag from /home/airflow/.local/lib/python3.7/site-packages/airflow/example_dags/tutorial_dag.py
[2023-05-29T09:37:14.738+0000] {processor.py:836} INFO - DAG(s) dict_keys(['tutorial_dag']) retrieved from /home/airflow/.local/lib/python3.7/site-packages/airflow/example_dags/tutorial_dag.py
[2023-05-29T09:37:14.760+0000] {logging_mixin.py:149} INFO - [2023-05-29T09:37:14.760+0000] {dag.py:2726} INFO - Sync 1 DAGs
[2023-05-29T09:37:14.777+0000] {logging_mixin.py:149} INFO - [2023-05-29T09:37:14.777+0000] {dag.py:3490} INFO - Setting next_dagrun for tutorial_dag to None, run_after=None
[2023-05-29T09:37:14.790+0000] {processor.py:179} INFO - Processing /home/airflow/.local/lib/python3.7/site-packages/airflow/example_dags/tutorial_dag.py took 0.066 seconds
[2023-05-29T09:37:45.012+0000] {processor.py:157} INFO - Started process (PID=672) to work on /home/airflow/.local/lib/python3.7/site-packages/airflow/example_dags/tutorial_dag.py
[2023-05-29T09:37:45.013+0000] {processor.py:826} INFO - Processing file /home/airflow/.local/lib/python3.7/site-packages/airflow/example_dags/tutorial_dag.py for tasks to queue
[2023-05-29T09:37:45.014+0000] {logging_mixin.py:149} INFO - [2023-05-29T09:37:45.014+0000] {dagbag.py:541} INFO - Filling up the DagBag from /home/airflow/.local/lib/python3.7/site-packages/airflow/example_dags/tutorial_dag.py
[2023-05-29T09:37:45.018+0000] {processor.py:836} INFO - DAG(s) dict_keys(['tutorial_dag']) retrieved from /home/airflow/.local/lib/python3.7/site-packages/airflow/example_dags/tutorial_dag.py
[2023-05-29T09:37:45.039+0000] {logging_mixin.py:149} INFO - [2023-05-29T09:37:45.039+0000] {dag.py:2726} INFO - Sync 1 DAGs
[2023-05-29T09:37:45.055+0000] {logging_mixin.py:149} INFO - [2023-05-29T09:37:45.055+0000] {dag.py:3490} INFO - Setting next_dagrun for tutorial_dag to None, run_after=None
[2023-05-29T09:37:45.066+0000] {processor.py:179} INFO - Processing /home/airflow/.local/lib/python3.7/site-packages/airflow/example_dags/tutorial_dag.py took 0.057 seconds
[2023-05-29T09:38:15.378+0000] {processor.py:157} INFO - Started process (PID=727) to work on /home/airflow/.local/lib/python3.7/site-packages/airflow/example_dags/tutorial_dag.py
[2023-05-29T09:38:15.380+0000] {processor.py:826} INFO - Processing file /home/airflow/.local/lib/python3.7/site-packages/airflow/example_dags/tutorial_dag.py for tasks to queue
[2023-05-29T09:38:15.381+0000] {logging_mixin.py:149} INFO - [2023-05-29T09:38:15.381+0000] {dagbag.py:541} INFO - Filling up the DagBag from /home/airflow/.local/lib/python3.7/site-packages/airflow/example_dags/tutorial_dag.py
[2023-05-29T09:38:15.385+0000] {processor.py:836} INFO - DAG(s) dict_keys(['tutorial_dag']) retrieved from /home/airflow/.local/lib/python3.7/site-packages/airflow/example_dags/tutorial_dag.py
[2023-05-29T09:38:15.404+0000] {logging_mixin.py:149} INFO - [2023-05-29T09:38:15.404+0000] {dag.py:2726} INFO - Sync 1 DAGs
[2023-05-29T09:38:15.420+0000] {logging_mixin.py:149} INFO - [2023-05-29T09:38:15.420+0000] {dag.py:3490} INFO - Setting next_dagrun for tutorial_dag to None, run_after=None
[2023-05-29T09:38:15.431+0000] {processor.py:179} INFO - Processing /home/airflow/.local/lib/python3.7/site-packages/airflow/example_dags/tutorial_dag.py took 0.055 seconds
[2023-05-29T09:38:45.831+0000] {processor.py:157} INFO - Started process (PID=784) to work on /home/airflow/.local/lib/python3.7/site-packages/airflow/example_dags/tutorial_dag.py
[2023-05-29T09:38:45.833+0000] {processor.py:826} INFO - Processing file /home/airflow/.local/lib/python3.7/site-packages/airflow/example_dags/tutorial_dag.py for tasks to queue
[2023-05-29T09:38:45.834+0000] {logging_mixin.py:149} INFO - [2023-05-29T09:38:45.834+0000] {dagbag.py:541} INFO - Filling up the DagBag from /home/airflow/.local/lib/python3.7/site-packages/airflow/example_dags/tutorial_dag.py
[2023-05-29T09:38:45.843+0000] {processor.py:836} INFO - DAG(s) dict_keys(['tutorial_dag']) retrieved from /home/airflow/.local/lib/python3.7/site-packages/airflow/example_dags/tutorial_dag.py
[2023-05-29T09:38:45.865+0000] {logging_mixin.py:149} INFO - [2023-05-29T09:38:45.865+0000] {dag.py:2726} INFO - Sync 1 DAGs
[2023-05-29T09:38:45.882+0000] {logging_mixin.py:149} INFO - [2023-05-29T09:38:45.882+0000] {dag.py:3490} INFO - Setting next_dagrun for tutorial_dag to None, run_after=None
[2023-05-29T09:38:45.893+0000] {processor.py:179} INFO - Processing /home/airflow/.local/lib/python3.7/site-packages/airflow/example_dags/tutorial_dag.py took 0.065 seconds
[2023-05-29T09:39:16.020+0000] {processor.py:157} INFO - Started process (PID=841) to work on /home/airflow/.local/lib/python3.7/site-packages/airflow/example_dags/tutorial_dag.py
[2023-05-29T09:39:16.021+0000] {processor.py:826} INFO - Processing file /home/airflow/.local/lib/python3.7/site-packages/airflow/example_dags/tutorial_dag.py for tasks to queue
[2023-05-29T09:39:16.022+0000] {logging_mixin.py:149} INFO - [2023-05-29T09:39:16.022+0000] {dagbag.py:541} INFO - Filling up the DagBag from /home/airflow/.local/lib/python3.7/site-packages/airflow/example_dags/tutorial_dag.py
[2023-05-29T09:39:16.026+0000] {processor.py:836} INFO - DAG(s) dict_keys(['tutorial_dag']) retrieved from /home/airflow/.local/lib/python3.7/site-packages/airflow/example_dags/tutorial_dag.py
[2023-05-29T09:39:16.045+0000] {logging_mixin.py:149} INFO - [2023-05-29T09:39:16.045+0000] {dag.py:2726} INFO - Sync 1 DAGs
[2023-05-29T09:39:16.060+0000] {logging_mixin.py:149} INFO - [2023-05-29T09:39:16.060+0000] {dag.py:3490} INFO - Setting next_dagrun for tutorial_dag to None, run_after=None
[2023-05-29T09:39:16.071+0000] {processor.py:179} INFO - Processing /home/airflow/.local/lib/python3.7/site-packages/airflow/example_dags/tutorial_dag.py took 0.053 seconds
[2023-05-29T09:39:46.699+0000] {processor.py:157} INFO - Started process (PID=897) to work on /home/airflow/.local/lib/python3.7/site-packages/airflow/example_dags/tutorial_dag.py
[2023-05-29T09:39:46.700+0000] {processor.py:826} INFO - Processing file /home/airflow/.local/lib/python3.7/site-packages/airflow/example_dags/tutorial_dag.py for tasks to queue
[2023-05-29T09:39:46.700+0000] {logging_mixin.py:149} INFO - [2023-05-29T09:39:46.700+0000] {dagbag.py:541} INFO - Filling up the DagBag from /home/airflow/.local/lib/python3.7/site-packages/airflow/example_dags/tutorial_dag.py
[2023-05-29T09:39:46.704+0000] {processor.py:836} INFO - DAG(s) dict_keys(['tutorial_dag']) retrieved from /home/airflow/.local/lib/python3.7/site-packages/airflow/example_dags/tutorial_dag.py
[2023-05-29T09:39:46.724+0000] {logging_mixin.py:149} INFO - [2023-05-29T09:39:46.724+0000] {dag.py:2726} INFO - Sync 1 DAGs
[2023-05-29T09:39:46.740+0000] {logging_mixin.py:149} INFO - [2023-05-29T09:39:46.740+0000] {dag.py:3490} INFO - Setting next_dagrun for tutorial_dag to None, run_after=None
[2023-05-29T09:39:46.751+0000] {processor.py:179} INFO - Processing /home/airflow/.local/lib/python3.7/site-packages/airflow/example_dags/tutorial_dag.py took 0.055 seconds
[2023-05-29T09:40:16.938+0000] {processor.py:157} INFO - Started process (PID=953) to work on /home/airflow/.local/lib/python3.7/site-packages/airflow/example_dags/tutorial_dag.py
[2023-05-29T09:40:16.939+0000] {processor.py:826} INFO - Processing file /home/airflow/.local/lib/python3.7/site-packages/airflow/example_dags/tutorial_dag.py for tasks to queue
[2023-05-29T09:40:16.940+0000] {logging_mixin.py:149} INFO - [2023-05-29T09:40:16.940+0000] {dagbag.py:541} INFO - Filling up the DagBag from /home/airflow/.local/lib/python3.7/site-packages/airflow/example_dags/tutorial_dag.py
[2023-05-29T09:40:16.944+0000] {processor.py:836} INFO - DAG(s) dict_keys(['tutorial_dag']) retrieved from /home/airflow/.local/lib/python3.7/site-packages/airflow/example_dags/tutorial_dag.py
[2023-05-29T09:40:16.963+0000] {logging_mixin.py:149} INFO - [2023-05-29T09:40:16.963+0000] {dag.py:2726} INFO - Sync 1 DAGs
[2023-05-29T09:40:16.978+0000] {logging_mixin.py:149} INFO - [2023-05-29T09:40:16.978+0000] {dag.py:3490} INFO - Setting next_dagrun for tutorial_dag to None, run_after=None
[2023-05-29T09:40:16.990+0000] {processor.py:179} INFO - Processing /home/airflow/.local/lib/python3.7/site-packages/airflow/example_dags/tutorial_dag.py took 0.054 seconds
[2023-05-29T09:40:47.287+0000] {processor.py:157} INFO - Started process (PID=1008) to work on /home/airflow/.local/lib/python3.7/site-packages/airflow/example_dags/tutorial_dag.py
[2023-05-29T09:40:47.288+0000] {processor.py:826} INFO - Processing file /home/airflow/.local/lib/python3.7/site-packages/airflow/example_dags/tutorial_dag.py for tasks to queue
[2023-05-29T09:40:47.289+0000] {logging_mixin.py:149} INFO - [2023-05-29T09:40:47.289+0000] {dagbag.py:541} INFO - Filling up the DagBag from /home/airflow/.local/lib/python3.7/site-packages/airflow/example_dags/tutorial_dag.py
[2023-05-29T09:40:47.293+0000] {processor.py:836} INFO - DAG(s) dict_keys(['tutorial_dag']) retrieved from /home/airflow/.local/lib/python3.7/site-packages/airflow/example_dags/tutorial_dag.py
[2023-05-29T09:40:47.312+0000] {logging_mixin.py:149} INFO - [2023-05-29T09:40:47.312+0000] {dag.py:2726} INFO - Sync 1 DAGs
[2023-05-29T09:40:47.327+0000] {logging_mixin.py:149} INFO - [2023-05-29T09:40:47.327+0000] {dag.py:3490} INFO - Setting next_dagrun for tutorial_dag to None, run_after=None
[2023-05-29T09:40:47.338+0000] {processor.py:179} INFO - Processing /home/airflow/.local/lib/python3.7/site-packages/airflow/example_dags/tutorial_dag.py took 0.054 seconds
[2023-05-29T09:41:17.751+0000] {processor.py:157} INFO - Started process (PID=1065) to work on /home/airflow/.local/lib/python3.7/site-packages/airflow/example_dags/tutorial_dag.py
[2023-05-29T09:41:17.753+0000] {processor.py:826} INFO - Processing file /home/airflow/.local/lib/python3.7/site-packages/airflow/example_dags/tutorial_dag.py for tasks to queue
[2023-05-29T09:41:17.753+0000] {logging_mixin.py:149} INFO - [2023-05-29T09:41:17.753+0000] {dagbag.py:541} INFO - Filling up the DagBag from /home/airflow/.local/lib/python3.7/site-packages/airflow/example_dags/tutorial_dag.py
[2023-05-29T09:41:17.758+0000] {processor.py:836} INFO - DAG(s) dict_keys(['tutorial_dag']) retrieved from /home/airflow/.local/lib/python3.7/site-packages/airflow/example_dags/tutorial_dag.py
[2023-05-29T09:41:17.779+0000] {logging_mixin.py:149} INFO - [2023-05-29T09:41:17.778+0000] {dag.py:2726} INFO - Sync 1 DAGs
[2023-05-29T09:41:17.796+0000] {logging_mixin.py:149} INFO - [2023-05-29T09:41:17.796+0000] {dag.py:3490} INFO - Setting next_dagrun for tutorial_dag to None, run_after=None
[2023-05-29T09:41:17.809+0000] {processor.py:179} INFO - Processing /home/airflow/.local/lib/python3.7/site-packages/airflow/example_dags/tutorial_dag.py took 0.061 seconds
[2023-05-29T09:41:48.388+0000] {processor.py:157} INFO - Started process (PID=1121) to work on /home/airflow/.local/lib/python3.7/site-packages/airflow/example_dags/tutorial_dag.py
[2023-05-29T09:41:48.389+0000] {processor.py:826} INFO - Processing file /home/airflow/.local/lib/python3.7/site-packages/airflow/example_dags/tutorial_dag.py for tasks to queue
[2023-05-29T09:41:48.389+0000] {logging_mixin.py:149} INFO - [2023-05-29T09:41:48.389+0000] {dagbag.py:541} INFO - Filling up the DagBag from /home/airflow/.local/lib/python3.7/site-packages/airflow/example_dags/tutorial_dag.py
[2023-05-29T09:41:48.394+0000] {processor.py:836} INFO - DAG(s) dict_keys(['tutorial_dag']) retrieved from /home/airflow/.local/lib/python3.7/site-packages/airflow/example_dags/tutorial_dag.py
[2023-05-29T09:41:48.416+0000] {logging_mixin.py:149} INFO - [2023-05-29T09:41:48.416+0000] {dag.py:2726} INFO - Sync 1 DAGs
[2023-05-29T09:41:48.433+0000] {logging_mixin.py:149} INFO - [2023-05-29T09:41:48.433+0000] {dag.py:3490} INFO - Setting next_dagrun for tutorial_dag to None, run_after=None
[2023-05-29T09:41:48.445+0000] {processor.py:179} INFO - Processing /home/airflow/.local/lib/python3.7/site-packages/airflow/example_dags/tutorial_dag.py took 0.061 seconds
[2023-05-29T09:42:18.821+0000] {processor.py:157} INFO - Started process (PID=1178) to work on /home/airflow/.local/lib/python3.7/site-packages/airflow/example_dags/tutorial_dag.py
[2023-05-29T09:42:18.822+0000] {processor.py:826} INFO - Processing file /home/airflow/.local/lib/python3.7/site-packages/airflow/example_dags/tutorial_dag.py for tasks to queue
[2023-05-29T09:42:18.823+0000] {logging_mixin.py:149} INFO - [2023-05-29T09:42:18.823+0000] {dagbag.py:541} INFO - Filling up the DagBag from /home/airflow/.local/lib/python3.7/site-packages/airflow/example_dags/tutorial_dag.py
[2023-05-29T09:42:18.827+0000] {processor.py:836} INFO - DAG(s) dict_keys(['tutorial_dag']) retrieved from /home/airflow/.local/lib/python3.7/site-packages/airflow/example_dags/tutorial_dag.py
[2023-05-29T09:42:18.846+0000] {logging_mixin.py:149} INFO - [2023-05-29T09:42:18.846+0000] {dag.py:2726} INFO - Sync 1 DAGs
[2023-05-29T09:42:18.862+0000] {logging_mixin.py:149} INFO - [2023-05-29T09:42:18.862+0000] {dag.py:3490} INFO - Setting next_dagrun for tutorial_dag to None, run_after=None
[2023-05-29T09:42:18.873+0000] {processor.py:179} INFO - Processing /home/airflow/.local/lib/python3.7/site-packages/airflow/example_dags/tutorial_dag.py took 0.055 seconds
