[2023-05-29T10:19:53.677+0000] {taskinstance.py:1103} INFO - Dependencies all met for dep_context=non-requeueable deps ti=<TaskInstance: user_processing.create_table manual__2023-05-29T10:19:52.843245+00:00 [queued]>
[2023-05-29T10:19:53.682+0000] {taskinstance.py:1103} INFO - Dependencies all met for dep_context=requeueable deps ti=<TaskInstance: user_processing.create_table manual__2023-05-29T10:19:52.843245+00:00 [queued]>
[2023-05-29T10:19:53.683+0000] {taskinstance.py:1308} INFO - Starting attempt 1 of 1
[2023-05-29T10:19:53.690+0000] {taskinstance.py:1327} INFO - Executing <Task(PostgresOperator): create_table> on 2023-05-29 10:19:52.843245+00:00
[2023-05-29T10:19:53.694+0000] {standard_task_runner.py:57} INFO - Started process 673 to run task
[2023-05-29T10:19:53.697+0000] {standard_task_runner.py:84} INFO - Running: ['***', 'tasks', 'run', 'user_processing', 'create_table', 'manual__2023-05-29T10:19:52.843245+00:00', '--job-id', '7', '--raw', '--subdir', 'DAGS_FOLDER/user_processing.py', '--cfg-path', '/tmp/tmp43vzyo_x']
[2023-05-29T10:19:53.700+0000] {standard_task_runner.py:85} INFO - Job 7: Subtask create_table
[2023-05-29T10:19:53.739+0000] {task_command.py:410} INFO - Running <TaskInstance: user_processing.create_table manual__2023-05-29T10:19:52.843245+00:00 [running]> on host 280eb86c6caa
[2023-05-29T10:19:53.793+0000] {taskinstance.py:1547} INFO - Exporting env vars: AIRFLOW_CTX_DAG_OWNER='***' AIRFLOW_CTX_DAG_ID='user_processing' AIRFLOW_CTX_TASK_ID='create_table' AIRFLOW_CTX_EXECUTION_DATE='2023-05-29T10:19:52.843245+00:00' AIRFLOW_CTX_TRY_NUMBER='1' AIRFLOW_CTX_DAG_RUN_ID='manual__2023-05-29T10:19:52.843245+00:00'
[2023-05-29T10:19:53.794+0000] {sql.py:262} INFO - Executing: 
            CREATE TABLE IF NOT EXISTS users (
                firstname TEXT NOT NULL,
                lastname TEXT NOT NULL,
                country TEXT NOT NULL,
                username TEXT NOT NULL,
                password TEXT NOT NULL,
                email TEXT NOT NULL
            );
        
[2023-05-29T10:19:53.802+0000] {base.py:73} INFO - Using connection ID 'postgres' for task execution.
[2023-05-29T10:19:53.854+0000] {base.py:73} INFO - Using connection ID 'postgres' for task execution.
[2023-05-29T10:19:53.860+0000] {sql.py:375} INFO - Running statement: 
            CREATE TABLE IF NOT EXISTS users (
                firstname TEXT NOT NULL,
                lastname TEXT NOT NULL,
                country TEXT NOT NULL,
                username TEXT NOT NULL,
                password TEXT NOT NULL,
                email TEXT NOT NULL
            );
        , parameters: None
[2023-05-29T10:19:53.873+0000] {taskinstance.py:1350} INFO - Marking task as SUCCESS. dag_id=user_processing, task_id=create_table, execution_date=20230529T101952, start_date=20230529T101953, end_date=20230529T101953
[2023-05-29T10:19:54.034+0000] {local_task_job_runner.py:225} INFO - Task exited with return code 0
[2023-05-29T10:19:54.056+0000] {taskinstance.py:2651} INFO - 1 downstream tasks scheduled from follow-on schedule check
