[2023-05-29T14:09:32.935+0000] {processor.py:157} INFO - Started process (PID=1370) to work on /opt/airflow/dags/group_dag_2.py
[2023-05-29T14:09:32.936+0000] {processor.py:826} INFO - Processing file /opt/airflow/dags/group_dag_2.py for tasks to queue
[2023-05-29T14:09:32.937+0000] {logging_mixin.py:149} INFO - [2023-05-29T14:09:32.937+0000] {dagbag.py:541} INFO - Filling up the DagBag from /opt/airflow/dags/group_dag_2.py
[2023-05-29T14:09:32.966+0000] {processor.py:836} INFO - DAG(s) dict_keys(['group_dag.downloads', 'group_dag.transforms', 'group_dag']) retrieved from /opt/airflow/dags/group_dag_2.py
[2023-05-29T14:09:32.999+0000] {logging_mixin.py:149} INFO - [2023-05-29T14:09:32.998+0000] {dag.py:2726} INFO - Sync 3 DAGs
[2023-05-29T14:09:33.014+0000] {logging_mixin.py:149} INFO - [2023-05-29T14:09:33.014+0000] {dag.py:3490} INFO - Setting next_dagrun for group_dag to 2023-05-29T00:00:00+00:00, run_after=2023-05-30T00:00:00+00:00
[2023-05-29T14:09:33.016+0000] {logging_mixin.py:149} INFO - [2023-05-29T14:09:33.016+0000] {dag.py:3490} INFO - Setting next_dagrun for group_dag.downloads to None, run_after=None
[2023-05-29T14:09:33.017+0000] {logging_mixin.py:149} INFO - [2023-05-29T14:09:33.017+0000] {dag.py:3490} INFO - Setting next_dagrun for group_dag.transforms to None, run_after=None
[2023-05-29T14:09:33.024+0000] {logging_mixin.py:149} INFO - [2023-05-29T14:09:33.024+0000] {dag.py:2726} INFO - Sync 2 DAGs
[2023-05-29T14:09:33.028+0000] {logging_mixin.py:149} INFO - [2023-05-29T14:09:33.028+0000] {dag.py:3490} INFO - Setting next_dagrun for group_dag.downloads to None, run_after=None
[2023-05-29T14:09:33.028+0000] {logging_mixin.py:149} INFO - [2023-05-29T14:09:33.028+0000] {dag.py:3490} INFO - Setting next_dagrun for group_dag.transforms to None, run_after=None
[2023-05-29T14:09:33.034+0000] {processor.py:179} INFO - Processing /opt/airflow/dags/group_dag_2.py took 0.101 seconds
[2023-05-29T14:10:03.517+0000] {processor.py:157} INFO - Started process (PID=1390) to work on /opt/airflow/dags/group_dag_2.py
[2023-05-29T14:10:03.519+0000] {processor.py:826} INFO - Processing file /opt/airflow/dags/group_dag_2.py for tasks to queue
[2023-05-29T14:10:03.520+0000] {logging_mixin.py:149} INFO - [2023-05-29T14:10:03.520+0000] {dagbag.py:541} INFO - Filling up the DagBag from /opt/airflow/dags/group_dag_2.py
[2023-05-29T14:10:03.553+0000] {processor.py:836} INFO - DAG(s) dict_keys(['group_dag.downloads', 'group_dag.transforms', 'group_dag']) retrieved from /opt/airflow/dags/group_dag_2.py
[2023-05-29T14:10:03.566+0000] {logging_mixin.py:149} INFO - [2023-05-29T14:10:03.566+0000] {dag.py:2726} INFO - Sync 3 DAGs
[2023-05-29T14:10:03.582+0000] {logging_mixin.py:149} INFO - [2023-05-29T14:10:03.582+0000] {dag.py:3490} INFO - Setting next_dagrun for group_dag to 2023-05-29T00:00:00+00:00, run_after=2023-05-30T00:00:00+00:00
[2023-05-29T14:10:03.585+0000] {logging_mixin.py:149} INFO - [2023-05-29T14:10:03.585+0000] {dag.py:3490} INFO - Setting next_dagrun for group_dag.downloads to None, run_after=None
[2023-05-29T14:10:03.586+0000] {logging_mixin.py:149} INFO - [2023-05-29T14:10:03.586+0000] {dag.py:3490} INFO - Setting next_dagrun for group_dag.transforms to None, run_after=None
[2023-05-29T14:10:03.591+0000] {logging_mixin.py:149} INFO - [2023-05-29T14:10:03.590+0000] {dag.py:2726} INFO - Sync 2 DAGs
[2023-05-29T14:10:03.594+0000] {logging_mixin.py:149} INFO - [2023-05-29T14:10:03.594+0000] {dag.py:3490} INFO - Setting next_dagrun for group_dag.downloads to None, run_after=None
[2023-05-29T14:10:03.595+0000] {logging_mixin.py:149} INFO - [2023-05-29T14:10:03.595+0000] {dag.py:3490} INFO - Setting next_dagrun for group_dag.transforms to None, run_after=None
[2023-05-29T14:10:03.601+0000] {processor.py:179} INFO - Processing /opt/airflow/dags/group_dag_2.py took 0.088 seconds
[2023-05-29T14:10:34.160+0000] {processor.py:157} INFO - Started process (PID=1410) to work on /opt/airflow/dags/group_dag_2.py
[2023-05-29T14:10:34.161+0000] {processor.py:826} INFO - Processing file /opt/airflow/dags/group_dag_2.py for tasks to queue
[2023-05-29T14:10:34.162+0000] {logging_mixin.py:149} INFO - [2023-05-29T14:10:34.162+0000] {dagbag.py:541} INFO - Filling up the DagBag from /opt/airflow/dags/group_dag_2.py
[2023-05-29T14:10:34.196+0000] {processor.py:836} INFO - DAG(s) dict_keys(['group_dag.downloads', 'group_dag.transforms', 'group_dag']) retrieved from /opt/airflow/dags/group_dag_2.py
[2023-05-29T14:10:34.199+0000] {logging_mixin.py:149} INFO - [2023-05-29T14:10:34.199+0000] {dag.py:2726} INFO - Sync 3 DAGs
[2023-05-29T14:10:34.218+0000] {logging_mixin.py:149} INFO - [2023-05-29T14:10:34.218+0000] {dag.py:3490} INFO - Setting next_dagrun for group_dag to 2023-05-29T00:00:00+00:00, run_after=2023-05-30T00:00:00+00:00
[2023-05-29T14:10:34.221+0000] {logging_mixin.py:149} INFO - [2023-05-29T14:10:34.221+0000] {dag.py:3490} INFO - Setting next_dagrun for group_dag.downloads to None, run_after=None
[2023-05-29T14:10:34.222+0000] {logging_mixin.py:149} INFO - [2023-05-29T14:10:34.222+0000] {dag.py:3490} INFO - Setting next_dagrun for group_dag.transforms to None, run_after=None
[2023-05-29T14:10:34.227+0000] {logging_mixin.py:149} INFO - [2023-05-29T14:10:34.227+0000] {dag.py:2726} INFO - Sync 2 DAGs
[2023-05-29T14:10:34.231+0000] {logging_mixin.py:149} INFO - [2023-05-29T14:10:34.231+0000] {dag.py:3490} INFO - Setting next_dagrun for group_dag.downloads to None, run_after=None
[2023-05-29T14:10:34.232+0000] {logging_mixin.py:149} INFO - [2023-05-29T14:10:34.232+0000] {dag.py:3490} INFO - Setting next_dagrun for group_dag.transforms to None, run_after=None
[2023-05-29T14:10:34.239+0000] {processor.py:179} INFO - Processing /opt/airflow/dags/group_dag_2.py took 0.082 seconds
[2023-05-29T14:11:04.774+0000] {processor.py:157} INFO - Started process (PID=1430) to work on /opt/airflow/dags/group_dag_2.py
[2023-05-29T14:11:04.776+0000] {processor.py:826} INFO - Processing file /opt/airflow/dags/group_dag_2.py for tasks to queue
[2023-05-29T14:11:04.777+0000] {logging_mixin.py:149} INFO - [2023-05-29T14:11:04.777+0000] {dagbag.py:541} INFO - Filling up the DagBag from /opt/airflow/dags/group_dag_2.py
[2023-05-29T14:11:04.812+0000] {processor.py:836} INFO - DAG(s) dict_keys(['group_dag.downloads', 'group_dag.transforms', 'group_dag']) retrieved from /opt/airflow/dags/group_dag_2.py
[2023-05-29T14:11:04.844+0000] {logging_mixin.py:149} INFO - [2023-05-29T14:11:04.844+0000] {dag.py:2726} INFO - Sync 3 DAGs
[2023-05-29T14:11:04.859+0000] {logging_mixin.py:149} INFO - [2023-05-29T14:11:04.859+0000] {dag.py:3490} INFO - Setting next_dagrun for group_dag to 2023-05-29T00:00:00+00:00, run_after=2023-05-30T00:00:00+00:00
[2023-05-29T14:11:04.862+0000] {logging_mixin.py:149} INFO - [2023-05-29T14:11:04.862+0000] {dag.py:3490} INFO - Setting next_dagrun for group_dag.downloads to None, run_after=None
[2023-05-29T14:11:04.863+0000] {logging_mixin.py:149} INFO - [2023-05-29T14:11:04.863+0000] {dag.py:3490} INFO - Setting next_dagrun for group_dag.transforms to None, run_after=None
[2023-05-29T14:11:04.868+0000] {logging_mixin.py:149} INFO - [2023-05-29T14:11:04.868+0000] {dag.py:2726} INFO - Sync 2 DAGs
[2023-05-29T14:11:04.872+0000] {logging_mixin.py:149} INFO - [2023-05-29T14:11:04.872+0000] {dag.py:3490} INFO - Setting next_dagrun for group_dag.downloads to None, run_after=None
[2023-05-29T14:11:04.872+0000] {logging_mixin.py:149} INFO - [2023-05-29T14:11:04.872+0000] {dag.py:3490} INFO - Setting next_dagrun for group_dag.transforms to None, run_after=None
[2023-05-29T14:11:04.878+0000] {processor.py:179} INFO - Processing /opt/airflow/dags/group_dag_2.py took 0.110 seconds
[2023-05-29T14:11:19.159+0000] {processor.py:157} INFO - Started process (PID=1440) to work on /opt/airflow/dags/group_dag_2.py
[2023-05-29T14:11:19.160+0000] {processor.py:826} INFO - Processing file /opt/airflow/dags/group_dag_2.py for tasks to queue
[2023-05-29T14:11:19.162+0000] {logging_mixin.py:149} INFO - [2023-05-29T14:11:19.162+0000] {dagbag.py:541} INFO - Filling up the DagBag from /opt/airflow/dags/group_dag_2.py
[2023-05-29T14:11:19.180+0000] {logging_mixin.py:149} INFO - [2023-05-29T14:11:19.179+0000] {dagbag.py:350} ERROR - Failed to import: /opt/airflow/dags/group_dag_2.py
Traceback (most recent call last):
  File "/home/airflow/.local/lib/python3.7/site-packages/airflow/models/dagbag.py", line 346, in parse
    loader.exec_module(new_module)
  File "<frozen importlib._bootstrap_external>", line 728, in exec_module
  File "<frozen importlib._bootstrap>", line 219, in _call_with_frames_removed
  File "/opt/airflow/dags/group_dag_2.py", line 15, in <module>
    downloads = download_tasks()
NameError: name 'download_tasks' is not defined
[2023-05-29T14:11:19.181+0000] {processor.py:838} WARNING - No viable dags retrieved from /opt/airflow/dags/group_dag_2.py
[2023-05-29T14:11:19.198+0000] {processor.py:179} INFO - Processing /opt/airflow/dags/group_dag_2.py took 0.043 seconds
[2023-05-29T14:11:49.755+0000] {processor.py:157} INFO - Started process (PID=1460) to work on /opt/airflow/dags/group_dag_2.py
[2023-05-29T14:11:49.757+0000] {processor.py:826} INFO - Processing file /opt/airflow/dags/group_dag_2.py for tasks to queue
[2023-05-29T14:11:49.758+0000] {logging_mixin.py:149} INFO - [2023-05-29T14:11:49.758+0000] {dagbag.py:541} INFO - Filling up the DagBag from /opt/airflow/dags/group_dag_2.py
[2023-05-29T14:11:49.774+0000] {logging_mixin.py:149} INFO - [2023-05-29T14:11:49.773+0000] {dagbag.py:350} ERROR - Failed to import: /opt/airflow/dags/group_dag_2.py
Traceback (most recent call last):
  File "/home/airflow/.local/lib/python3.7/site-packages/airflow/models/dagbag.py", line 346, in parse
    loader.exec_module(new_module)
  File "<frozen importlib._bootstrap_external>", line 728, in exec_module
  File "<frozen importlib._bootstrap>", line 219, in _call_with_frames_removed
  File "/opt/airflow/dags/group_dag_2.py", line 15, in <module>
    downloads = download_tasks()
NameError: name 'download_tasks' is not defined
[2023-05-29T14:11:49.775+0000] {processor.py:838} WARNING - No viable dags retrieved from /opt/airflow/dags/group_dag_2.py
[2023-05-29T14:11:49.793+0000] {processor.py:179} INFO - Processing /opt/airflow/dags/group_dag_2.py took 0.044 seconds
[2023-05-29T14:12:20.311+0000] {processor.py:157} INFO - Started process (PID=1480) to work on /opt/airflow/dags/group_dag_2.py
[2023-05-29T14:12:20.314+0000] {processor.py:826} INFO - Processing file /opt/airflow/dags/group_dag_2.py for tasks to queue
[2023-05-29T14:12:20.316+0000] {logging_mixin.py:149} INFO - [2023-05-29T14:12:20.316+0000] {dagbag.py:541} INFO - Filling up the DagBag from /opt/airflow/dags/group_dag_2.py
[2023-05-29T14:12:20.339+0000] {logging_mixin.py:149} INFO - [2023-05-29T14:12:20.337+0000] {dagbag.py:350} ERROR - Failed to import: /opt/airflow/dags/group_dag_2.py
Traceback (most recent call last):
  File "/home/airflow/.local/lib/python3.7/site-packages/airflow/models/dagbag.py", line 346, in parse
    loader.exec_module(new_module)
  File "<frozen importlib._bootstrap_external>", line 728, in exec_module
  File "<frozen importlib._bootstrap>", line 219, in _call_with_frames_removed
  File "/opt/airflow/dags/group_dag_2.py", line 15, in <module>
    downloads = download_tasks()
NameError: name 'download_tasks' is not defined
[2023-05-29T14:12:20.340+0000] {processor.py:838} WARNING - No viable dags retrieved from /opt/airflow/dags/group_dag_2.py
[2023-05-29T14:12:20.360+0000] {processor.py:179} INFO - Processing /opt/airflow/dags/group_dag_2.py took 0.056 seconds
[2023-05-29T14:12:50.973+0000] {processor.py:157} INFO - Started process (PID=1500) to work on /opt/airflow/dags/group_dag_2.py
[2023-05-29T14:12:50.976+0000] {processor.py:826} INFO - Processing file /opt/airflow/dags/group_dag_2.py for tasks to queue
[2023-05-29T14:12:50.978+0000] {logging_mixin.py:149} INFO - [2023-05-29T14:12:50.978+0000] {dagbag.py:541} INFO - Filling up the DagBag from /opt/airflow/dags/group_dag_2.py
[2023-05-29T14:12:50.996+0000] {logging_mixin.py:149} INFO - [2023-05-29T14:12:50.995+0000] {dagbag.py:350} ERROR - Failed to import: /opt/airflow/dags/group_dag_2.py
Traceback (most recent call last):
  File "/home/airflow/.local/lib/python3.7/site-packages/airflow/models/dagbag.py", line 346, in parse
    loader.exec_module(new_module)
  File "<frozen importlib._bootstrap_external>", line 728, in exec_module
  File "<frozen importlib._bootstrap>", line 219, in _call_with_frames_removed
  File "/opt/airflow/dags/group_dag_2.py", line 15, in <module>
    downloads = download_tasks()
NameError: name 'download_tasks' is not defined
[2023-05-29T14:12:50.997+0000] {processor.py:838} WARNING - No viable dags retrieved from /opt/airflow/dags/group_dag_2.py
[2023-05-29T14:12:51.016+0000] {processor.py:179} INFO - Processing /opt/airflow/dags/group_dag_2.py took 0.048 seconds
[2023-05-29T14:13:21.682+0000] {processor.py:157} INFO - Started process (PID=1520) to work on /opt/airflow/dags/group_dag_2.py
[2023-05-29T14:13:21.684+0000] {processor.py:826} INFO - Processing file /opt/airflow/dags/group_dag_2.py for tasks to queue
[2023-05-29T14:13:21.686+0000] {logging_mixin.py:149} INFO - [2023-05-29T14:13:21.685+0000] {dagbag.py:541} INFO - Filling up the DagBag from /opt/airflow/dags/group_dag_2.py
[2023-05-29T14:13:21.704+0000] {logging_mixin.py:149} INFO - [2023-05-29T14:13:21.703+0000] {dagbag.py:350} ERROR - Failed to import: /opt/airflow/dags/group_dag_2.py
Traceback (most recent call last):
  File "/home/airflow/.local/lib/python3.7/site-packages/airflow/models/dagbag.py", line 346, in parse
    loader.exec_module(new_module)
  File "<frozen importlib._bootstrap_external>", line 728, in exec_module
  File "<frozen importlib._bootstrap>", line 219, in _call_with_frames_removed
  File "/opt/airflow/dags/group_dag_2.py", line 15, in <module>
    downloads = download_tasks()
NameError: name 'download_tasks' is not defined
[2023-05-29T14:13:21.710+0000] {processor.py:838} WARNING - No viable dags retrieved from /opt/airflow/dags/group_dag_2.py
[2023-05-29T14:13:21.731+0000] {processor.py:179} INFO - Processing /opt/airflow/dags/group_dag_2.py took 0.056 seconds
[2023-05-29T14:13:23.800+0000] {processor.py:157} INFO - Started process (PID=1522) to work on /opt/airflow/dags/group_dag_2.py
[2023-05-29T14:13:23.802+0000] {processor.py:826} INFO - Processing file /opt/airflow/dags/group_dag_2.py for tasks to queue
[2023-05-29T14:13:23.804+0000] {logging_mixin.py:149} INFO - [2023-05-29T14:13:23.804+0000] {dagbag.py:541} INFO - Filling up the DagBag from /opt/airflow/dags/group_dag_2.py
[2023-05-29T14:13:23.834+0000] {logging_mixin.py:149} INFO - [2023-05-29T14:13:23.833+0000] {dagbag.py:350} ERROR - Failed to import: /opt/airflow/dags/group_dag_2.py
Traceback (most recent call last):
  File "/home/airflow/.local/lib/python3.7/site-packages/airflow/models/dagbag.py", line 346, in parse
    loader.exec_module(new_module)
  File "<frozen importlib._bootstrap_external>", line 728, in exec_module
  File "<frozen importlib._bootstrap>", line 219, in _call_with_frames_removed
  File "/opt/airflow/dags/group_dag_2.py", line 22, in <module>
    transforms = transform_tasks()
NameError: name 'transform_tasks' is not defined
[2023-05-29T14:13:23.837+0000] {processor.py:838} WARNING - No viable dags retrieved from /opt/airflow/dags/group_dag_2.py
[2023-05-29T14:13:23.855+0000] {processor.py:179} INFO - Processing /opt/airflow/dags/group_dag_2.py took 0.061 seconds
[2023-05-29T14:13:54.430+0000] {processor.py:157} INFO - Started process (PID=1542) to work on /opt/airflow/dags/group_dag_2.py
[2023-05-29T14:13:54.433+0000] {processor.py:826} INFO - Processing file /opt/airflow/dags/group_dag_2.py for tasks to queue
[2023-05-29T14:13:54.435+0000] {logging_mixin.py:149} INFO - [2023-05-29T14:13:54.434+0000] {dagbag.py:541} INFO - Filling up the DagBag from /opt/airflow/dags/group_dag_2.py
[2023-05-29T14:13:54.459+0000] {logging_mixin.py:149} INFO - [2023-05-29T14:13:54.457+0000] {dagbag.py:350} ERROR - Failed to import: /opt/airflow/dags/group_dag_2.py
Traceback (most recent call last):
  File "/home/airflow/.local/lib/python3.7/site-packages/airflow/models/dagbag.py", line 346, in parse
    loader.exec_module(new_module)
  File "<frozen importlib._bootstrap_external>", line 728, in exec_module
  File "<frozen importlib._bootstrap>", line 219, in _call_with_frames_removed
  File "/opt/airflow/dags/group_dag_2.py", line 22, in <module>
    transforms = transform_tasks()
NameError: name 'transform_tasks' is not defined
[2023-05-29T14:13:54.460+0000] {processor.py:838} WARNING - No viable dags retrieved from /opt/airflow/dags/group_dag_2.py
[2023-05-29T14:13:54.477+0000] {processor.py:179} INFO - Processing /opt/airflow/dags/group_dag_2.py took 0.053 seconds
[2023-05-29T14:14:24.995+0000] {processor.py:157} INFO - Started process (PID=1563) to work on /opt/airflow/dags/group_dag_2.py
[2023-05-29T14:14:24.997+0000] {processor.py:826} INFO - Processing file /opt/airflow/dags/group_dag_2.py for tasks to queue
[2023-05-29T14:14:24.998+0000] {logging_mixin.py:149} INFO - [2023-05-29T14:14:24.998+0000] {dagbag.py:541} INFO - Filling up the DagBag from /opt/airflow/dags/group_dag_2.py
[2023-05-29T14:14:25.021+0000] {logging_mixin.py:149} INFO - [2023-05-29T14:14:25.019+0000] {dagbag.py:350} ERROR - Failed to import: /opt/airflow/dags/group_dag_2.py
Traceback (most recent call last):
  File "/home/airflow/.local/lib/python3.7/site-packages/airflow/models/dagbag.py", line 346, in parse
    loader.exec_module(new_module)
  File "<frozen importlib._bootstrap_external>", line 728, in exec_module
  File "<frozen importlib._bootstrap>", line 219, in _call_with_frames_removed
  File "/opt/airflow/dags/group_dag_2.py", line 22, in <module>
    transforms = transform_tasks()
NameError: name 'transform_tasks' is not defined
[2023-05-29T14:14:25.022+0000] {processor.py:838} WARNING - No viable dags retrieved from /opt/airflow/dags/group_dag_2.py
[2023-05-29T14:14:25.038+0000] {processor.py:179} INFO - Processing /opt/airflow/dags/group_dag_2.py took 0.048 seconds
[2023-05-29T14:14:27.065+0000] {processor.py:157} INFO - Started process (PID=1566) to work on /opt/airflow/dags/group_dag_2.py
[2023-05-29T14:14:27.066+0000] {processor.py:826} INFO - Processing file /opt/airflow/dags/group_dag_2.py for tasks to queue
[2023-05-29T14:14:27.067+0000] {logging_mixin.py:149} INFO - [2023-05-29T14:14:27.067+0000] {dagbag.py:541} INFO - Filling up the DagBag from /opt/airflow/dags/group_dag_2.py
[2023-05-29T14:14:27.085+0000] {logging_mixin.py:149} INFO - [2023-05-29T14:14:27.084+0000] {dagbag.py:350} ERROR - Failed to import: /opt/airflow/dags/group_dag_2.py
Traceback (most recent call last):
  File "/home/airflow/.local/lib/python3.7/site-packages/airflow/models/dagbag.py", line 346, in parse
    loader.exec_module(new_module)
  File "<frozen importlib._bootstrap_external>", line 728, in exec_module
  File "<frozen importlib._bootstrap>", line 219, in _call_with_frames_removed
  File "/opt/airflow/dags/group_dag_2.py", line 22, in <module>
    transforms = transform_tasks()
TypeError: transform_tasks() missing 3 required positional arguments: 'parent_dag_id', 'child_dag_id', and 'args'
[2023-05-29T14:14:27.086+0000] {processor.py:838} WARNING - No viable dags retrieved from /opt/airflow/dags/group_dag_2.py
[2023-05-29T14:14:27.102+0000] {processor.py:179} INFO - Processing /opt/airflow/dags/group_dag_2.py took 0.039 seconds
[2023-05-29T14:14:57.778+0000] {processor.py:157} INFO - Started process (PID=1587) to work on /opt/airflow/dags/group_dag_2.py
[2023-05-29T14:14:57.779+0000] {processor.py:826} INFO - Processing file /opt/airflow/dags/group_dag_2.py for tasks to queue
[2023-05-29T14:14:57.780+0000] {logging_mixin.py:149} INFO - [2023-05-29T14:14:57.780+0000] {dagbag.py:541} INFO - Filling up the DagBag from /opt/airflow/dags/group_dag_2.py
[2023-05-29T14:14:57.800+0000] {logging_mixin.py:149} INFO - [2023-05-29T14:14:57.799+0000] {dagbag.py:350} ERROR - Failed to import: /opt/airflow/dags/group_dag_2.py
Traceback (most recent call last):
  File "/home/airflow/.local/lib/python3.7/site-packages/airflow/models/dagbag.py", line 346, in parse
    loader.exec_module(new_module)
  File "<frozen importlib._bootstrap_external>", line 728, in exec_module
  File "<frozen importlib._bootstrap>", line 219, in _call_with_frames_removed
  File "/opt/airflow/dags/group_dag_2.py", line 22, in <module>
    transforms = transform_tasks()
TypeError: transform_tasks() missing 3 required positional arguments: 'parent_dag_id', 'child_dag_id', and 'args'
[2023-05-29T14:14:57.801+0000] {processor.py:838} WARNING - No viable dags retrieved from /opt/airflow/dags/group_dag_2.py
[2023-05-29T14:14:57.815+0000] {processor.py:179} INFO - Processing /opt/airflow/dags/group_dag_2.py took 0.040 seconds
[2023-05-29T14:15:28.450+0000] {processor.py:157} INFO - Started process (PID=1608) to work on /opt/airflow/dags/group_dag_2.py
[2023-05-29T14:15:28.451+0000] {processor.py:826} INFO - Processing file /opt/airflow/dags/group_dag_2.py for tasks to queue
[2023-05-29T14:15:28.453+0000] {logging_mixin.py:149} INFO - [2023-05-29T14:15:28.452+0000] {dagbag.py:541} INFO - Filling up the DagBag from /opt/airflow/dags/group_dag_2.py
[2023-05-29T14:15:28.466+0000] {logging_mixin.py:149} INFO - [2023-05-29T14:15:28.464+0000] {dagbag.py:350} ERROR - Failed to import: /opt/airflow/dags/group_dag_2.py
Traceback (most recent call last):
  File "/home/airflow/.local/lib/python3.7/site-packages/airflow/models/dagbag.py", line 346, in parse
    loader.exec_module(new_module)
  File "<frozen importlib._bootstrap_external>", line 728, in exec_module
  File "<frozen importlib._bootstrap>", line 219, in _call_with_frames_removed
  File "/opt/airflow/dags/group_dag_2.py", line 5, in <module>
    from subdags.subdag_transforms import transform_tasks
ImportError: cannot import name 'transform_tasks' from 'subdags.subdag_transforms' (/opt/airflow/dags/subdags/subdag_transforms.py)
[2023-05-29T14:15:28.466+0000] {processor.py:838} WARNING - No viable dags retrieved from /opt/airflow/dags/group_dag_2.py
[2023-05-29T14:15:28.487+0000] {processor.py:179} INFO - Processing /opt/airflow/dags/group_dag_2.py took 0.043 seconds
[2023-05-29T14:15:59.052+0000] {processor.py:157} INFO - Started process (PID=1629) to work on /opt/airflow/dags/group_dag_2.py
[2023-05-29T14:15:59.053+0000] {processor.py:826} INFO - Processing file /opt/airflow/dags/group_dag_2.py for tasks to queue
[2023-05-29T14:15:59.054+0000] {logging_mixin.py:149} INFO - [2023-05-29T14:15:59.054+0000] {dagbag.py:541} INFO - Filling up the DagBag from /opt/airflow/dags/group_dag_2.py
[2023-05-29T14:15:59.066+0000] {logging_mixin.py:149} INFO - [2023-05-29T14:15:59.064+0000] {dagbag.py:350} ERROR - Failed to import: /opt/airflow/dags/group_dag_2.py
Traceback (most recent call last):
  File "/home/airflow/.local/lib/python3.7/site-packages/airflow/models/dagbag.py", line 346, in parse
    loader.exec_module(new_module)
  File "<frozen importlib._bootstrap_external>", line 728, in exec_module
  File "<frozen importlib._bootstrap>", line 219, in _call_with_frames_removed
  File "/opt/airflow/dags/group_dag_2.py", line 5, in <module>
    from subdags.subdag_transforms import transform_tasks
ImportError: cannot import name 'transform_tasks' from 'subdags.subdag_transforms' (/opt/airflow/dags/subdags/subdag_transforms.py)
[2023-05-29T14:15:59.066+0000] {processor.py:838} WARNING - No viable dags retrieved from /opt/airflow/dags/group_dag_2.py
[2023-05-29T14:15:59.083+0000] {processor.py:179} INFO - Processing /opt/airflow/dags/group_dag_2.py took 0.035 seconds
[2023-05-29T14:16:29.564+0000] {processor.py:157} INFO - Started process (PID=1651) to work on /opt/airflow/dags/group_dag_2.py
[2023-05-29T14:16:29.565+0000] {processor.py:826} INFO - Processing file /opt/airflow/dags/group_dag_2.py for tasks to queue
[2023-05-29T14:16:29.566+0000] {logging_mixin.py:149} INFO - [2023-05-29T14:16:29.566+0000] {dagbag.py:541} INFO - Filling up the DagBag from /opt/airflow/dags/group_dag_2.py
[2023-05-29T14:16:29.576+0000] {logging_mixin.py:149} INFO - [2023-05-29T14:16:29.575+0000] {dagbag.py:350} ERROR - Failed to import: /opt/airflow/dags/group_dag_2.py
Traceback (most recent call last):
  File "/home/airflow/.local/lib/python3.7/site-packages/airflow/models/dagbag.py", line 346, in parse
    loader.exec_module(new_module)
  File "<frozen importlib._bootstrap_external>", line 728, in exec_module
  File "<frozen importlib._bootstrap>", line 219, in _call_with_frames_removed
  File "/opt/airflow/dags/group_dag_2.py", line 5, in <module>
    from subdags.subdag_transforms import transform_tasks
ImportError: cannot import name 'transform_tasks' from 'subdags.subdag_transforms' (/opt/airflow/dags/subdags/subdag_transforms.py)
[2023-05-29T14:16:29.578+0000] {processor.py:838} WARNING - No viable dags retrieved from /opt/airflow/dags/group_dag_2.py
[2023-05-29T14:16:29.596+0000] {processor.py:179} INFO - Processing /opt/airflow/dags/group_dag_2.py took 0.036 seconds
[2023-05-29T14:17:00.161+0000] {processor.py:157} INFO - Started process (PID=1673) to work on /opt/airflow/dags/group_dag_2.py
[2023-05-29T14:17:00.163+0000] {processor.py:826} INFO - Processing file /opt/airflow/dags/group_dag_2.py for tasks to queue
[2023-05-29T14:17:00.164+0000] {logging_mixin.py:149} INFO - [2023-05-29T14:17:00.164+0000] {dagbag.py:541} INFO - Filling up the DagBag from /opt/airflow/dags/group_dag_2.py
[2023-05-29T14:17:00.177+0000] {logging_mixin.py:149} INFO - [2023-05-29T14:17:00.176+0000] {dagbag.py:350} ERROR - Failed to import: /opt/airflow/dags/group_dag_2.py
Traceback (most recent call last):
  File "/home/airflow/.local/lib/python3.7/site-packages/airflow/models/dagbag.py", line 346, in parse
    loader.exec_module(new_module)
  File "<frozen importlib._bootstrap_external>", line 728, in exec_module
  File "<frozen importlib._bootstrap>", line 219, in _call_with_frames_removed
  File "/opt/airflow/dags/group_dag_2.py", line 5, in <module>
    from subdags.subdag_transforms import transform_tasks
ImportError: cannot import name 'transform_tasks' from 'subdags.subdag_transforms' (/opt/airflow/dags/subdags/subdag_transforms.py)
[2023-05-29T14:17:00.178+0000] {processor.py:838} WARNING - No viable dags retrieved from /opt/airflow/dags/group_dag_2.py
[2023-05-29T14:17:00.197+0000] {processor.py:179} INFO - Processing /opt/airflow/dags/group_dag_2.py took 0.040 seconds
[2023-05-29T14:17:31.072+0000] {processor.py:157} INFO - Started process (PID=1702) to work on /opt/airflow/dags/group_dag_2.py
[2023-05-29T14:17:31.073+0000] {processor.py:826} INFO - Processing file /opt/airflow/dags/group_dag_2.py for tasks to queue
[2023-05-29T14:17:31.074+0000] {logging_mixin.py:149} INFO - [2023-05-29T14:17:31.074+0000] {dagbag.py:541} INFO - Filling up the DagBag from /opt/airflow/dags/group_dag_2.py
[2023-05-29T14:17:31.082+0000] {logging_mixin.py:149} INFO - [2023-05-29T14:17:31.081+0000] {dagbag.py:350} ERROR - Failed to import: /opt/airflow/dags/group_dag_2.py
Traceback (most recent call last):
  File "/home/airflow/.local/lib/python3.7/site-packages/airflow/models/dagbag.py", line 346, in parse
    loader.exec_module(new_module)
  File "<frozen importlib._bootstrap_external>", line 728, in exec_module
  File "<frozen importlib._bootstrap>", line 219, in _call_with_frames_removed
  File "/opt/airflow/dags/group_dag_2.py", line 5, in <module>
    from subdags.subdag_transforms import transform_tasks
ImportError: cannot import name 'transform_tasks' from 'subdags.subdag_transforms' (/opt/airflow/dags/subdags/subdag_transforms.py)
[2023-05-29T14:17:31.082+0000] {processor.py:838} WARNING - No viable dags retrieved from /opt/airflow/dags/group_dag_2.py
[2023-05-29T14:17:31.098+0000] {processor.py:179} INFO - Processing /opt/airflow/dags/group_dag_2.py took 0.029 seconds
[2023-05-29T14:18:01.638+0000] {processor.py:157} INFO - Started process (PID=1724) to work on /opt/airflow/dags/group_dag_2.py
[2023-05-29T14:18:01.641+0000] {processor.py:826} INFO - Processing file /opt/airflow/dags/group_dag_2.py for tasks to queue
[2023-05-29T14:18:01.643+0000] {logging_mixin.py:149} INFO - [2023-05-29T14:18:01.643+0000] {dagbag.py:541} INFO - Filling up the DagBag from /opt/airflow/dags/group_dag_2.py
[2023-05-29T14:18:01.661+0000] {logging_mixin.py:149} INFO - [2023-05-29T14:18:01.659+0000] {dagbag.py:350} ERROR - Failed to import: /opt/airflow/dags/group_dag_2.py
Traceback (most recent call last):
  File "/home/airflow/.local/lib/python3.7/site-packages/airflow/models/dagbag.py", line 346, in parse
    loader.exec_module(new_module)
  File "<frozen importlib._bootstrap_external>", line 728, in exec_module
  File "<frozen importlib._bootstrap>", line 219, in _call_with_frames_removed
  File "/opt/airflow/dags/group_dag_2.py", line 5, in <module>
    from subdags.subdag_transforms import transform_tasks
ImportError: cannot import name 'transform_tasks' from 'subdags.subdag_transforms' (/opt/airflow/dags/subdags/subdag_transforms.py)
[2023-05-29T14:18:01.662+0000] {processor.py:838} WARNING - No viable dags retrieved from /opt/airflow/dags/group_dag_2.py
[2023-05-29T14:18:01.684+0000] {processor.py:179} INFO - Processing /opt/airflow/dags/group_dag_2.py took 0.052 seconds
[2023-05-29T14:18:29.171+0000] {processor.py:157} INFO - Started process (PID=1738) to work on /opt/airflow/dags/group_dag_2.py
[2023-05-29T14:18:29.175+0000] {processor.py:826} INFO - Processing file /opt/airflow/dags/group_dag_2.py for tasks to queue
[2023-05-29T14:18:29.177+0000] {logging_mixin.py:149} INFO - [2023-05-29T14:18:29.177+0000] {dagbag.py:541} INFO - Filling up the DagBag from /opt/airflow/dags/group_dag_2.py
[2023-05-29T14:18:29.201+0000] {processor.py:836} INFO - DAG(s) dict_keys(['group_dag']) retrieved from /opt/airflow/dags/group_dag_2.py
[2023-05-29T14:18:29.246+0000] {logging_mixin.py:149} INFO - [2023-05-29T14:18:29.246+0000] {dag.py:2726} INFO - Sync 1 DAGs
[2023-05-29T14:18:29.261+0000] {logging_mixin.py:149} INFO - [2023-05-29T14:18:29.261+0000] {dag.py:3490} INFO - Setting next_dagrun for group_dag to 2023-05-29T00:00:00+00:00, run_after=2023-05-30T00:00:00+00:00
[2023-05-29T14:18:29.275+0000] {processor.py:179} INFO - Processing /opt/airflow/dags/group_dag_2.py took 0.110 seconds
[2023-05-29T14:18:59.786+0000] {processor.py:157} INFO - Started process (PID=1764) to work on /opt/airflow/dags/group_dag_2.py
[2023-05-29T14:18:59.789+0000] {processor.py:826} INFO - Processing file /opt/airflow/dags/group_dag_2.py for tasks to queue
[2023-05-29T14:18:59.790+0000] {logging_mixin.py:149} INFO - [2023-05-29T14:18:59.790+0000] {dagbag.py:541} INFO - Filling up the DagBag from /opt/airflow/dags/group_dag_2.py
[2023-05-29T14:18:59.807+0000] {processor.py:836} INFO - DAG(s) dict_keys(['group_dag']) retrieved from /opt/airflow/dags/group_dag_2.py
[2023-05-29T14:18:59.831+0000] {logging_mixin.py:149} INFO - [2023-05-29T14:18:59.831+0000] {dag.py:2726} INFO - Sync 1 DAGs
[2023-05-29T14:18:59.847+0000] {logging_mixin.py:149} INFO - [2023-05-29T14:18:59.846+0000] {dag.py:3490} INFO - Setting next_dagrun for group_dag to 2023-05-29T00:00:00+00:00, run_after=2023-05-30T00:00:00+00:00
[2023-05-29T14:18:59.857+0000] {processor.py:179} INFO - Processing /opt/airflow/dags/group_dag_2.py took 0.076 seconds
[2023-05-29T14:19:30.466+0000] {processor.py:157} INFO - Started process (PID=1786) to work on /opt/airflow/dags/group_dag_2.py
[2023-05-29T14:19:30.470+0000] {processor.py:826} INFO - Processing file /opt/airflow/dags/group_dag_2.py for tasks to queue
[2023-05-29T14:19:30.471+0000] {logging_mixin.py:149} INFO - [2023-05-29T14:19:30.471+0000] {dagbag.py:541} INFO - Filling up the DagBag from /opt/airflow/dags/group_dag_2.py
[2023-05-29T14:19:30.495+0000] {processor.py:836} INFO - DAG(s) dict_keys(['group_dag']) retrieved from /opt/airflow/dags/group_dag_2.py
[2023-05-29T14:19:30.510+0000] {logging_mixin.py:149} INFO - [2023-05-29T14:19:30.509+0000] {dag.py:2726} INFO - Sync 1 DAGs
[2023-05-29T14:19:30.526+0000] {logging_mixin.py:149} INFO - [2023-05-29T14:19:30.526+0000] {dag.py:3490} INFO - Setting next_dagrun for group_dag to 2023-05-29T00:00:00+00:00, run_after=2023-05-30T00:00:00+00:00
[2023-05-29T14:19:30.537+0000] {processor.py:179} INFO - Processing /opt/airflow/dags/group_dag_2.py took 0.077 seconds
[2023-05-29T14:19:46.879+0000] {processor.py:157} INFO - Started process (PID=1796) to work on /opt/airflow/dags/group_dag_2.py
[2023-05-29T14:19:46.884+0000] {processor.py:826} INFO - Processing file /opt/airflow/dags/group_dag_2.py for tasks to queue
[2023-05-29T14:19:46.885+0000] {logging_mixin.py:149} INFO - [2023-05-29T14:19:46.885+0000] {dagbag.py:541} INFO - Filling up the DagBag from /opt/airflow/dags/group_dag_2.py
[2023-05-29T14:19:46.906+0000] {processor.py:836} INFO - DAG(s) dict_keys(['group_dag']) retrieved from /opt/airflow/dags/group_dag_2.py
[2023-05-29T14:19:46.920+0000] {logging_mixin.py:149} INFO - [2023-05-29T14:19:46.920+0000] {dag.py:2726} INFO - Sync 1 DAGs
[2023-05-29T14:19:46.936+0000] {logging_mixin.py:149} INFO - [2023-05-29T14:19:46.936+0000] {dag.py:3490} INFO - Setting next_dagrun for group_dag to 2023-05-29T00:00:00+00:00, run_after=2023-05-30T00:00:00+00:00
[2023-05-29T14:19:46.949+0000] {processor.py:179} INFO - Processing /opt/airflow/dags/group_dag_2.py took 0.075 seconds
[2023-05-29T14:20:03.330+0000] {processor.py:157} INFO - Started process (PID=1815) to work on /opt/airflow/dags/group_dag_2.py
[2023-05-29T14:20:03.332+0000] {processor.py:826} INFO - Processing file /opt/airflow/dags/group_dag_2.py for tasks to queue
[2023-05-29T14:20:03.334+0000] {logging_mixin.py:149} INFO - [2023-05-29T14:20:03.333+0000] {dagbag.py:541} INFO - Filling up the DagBag from /opt/airflow/dags/group_dag_2.py
[2023-05-29T14:20:03.355+0000] {processor.py:836} INFO - DAG(s) dict_keys(['group_dag']) retrieved from /opt/airflow/dags/group_dag_2.py
[2023-05-29T14:20:03.398+0000] {logging_mixin.py:149} INFO - [2023-05-29T14:20:03.398+0000] {dag.py:2726} INFO - Sync 1 DAGs
[2023-05-29T14:20:03.412+0000] {logging_mixin.py:149} INFO - [2023-05-29T14:20:03.412+0000] {dag.py:3490} INFO - Setting next_dagrun for group_dag to 2023-05-29T00:00:00+00:00, run_after=2023-05-30T00:00:00+00:00
[2023-05-29T14:20:03.425+0000] {processor.py:179} INFO - Processing /opt/airflow/dags/group_dag_2.py took 0.101 seconds
[2023-05-29T14:20:14.644+0000] {processor.py:157} INFO - Started process (PID=1818) to work on /opt/airflow/dags/group_dag_2.py
[2023-05-29T14:20:14.646+0000] {processor.py:826} INFO - Processing file /opt/airflow/dags/group_dag_2.py for tasks to queue
[2023-05-29T14:20:14.648+0000] {logging_mixin.py:149} INFO - [2023-05-29T14:20:14.648+0000] {dagbag.py:541} INFO - Filling up the DagBag from /opt/airflow/dags/group_dag_2.py
[2023-05-29T14:20:14.669+0000] {processor.py:836} INFO - DAG(s) dict_keys(['group_dag']) retrieved from /opt/airflow/dags/group_dag_2.py
[2023-05-29T14:20:14.682+0000] {logging_mixin.py:149} INFO - [2023-05-29T14:20:14.682+0000] {dag.py:2726} INFO - Sync 1 DAGs
[2023-05-29T14:20:14.699+0000] {logging_mixin.py:149} INFO - [2023-05-29T14:20:14.699+0000] {dag.py:3490} INFO - Setting next_dagrun for group_dag to 2023-05-29T00:00:00+00:00, run_after=2023-05-30T00:00:00+00:00
[2023-05-29T14:20:14.711+0000] {processor.py:179} INFO - Processing /opt/airflow/dags/group_dag_2.py took 0.072 seconds
[2023-05-29T14:20:45.335+0000] {processor.py:157} INFO - Started process (PID=1839) to work on /opt/airflow/dags/group_dag_2.py
[2023-05-29T14:20:45.337+0000] {processor.py:826} INFO - Processing file /opt/airflow/dags/group_dag_2.py for tasks to queue
[2023-05-29T14:20:45.339+0000] {logging_mixin.py:149} INFO - [2023-05-29T14:20:45.339+0000] {dagbag.py:541} INFO - Filling up the DagBag from /opt/airflow/dags/group_dag_2.py
[2023-05-29T14:20:45.359+0000] {processor.py:836} INFO - DAG(s) dict_keys(['group_dag']) retrieved from /opt/airflow/dags/group_dag_2.py
[2023-05-29T14:20:45.382+0000] {logging_mixin.py:149} INFO - [2023-05-29T14:20:45.382+0000] {dag.py:2726} INFO - Sync 1 DAGs
[2023-05-29T14:20:45.398+0000] {logging_mixin.py:149} INFO - [2023-05-29T14:20:45.398+0000] {dag.py:3490} INFO - Setting next_dagrun for group_dag to 2023-05-29T00:00:00+00:00, run_after=2023-05-30T00:00:00+00:00
[2023-05-29T14:20:45.408+0000] {processor.py:179} INFO - Processing /opt/airflow/dags/group_dag_2.py took 0.078 seconds
[2023-05-29T14:21:15.967+0000] {processor.py:157} INFO - Started process (PID=1860) to work on /opt/airflow/dags/group_dag_2.py
[2023-05-29T14:21:15.969+0000] {processor.py:826} INFO - Processing file /opt/airflow/dags/group_dag_2.py for tasks to queue
[2023-05-29T14:21:15.971+0000] {logging_mixin.py:149} INFO - [2023-05-29T14:21:15.971+0000] {dagbag.py:541} INFO - Filling up the DagBag from /opt/airflow/dags/group_dag_2.py
[2023-05-29T14:21:15.993+0000] {processor.py:836} INFO - DAG(s) dict_keys(['group_dag']) retrieved from /opt/airflow/dags/group_dag_2.py
[2023-05-29T14:21:16.007+0000] {logging_mixin.py:149} INFO - [2023-05-29T14:21:16.007+0000] {dag.py:2726} INFO - Sync 1 DAGs
[2023-05-29T14:21:16.024+0000] {logging_mixin.py:149} INFO - [2023-05-29T14:21:16.024+0000] {dag.py:3490} INFO - Setting next_dagrun for group_dag to 2023-05-29T00:00:00+00:00, run_after=2023-05-30T00:00:00+00:00
[2023-05-29T14:21:16.035+0000] {processor.py:179} INFO - Processing /opt/airflow/dags/group_dag_2.py took 0.073 seconds
